arrivalFloor arrivalTime partySize destinationFloor clientID
0 64 1 5 1
0 117 1 2 9
0 168 1 6 10
7 224 1 3 8
0 226 1 1 11
6 226 1 2 7
5 257 1 0 6
0 291 1 7 13
3 347 1 5 4
2 353 1 5 3
0 354 1 4 16
4 376 1 0 5
0 415 1 1 19
0 465 1 1 21
7 488 1 5 12
6 494 1 1 14
5 506 1 3 15
0 526 1 1 22
1 531 1 2 2
0 592 1 1 26
0 662 1 1 28
3 673 1 1 17
2 714 1 5 18
0 724 1 1 29
6 727 1 3 24
7 731 1 1 23
4 741 1 2 20
5 756 1 6 25
0 780 1 6 32
0 844 1 5 37
6 917 1 0 33
0 920 1 4 38
0 977 1 3 40
7 989 1 5 34
5 1002 1 3 36
0 1040 1 1 41
3 1043 1 4 30
1 1044 1 5 27
4 1062 1 7 35
2 1084 1 7 31
0 1100 1 2 44
0 1165 1 5 49
6 1167 1 5 39
0 1227 1 2 50
5 1228 1 6 43
7 1257 1 4 42
0 1285 1 2 52
0 1339 1 5 55
6 1400 1 1 51
2 1404 1 5 48
0 1405 1 6 56
3 1434 1 4 45
4 1434 1 0 47
5 1451 1 3 53
0 1465 1 2 59
7 1493 1 5 54
1 1512 1 0 46
0 1532 1 7 63
0 1577 1 6 66
0 1639 1 5 67
6 1658 1 1 57
5 1690 1 0 62
0 1692 1 4 68
7 1732 1 2 64
0 1761 1 6 71
2 1761 1 5 58
4 1764 1 0 61
3 1781 1 2 60
0 1814 1 3 73
0 1876 1 3 77
5 1918 1 2 70
0 1926 1 1 78
6 1931 1 1 69
7 1954 1 2 72
0 1994 1 1 80
1 2045 1 2 65
0 2057 1 6 83
3 2121 1 1 76
0 2122 1 2 85
2 2132 1 4 74
6 2141 1 5 81
4 2153 1 0 75
7 2164 1 1 82
5 2164 1 4 79
0 2189 1 1 87
0 2254 1 7 93
0 2304 1 2 94
0 2363 1 5 95
6 2383 1 3 89
5 2401 1 6 92
0 2415 1 6 96
7 2419 1 3 91
0 2469 1 3 99
3 2472 1 6 86
2 2516 1 6 88
0 2521 1 2 101
4 2522 1 5 90
1 2539 1 0 84
0 2571 1 6 104
0 2613 1 6 107
6 2628 1 1 97
5 2661 1 0 98
0 2669 1 2 108
7 2672 1 2 100
0 2719 1 7 111
0 2775 1 7 113
0 2835 1 7 114
3 2846 1 6 102
2 2881 1 5 103
6 2888 1 3 109
0 2889 1 4 115
4 2894 1 0 105
7 2905 1 5 112
5 2909 1 6 110
0 2955 1 5 119
0 3005 1 3 123
0 3060 1 1 124
1 3088 1 2 106
6 3113 1 5 118
0 3116 1 4 125
7 3132 1 6 121
5 3173 1 4 122
0 3178 1 7 128
3 3215 1 1 116
2 3237 1 1 117
0 3240 1 4 131
4 3252 1 3 120
0 3307 1 2 134
0 3355 1 6 136
7 3357 1 5 129
6 3368 1 5 127
5 3410 1 3 130
0 3415 1 6 137
0 3465 1 4 141
0 3532 1 1 142
3 3584 1 6 132
7 3592 1 1 138
0 3594 1 2 143
1 3604 1 2 126
2 3605 1 1 133
4 3611 1 3 135
6 3618 1 0 139
0 3643 1 1 146
5 3679 1 6 140
0 3703 1 1 151
0 3761 1 3 153
0 3811 1 2 154
7 3839 1 4 145
6 3857 1 1 150
0 3883 1 5 155
5 3931 1 0 152
0 3939 1 7 158
3 3961 1 4 144
2 3967 1 6 148
4 3968 1 7 149
0 3992 1 3 160
0 4067 1 7 164
7 4068 1 4 156
6 4111 1 1 157
0 4130 1 5 165
5 4132 1 3 159
1 4147 1 0 147
0 4176 1 5 168
0 4244 1 5 171
7 4301 1 0 166
0 4307 1 6 172
3 4318 1 4 161
4 4327 1 7 163
2 4344 1 0 162
0 4364 1 6 174
5 4378 1 1 169
6 4381 1 5 167
0 4424 1 3 178
0 4497 1 4 181
0 4548 1 3 182
7 4555 1 0 173
0 4617 1 5 183
5 4619 1 0 179
6 4624 1 2 180
0 4670 1 6 185
1 4680 1 6 170
3 4683 1 5 175
4 4696 1 6 176
0 4722 1 6 188
2 4730 1 1 177
0 4787 1 3 192
7 4830 1 0 184
0 4846 1 4 194
5 4850 1 7 186
6 4887 1 2 187
0 4922 1 6 196
0 4984 1 7 199
0 5044 1 6 200
3 5055 1 0 190
2 5066 1 0 193
4 5083 1 7 191
7 5089 1 2 195
5 5098 1 6 197
0 5101 1 5 201
6 5104 1 4 198
0 5154 1 2 207
1 5205 1 6 189
0 5218 1 3 209
0 5282 1 7 211
7 5331 1 0 205
0 5338 1 6 212
5 5345 1 7 206
6 5363 1 1 208
0 5395 1 6 214
3 5406 1 2 202
2 5408 1 0 203
0 5457 1 5 217
4 5468 1 7 204
0 5523 1 7 220
7 5577 1 2 213
5 5585 1 1 215
0 5599 1 4 222
6 5614 1 7 216
0 5653 1 4 225
0 5715 1 1 227
1 5724 1 6 210
2 5755 1 3 219
0 5786 1 5 228
3 5788 1 2 218
5 5825 1 2 224
7 5833 1 3 223
0 5836 1 7 231
4 5838 1 2 221
6 5842 1 1 226
0 5888 1 5 235
0 5951 1 6 238
0 6014 1 4 239
5 6053 1 2 233
7 6066 1 2 234
0 6078 1 7 240
6 6080 1 5 237
2 6090 1 1 230
0 6145 1 6 243
3 6157 1 2 232
4 6177 1 0 236
0 6203 1 6 246
0 6260 1 5 249
5 6275 1 0 241
1 6285 1 7 229
6 6296 1 5 244
7 6320 1 6 242
0 6320 1 7 250
0 6388 1 2 255
2 6412 1 5 245
0 6447 1 6 256
0 6506 1 5 258
5 6520 1 1 251
4 6521 1 5 248
3 6528 1 0 247
6 6538 1 0 253
7 6549 1 5 254
0 6560 1 6 259
0 6617 1 1 265
0 6663 1 2 266
0 6725 1 3 267
5 6753 1 6 260
2 6770 1 6 257
0 6780 1 2 268
6 6781 1 5 263
1 6803 1 4 252
7 6803 1 6 264
0 6840 1 6 271
4 6884 1 0 261
0 6901 1 2 275
3 6904 1 7 262
0 6971 1 5 277
5 6988 1 2 269
0 7026 1 5 279
6 7027 1 0 272
7 7049 1 3 274
0 7085 1 4 281
2 7127 1 5 270
0 7139 1 7 284
0 7189 1 7 286
5 7207 1 6 280
4 7212 1 3 276
6 7251 1 5 282
0 7255 1 4 287
3 7272 1 5 278
7 7282 1 2 283
0 7313 1 3 291
1 7328 1 2 273
0 7377 1 1 294
5 7416 1 3 288
0 7445 1 3 296
6 7488 1 4 290
2 7501 1 7 285
0 7503 1 3 298
7 7520 1 0 293
0 7555 1 3 301
4 7579 1 1 289
0 7614 1 7 303
3 7639 1 5 292
5 7660 1 6 297
0 7663 1 3 305
6 7712 1 1 299
0 7719 1 2 308
0 7773 1 6 310
7 7775 1 1 302
0 7826 1 1 311
2 7860 1 7 300
1 7873 1 7 295
0 7875 1 1 313
5 7908 1 1 307
0 7926 1 4 316
6 7936 1 5 309
4 7946 1 0 304
3 7949 1 0 306
0 7981 1 7 318
7 8004 1 5 312
0 8056 1 3 322
0 8122 1 6 324
5 8149 1 7 317
0 8175 1 3 325
6 8185 1 4 319
2 8224 1 0 314
0 8236 1 1 327
7 8248 1 0 323
0 8299 1 5 330
3 8299 1 1 321
4 8315 1 5 320
0 8363 1 6 332
5 8393 1 6 326
1 8415 1 6 315
0 8421 1 2 335
6 8436 1 1 328
0 8480 1 7 338
7 8510 1 5 331
0 8535 1 2 340
2 8579 1 3 329
0 8596 1 2 342
5 8623 1 0 336
3 8630 1 0 333
4 8663 1 7 334
6 8665 1 4 339
0 8669 1 1 344
0 8728 1 7 349
7 8741 1 2 341
0 8791 1 1 350
0 8841 1 3 352
5 8895 1 6 345
0 8904 1 6 353
6 8920 1 5 348
1 8925 1 7 337
2 8956 1 0 343
0 8968 1 6 355
3 8984 1 1 346
7 8986 1 6 351
0 9027 1 1 359
4 9031 1 0 347
0 9086 1 2 362
5 9140 1 1 354
0 9141 1 2 364
6 9163 1 1 356
0 9213 1 7 366
7 9240 1 1 361
0 9269 1 3 368
0 9323 1 1 370
2 9329 1 0 358
3 9349 1 1 360
4 9354 1 7 363
0 9387 1 5 371
5 9395 1 4 365
6 9395 1 4 367
1 9437 1 3 357
0 9453 1 1 375
7 9493 1 0 369
0 9508 1 1 379
0 9573 1 2 381
5 9622 1 6 376
6 9626 1 5 377
0 9630 1 5 382
0 9682 1 1 385
2 9696 1 1 372
3 9700 1 7 373
4 9724 1 1 374
7 9729 1 1 380
0 9752 1 1 386
0 9803 1 3 391
6 9853 1 3 384
0 9867 1 3 392
5 9885 1 7 383
0 9933 1 1 394
1 9946 1 2 378
7 9989 1 2 390
0 9995 1 5 396
2 10051 1 5 387
0 10052 1 6 399
6 10064 1 4 393
3 10066 1 1 388
0 10104 1 2 401
4 10110 1 6 389
5 10140 1 2 395
0 10166 1 1 404
0 10227 1 4 407
7 10237 1 2 398
0 10286 1 7 408
6 10302 1 7 402
0 10344 1 1 410
5 10368 1 6 406
3 10407 1 5 403
2 10413 1 4 400
0 10416 1 7 412
0 10460 1 2 416
7 10465 1 4 409
1 10468 1 3 397
4 10496 1 7 405
0 10522 1 4 417
6 10527 1 4 411
0 10580 1 7 421
5 10631 1 1 413
0 10642 1 5 423
0 10683 1 3 425
7 10708 1 0 418
0 10727 1 4 426
6 10752 1 7 422
2 10781 1 6 415
3 10786 1 6 414
0 10787 1 6 428
0 10850 1 4 432
4 10868 1 7 420
5 10887 1 3 424
0 10913 1 1 433
7 10940 1 4 427
1 10955 1 7 419
0 10969 1 5 436
6 10989 1 7 429
0 11034 1 5 439
0 11108 1 4 441
5 11126 1 0 435
2 11136 1 4 430
3 11151 1 7 431
7 11153 1 4 437
0 11175 1 5 442
6 11224 1 1 440
0 11233 1 5 447
4 11253 1 7 434
0 11293 1 7 449
0 11347 1 7 451
5 11361 1 1 443
7 11362 1 6 446
0 11409 1 1 452
0 11464 1 1 455
6 11470 1 2 448
1 11476 1 3 438
2 11477 1 4 444
3 11515 1 2 445
0 11527 1 4 456
0 11583 1 2 461
7 11587 1 4 454
5 11608 1 2 453
4 11611 1 1 450
0 11649 1 2 462
0 11708 1 5 466
6 11735 1 7 457
0 11781 1 4 467
7 11831 1 1 463
2 11833 1 5 459
0 11835 1 4 469
5 11864 1 2 464
3 11880 1 2 460
0 11885 1 7 472
0 11932 1 2 475
4 11946 1 7 465
6 11979 1 0 468
0 11993 1 2 476
1 12000 1 4 458
0 12065 1 3 479
7 12074 1 5 470
5 12108 1 0 473
0 12111 1 6 481
0 12174 1 4 484
2 12194 1 0 471
3 12226 1 6 474
0 12228 1 2 485
6 12256 1 3 478
7 12279 1 6 482
0 12292 1 1 488
4 12308 1 2 477
5 12348 1 7 483
0 12349 1 6 491
0 12410 1 5 494
0 12468 1 2 495
1 12511 1 7 480
0 12512 1 5 496
6 12519 1 2 489
7 12523 1 2 490
2 12561 1 5 486
0 12568 1 1 498
5 12580 1 2 493
3 12582 1 2 487
0 12634 1 7 502
4 12671 1 2 492
0 12705 1 5 505
0 12761 1 3 507
7 12766 1 5 500
6 12773 1 4 499
0 12818 1 5 508
5 12823 1 3 503
0 12879 1 5 511
2 12887 1 4 501
0 12939 1 5 513
3 12940 1 6 504
0 13003 1 3 515
7 13019 1 2 509
1 13026 1 7 497
6 13039 1 2 510
0 13060 1 6 517
5 13062 1 0 512
4 13063 1 5 506
0 13114 1 6 521
0 13163 1 2 524
0 13215 1 7 525
7 13247 1 2 518
2 13257 1 5 514
6 13277 1 2 520
0 13289 1 7 526
3 13302 1 2 516
5 13303 1 4 522
0 13338 1 6 530
0 13399 1 6 533
4 13410 1 0 523
0 13460 1 2 534
7 13491 1 0 527
1 13491 1 6 519
0 13519 1 4 536
6 13533 1 5 529
5 13546 1 6 532
0 13571 1 3 539
2 13604 1 3 528
0 13634 1 7 542
3 13666 1 0 531
0 13697 1 4 544
7 13732 1 5 537
0 13746 1 4 546
4 13767 1 6 535
6 13785 1 7 540
5 13806 1 1 541
0 13809 1 5 548
0 13869 1 5 552
0 13914 1 4 553
2 13962 1 6 543
7 13963 1 1 547
0 13979 1 4 554
1 13992 1 6 538
5 14008 1 1 551
6 14031 1 3 550
0 14035 1 3 557
3 14051 1 7 545
0 14086 1 7 561
4 14127 1 6 549
0 14151 1 1 563
7 14174 1 6 556
0 14202 1 6 565
5 14236 1 6 559
0 14254 1 7 567
6 14280 1 5 560
0 14311 1 2 569
2 14315 1 4 555
0 14378 1 7 571
3 14384 1 6 562
7 14431 1 4 566
0 14444 1 3 573
4 14484 1 6 564
5 14488 1 7 568
6 14491 1 7 570
0 14505 1 1 576
1 14513 1 4 558
0 14573 1 3 580
0 14653 1 6 582
2 14655 1 7 572
7 14667 1 3 575
0 14711 1 7 583
5 14726 1 2 578
6 14736 1 1 579
3 14763 1 2 574
0 14770 1 2 586
0 14823 1 3 590
4 14856 1 7 577
0 14880 1 4 591
7 14934 1 1 585
0 14948 1 3 593
5 14975 1 3 587
6 14980 1 5 588
1 14991 1 3 581
2 14998 1 1 584
0 15002 1 1 595
0 15059 1 7 600
0 15104 1 5 601
3 15125 1 2 589
0 15154 1 3 602
7 15163 1 1 594
4 15179 1 1 592
5 15193 1 2 596
0 15209 1 6 604
6 15229 1 2 597
0 15273 1 3 608
0 15331 1 6 610
7 15387 1 4 605
0 15394 1 2 611
2 15411 1 3 599
5 15434 1 6 607
0 15448 1 1 613
6 15483 1 4 609
1 15488 1 5 598
0 15511 1 3 616
3 15522 1 1 603
4 15547 1 6 606
0 15570 1 3 619
0 15634 1 4 622
7 15638 1 1 612
5 15683 1 1 615
0 15695 1 1 623
6 15717 1 4 617
0 15754 1 1 626
2 15791 1 3 614
0 15809 1 5 628
4 15859 1 2 621
7 15870 1 3 624
0 15871 1 5 630
3 15883 1 7 620
0 15924 1 1 633
6 15934 1 1 627
5 15950 1 7 625
1 15996 1 6 618
0 15997 1 6 635
0 16058 1 4 639
7 16109 1 4 632
0 16120 1 4 640
2 16120 1 6 629
6 16162 1 2 636
0 16202 1 2 642
5 16226 1 2 637
4 16231 1 3 631
3 16270 1 4 634
0 16277 1 4 645
0 16338 1 5 649
7 16355 1 5 641
6 16370 1 7 644
0 16406 1 6 650
0 16460 1 3 653
2 16461 1 1 643
5 16474 1 4 646
1 16510 1 5 638
0 16523 1 3 654
4 16578 1 2 647
0 16581 1 3 658
7 16593 1 2 651
3 16603 1 2 648
6 16615 1 3 652
0 16642 1 2 660
0 16689 1 6 664
5 16699 1 2 656
0 16753 1 6 665
2 16806 1 5 655
0 16815 1 2 667
6 16838 1 0 663
7 16847 1 2 661
0 16884 1 1 669
5 16938 1 4 666
4 16943 1 5 659
3 16947 1 5 662
0 16957 1 2 672
0 17024 1 1 676
1 17030 1 3 657
0 17080 1 6 677
7 17082 1 0 671
6 17084 1 7 670
0 17124 1 5 679
5 17160 1 7 673
0 17182 1 6 682
2 17193 1 7 668
0 17257 1 1 684
7 17304 1 4 680
0 17307 1 1 686
3 17308 1 4 675
4 17321 1 0 674
6 17328 1 5 681
0 17357 1 3 688
5 17367 1 2 683
0 17407 1 4 692
0 17468 1 7 694
0 17534 1 1 695
7 17544 1 4 687
2 17546 1 4 685
6 17568 1 7 691
0 17593 1 5 696
1 17602 1 4 678
5 17636 1 0 693
0 17658 1 1 700
4 17679 1 1 690
3 17682 1 4 689
0 17712 1 1 703
6 17781 1 1 699
0 17784 1 6 706
7 17799 1 1 697
0 17852 1 5 708
5 17875 1 0 702
2 17906 1 1 698
0 17910 1 4 710
0 17979 1 5 713
0 18019 1 2 714
7 18028 1 3 709
4 18035 1 5 704
6 18037 1 2 707
3 18055 1 1 705
0 18084 1 5 715
5 18131 1 2 711
1 18148 1 2 701
0 18161 1 7 720
0 18215 1 3 723
7 18238 1 4 716
2 18238 1 6 712
0 18260 1 4 724
6 18288 1 1 718
0 18323 1 3 727
0 18382 1 3 729
5 18388 1 0 721
3 18391 1 2 719
4 18402 1 3 717
0 18447 1 4 730
7 18472 1 6 725
0 18507 1 1 734
6 18535 1 2 728
0 18563 1 1 736
2 18598 1 0 726
0 18619 1 4 738
5 18621 1 7 731
1 18626 1 5 722
0 18679 1 3 740
7 18723 1 1 735
0 18735 1 6 743
3 18737 1 4 732
6 18744 1 2 737
4 18769 1 5 733
0 18791 1 5 745
0 18847 1 6 749
5 18856 1 0 741
0 18899 1 4 750
0 18951 1 7 752
2 18959 1 7 739
7 18972 1 6 744
6 18987 1 3 747
0 19012 1 5 753
0 19065 1 2 757
5 19092 1 6 751
0 19126 1 2 758
3 19126 1 1 746
1 19129 1 0 742
4 19132 1 1 748
0 19200 1 7 760
7 19222 1 6 755
6 19256 1 3 756
0 19259 1 4 764
2 19296 1 7 754
0 19323 1 6 767
5 19333 1 6 759
0 19378 1 6 769
0 19432 1 5 771
7 19478 1 6 765
0 19488 1 5 772
4 19488 1 2 763
3 19490 1 4 761
6 19503 1 1 766
5 19536 1 0 770
0 19554 1 2 774
0 19612 1 7 779
1 19663 1 4 762
2 19671 1 0 768
0 19686 1 3 780
7 19714 1 6 773
6 19746 1 2 777
0 19761 1 1 783
5 19766 1 3 778
0 19813 1 7 786
4 19822 1 7 775
3 19828 1 0 776
0 19871 1 6 788
7 19928 1 5 784
0 19941 1 5 791
6 19985 1 2 785
0 19991 1 5 793
5 20006 1 0 787
2 20046 1 6 782
0 20060 1 5 795
0 20118 1 4 798
7 20162 1 6 792
0 20183 1 3 799
1 20207 1 6 781
3 20218 1 1 790
4 20223 1 5 789
5 20235 1 1 796
6 20245 1 1 794
0 20260 1 3 801
0 20327 1 2 807
0 20392 1 3 808
2 20402 1 3 797
7 20430 1 3 800
0 20459 1 4 809
5 20461 1 0 805
6 20504 1 1 806
0 20507 1 2 812
0 20567 1 3 815
4 20590 1 2 804
3 20598 1 0 803
0 20618 1 4 816
0 20678 1 4 819
7 20686 1 6 811
5 20725 1 7 813
0 20731 1 5 820
6 20737 1 0 814
1 20751 1 3 802
2 20784 1 5 810
0 20786 1 1 823
0 20837 1 7 827
0 20887 1 4 828
7 20922 1 1 821
0 20942 1 1 829
4 20944 1 2 817
5 20954 1 1 822
6 20966 1 5 824
3 20968 1 1 818
0 21001 1 1 831
0 21056 1 6 836
0 21103 1 1 837
7 21125 1 1 830
0 21153 1 7 838
2 21159 1 6 826
6 21203 1 4 834
0 21217 1 2 840
5 21218 1 2 833
1 21237 1 2 825
0 21276 1 7 843
4 21315 1 6 832
0 21336 1 2 846
3 21344 1 4 835
7 21371 1 0 839
0 21396 1 1 848
6 21429 1 4 842
5 21448 1 3 844
0 21458 1 6 851
0 21525 1 4 854
2 21555 1 6 841
0 21584 1 7 855
7 21620 1 6 850
0 21643 1 4 857
4 21645 1 6 847
6 21650 1 5 852
0 21695 1 6 859
5 21699 1 3 853
3 21707 1 7 849
0 21745 1 7 862
1 21787 1 7 845
0 21811 1 6 865
7 21839 1 2 858
0 21861 1 1 867
6 21912 1 4 861
5 21915 1 2 863
0 21916 1 5 869
2 21947 1 4 856
0 21973 1 7 872
4 21996 1 5 860
0 22029 1 7 874
7 22063 1 6 868
3 22087 1 1 864
0 22089 1 3 876
5 22134 1 3 871
0 22141 1 6 879
6 22153 1 3 870
0 22210 1 3 881
0 22270 1 1 883
2 22319 1 4 873
1 22324 1 4 866
7 22325 1 0 877
0 22355 1 3 884
4 22376 1 6 875
6 22381 1 2 882
5 22397 1 4 880
3 22414 1 6 878
0 22422 1 3 888
0 22475 1 5 893
0 22531 1 2 894
7 22585 1 4 887
0 22613 1 3 895
6 22622 1 3 890
5 22644 1 1 891
2 22673 1 0 885
0 22680 1 7 897
0 22729 1 3 901
4 22731 1 3 889
3 22757 1 2 892
0 22788 1 6 902
7 22845 1 1 896
0 22845 1 1 905
1 22860 1 0 886
6 22871 1 0 898
5 22887 1 1 899
0 22897 1 3 907
0 22953 1 6 911
0 23021 1 4 912
2 23045 1 0 900
0 23083 1 2 913
7 23087 1 3 906
3 23091 1 0 904
6 23098 1 2 909
4 23114 1 2 903
5 23138 1 6 910
0 23142 1 1 915
0 23197 1 4 921
0 23251 1 4 922
0 23306 1 1 923
6 23319 1 3 918
7 23335 1 6 916
0 23358 1 5 924
5 23372 1 7 920
1 23391 1 3 908
0 23407 1 1 927
2 23414 1 6 914
0 23466 1 7 930
3 23486 1 4 917
4 23514 1 3 919
0 23526 1 1 932
7 23556 1 0 926
6 23563 1 0 925
0 23585 1 3 935
5 23625 1 1 928
0 23647 1 2 938
0 23714 1 2 940
2 23741 1 5 931
0 23783 1 5 941
6 23797 1 4 937
7 23804 1 5 936
5 23841 1 0 939
0 23846 1 6 943
3 23863 1 7 933
4 23868 1 0 934
1 23900 1 0 929
0 23910 1 7 947
0 23967 1 7 951
6 24016 1 7 944
0 24025 1 7 952
7 24060 1 1 945
5 24085 1 3 946
0 24090 1 1 954
0 24147 1 3 957
2 24168 1 4 942
0 24199 1 5 958
3 24222 1 1 948
4 24235 1 5 949
6 24243 1 5 953
0 24247 1 4 960
0 24306 1 4 964
7 24307 1 1 955
5 24327 1 4 956
0 24369 1 4 965
0 24417 1 3 968
1 24426 1 5 950
0 24470 1 3 969
6 24497 1 1 963
0 24515 1 4 971
7 24525 1 0 966
2 24545 1 4 959
5 24558 1 1 967
0 24562 1 5 973
3 24585 1 1 961
4 24610 1 7 962
0 24620 1 4 977
0 24684 1 2 980
6 24718 1 7 972
0 24732 1 4 981
7 24743 1 1 974
0 24787 1 3 983
5 24814 1 7 976
0 24836 1 2 985
0 24887 1 6 987
2 24906 1 3 975
1 24932 1 7 970
4 24935 1 5 979
6 24946 1 0 982
3 24955 1 2 978
0 24955 1 2 988
7 24971 1 2 984
0 25005 1 6 994
0 25060 1 4 996
5 25070 1 1 986
0 25125 1 2 997
6 25167 1 7 992
0 25182 1 7 999
7 25192 1 3 995
0 25232 1 2 1001
2 25282 1 7 989
0 25294 1 2 1003
3 25301 1 7 993
4 25310 1 2 991
5 25312 1 0 998
0 25349 1 7 1005
0 25406 1 6 1009
7 25423 1 1 1002
6 25428 1 1 1000
1 25436 1 5 990
0 25472 1 1 1010
0 25539 1 1 1014
5 25550 1 2 1008
0 25594 1 5 1015
0 25657 1 1 1017
2 25665 1 1 1004
6 25671 1 3 1012
3 25678 1 7 1006
7 25680 1 3 1011
4 25695 1 3 1007
0 25721 1 6 1018
0 25796 1 5 1024
5 25798 1 2 1016
0 25855 1 4 1025
0 25908 1 6 1027
6 25923 1 0 1020
7 25929 1 1 1022
1 25965 1 0 1013
0 25967 1 2 1028
0 26028 1 2 1032
2 26034 1 7 1019
3 26039 1 7 1021
4 26047 1 2 1023
5 26047 1 7 1026
0 26073 1 3 1033
0 26141 1 4 1038
7 26174 1 2 1030
6 26195 1 1 1029
0 26200 1 4 1039
0 26259 1 3 1042
5 26281 1 7 1037
0 26314 1 2 1043
0 26354 1 3 1045
4 26381 1 7 1036
2 26392 1 0 1034
6 26398 1 4 1041
3 26399 1 0 1035
7 26411 1 3 1040
0 26412 1 7 1046
0 26472 1 6 1052
1 26498 1 7 1031
5 26507 1 0 1044
0 26532 1 3 1053
0 26592 1 5 1056
7 26643 1 5 1051
6 26647 1 2 1049
0 26651 1 6 1057
0 26706 1 6 1060
4 26708 1 0 1047
3 26720 1 4 1050
2 26750 1 5 1048
5 26760 1 7 1055
0 26772 1 7 1061
0 26824 1 3 1066
0 26887 1 1 1067
7 26900 1 4 1058
6 26904 1 0 1059
0 26949 1 1 1068
0 27016 1 1 1071
1 27023 1 4 1054
5 27029 1 4 1065
3 27051 1 1 1063
4 27071 1 5 1062
0 27080 1 5 1072
7 27129 1 4 1069
2 27155 1 6 1064
0 27161 1 1 1077
6 27174 1 1 1070
0 27216 1 6 1080
5 27251 1 4 1074
0 27267 1 3 1082
0 27316 1 3 1084
7 27374 1 4 1078
0 27379 1 1 1085
6 27408 1 7 1081
3 27422 1 7 1075
4 27432 1 5 1076
0 27440 1 4 1087
0 27515 1 2 1091
5 27519 1 7 1083
1 27531 1 0 1073
2 27556 1 1 1079
0 27579 1 1 1092
7 27634 1 1 1086
0 27640 1 1 1096
6 27650 1 2 1088
0 27693 1 5 1098
5 27753 1 3 1093
0 27758 1 4 1100
3 27773 1 0 1089
4 27802 1 7 1090
0 27825 1 6 1102
7 27893 1 5 1097
0 27896 1 1 1105
2 27916 1 5 1095
6 27922 1 3 1099
0 27954 1 1 1107
5 27989 1 7 1101
0 28004 1 5 1110
0 28075 1 6 1112
1 28082 1 2 1094
0 28126 1 5 1113
7 28146 1 3 1106
6 28147 1 0 1109
3 28148 1 2 1103
4 28148 1 1 1104
0 28195 1 2 1115
5 28199 1 4 1111
0 28246 1 4 1120
2 28289 1 4 1108
0 28314 1 1 1122
0 28378 1 6 1124
6 28384 1 7 1117
7 28388 1 2 1116
5 28420 1 1 1121
0 28428 1 5 1125
0 28497 1 6 1129
3 28499 1 7 1118
4 28555 1 7 1119
0 28557 1 4 1130
6 28606 1 3 1126
0 28609 1 3 1133
1 28610 1 4 1114
2 28626 1 1 1123
7 28635 1 6 1127
5 28645 1 2 1128
0 28677 1 5 1135
0 28730 1 3 1140
0 28798 1 5 1141
6 28832 1 1 1134
3 28843 1 5 1131
5 28846 1 1 1139
7 28851 1 3 1138
0 28858 1 6 1142
0 28911 1 3 1147
4 28930 1 1 1132
0 28979 1 7 1148
2 29009 1 0 1137
0 29032 1 3 1150
6 29058 1 2 1143
5 29082 1 4 1145
0 29085 1 2 1152
7 29097 1 2 1146
1 29108 1 5 1136
0 29158 1 7 1155
3 29217 1 6 1144
0 29225 1 6 1158
0 29287 1 4 1160
4 29293 1 6 1149
6 29314 1 4 1153
5 29339 1 1 1154
0 29345 1 3 1161
7 29346 1 1 1156
2 29384 1 5 1151
0 29414 1 2 1165
0 29467 1 3 1168
0 29535 1 1 1169
6 29564 1 3 1163
3 29572 1 6 1159
0 29581 1 3 1170
7 29581 1 2 1166
5 29595 1 6 1164
0 29631 1 1 1173
1 29653 1 2 1157
4 29658 1 3 1162
0 29704 1 4 1176
2 29753 1 1 1167
0 29771 1 7 1179
6 29796 1 2 1171
5 29828 1 7 1175
0 29830 1 3 1181
7 29839 1 4 1174
0 29891 1 2 1184
0 29947 1 6 1186
3 29969 1 7 1172
0 30010 1 7 1187
4 30019 1 1 1178
6 30041 1 0 1182
0 30061 1 3 1189
7 30066 1 5 1185
5 30076 1 4 1183
2 30088 1 4 1180
0 30126 1 4 1192
0 30184 1 6 1196
1 30197 1 6 1177
0 30247 1 5 1197
5 30293 1 0 1194
6 30302 1 4 1191
0 30307 1 5 1199
7 30322 1 1 1193
3 30340 1 0 1188
0 30368 1 1 1202
4 30380 1 5 1190
2 30428 1 7 1195
0 30432 1 5 1205
0 30489 1 3 1208
5 30526 1 3 1200
7 30529 1 5 1203
6 30551 1 7 1201
0 30556 1 3 1209
0 30617 1 7 1213
0 30674 1 5 1214
3 30705 1 2 1204
1 30729 1 2 1198
0 30735 1 3 1215
4 30739 1 5 1206
5 30772 1 4 1210
2 30795 1 1 1207
6 30796 1 3 1212
0 30797 1 5 1218
7 30800 1 6 1211
0 30866 1 3 1223
0 30914 1 5 1225
0 30988 1 2 1226
5 31015 1 4 1220
7 31029 1 3 1224
3 31034 1 6 1216
6 31041 1 4 1222
0 31045 1 2 1227
0 31098 1 3 1232
4 31126 1 1 1219
2 31133 1 1 1221
0 31156 1 2 1233
0 31229 1 5 1236
5 31253 1 7 1228
6 31258 1 5 1231
1 31269 1 6 1217
7 31284 1 6 1229
0 31296 1 2 1237
0 31331 1 1 1242
3 31391 1 0 1230
0 31392 1 1 1243
0 31458 1 4 1245
5 31472 1 7 1238
6 31472 1 4 1239
4 31479 1 5 1234
2 31510 1 5 1235
0 31517 1 7 1246
7 31540 1 4 1241
0 31582 1 5 1251
0 31640 1 5 1253
6 31690 1 1 1248
5 31698 1 7 1247
0 31703 1 2 1254
0 31760 1 7 1257
7 31773 1 0 1252
1 31775 1 0 1240
3 31785 1 4 1244
0 31819 1 3 1258
4 31850 1 6 1249
2 31873 1 0 1250
0 31880 1 5 1262
6 31921 1 5 1255
0 31936 1 3 1265
5 31942 1 3 1256
7 31995 1 6 1259
0 31999 1 5 1267
0 32070 1 1 1270
0 32141 1 5 1271
3 32152 1 6 1261
6 32167 1 1 1266
5 32168 1 1 1268
0 32191 1 2 1272
4 32208 1 6 1263
7 32225 1 3 1269
2 32243 1 0 1264
0 32256 1 2 1276
1 32306 1 7 1260
0 32308 1 6 1280
0 32376 1 5 1282
5 32401 1 3 1275
6 32429 1 0 1274
0 32444 1 3 1283
7 32461 1 1 1278
3 32491 1 6 1273
0 32512 1 5 1286
4 32558 1 1 1277
0 32568 1 2 1289
2 32601 1 3 1279
0 32635 1 7 1291
5 32646 1 7 1284
6 32689 1 7 1285
7 32698 1 3 1287
0 32717 1 3 1293
0 32784 1 6 1297
1 32826 1 3 1281
0 32848 1 1 1298
3 32854 1 6 1288
5 32899 1 6 1294
4 32903 1 3 1290
0 32908 1 4 1300
6 32912 1 2 1295
7 32945 1 5 1296
2 32969 1 3 1292
0 32978 1 2 1304
0 33042 1 6 1308
0 33100 1 7 1309
6 33132 1 7 1305
5 33151 1 6 1302
0 33157 1 1 1310
7 33168 1 5 1306
0 33209 1 6 1313
3 33215 1 5 1301
4 33257 1 1 1303
0 33272 1 5 1315
2 33348 1 1 1307
0 33348 1 2 1318
6 33354 1 0 1311
1 33355 1 7 1299
5 33382 1 1 1312
0 33417 1 6 1320
7 33420 1 1 1314
0 33476 1 1 1324
0 33535 1 6 1326
3 33575 1 5 1316
6 33580 1 2 1321
0 33590 1 6 1327
4 33598 1 2 1317
5 33613 1 3 1323
0 33638 1 5 1330
7 33641 1 3 1325
0 33697 1 2 1333
2 33699 1 1 1319
0 33766 1 6 1335
0 33818 1 2 1337
6 33819 1 2 1329
5 33862 1 7 1332
0 33871 1 6 1338
7 33898 1 4 1334
1 33900 1 0 1322
3 33922 1 1 1328
0 33939 1 1 1341
4 33976 1 6 1331
0 34010 1 6 1345
6 34053 1 4 1339
0 34072 1 4 1347
5 34074 1 2 1340
2 34078 1 0 1336
7 34128 1 4 1342
0 34132 1 3 1349
0 34183 1 4 1353
0 34235 1 5 1354
3 34278 1 6 1344
6 34286 1 5 1348
5 34301 1 4 1350
0 34308 1 5 1355
4 34335 1 0 1346
7 34366 1 3 1352
0 34369 1 4 1359
1 34397 1 5 1343
2 34433 1 4 1351
0 34442 1 7 1362
0 34495 1 4 1365
6 34512 1 1 1357
0 34550 1 6 1366
5 34551 1 4 1358
0 34606 1 3 1368
7 34623 1 3 1361
3 34646 1 2 1356
0 34669 1 3 1370
4 34713 1 3 1360
0 34718 1 4 1373
6 34749 1 3 1367
2 34785 1 4 1364
0 34790 1 3 1375
7 34839 1 2 1371
5 34839 1 1 1369
0 34858 1 5 1378
1 34913 1 2 1363
0 34937 1 2 1381
6 34979 1 1 1376
3 35003 1 4 1372
0 35005 1 5 1383
7 35025 1 6 1379
0 35063 1 5 1386
4 35076 1 5 1374
5 35083 1 3 1380
0 35122 1 3 1388
2 35159 1 1 1377
0 35174 1 3 1391
6 35178 1 5 1384
0 35236 1 7 1393
7 35242 1 0 1387
0 35290 1 3 1395
5 35302 1 3 1390
0 35351 1 7 1397
3 35387 1 7 1385
0 35402 1 2 1399
6 35404 1 0 1394
4 35417 1 7 1389
1 35450 1 4 1382
0 35472 1 2 1401
7 35478 1 0 1396
0 35536 1 5 1405
2 35545 1 4 1392
5 35559 1 2 1398
0 35598 1 1 1407
6 35634 1 7 1402
0 35644 1 6 1410
0 35684 1 1 1412
7 35735 1 4 1406
3 35736 1 4 1400
0 35742 1 7 1413
4 35754 1 0 1403
5 35781 1 3 1409
0 35808 1 3 1416
0 35867 1 2 1419
6 35893 1 7 1411
0 35914 1 7 1420
2 35918 1 5 1408
1 35948 1 5 1404
7 35980 1 0 1414
0 35984 1 6 1422
0 36041 1 4 1426
5 36042 1 0 1418
3 36065 1 0 1415
0 36098 1 2 1427
4 36122 1 1 1417
6 36125 1 7 1421
0 36154 1 2 1430
0 36203 1 2 1433
7 36234 1 2 1425
0 36262 1 5 1434
2 36272 1 7 1423
5 36283 1 6 1428
0 36334 1 2 1436
6 36350 1 1 1432
0 36407 1 2 1439
1 36430 1 3 1424
3 36449 1 4 1429
0 36459 1 7 1441
7 36462 1 4 1435
4 36512 1 7 1431
0 36525 1 7 1444
5 36530 1 1 1438
6 36586 1 4 1440
0 36590 1 6 1447
2 36622 1 1 1437
0 36648 1 5 1450
7 36681 1 6 1445
0 36700 1 1 1452
5 36728 1 3 1448
0 36765 1 2 1454
3 36816 1 4 1443
6 36827 1 1 1449
0 36832 1 1 1456
4 36850 1 3 1446
0 36893 1 3 1459
7 36930 1 5 1453
1 36934 1 7 1442
0 36947 1 6 1461
5 36962 1 0 1455
2 36973 1 0 1451
0 37013 1 3 1464
0 37067 1 2 1467
6 37082 1 2 1458
0 37127 1 5 1468
3 37177 1 6 1457
7 37186 1 5 1462
0 37188 1 4 1470
4 37195 1 3 1460
5 37207 1 0 1465
0 37239 1 4 1473
0 37296 1 3 1476
2 37345 1 5 1466
0 37359 1 2 1477
6 37360 1 4 1469
7 37412 1 3 1472
0 37416 1 7 1479
5 37456 1 0 1475
1 37466 1 3 1463
0 37477 1 4 1482
3 37515 1 2 1471
0 37542 1 7 1485
4 37556 1 2 1474
0 37610 1 6 1487
6 37623 1 3 1480
0 37667 1 7 1489
7 37667 1 0 1481
5 37682 1 4 1483
2 37693 1 6 1478
0 37719 1 5 1491
0 37778 1 2 1495
0 37846 1 3 1496
6 37860 1 4 1490
3 37863 1 2 1486
0 37899 1 2 1497
7 37913 1 0 1492
4 37945 1 1 1488
1 37946 1 5 1484
5 37947 1 2 1493
0 37955 1 2 1500
0 38022 1 1 1505
2 38041 1 6 1494
6 38084 1 3 1498
0 38085 1 4 1506
0 38148 1 5 1509
7 38150 1 2 1501
5 38178 1 6 1504
0 38204 1 2 1510
3 38248 1 4 1499
0 38265 1 2 1513
6 38308 1 0 1508
0 38313 1 3 1515
4 38315 1 1 1502
0 38372 1 7 1517
7 38379 1 0 1511
2 38382 1 5 1507
0 38423 1 1 1519
5 38427 1 7 1512
1 38461 1 3 1503
0 38494 1 3 1522
0 38549 1 1 1525
6 38564 1 1 1516
0 38611 1 5 1526
3 38615 1 4 1514
7 38621 1 4 1520
0 38676 1 7 1528
4 38678 1 3 1518
5 38688 1 0 1523
2 38739 1 6 1521
0 38745 1 7 1531
6 38814 1 2 1527
0 38821 1 1 1535
0 38875 1 1 1537
7 38879 1 3 1530
5 38941 1 1 1533
0 38946 1 4 1538
1 38966 1 2 1524
3 38980 1 5 1529
0 39022 1 6 1541
4 39040 1 2 1532
6 39066 1 2 1536
0 39075 1 5 1544
2 39102 1 1 1534
0 39140 1 3 1547
7 39145 1 4 1539
5 39172 1 1 1540
0 39195 1 7 1549
0 39254 1 1 1552
6 39307 1 2 1546
0 39309 1 7 1553
0 39358 1 5 1555
3 39368 1 1 1543
4 39372 1 3 1545
5 39405 1 0 1551
7 39406 1 4 1550
0 39431 1 7 1556
2 39446 1 6 1548
0 39491 1 1 1561
1 39506 1 6 1542
0 39541 1 6 1563
6 39544 1 2 1554
0 39607 1 1 1565
7 39653 1 0 1560
5 39663 1 2 1559
0 39682 1 5 1567
4 39718 1 6 1558
3 39731 1 6 1557
0 39734 1 3 1570
6 39769 1 5 1566
0 39794 1 1 1573
2 39821 1 3 1562
0 39851 1 7 1575
5 39873 1 1 1569
7 39892 1 2 1568
0 39897 1 6 1577
0 39949 1 1 1580
0 40014 1 5 1581
6 40022 1 3 1574
1 40031 1 3 1564
0 40080 1 5 1582
3 40086 1 0 1572
5 40095 1 7 1578
7 40124 1 0 1579
0 40128 1 3 1585
4 40137 1 3 1571
2 40166 1 0 1576
0 40194 1 4 1589
0 40249 1 4 1592
6 40271 1 7 1583
0 40306 1 6 1593
5 40329 1 3 1587
7 40353 1 5 1588
0 40360 1 4 1595
0 40425 1 2 1598
3 40451 1 1 1586
0 40492 1 2 1599
6 40499 1 4 1594
4 40528 1 1 1590
0 40534 1 7 1601
2 40554 1 0 1591
1 40557 1 3 1584
7 40569 1 1 1597
0 40589 1 3 1604
5 40602 1 4 1596
0 40655 1 5 1608
0 40709 1 4 1610
6 40748 1 7 1602
0 40770 1 3 1611
7 40802 1 3 1607
3 40824 1 1 1600
0 40830 1 5 1613
5 40848 1 2 1609
2 40880 1 5 1605
0 40883 1 1 1616
4 40890 1 7 1603
0 40945 1 6 1619
0 41004 1 2 1621
6 41005 1 4 1612
7 41040 1 0 1614
1 41048 1 3 1606
0 41075 1 3 1622
5 41104 1 4 1617
0 41145 1 2 1626
0 41204 1 2 1628
3 41235 1 6 1615
2 41236 1 5 1618
4 41247 1 5 1620
0 41261 1 5 1629
6 41263 1 7 1623
7 41298 1 2 1624
0 41315 1 5 1633
5 41346 1 7 1627
0 41376 1 7 1636
0 41429 1 1 1638
0 41492 1 7 1639
6 41499 1 1 1634
7 41506 1 6 1635
0 41551 1 6 1640
2 41590 1 7 1631
3 41593 1 1 1630
5 41594 1 4 1637
1 41595 1 6 1625
0 41603 1 6 1643
4 41619 1 5 1632
0 41662 1 6 1648
0 41707 1 3 1650
6 41748 1 5 1641
7 41750 1 5 1642
0 41764 1 1 1651
0 41820 1 5 1654
5 41853 1 6 1646
0 41886 1 3 1655
2 41949 1 4 1644
0 41956 1 5 1657
4 41965 1 3 1649
7 41969 1 1 1653
3 41982 1 4 1645
6 41985 1 3 1652
0 42006 1 2 1659
0 42049 1 1 1664
5 42079 1 0 1656
1 42087 1 7 1647
0 42110 1 7 1665
0 42169 1 1 1668
7 42185 1 2 1661
6 42210 1 3 1663
0 42224 1 5 1669
0 42287 1 5 1672
2 42315 1 3 1658
5 42333 1 4 1666
4 42345 1 6 1660
3 42346 1 4 1662
0 42361 1 5 1673
0 42420 1 5 1678
7 42438 1 2 1670
6 42471 1 2 1671
0 42475 1 4 1679
0 42529 1 7 1682
5 42584 1 4 1675
0 42605 1 1 1683
1 42618 1 2 1667
2 42669 1 1 1674
0 42675 1 4 1685
7 42697 1 1 1680
3 42717 1 6 1677
6 42722 1 3 1681
4 42724 1 6 1676
0 42728 1 6 1688
0 42796 1 1 1693
5 42807 1 4 1684
0 42868 1 1 1694
0 42936 1 1 1696
6 42950 1 4 1691
7 42964 1 0 1689
0 43000 1 5 1697
5 43045 1 7 1695
2 43046 1 5 1687
0 43058 1 1 1700
3 43101 1 0 1690
4 43101 1 5 1692
0 43126 1 1 1703
1 43133 1 0 1686
6 43190 1 0 1698
0 43191 1 7 1706
