clientID partySize elevatorID arrivalFloor dropoffFloor createTime pickupTime dropoffTime
1 1 1 0 6 64 65 71
10 1 1 9 7 79 82 84
9 1 1 8 2 81 83 89
11 1 1 10 0 88 97 107
12 1 1 0 9 136 137 146
13 1 1 9 10 175 176 177
15 1 1 10 5 183 184 189
14 1 1 8 1 188 192 199
16 1 0 0 6 199 200 206
8 1 0 7 4 224 225 228
7 1 0 6 3 226 230 233
17 1 0 9 2 248 254 261
6 1 0 5 0 257 258 263
20 1 1 0 4 261 262 266
18 1 1 10 6 273 279 283
19 1 1 8 1 279 281 288
25 1 0 0 8 326 327 335
23 1 0 9 2 339 340 347
4 1 0 3 7 347 348 352
3 1 1 2 7 353 354 359
27 1 1 8 6 366 367 369
5 1 1 4 0 376 378 382
26 1 0 10 0 370 373 383
28 1 1 0 1 396 397 398
29 1 1 9 0 432 437 448
33 1 1 10 0 429 438 448
35 1 0 0 10 440 441 451
21 1 0 7 0 444 454 461
32 1 0 8 9 452 469 470
22 1 0 6 0 469 473 479
24 1 1 5 6 490 495 496
38 1 0 0 5 516 517 522
36 1 1 10 4 522 526 532
37 1 0 9 6 527 531 534
2 1 1 1 2 531 535 536
40 1 0 8 3 538 540 545
43 1 1 0 9 569 571 580
44 1 1 10 2 612 613 621
45 1 0 9 5 632 638 642
47 1 0 8 0 634 637 647
48 1 0 0 1 648 649 650
39 1 1 7 8 694 699 700
52 1 0 0 3 706 707 710
49 1 1 10 0 703 705 715
30 1 1 3 5 717 720 722
41 1 0 6 1 716 719 724
51 1 1 8 2 720 725 731
31 1 0 2 9 723 725 732
50 1 1 9 1 724 738 746
42 1 1 5 7 758 762 764
34 1 1 4 9 759 761 766
55 1 1 0 6 760 775 781
54 1 0 10 8 790 791 793
58 1 0 8 1 808 809 816
63 1 0 0 2 819 820 822
60 1 1 9 10 822 825 826
66 1 0 0 3 883 885 888
64 1 1 10 9 888 889 890
67 1 1 9 7 894 895 897
65 1 1 8 3 897 898 903
53 1 1 7 5 917 921 923
68 1 0 0 7 945 948 955
56 1 1 6 9 969 970 973
69 1 0 10 5 969 972 977
71 1 1 8 4 979 980 984
61 1 0 5 3 987 988 990
73 1 0 0 5 996 999 1004
46 1 0 1 0 999 1008 1009
70 1 0 9 1 1004 1018 1026
78 1 0 0 4 1058 1059 1063
74 1 1 10 3 1051 1057 1064
62 1 1 4 0 1089 1090 1094
76 1 0 8 0 1083 1087 1095
80 1 1 9 6 1098 1107 1110
82 1 0 0 9 1103 1104 1113
57 1 1 3 2 1100 1101 1114
59 1 1 2 10 1125 1126 1134
83 1 0 8 2 1155 1156 1162
81 1 1 10 0 1151 1152 1162
87 1 1 0 8 1159 1163 1171
72 1 1 7 9 1176 1177 1179
85 1 1 9 0 1177 1180 1189
77 1 0 5 2 1211 1214 1217
75 1 0 6 4 1218 1222 1224
91 1 1 0 7 1222 1223 1230
90 1 1 8 5 1246 1247 1250
89 1 1 10 7 1253 1258 1261
93 1 1 9 8 1265 1267 1268
96 1 0 0 7 1281 1285 1292
97 1 1 8 9 1326 1327 1328
100 1 0 0 4 1335 1342 1346
98 1 1 10 1 1346 1347 1356
99 1 0 9 0 1367 1372 1381
102 1 0 0 3 1387 1388 1391
101 1 0 8 4 1424 1429 1433
92 1 0 7 4 1431 1436 1439
105 1 1 0 8 1437 1438 1446
103 1 1 10 7 1443 1448 1451
94 1 0 5 1 1453 1454 1458
84 1 0 4 8 1456 1461 1465
104 1 1 9 5 1459 1461 1465
95 1 0 6 1 1459 1467 1472
86 1 1 3 2 1473 1475 1476
108 1 0 0 9 1479 1480 1489
79 1 1 1 0 1491 1492 1493
88 1 1 2 0 1503 1505 1507
106 1 0 8 0 1520 1521 1529
109 1 0 10 2 1528 1539 1547
115 1 1 0 9 1539 1540 1549
112 1 1 9 10 1537 1549 1550
121 1 0 0 8 1594 1603 1611
118 1 0 8 10 1608 1611 1613
119 1 1 10 0 1615 1616 1626
120 1 0 9 4 1642 1643 1648
122 1 1 0 8 1654 1655 1663
107 1 0 7 2 1691 1694 1699
124 1 1 10 4 1691 1693 1699
113 1 0 6 8 1692 1703 1705
123 1 1 8 10 1698 1703 1705
110 1 0 5 4 1713 1716 1717
126 1 0 0 9 1719 1723 1732
125 1 1 9 1 1730 1731 1739
132 1 1 0 8 1775 1776 1784
127 1 0 10 2 1776 1777 1785
130 1 1 8 7 1795 1796 1797
133 1 1 9 2 1809 1811 1818
111 1 0 4 8 1826 1828 1832
114 1 1 3 10 1824 1825 1832
134 1 0 0 6 1834 1842 1848
135 1 1 10 8 1851 1852 1854
117 1 0 2 3 1872 1876 1877
136 1 1 8 7 1885 1886 1887
140 1 0 0 6 1884 1887 1893
137 1 1 9 2 1896 1898 1905
129 1 0 6 9 1927 1928 1931
128 1 0 7 4 1946 1948 1951
143 1 1 0 5 1951 1953 1958
141 1 0 10 1 1950 1957 1966
131 1 1 5 9 1967 1968 1972
145 1 1 9 1 1972 1973 1981
144 1 1 8 6 1979 1988 1990
116 1 0 1 6 1995 1996 2001
149 1 1 0 9 2015 2021 2030
148 1 1 10 4 2038 2039 2045
151 1 0 9 4 2056 2059 2064
152 1 1 8 6 2074 2078 2080
154 1 0 0 2 2082 2086 2088
155 1 1 10 7 2130 2134 2137
156 1 1 9 6 2135 2139 2142
158 1 0 0 3 2158 2160 2163
157 1 1 8 4 2173 2175 2179
146 1 1 6 0 2183 2185 2191
147 1 0 7 8 2188 2192 2193
138 1 1 3 0 2196 2199 2202
159 1 0 10 4 2213 2215 2221
139 1 0 4 8 2222 2223 2227
161 1 1 0 2 2225 2226 2228
150 1 1 5 3 2229 2232 2234
160 1 0 9 4 2232 2233 2238
142 1 1 2 3 2239 2240 2241
162 1 0 8 9 2262 2266 2267
168 1 1 0 3 2288 2291 2294
166 1 0 10 8 2321 2322 2324
170 1 0 9 6 2332 2333 2336
173 1 1 0 9 2345 2348 2357
172 1 1 8 0 2360 2361 2369
176 1 1 0 2 2415 2416 2418
174 1 0 10 6 2413 2417 2421
175 1 0 9 7 2426 2429 2431
164 1 0 7 5 2435 2436 2438
177 1 0 8 3 2450 2453 2458
163 1 0 6 9 2454 2461 2464
179 1 1 0 4 2476 2478 2482
153 1 1 1 5 2477 2479 2483
169 1 0 5 9 2478 2482 2486
178 1 0 10 0 2503 2504 2514
184 1 0 0 9 2529 2530 2539
180 1 1 9 4 2532 2536 2541
167 1 1 4 7 2548 2549 2552
182 1 0 8 5 2551 2552 2555
165 1 1 3 1 2548 2556 2558
187 1 0 10 8 2584 2589 2591
188 1 1 0 9 2590 2591 2600
171 1 0 2 8 2608 2614 2620
192 1 0 8 1 2629 2630 2637
189 1 1 9 1 2628 2629 2637
194 1 0 0 4 2659 2660 2664
181 1 1 7 3 2658 2664 2668
193 1 0 10 5 2673 2679 2684
197 1 0 8 6 2705 2708 2710
196 1 0 9 8 2723 2726 2727
199 1 1 0 8 2719 2722 2730
183 1 1 6 0 2729 2732 2738
186 1 0 5 3 2741 2744 2746
200 1 0 10 6 2760 2767 2771
202 1 1 0 1 2771 2772 2773
201 1 0 8 3 2790 2792 2797
203 1 0 9 10 2825 2831 2832
207 1 1 0 2 2840 2841 2843
206 1 0 10 2 2842 2843 2851
208 1 1 8 2 2885 2891 2897
198 1 1 7 9 2903 2908 2910
210 1 0 0 9 2904 2906 2915
209 1 1 9 8 2914 2915 2916
191 1 1 3 4 2921 2926 2927
211 1 0 10 7 2927 2928 2931
190 1 1 4 10 2935 2936 2942
214 1 0 0 2 2964 2971 2973
204 1 1 6 0 2971 2975 2981
212 1 0 8 3 2978 2984 2989
185 1 1 1 10 2984 2985 2994
205 1 1 5 10 2988 2989 2994
195 1 0 2 9 3009 3010 3017
215 1 0 9 10 3011 3017 3018
217 1 1 10 4 3028 3029 3035
219 1 1 0 9 3030 3039 3048
221 1 1 8 5 3088 3089 3092
225 1 0 9 2 3094 3095 3102
227 1 0 0 7 3101 3104 3111
226 1 0 10 0 3121 3124 3134
213 1 1 7 8 3138 3140 3141
230 1 0 0 10 3151 3152 3162
229 1 1 9 1 3171 3172 3180
228 1 0 8 10 3195 3197 3199
233 1 1 0 4 3207 3208 3212
220 1 0 6 3 3219 3220 3223
231 1 0 10 2 3215 3216 3224
223 1 1 5 4 3228 3229 3230
234 1 1 9 6 3252 3257 3260
236 1 0 0 9 3266 3268 3277
235 1 1 8 1 3274 3276 3283
218 1 1 4 3 3282 3286 3287
216 1 1 3 7 3287 3288 3292
237 1 0 10 8 3309 3310 3312
240 1 0 9 1 3331 3332 3340
241 1 0 0 10 3333 3341 3351
224 1 1 2 5 3355 3360 3363
232 1 1 7 3 3366 3368 3372
242 1 0 8 9 3372 3374 3375
247 1 1 0 7 3386 3389 3396
245 1 0 10 8 3397 3398 3400
246 1 0 9 0 3426 3427 3436
251 1 0 0 6 3445 3446 3452
238 1 0 6 5 3465 3466 3467
250 1 1 8 2 3465 3466 3472
239 1 0 5 10 3477 3478 3483
252 1 0 10 0 3488 3489 3499
254 1 0 0 3 3513 3514 3517
253 1 1 9 8 3509 3516 3517
222 1 0 1 5 3528 3530 3534
255 1 1 8 7 3554 3555 3556
258 1 1 10 8 3571 3574 3576
260 1 0 0 2 3574 3579 3581
259 1 1 9 7 3594 3595 3597
249 1 1 7 10 3607 3608 3611
244 1 0 3 7 3609 3610 3614
243 1 0 4 8 3613 3617 3621
264 1 0 0 2 3631 3639 3641
262 1 1 8 7 3645 3647 3648
265 1 1 9 2 3667 3669 3676
263 1 1 10 8 3669 3684 3686
269 1 0 0 3 3690 3692 3695
256 1 1 6 8 3703 3705 3707
248 1 0 2 7 3708 3709 3714
257 1 0 5 7 3716 3718 3720
272 1 1 10 2 3751 3753 3761
270 1 0 8 0 3753 3754 3762
273 1 0 0 6 3753 3763 3769
271 1 0 9 1 3766 3772 3780
278 1 0 0 8 3808 3809 3817
279 1 0 8 7 3830 3831 3832
277 1 0 10 6 3845 3848 3852
266 1 0 7 3 3851 3853 3857
280 1 0 9 4 3855 3863 3868
281 1 1 0 8 3860 3862 3870
282 1 1 8 3 3915 3916 3921
286 1 1 0 5 3926 3929 3934
283 1 0 10 8 3928 3934 3936
285 1 0 9 10 3932 3937 3938
274 1 1 6 2 3946 3947 3951
267 1 1 3 2 3958 3959 3960
268 1 1 4 5 3967 3969 3970
276 1 1 5 8 3977 3978 3981
287 1 1 8 5 3986 3987 3990
288 1 1 0 3 3989 3995 3998
289 1 0 10 8 4016 4017 4019
290 1 0 9 8 4026 4027 4028
275 1 1 2 6 4036 4037 4041
296 1 1 0 8 4051 4057 4065
261 1 1 1 10 4067 4074 4083
295 1 0 8 3 4085 4086 4091
300 1 0 0 3 4103 4106 4109
297 1 1 10 2 4103 4104 4112
284 1 1 7 10 4103 4117 4120
298 1 1 9 1 4122 4123 4131
291 1 0 6 5 4163 4166 4167
305 1 1 0 4 4173 4174 4178
302 1 0 8 10 4174 4177 4179
304 1 0 10 4 4180 4181 4187
306 1 1 9 1 4196 4201 4209
308 1 1 0 1 4235 4236 4237
294 1 0 5 10 4234 4235 4240
309 1 0 8 1 4260 4262 4269
311 1 1 9 8 4287 4288 4289
313 1 0 0 6 4286 4287 4293
310 1 1 10 3 4278 4287 4294
292 1 1 3 0 4316 4317 4320
293 1 0 4 1 4337 4339 4342
316 1 1 0 6 4350 4351 4357
303 1 0 7 0 4349 4355 4362
315 1 1 10 9 4362 4366 4367
314 1 0 8 9 4350 4370 4371
317 1 1 9 7 4381 4382 4384
299 1 1 2 10 4395 4400 4408
307 1 0 6 2 4414 4417 4421
321 1 1 0 9 4416 4426 4435
322 1 1 8 3 4431 4436 4441
323 1 1 10 8 4455 4462 4464
324 1 1 9 0 4473 4474 4483
327 1 0 0 7 4479 4481 4488
312 1 0 5 8 4489 4491 4494
328 1 0 8 7 4535 4536 4537
331 1 1 0 9 4534 4535 4544
329 1 0 10 7 4550 4553 4556
330 1 1 9 0 4548 4549 4558
333 1 1 0 5 4579 4580 4585
320 1 0 7 1 4593 4594 4600
301 1 0 1 3 4610 4611 4613
334 1 1 8 6 4618 4621 4623
335 1 1 9 2 4632 4635 4642
337 1 0 0 2 4640 4643 4645
336 1 1 10 3 4634 4650 4657
326 1 1 6 3 4650 4654 4657
318 1 1 3 1 4666 4667 4669
343 1 1 0 8 4707 4708 4716
341 1 1 9 1 4719 4720 4728
332 1 0 5 1 4726 4729 4733
340 1 1 8 7 4727 4735 4736
319 1 0 4 3 4735 4736 4749
342 1 0 10 0 4728 4742 4752
325 1 0 2 3 4769 4771 4772
346 1 0 0 10 4769 4775 4785
347 1 0 9 3 4797 4798 4804
349 1 1 8 1 4820 4821 4828
350 1 0 10 8 4824 4831 4833
353 1 1 0 2 4834 4835 4837
338 1 0 7 0 4847 4848 4855
344 1 0 6 9 4888 4894 4897
354 1 1 9 0 4886 4893 4902
357 1 1 0 3 4893 4903 4906
355 1 0 8 1 4912 4913 4920
356 1 1 10 2 4922 4929 4937
361 1 0 0 10 4965 4966 4976
348 1 1 5 8 4972 4975 4978
359 1 0 9 2 4970 4977 4984
362 1 1 8 6 4997 4998 5000
363 1 1 10 3 5007 5011 5018
364 1 0 0 1 5031 5033 5034
345 1 1 3 0 5033 5034 5037
365 1 0 9 0 5053 5061 5070
358 1 0 7 10 5056 5077 5080
367 1 0 8 2 5090 5092 5098
369 1 1 0 3 5095 5096 5099
351 1 1 4 2 5099 5100 5102
368 1 0 10 8 5092 5106 5108
352 1 1 2 3 5122 5123 5124
371 1 0 9 8 5135 5136 5137
360 1 0 6 7 5143 5145 5146
375 1 1 0 4 5153 5156 5160
339 1 1 1 0 5171 5174 5175
373 1 0 8 1 5175 5176 5183
374 1 0 10 0 5176 5192 5202
380 1 1 0 5 5206 5207 5212
366 1 1 5 7 5220 5221 5223
378 1 1 9 6 5248 5250 5253
383 1 1 10 6 5263 5267 5271
384 1 0 0 3 5268 5269 5272
382 1 1 8 0 5278 5280 5288
372 1 0 7 8 5287 5291 5292
388 1 1 0 4 5332 5333 5337
387 1 0 10 3 5343 5345 5352
389 1 1 8 5 5350 5354 5357
386 1 0 9 3 5350 5358 5364
391 1 0 0 4 5399 5402 5406
379 1 1 6 10 5406 5407 5411
370 1 0 3 0 5409 5410 5413
392 1 1 10 6 5435 5436 5440
376 1 1 4 9 5441 5443 5448
393 1 1 8 3 5441 5449 5454
395 1 0 0 8 5456 5457 5465
394 1 1 9 3 5445 5460 5466
385 1 1 5 8 5481 5483 5486
377 1 1 2 0 5497 5503 5505
402 1 1 0 9 5510 5511 5520
398 1 1 10 9 5524 5525 5526
400 1 0 8 0 5534 5535 5543
390 1 1 7 1 5540 5542 5548
401 1 1 9 10 5548 5556 5557
405 1 0 0 7 5564 5565 5572
407 1 0 8 6 5615 5616 5618
406 1 1 10 0 5612 5613 5623
410 1 1 0 8 5632 5633 5641
396 1 0 6 5 5647 5648 5649
409 1 1 9 1 5652 5653 5661
381 1 1 1 0 5669 5670 5671
412 1 0 8 1 5685 5688 5695
413 1 1 0 5 5694 5695 5700
411 1 1 10 7 5706 5711 5714
403 1 1 5 4 5724 5726 5727
415 1 1 9 8 5728 5733 5734
418 1 0 0 9 5746 5747 5756
397 1 1 3 1 5751 5756 5758
417 1 0 8 10 5773 5774 5776
399 1 1 4 7 5782 5785 5788
422 1 1 0 5 5790 5797 5802
421 1 0 9 2 5795 5796 5803
419 1 1 10 6 5798 5807 5811
408 1 1 7 10 5805 5812 5815
426 1 0 0 3 5848 5850 5853
404 1 0 2 9 5855 5856 5863
424 1 0 8 7 5863 5864 5865
428 1 1 10 7 5865 5866 5869
427 1 1 9 1 5886 5888 5896
414 1 1 6 0 5890 5891 5897
430 1 1 0 7 5904 5905 5912
432 1 1 8 3 5953 5954 5959
433 1 0 10 6 5962 5965 5969
436 1 1 0 7 5971 5974 5981
434 1 0 9 2 5973 5976 5983
420 1 1 5 6 5980 5983 5984
439 1 0 0 4 6032 6034 6038
437 1 1 8 2 6039 6041 6047
440 1 0 9 8 6044 6047 6050
429 1 0 7 4 6043 6045 6054
438 1 0 10 4 6042 6048 6054
423 1 0 3 7 6101 6102 6106
442 1 1 0 6 6099 6101 6107
444 1 0 10 9 6125 6128 6129
443 1 0 8 2 6128 6130 6136
425 1 0 4 10 6138 6140 6146
446 1 1 9 2 6138 6141 6148
447 1 1 0 7 6151 6153 6160
435 1 1 6 4 6159 6161 6163
431 1 1 2 7 6183 6185 6190
416 1 1 1 9 6204 6210 6218
441 1 1 5 7 6216 6222 6224
449 1 0 10 5 6219 6220 6225
453 1 1 0 3 6213 6231 6234
451 1 0 9 4 6230 6234 6239
450 1 0 8 10 6233 6243 6245
457 1 1 0 4 6281 6284 6288
445 1 1 7 0 6287 6291 6298
459 1 0 10 6 6308 6309 6313
461 1 0 8 1 6325 6327 6334
462 1 1 0 6 6335 6336 6342
460 1 0 9 5 6335 6343 6347
454 1 1 6 2 6392 6393 6397
466 1 1 0 1 6397 6399 6400
464 1 0 10 0 6398 6403 6413
465 1 0 8 9 6403 6421 6422
467 1 0 9 8 6418 6423 6424
458 1 0 5 10 6436 6439 6444
448 1 1 3 1 6450 6452 6454
469 1 1 0 3 6458 6459 6462
470 1 0 10 4 6489 6490 6496
452 1 1 4 7 6494 6495 6498
475 1 0 0 10 6500 6504 6514
471 1 1 8 4 6515 6516 6520
472 1 0 9 3 6522 6523 6529
463 1 1 7 8 6530 6533 6534
478 1 0 0 3 6554 6557 6560
455 1 0 2 3 6559 6561 6562
476 1 1 10 9 6579 6581 6582
468 1 1 6 1 6606 6609 6614
480 1 0 9 6 6610 6616 6619
479 1 1 8 5 6608 6621 6624
482 1 1 0 3 6625 6630 6633
484 1 0 10 7 6665 6669 6672
473 1 1 5 9 6669 6671 6675
488 1 0 0 3 6683 6690 6693
486 1 1 8 3 6693 6694 6699
487 1 1 9 6 6701 6707 6710
456 1 0 1 3 6730 6732 6734
491 1 0 0 1 6739 6742 6743
489 1 1 10 6 6735 6739 6743
481 1 1 7 0 6762 6763 6770
474 1 0 3 9 6777 6779 6785
492 1 0 8 6 6792 6793 6795
493 1 0 9 7 6792 6798 6800
496 1 1 0 6 6800 6801 6807
495 1 0 10 9 6832 6835 6836
485 1 1 6 2 6848 6849 6853
501 1 1 0 7 6857 6859 6866
477 1 1 4 6 6863 6869 6871
500 1 0 9 3 6877 6878 6884
499 1 1 8 6 6898 6900 6902
490 1 1 5 9 6905 6906 6910
504 1 0 0 7 6918 6921 6928
483 1 0 2 4 6924 6933 6935
502 1 1 10 3 6930 6931 6938
506 1 0 9 5 6967 6972 6976
509 1 1 0 4 6979 6982 6986
507 1 0 8 6 6993 6996 6998
497 1 0 7 9 7001 7002 7004
511 1 0 10 3 7013 7014 7021
512 1 1 9 8 7034 7039 7040
513 1 0 0 4 7038 7041 7045
514 1 1 8 7 7075 7076 7077
518 1 0 0 9 7090 7094 7103
516 1 1 10 0 7096 7099 7109
517 1 0 9 2 7110 7111 7118
503 1 0 6 3 7114 7122 7125
520 1 1 0 2 7152 7153 7155
508 1 0 5 2 7153 7155 7158
498 1 1 3 7 7166 7167 7171
521 1 1 10 3 7179 7182 7189
519 1 1 8 10 7183 7194 7196
522 1 1 9 8 7210 7211 7212
494 1 0 1 5 7209 7210 7214
524 1 0 0 1 7213 7219 7220
505 1 0 4 0 7222 7225 7229
515 1 1 7 6 7242 7243 7244
528 1 1 8 1 7271 7272 7283
527 1 1 10 1 7270 7274 7283
510 1 0 2 9 7277 7279 7286
531 1 1 0 8 7281 7284 7292
530 1 0 9 0 7305 7306 7315
523 1 1 6 8 7332 7334 7336
537 1 0 0 6 7344 7345 7351
535 1 1 8 9 7364 7365 7366
534 1 1 10 2 7372 7373 7381
525 1 0 5 8 7396 7397 7400
540 1 1 0 2 7399 7401 7403
538 1 0 9 10 7407 7408 7409
544 1 1 0 3 7440 7442 7445
541 1 0 8 6 7458 7460 7462
542 1 0 10 8 7462 7466 7468
546 1 1 0 5 7485 7488 7493
533 1 0 7 9 7494 7495 7497
545 1 0 9 6 7497 7498 7501
526 1 1 3 9 7529 7531 7537
549 1 1 0 10 7530 7546 7556
539 1 0 6 5 7550 7556 7557
548 1 0 10 4 7548 7552 7558
547 1 1 8 4 7554 7558 7562
532 1 1 4 3 7562 7563 7564
551 1 0 9 4 7587 7592 7597
553 1 1 0 8 7594 7597 7605
554 1 1 10 9 7627 7629 7630
536 1 0 2 8 7635 7637 7643
543 1 0 5 6 7642 7646 7647
556 1 1 8 0 7650 7651 7659
559 1 1 0 6 7662 7663 7669
558 1 0 9 8 7666 7669 7670
560 1 0 10 9 7707 7709 7710
563 1 0 8 9 7722 7723 7724
550 1 1 7 3 7726 7727 7731
564 1 1 0 10 7729 7734 7744
565 1 0 9 10 7746 7747 7748
555 1 1 6 9 7768 7771 7784
529 1 1 1 10 7767 7776 7785
569 1 1 0 1 7790 7800 7801
566 1 0 10 3 7804 7805 7812
567 1 0 8 3 7821 7826 7831
570 1 0 9 10 7842 7848 7849
573 1 1 0 7 7842 7843 7850
552 1 1 3 9 7875 7879 7885
562 1 1 5 2 7877 7889 7892
574 1 0 10 5 7891 7892 7897
576 1 1 0 1 7905 7907 7908
575 1 0 8 9 7911 7914 7915
557 1 1 4 9 7919 7922 7927
577 1 1 9 7 7937 7938 7940
568 1 1 7 4 7962 7963 7966
581 1 1 0 8 7967 7971 7979
580 1 0 10 4 7986 7987 7993
572 1 1 6 4 8002 8004 8006
582 1 1 8 2 8002 8010 8016
561 1 0 2 10 8010 8012 8020
584 1 0 9 5 8024 8025 8029
586 1 1 0 4 8035 8037 8041
587 1 0 10 2 8069 8074 8082
589 1 1 8 3 8078 8082 8087
591 1 1 9 6 8104 8110 8113
579 1 1 5 2 8115 8116 8119
592 1 0 0 4 8116 8118 8122
594 1 0 8 6 8150 8154 8156
593 1 0 10 8 8155 8160 8162
585 1 0 7 2 8171 8172 8177
597 1 1 0 9 8171 8173 8182
595 1 1 9 4 8182 8183 8188
598 1 1 8 6 8230 8234 8236
600 1 0 0 8 8231 8233 8241
588 1 1 6 0 8231 8232 8242
599 1 0 10 7 8249 8251 8254
583 1 0 4 3 8263 8266 8267
578 1 0 3 1 8269 8270 8272
602 1 0 9 6 8280 8288 8291
571 1 1 1 9 8284 8285 8293
604 1 0 0 9 8296 8302 8311
603 1 1 8 10 8317 8318 8320
606 1 1 10 7 8342 8343 8346
611 1 1 0 8 8351 8358 8366
609 1 0 9 3 8374 8375 8381
590 1 0 2 4 8381 8382 8384
596 1 0 5 2 8385 8386 8389
614 1 0 0 4 8391 8393 8397
612 1 1 8 3 8406 8407 8412
601 1 0 7 4 8419 8422 8425
613 1 0 10 8 8432 8438 8440
605 1 0 6 8 8462 8464 8466
615 1 0 9 5 8469 8470 8474
618 1 1 0 10 8464 8467 8477
619 1 1 8 1 8495 8497 8504
621 1 0 10 6 8516 8521 8525
623 1 1 0 7 8526 8527 8534
624 1 1 9 5 8565 8567 8571
625 1 0 8 6 8584 8586 8588
607 1 1 4 0 8595 8596 8600
627 1 1 0 5 8597 8601 8606
626 1 0 10 0 8597 8601 8611
617 1 1 5 6 8617 8618 8619
620 1 1 7 2 8636 8637 8642
608 1 1 3 2 8640 8641 8642
631 1 0 0 6 8655 8656 8662
629 1 0 8 3 8667 8669 8674
628 1 0 9 8 8672 8680 8681
622 1 1 6 8 8676 8680 8682
632 1 1 10 0 8692 8694 8704
636 1 1 0 3 8737 8738 8741
638 1 0 9 10 8742 8743 8744
616 1 1 2 0 8745 8746 8748
637 1 0 8 1 8747 8749 8756
641 1 1 0 4 8791 8792 8796
640 1 0 10 6 8787 8796 8800
610 1 1 1 6 8796 8799 8804
642 1 1 9 3 8818 8821 8827
644 1 0 8 9 8847 8849 8850
646 1 1 0 5 8853 8856 8861
633 1 1 5 6 8860 8861 8862
645 1 0 10 3 8876 8877 8884
634 1 1 7 4 8881 8882 8885
650 1 0 0 4 8905 8908 8912
648 1 1 9 3 8912 8917 8923
649 1 0 8 7 8929 8933 8934
639 1 0 6 5 8947 8948 8949
654 1 1 0 2 8966 8969 8971
652 1 0 10 3 8964 8969 8976
630 1 0 4 3 8999 9000 9001
635 1 0 3 9 9008 9009 9015
656 1 0 8 6 9011 9016 9018
655 1 0 9 3 9011 9021 9027
659 1 1 0 8 9030 9032 9040
658 1 1 10 7 9038 9042 9045
651 1 1 5 2 9100 9102 9105
664 1 0 0 10 9093 9096 9106
643 1 1 2 8 9108 9109 9115
662 1 1 9 8 9114 9116 9117
663 1 0 8 0 9112 9114 9122
653 1 1 7 6 9125 9126 9127
665 1 1 10 0 9125 9131 9141
666 1 1 0 3 9166 9167 9170
657 1 1 6 0 9170 9173 9179
669 1 1 8 4 9202 9210 9214
673 1 0 0 7 9210 9211 9218
670 1 1 9 1 9213 9219 9227
672 1 0 10 4 9236 9239 9245
676 1 1 0 9 9268 9269 9278
675 1 1 8 9 9294 9295 9296
647 1 0 1 4 9300 9303 9306
678 1 1 10 6 9315 9316 9320
667 1 1 5 10 9322 9323 9328
677 1 1 9 5 9324 9329 9333
679 1 0 0 4 9327 9331 9335
671 1 1 7 8 9357 9359 9360
660 1 0 4 6 9358 9359 9361
661 1 0 3 1 9374 9377 9379
685 1 0 0 6 9377 9380 9386
680 1 1 8 5 9385 9386 9389
674 1 0 6 5 9392 9393 9394
682 1 1 10 4 9412 9417 9423
684 1 1 9 10 9414 9428 9429
689 1 0 0 7 9436 9441 9448
690 1 0 8 2 9484 9485 9491
668 1 0 2 1 9486 9491 9492
692 1 1 10 1 9485 9486 9495
694 1 1 0 2 9505 9506 9508
693 1 1 9 0 9510 9517 9526
683 1 0 5 1 9560 9564 9568
698 1 1 0 3 9570 9571 9574
695 1 0 8 0 9573 9575 9587
696 1 0 10 0 9567 9577 9587
699 1 1 9 8 9614 9620 9621
702 1 0 0 6 9624 9625 9631
686 1 1 7 0 9626 9627 9634
691 1 0 6 2 9632 9633 9637
703 1 0 8 5 9661 9667 9670
701 1 0 10 6 9667 9675 9679
705 1 1 0 1 9706 9707 9708
704 1 0 9 3 9714 9717 9723
687 1 0 4 10 9721 9724 9730
688 1 1 3 0 9750 9752 9755
708 1 0 8 3 9761 9763 9768
710 1 1 0 5 9768 9769 9774
709 1 1 10 6 9777 9782 9786
681 1 0 1 4 9791 9793 9796
700 1 1 5 3 9816 9818 9820
711 1 1 9 2 9811 9814 9821
715 1 0 0 7 9813 9817 9824
697 1 1 2 7 9842 9843 9848
716 1 1 10 4 9860 9863 9869
714 1 0 8 0 9861 9862 9870
719 1 0 0 1 9873 9874 9875
706 1 1 7 4 9874 9877 9880
707 1 1 6 8 9880 9882 9884
718 1 1 9 10 9897 9898 9899
724 1 0 0 10 9929 9930 9940
722 1 1 10 3 9949 9950 9957
723 1 0 8 4 9958 9960 9964
727 1 0 9 1 9987 9992 10000
728 1 1 0 3 9994 9997 10000
730 1 1 8 3 10029 10034 10039
729 1 1 10 1 10035 10046 10055
712 1 1 4 3 10057 10060 10061
732 1 0 0 10 10054 10055 10065
720 1 1 5 3 10063 10065 10067
731 1 0 9 4 10072 10073 10078
725 1 0 7 4 10103 10106 10109
735 1 1 0 1 10108 10111 10112
733 1 0 8 4 10119 10123 10127
726 1 0 6 7 10126 10129 10130
734 1 0 10 1 10122 10133 10142
713 1 1 3 9 10153 10155 10161
738 1 1 9 5 10157 10162 10166
740 1 0 0 6 10169 10170 10176
742 1 0 10 8 10208 10212 10214
741 1 1 8 2 10210 10213 10219
721 1 0 2 4 10211 10220 10222
746 1 1 0 8 10230 10232 10240
745 1 1 9 8 10237 10241 10242
717 1 0 1 5 10268 10271 10275
747 1 1 10 9 10286 10288 10289
750 1 0 0 3 10283 10288 10291
748 1 1 8 10 10306 10307 10309
737 1 0 5 10 10312 10314 10319
751 1 1 9 2 10328 10329 10336
743 1 1 6 4 10350 10354 10356
753 1 1 0 10 10357 10361 10371
739 1 0 7 2 10366 10369 10374
754 1 1 10 4 10378 10379 10385
755 1 1 8 5 10402 10406 10409
736 1 1 4 9 10408 10410 10415
757 1 1 9 5 10417 10418 10422
759 1 0 0 2 10420 10422 10424
765 1 0 0 7 10476 10478 10485
762 1 0 8 9 10486 10487 10488
761 1 1 10 0 10475 10480 10490
764 1 0 9 6 10500 10501 10504
744 1 1 3 9 10509 10512 10518
767 1 0 0 3 10542 10548 10551
756 1 0 5 3 10548 10553 10555
766 1 1 10 8 10562 10563 10565
768 1 1 8 10 10563 10566 10568
769 1 1 9 1 10579 10580 10588
771 1 1 0 5 10597 10598 10603
749 1 0 2 5 10606 10607 10610
758 1 1 6 10 10606 10607 10611
760 1 0 7 9 10614 10616 10618
773 1 1 10 7 10656 10657 10660
776 1 1 0 2 10672 10679 10681
774 1 0 8 0 10674 10675 10683
775 1 0 9 7 10676 10692 10694
763 1 1 4 0 10723 10725 10729
781 1 1 0 8 10730 10731 10739
780 1 1 10 0 10746 10748 10758
783 1 0 9 2 10781 10783 10790
772 1 1 5 7 10784 10789 10791
752 1 0 1 8 10790 10791 10798
782 1 0 8 6 10784 10799 10801
785 1 0 0 10 10787 10807 10817
786 1 0 10 6 10824 10825 10829
779 1 1 7 10 10839 10840 10843
790 1 0 0 6 10845 10851 10857
778 1 0 6 2 10845 10858 10862
770 1 0 3 4 10873 10874 10875
788 1 0 8 6 10885 10889 10891
787 1 1 9 2 10883 10884 10891
794 1 1 0 4 10922 10924 10928
792 1 0 10 4 10921 10925 10931
777 1 1 2 8 10934 10936 10942
798 1 1 8 1 10966 10967 10974
797 1 0 9 3 10976 10981 10987
800 1 1 0 3 10989 10990 10993
789 1 1 5 2 11013 11015 11018
799 1 0 10 2 11022 11029 11037
804 1 1 0 9 11057 11059 11068
802 1 1 8 4 11064 11069 11073
803 1 1 9 6 11077 11082 11085
795 1 1 6 3 11101 11102 11105
793 1 1 7 5 11107 11111 11113
784 1 0 4 7 11109 11111 11114
807 1 1 0 1 11113 11118 11119
806 1 0 10 9 11127 11130 11131
808 1 0 8 4 11155 11156 11160
809 1 0 9 4 11155 11165 11170
813 1 1 0 7 11166 11167 11174
814 1 1 10 2 11214 11217 11225
817 1 0 0 9 11220 11224 11233
805 1 1 5 2 11230 11233 11236
815 1 0 8 2 11238 11239 11245
796 1 1 3 0 11253 11254 11257
816 1 0 9 0 11239 11252 11261
791 1 1 1 5 11269 11270 11274
819 1 0 0 8 11286 11287 11295
818 1 0 10 1 11290 11297 11306
801 1 0 2 4 11306 11307 11309
821 1 1 8 5 11315 11318 11321
822 1 1 9 0 11324 11328 11337
810 1 0 6 3 11336 11338 11341
825 1 1 0 9 11350 11351 11360
811 1 0 7 2 11355 11359 11364
826 1 1 10 3 11394 11395 11402
831 1 0 0 9 11400 11402 11411
829 1 0 9 8 11408 11412 11413
828 1 0 8 4 11413 11414 11418
820 1 0 5 9 11453 11454 11458
812 1 1 4 6 11470 11471 11473
834 1 1 0 8 11474 11480 11488
835 1 0 9 6 11489 11490 11493
836 1 1 8 10 11501 11502 11504
833 1 0 10 2 11489 11497 11505
839 1 0 0 2 11534 11536 11538
830 1 1 6 1 11550 11554 11559
840 1 0 9 8 11564 11571 11572
823 1 1 3 1 11568 11570 11572
841 1 0 10 0 11579 11581 11591
842 1 1 8 10 11592 11599 11601
843 1 0 0 10 11598 11599 11609
832 1 1 7 0 11601 11604 11611
845 1 0 9 8 11642 11643 11644
827 1 1 2 7 11662 11664 11669
849 1 1 0 6 11671 11678 11684
847 1 0 10 5 11678 11680 11685
848 1 1 8 9 11681 11686 11687
837 1 1 5 6 11683 11691 11692
851 1 1 9 3 11719 11722 11728
853 1 1 0 7 11727 11731 11738
855 1 1 8 10 11759 11760 11762
854 1 1 10 6 11781 11782 11786
824 1 0 1 0 11787 11791 11792
844 1 1 6 8 11795 11796 11798
858 1 0 0 8 11793 11794 11802
857 1 1 9 1 11819 11820 11828
850 1 0 7 4 11839 11840 11843
862 1 1 0 7 11848 11849 11856
859 1 1 8 4 11856 11857 11861
838 1 0 4 10 11855 11856 11862
860 1 0 10 0 11858 11863 11873
856 1 0 5 4 11899 11904 11905
864 1 1 9 5 11896 11901 11905
866 1 0 0 6 11912 11916 11922
846 1 1 3 5 11942 11944 11946
869 1 0 10 3 11948 11952 11959
868 1 1 8 7 11956 11959 11960
872 1 0 0 9 11964 11967 11976
870 1 0 9 0 11999 12000 12009
852 1 1 2 8 12002 12007 12013
876 1 0 0 2 12024 12025 12027
863 1 1 6 4 12036 12038 12040
875 1 1 8 3 12039 12044 12049
874 1 1 10 3 12049 12056 12063
865 1 1 7 9 12073 12077 12079
879 1 0 0 1 12089 12091 12092
871 1 1 5 8 12112 12116 12119
877 1 1 9 3 12120 12121 12127
882 1 1 10 4 12136 12143 12149
881 1 1 8 2 12137 12141 12151
884 1 0 0 2 12152 12153 12155
886 1 1 9 6 12202 12209 12212
867 1 0 4 10 12207 12209 12215
887 1 0 10 2 12221 12222 12230
889 1 1 0 2 12222 12228 12230
888 1 1 8 3 12254 12260 12265
893 1 1 0 2 12287 12290 12292
861 1 0 1 10 12283 12284 12293
880 1 1 6 5 12296 12300 12301
890 1 0 9 10 12301 12302 12303
883 1 1 7 5 12314 12316 12318
892 1 0 10 2 12313 12314 12322
873 1 0 3 7 12330 12331 12335
894 1 1 8 3 12330 12333 12338
885 1 1 5 3 12338 12340 12342
896 1 1 0 2 12351 12354 12356
878 1 1 2 1 12356 12357 12358
898 1 0 9 1 12388 12390 12398
904 1 0 0 8 12407 12408 12416
899 1 1 10 5 12404 12413 12418
902 1 0 8 3 12412 12417 12422
908 1 0 0 1 12466 12469 12470
906 1 1 9 1 12481 12485 12493
907 1 1 10 7 12498 12507 12510
909 1 1 8 10 12507 12511 12513
900 1 1 7 3 12539 12541 12545
910 1 0 0 5 12540 12541 12546
897 1 1 6 0 12538 12542 12548
911 1 0 9 5 12559 12563 12567
891 1 0 4 0 12578 12579 12583
903 1 1 5 8 12589 12594 12597
916 1 0 0 2 12595 12596 12598
913 1 1 8 10 12593 12597 12599
912 1 1 10 5 12608 12609 12614
917 1 1 9 6 12639 12643 12646
921 1 0 0 3 12661 12663 12666
920 1 1 8 0 12669 12671 12679
901 1 1 3 4 12699 12702 12703
922 1 0 10 0 12693 12700 12710
924 1 0 0 7 12707 12711 12718
923 1 0 9 10 12728 12730 12731
905 1 1 2 6 12735 12737 12741
925 1 1 8 0 12759 12761 12769
915 1 0 7 5 12767 12770 12772
914 1 0 6 4 12768 12771 12773
928 1 1 0 4 12766 12770 12774
926 1 1 10 9 12791 12797 12798
895 1 0 1 9 12800 12803 12811
919 1 0 5 1 12810 12815 12819
932 1 1 0 2 12814 12823 12825
929 1 1 9 8 12823 12832 12833
931 1 1 8 1 12851 12852 12859
938 1 1 0 3 12882 12883 12886
939 1 1 9 5 12915 12920 12926
935 1 1 10 5 12914 12921 12926
941 1 0 0 3 12941 12942 12945
918 1 1 4 0 12943 12944 12948
940 1 0 8 9 12946 12951 12952
944 1 1 0 10 12998 12999 13009
943 1 0 9 5 13007 13008 13012
942 1 0 10 6 13007 13017 13021
933 1 0 7 2 13021 13022 13027
934 1 1 6 7 13027 13031 13032
937 1 0 5 10 13029 13032 13037
946 1 1 8 7 13052 13053 13054
927 1 1 3 0 13053 13058 13061
947 1 1 0 1 13063 13064 13065
930 1 1 2 6 13088 13089 13093
949 1 0 10 6 13098 13099 13103
948 1 0 9 1 13101 13106 13114
953 1 1 8 4 13127 13129 13133
955 1 0 0 10 13129 13130 13140
960 1 1 0 2 13184 13188 13190
957 1 0 10 4 13187 13188 13194
958 1 0 9 4 13195 13200 13205
959 1 0 8 1 13203 13209 13216
961 1 0 0 4 13232 13233 13237
951 1 0 6 7 13251 13253 13254
950 1 0 7 3 13256 13257 13261
962 1 0 10 3 13269 13276 13283
964 1 1 8 4 13274 13280 13284
963 1 1 9 10 13279 13289 13290
965 1 0 0 9 13282 13286 13295
952 1 1 5 4 13283 13295 13296
945 1 1 4 3 13299 13300 13301
936 1 1 1 9 13329 13331 13339
971 1 1 0 4 13346 13355 13359
968 1 0 10 4 13359 13360 13366
970 1 1 9 4 13367 13372 13377
969 1 1 8 10 13374 13381 13383
975 1 0 0 1 13400 13404 13405
954 1 0 3 2 13416 13418 13419
976 1 1 10 3 13443 13444 13451
978 1 1 8 2 13450 13456 13462
956 1 0 2 1 13466 13467 13468
979 1 0 0 2 13468 13469 13471
977 1 1 9 2 13450 13469 13476
966 1 1 6 7 13466 13480 13481
967 1 1 7 2 13474 13482 13487
972 1 1 5 8 13494 13497 13500
986 1 0 0 9 13522 13524 13533
983 1 0 9 6 13533 13534 13537
982 1 0 8 10 13548 13550 13552
981 1 1 10 1 13543 13545 13554
989 1 1 0 5 13577 13578 13583
990 1 0 9 1 13630 13631 13639
991 1 1 10 0 13634 13639 13649
993 1 0 0 3 13647 13648 13651
992 1 1 8 9 13634 13657 13658
973 1 0 4 1 13670 13671 13674
985 1 1 6 9 13687 13690 13693
987 1 1 7 8 13695 13697 13698
994 1 1 9 1 13707 13708 13716
997 1 1 0 2 13716 13717 13719
988 1 1 5 4 13715 13722 13723
995 1 1 8 2 13718 13727 13733
996 1 1 10 2 13726 13741 13749
980 1 1 3 9 13754 13755 13761
1003 1 0 0 2 13782 13783 13785
1001 1 1 9 4 13796 13797 13802
974 1 0 1 5 13816 13817 13821
1004 1 1 8 5 13818 13822 13825
1005 1 0 10 5 13818 13826 13831
984 1 1 2 4 13841 13844 13846
1007 1 1 0 1 13849 13853 13854
1008 1 0 9 6 13880 13884 13887
1011 1 0 8 7 13912 13914 13915
1013 1 1 0 2 13915 13916 13918
1010 1 0 10 0 13912 13918 13928
999 1 1 6 10 13941 13945 13949
1002 1 1 5 9 13950 13955 13959
1000 1 1 7 5 13955 13961 13963
1014 1 1 9 8 13970 13974 13975
1017 1 0 0 7 13990 13991 13998
1016 1 1 10 3 13998 14000 14007
1015 1 0 8 1 14007 14008 14015
998 1 1 4 10 14019 14020 14026
1021 1 1 9 1 14059 14060 14068
1022 1 0 0 3 14066 14067 14070
1023 1 0 10 3 14091 14098 14105
1024 1 0 8 10 14102 14110 14112
1006 1 1 3 1 14122 14124 14126
1027 1 1 0 1 14125 14127 14128
1026 1 0 9 4 14130 14131 14136
1029 1 0 8 10 14179 14183 14185
1018 1 0 6 5 14180 14189 14190
1020 1 0 7 8 14182 14192 14193
1031 1 1 0 6 14193 14194 14200
1028 1 0 10 0 14181 14195 14205
1019 1 1 5 10 14199 14201 14206
1012 1 0 2 10 14210 14212 14220
1032 1 1 9 4 14219 14220 14225
1037 1 1 0 3 14251 14255 14258
1035 1 0 10 1 14257 14258 14267
1033 1 1 8 6 14267 14272 14274
1041 1 0 0 1 14309 14310 14311
1040 1 1 9 2 14306 14309 14316
1009 1 0 1 4 14348 14349 14352
1042 1 1 10 5 14346 14354 14359
1043 1 1 8 3 14362 14365 14370
1045 1 0 0 9 14365 14369 14378
1044 1 0 9 5 14376 14379 14383
1025 1 1 4 2 14383 14384 14386
1036 1 0 7 5 14423 14425 14427
1034 1 0 6 4 14425 14426 14428
1038 1 0 5 4 14433 14434 14435
1049 1 1 0 9 14431 14433 14442
1046 1 1 10 7 14436 14443 14446
1048 1 1 8 5 14454 14455 14458
1050 1 1 9 6 14467 14471 14474
1030 1 0 3 10 14475 14476 14483
1054 1 1 0 9 14486 14492 14501
1056 1 0 10 6 14527 14528 14532
1057 1 0 8 2 14529 14530 14536
1060 1 0 0 4 14538 14540 14544
1039 1 0 2 5 14571 14573 14576
1058 1 1 9 7 14579 14580 14582
1063 1 0 0 7 14592 14597 14604
1062 1 1 8 0 14621 14622 14630
1061 1 1 10 0 14621 14640 14650
1066 1 1 0 6 14656 14657 14663
1052 1 0 7 6 14680 14681 14682
1065 1 0 9 1 14677 14679 14687
1053 1 1 6 0 14682 14683 14689
1055 1 0 5 10 14686 14691 14696
1068 1 0 10 6 14700 14701 14705
1067 1 0 8 0 14706 14708 14716
1069 1 1 0 10 14720 14721 14731
1051 1 0 4 8 14741 14745 14749
1070 1 1 9 7 14767 14768 14770
1076 1 1 0 4 14771 14778 14782
1074 1 0 10 7 14785 14787 14790
1075 1 0 8 10 14792 14793 14795
1079 1 1 0 5 14830 14834 14839
1078 1 0 9 1 14858 14859 14867
1047 1 0 1 4 14869 14870 14873
1059 1 0 3 8 14871 14872 14877
1080 1 0 10 1 14879 14881 14890
1082 1 0 0 6 14891 14892 14898
1081 1 1 8 2 14894 14897 14903
1072 1 0 6 7 14927 14928 14929
1083 1 0 9 2 14949 14951 14958
1087 1 1 0 1 14955 14957 14958
1073 1 0 5 2 14959 14962 14965
1064 1 1 2 1 14968 14969 14970
1071 1 0 7 0 14962 14970 14977
1088 1 1 8 5 14980 14987 14990
1086 1 1 10 2 14987 14995 15003
1091 1 0 0 1 15016 15017 15018
1090 1 1 9 6 15039 15046 15049
1077 1 1 4 0 15062 15064 15068
1096 1 0 10 9 15074 15083 15084
1095 1 0 8 5 15076 15081 15088
1097 1 1 0 8 15083 15084 15092
1098 1 1 9 3 15136 15137 15143
1102 1 1 0 2 15141 15146 15148
1101 1 0 8 5 15174 15177 15180
1100 1 0 10 1 15178 15185 15194
1089 1 0 6 1 15188 15189 15194
1093 1 1 7 6 15189 15194 15195
1104 1 0 0 2 15193 15195 15197
1092 1 1 5 8 15218 15219 15222
1103 1 1 9 5 15232 15233 15237
1085 1 0 3 10 15241 15242 15249
1105 1 0 8 7 15252 15253 15254
1106 1 0 10 6 15250 15251 15255
1109 1 1 0 5 15255 15260 15265
1115 1 1 0 6 15306 15311 15317
1111 1 1 9 2 15323 15326 15333
1113 1 0 10 9 15335 15339 15340
1116 1 1 0 3 15356 15358 15361
1114 1 0 8 10 15365 15366 15368
1094 1 1 2 5 15367 15368 15371
1084 1 1 1 0 15378 15382 15383
1099 1 1 4 1 15408 15412 15415
1108 1 1 7 8 15412 15421 15422
1118 1 0 10 1 15413 15414 15423
1119 1 0 0 8 15420 15424 15432
1117 1 1 9 1 15423 15424 15432
1120 1 0 8 5 15443 15444 15447
1107 1 0 6 9 15450 15451 15454
1126 1 1 0 7 15473 15474 15481
1110 1 1 5 2 15477 15483 15486
1125 1 0 10 5 15503 15504 15509
1127 1 0 9 1 15520 15524 15532
1128 1 1 8 3 15523 15529 15534
1130 1 0 0 7 15541 15542 15549
1134 1 0 8 1 15589 15590 15597
1112 1 0 3 10 15597 15599 15606
1133 1 1 9 4 15595 15601 15606
1132 1 0 10 1 15604 15607 15616
1135 1 0 0 4 15594 15617 15621
1137 1 1 0 8 15654 15658 15666
1124 1 1 7 8 15670 15671 15672
1138 1 1 9 4 15676 15677 15682
1129 1 0 6 1 15676 15678 15683
1136 1 1 8 6 15689 15693 15695
1140 1 1 10 5 15691 15699 15704
1131 1 1 5 7 15702 15705 15707
1121 1 0 2 6 15705 15706 15710
1141 1 0 0 4 15717 15723 15727
1123 1 0 4 5 15749 15750 15751
1145 1 1 8 2 15770 15771 15777
1143 1 0 9 8 15775 15779 15780
1149 1 1 0 3 15785 15787 15790
1146 1 0 10 5 15788 15790 15795
1153 1 1 0 8 15852 15855 15863
1151 1 1 8 1 15865 15866 15873
1152 1 0 9 1 15875 15879 15887
1154 1 0 10 8 15875 15896 15898
1142 1 0 7 3 15897 15899 15903
1122 1 1 1 10 15908 15909 15918
1155 1 0 0 6 15914 15917 15923
1144 1 0 6 8 15919 15923 15925
1147 1 0 5 2 15928 15931 15934
1156 1 1 8 3 15953 15955 15960
1139 1 0 3 8 15971 15972 15977
1158 1 1 9 5 15971 15973 15979
1157 1 1 10 4 15967 15974 15980
1161 1 0 0 4 15971 15985 15989
1166 1 1 0 4 16027 16031 16035
1165 1 1 10 3 16040 16046 16053
1164 1 0 8 1 16053 16057 16064
1167 1 1 9 10 16079 16085 16086
1148 1 0 2 7 16084 16085 16090
1169 1 0 0 7 16096 16103 16110
1170 1 1 10 9 16126 16127 16128
1150 1 0 4 10 16141 16144 16150
1159 1 1 7 8 16153 16155 16156
1163 1 1 5 4 16154 16159 16160
1171 1 0 8 5 16159 16161 16164
1162 1 0 6 2 16166 16167 16171
1174 1 1 0 10 16163 16167 16177
1172 1 1 9 8 16179 16180 16181
1175 1 1 10 5 16203 16205 16210
1180 1 0 0 8 16216 16218 16226
1179 1 0 8 2 16251 16252 16258
1184 1 0 0 3 16267 16269 16272
1182 1 1 9 8 16273 16277 16278
1183 1 1 10 0 16298 16300 16310
1168 1 0 3 1 16308 16309 16311
1186 1 1 0 7 16337 16338 16345
1185 1 1 8 6 16341 16346 16348
1187 1 1 9 5 16369 16372 16376
1190 1 0 0 10 16388 16389 16399
1181 1 1 6 9 16398 16399 16402
1188 1 0 10 1 16398 16400 16409
1177 1 1 7 0 16398 16404 16411
1178 1 1 5 6 16402 16416 16417
1191 1 1 8 7 16429 16431 16432
1173 1 0 2 1 16445 16446 16447
1193 1 0 0 3 16452 16453 16456
1160 1 0 1 3 16455 16458 16460
1192 1 1 9 5 16463 16465 16469
1194 1 1 10 6 16488 16493 16497
1176 1 0 4 5 16500 16501 16502
1198 1 1 8 9 16499 16501 16502
1200 1 0 0 6 16516 16521 16527
1202 1 1 9 2 16556 16557 16564
1203 1 0 10 3 16575 16579 16586
1206 1 1 0 10 16591 16593 16603
1204 1 1 8 3 16597 16605 16610
1195 1 1 6 5 16631 16634 16635
1189 1 0 3 0 16640 16641 16644
1197 1 1 5 0 16644 16645 16650
1209 1 0 0 8 16648 16649 16657
1196 1 1 7 9 16647 16657 16659
1207 1 0 9 4 16649 16658 16663
1208 1 1 10 9 16667 16668 16669
1210 1 1 8 3 16689 16690 16695
1215 1 1 0 7 16709 16712 16719
1216 1 1 9 1 16728 16730 16738
1219 1 1 0 5 16763 16764 16769
1217 1 0 10 6 16760 16766 16770
1218 1 0 8 3 16790 16792 16797
1220 1 1 9 6 16804 16808 16811
1199 1 0 2 4 16810 16811 16813
1222 1 0 0 3 16820 16824 16827
1211 1 1 6 9 16846 16847 16850
1205 1 0 4 7 16868 16869 16872
1221 1 1 10 1 16867 16868 16877
1226 1 0 0 9 16868 16879 16888
1223 1 0 8 10 16879 16887 16889
1213 1 0 5 7 16888 16894 16896
1224 1 0 9 10 16903 16905 16906
1214 1 0 7 2 16909 16912 16917
1229 1 1 0 7 16925 16926 16933
1228 1 1 10 1 16955 16958 16967
1201 1 1 1 7 16974 16975 16981
1235 1 0 0 1 16980 16982 16983
1233 1 1 9 10 16980 16983 16984
1231 1 1 8 6 16985 16987 16989
1212 1 0 3 8 17017 17019 17024
1238 1 1 0 1 17041 17047 17048
1236 1 0 10 5 17055 17057 17062
1227 1 0 6 3 17072 17073 17076
1240 1 0 8 5 17083 17088 17091
1239 1 0 9 4 17087 17095 17100
1242 1 1 0 10 17094 17095 17105
1234 1 1 7 6 17123 17126 17127
1243 1 1 10 2 17131 17135 17143
1232 1 0 5 2 17142 17143 17146
1247 1 1 0 2 17150 17152 17154
1225 1 1 2 0 17167 17168 17170
1245 1 0 8 0 17174 17180 17188
1246 1 0 9 6 17183 17197 17200
1251 1 1 0 5 17212 17213 17218
1249 1 0 10 2 17217 17221 17229
1230 1 1 4 8 17245 17246 17250
1254 1 1 9 10 17262 17263 17264
1253 1 1 8 3 17263 17266 17271
1255 1 0 0 10 17276 17278 17288
1256 1 0 10 8 17310 17311 17313
1244 1 0 6 9 17321 17323 17326
1260 1 1 0 4 17332 17335 17339
1258 1 0 9 7 17351 17352 17354
1259 1 0 8 0 17358 17359 17367
1248 1 0 7 10 17359 17374 17377
1250 1 1 5 9 17373 17374 17378
1241 1 1 3 10 17375 17384 17391
1263 1 1 0 3 17385 17401 17404
1261 1 0 10 2 17403 17404 17412
1237 1 0 1 0 17420 17421 17422
1264 1 1 9 5 17435 17441 17445
1269 1 0 0 1 17456 17457 17458
1265 1 1 8 0 17462 17465 17473
1270 1 0 10 5 17489 17498 17503
1252 1 1 2 10 17520 17522 17530
1273 1 0 0 3 17523 17528 17531
1272 1 1 9 0 17533 17534 17543
1274 1 0 8 2 17547 17552 17558
1262 1 0 6 7 17567 17571 17572
1277 1 1 0 8 17575 17576 17584
1275 1 0 10 1 17576 17579 17588
1267 1 1 5 2 17593 17596 17599
1257 1 1 4 8 17607 17609 17613
1266 1 1 7 6 17621 17622 17623
1278 1 1 9 3 17623 17626 17632
1281 1 0 0 9 17637 17638 17647
1279 1 0 8 6 17647 17648 17650
1282 1 0 10 9 17678 17682 17683
1287 1 1 0 6 17691 17694 17700
1286 1 0 9 2 17708 17709 17716
1268 1 0 3 8 17714 17717 17722
1288 1 0 8 10 17746 17747 17749
1289 1 0 10 3 17772 17773 17780
1290 1 1 0 4 17773 17779 17783
1291 1 1 9 7 17806 17811 17813
1280 1 1 6 4 17824 17825 17827
1295 1 0 0 1 17837 17840 17841
1293 1 1 8 7 17840 17844 17845
1283 1 1 5 7 17850 17852 17854
1285 1 1 7 9 17863 17864 17866
1294 1 1 10 8 17871 17872 17874
1276 1 0 2 4 17878 17879 17881
1271 1 0 1 8 17879 17884 17891
1296 1 0 9 10 17900 17901 17902
1298 1 1 0 6 17897 17905 17911
1299 1 1 8 9 17937 17939 17940
1302 1 0 10 9 17949 17950 17951
1284 1 1 4 5 17963 17966 17975
1305 1 1 0 9 17961 17970 17979
1306 1 1 9 10 17988 17989 17990
1309 1 0 0 2 18016 18025 18027
1307 1 1 8 0 18024 18026 18034
1308 1 0 10 0 18028 18036 18046
1292 1 1 3 4 18054 18057 18058
1297 1 1 6 4 18064 18066 18068
1312 1 0 0 8 18079 18080 18088
1300 1 1 5 1 18085 18086 18090
1311 1 0 9 2 18085 18089 18096
1313 1 0 8 6 18114 18118 18120
1314 1 0 10 3 18108 18116 18123
1301 1 0 7 1 18124 18128 18134
1317 1 1 0 9 18148 18149 18158
1319 1 1 9 0 18185 18186 18195
1320 1 1 10 4 18192 18205 18211
1321 1 1 8 0 18202 18203 18215
1323 1 0 0 8 18207 18208 18216
1303 1 1 2 8 18217 18219 18225
1327 1 1 0 7 18255 18263 18270
1324 1 0 9 8 18270 18271 18272
1325 1 0 10 2 18275 18277 18285
1326 1 1 8 3 18291 18292 18297
1316 1 1 6 2 18296 18300 18304
1310 1 1 4 9 18304 18306 18311
1318 1 0 5 2 18311 18314 18317
1329 1 0 0 10 18319 18321 18331
1322 1 1 7 5 18345 18347 18349
1330 1 0 9 2 18359 18360 18367
1331 1 1 10 6 18375 18380 18384
1336 1 0 0 8 18376 18378 18386
1332 1 0 8 9 18392 18393 18394
1304 1 1 1 2 18422 18427 18428
1340 1 1 0 8 18428 18430 18438
1315 1 1 3 1 18455 18460 18462
1338 1 0 9 0 18459 18460 18469
1339 1 0 10 6 18459 18479 18483
1341 1 0 8 0 18480 18481 18489
1343 1 0 0 2 18501 18502 18504
1335 1 0 5 8 18537 18540 18543
1346 1 0 9 8 18545 18546 18547
1345 1 0 10 0 18547 18549 18559
1333 1 0 6 0 18551 18553 18559
1348 1 1 0 7 18554 18555 18562
1337 1 1 7 3 18557 18563 18567
1347 1 1 8 4 18570 18575 18579
1328 1 1 2 9 18595 18597 18604
1351 1 1 10 5 18626 18627 18632
1353 1 0 0 7 18627 18628 18635
1350 1 0 9 4 18634 18637 18642
1334 1 0 4 2 18645 18646 18648
1355 1 1 8 1 18651 18654 18661
1358 1 1 0 5 18694 18695 18700
1357 1 1 10 4 18717 18722 18728
1359 1 1 9 4 18734 18739 18744
1361 1 1 8 2 18744 18748 18754
1362 1 1 0 1 18760 18762 18763
1349 1 0 5 4 18773 18776 18777
1352 1 0 6 7 18775 18779 18780
1354 1 0 7 3 18803 18804 18808
1344 1 1 3 2 18813 18815 18816
1363 1 0 10 4 18803 18815 18821
1366 1 1 0 6 18818 18820 18826
1364 1 0 9 4 18816 18826 18831
1365 1 1 8 7 18828 18830 18831
1373 1 0 0 4 18877 18881 18885
1370 1 1 10 4 18896 18899 18905
1372 1 1 9 0 18904 18910 18919
1374 1 0 8 5 18933 18937 18940
1375 1 1 0 7 18932 18933 18940
1360 1 0 4 5 18955 18956 18957
1342 1 0 1 4 18963 18967 18970
1356 1 0 2 6 18968 18972 18976
1376 1 1 10 2 18979 18982 18990
1377 1 0 9 1 18984 18987 18995
1379 1 1 8 9 18990 18996 18997
1378 1 0 0 7 19000 19001 19008
1367 1 0 5 10 19009 19011 19016
1368 1 1 6 0 19009 19012 19018
1386 1 1 0 4 19066 19067 19071
1369 1 0 7 1 19065 19068 19074
1383 1 1 10 6 19079 19085 19089
1385 1 1 8 10 19084 19091 19093
1384 1 1 9 3 19104 19105 19111
1390 1 0 0 4 19118 19119 19123
1371 1 1 3 4 19143 19144 19145
1394 1 1 0 4 19172 19176 19180
1392 1 0 8 9 19177 19181 19182
1391 1 0 10 4 19182 19183 19189
1393 1 0 9 0 19185 19194 19203
1388 1 1 6 5 19239 19241 19242
1396 1 0 0 10 19233 19234 19244
1387 1 1 5 4 19248 19249 19250
1398 1 0 10 2 19261 19262 19270
1399 1 1 9 5 19269 19274 19278
1397 1 1 8 3 19277 19281 19286
1389 1 1 7 5 19284 19290 19292
1400 1 0 0 3 19303 19305 19308
1380 1 1 4 6 19320 19321 19323
1382 1 0 2 5 19342 19343 19346
1403 1 1 10 5 19342 19346 19351
1404 1 1 9 6 19364 19368 19371
1407 1 0 0 6 19368 19373 19379
1405 1 1 8 5 19377 19379 19382
1411 1 0 9 1 19429 19432 19440
1412 1 1 0 10 19426 19431 19441
1410 1 1 10 9 19444 19445 19446
1414 1 0 0 1 19473 19474 19475
1401 1 1 6 9 19469 19472 19475
1413 1 1 8 0 19470 19476 19484
1402 1 1 5 0 19469 19479 19484
1395 1 0 3 0 19498 19500 19503
1420 1 0 0 10 19529 19530 19540
1415 1 1 9 4 19527 19536 19541
1406 1 1 7 0 19529 19534 19545
1381 1 1 1 3 19540 19546 19548
1416 1 0 10 1 19538 19541 19550
1419 1 1 8 10 19544 19553 19555
1423 1 0 0 5 19576 19577 19582
1422 1 1 9 10 19614 19615 19616
1425 1 1 10 4 19625 19626 19632
1427 1 0 8 7 19635 19638 19639
1428 1 1 0 5 19645 19649 19654
1408 1 1 4 5 19658 19659 19660
1409 1 1 2 8 19668 19671 19677
1432 1 0 0 3 19694 19701 19704
1429 1 1 9 2 19700 19701 19708
1418 1 0 6 2 19707 19710 19714
1431 1 1 8 1 19716 19722 19729
1417 1 0 5 0 19730 19733 19738
1430 1 0 10 9 19730 19748 19749
1435 1 1 0 3 19766 19767 19770
1424 1 0 7 3 19783 19785 19789
1436 1 0 9 2 19785 19795 19802
1440 1 1 10 8 19810 19817 19819
1438 1 1 8 1 19821 19822 19829
1441 1 0 0 9 19820 19822 19831
1445 1 1 0 6 19871 19872 19878
1443 1 0 9 10 19882 19883 19884
1444 1 0 10 9 19887 19888 19889
1421 1 1 3 9 19883 19886 19892
1446 1 0 8 9 19917 19918 19919
1447 1 1 0 5 19910 19919 19924
1437 1 1 6 1 19954 19955 19960
1451 1 1 0 1 19962 19963 19964
1439 1 1 5 7 19966 19970 19972
1448 1 0 9 2 19973 19974 19981
1450 1 1 10 0 19986 19989 19999
1452 1 0 8 9 20013 20019 20020
1433 1 1 4 0 20015 20019 20023
1454 1 1 0 2 20019 20024 20026
1434 1 1 2 7 20026 20027 20032
1442 1 0 7 4 20029 20031 20034
1426 1 0 1 3 20051 20054 20056
1456 1 1 9 7 20063 20065 20067
1460 1 0 0 9 20073 20076 20085
1457 1 0 10 3 20085 20086 20093
1458 1 1 8 3 20104 20105 20110
1465 1 1 0 7 20137 20140 20147
1464 1 1 9 0 20156 20158 20167
1466 1 0 10 2 20168 20175 20183
1467 1 0 8 5 20194 20200 20203
1453 1 0 6 1 20204 20205 20210
1468 1 1 0 7 20216 20217 20224
1455 1 1 5 1 20220 20226 20230
1449 1 1 3 0 20238 20240 20243
1469 1 0 9 5 20247 20255 20259
1470 1 0 10 2 20247 20264 20272
1473 1 1 0 4 20276 20277 20281
1471 1 0 8 5 20275 20281 20284
1462 1 0 7 3 20277 20280 20286
1477 1 1 10 7 20331 20337 20340
1476 1 1 9 2 20341 20343 20350
1479 1 0 0 5 20347 20350 20355
1459 1 0 4 5 20360 20361 20362
1478 1 0 8 10 20361 20365 20367
1483 1 1 0 7 20393 20395 20402
1461 1 1 2 9 20406 20411 20418
1482 1 1 9 6 20423 20424 20427
1481 1 0 10 4 20423 20424 20430
1472 1 1 6 4 20427 20428 20430
1485 1 1 8 3 20445 20449 20454
1486 1 1 0 9 20461 20464 20473
1474 1 0 5 0 20469 20470 20475
1488 1 1 9 10 20509 20510 20511
1489 1 1 10 4 20511 20512 20518
1492 1 0 0 4 20518 20519 20523
1491 1 1 8 6 20524 20528 20530
1480 1 1 7 0 20532 20533 20540
1496 1 1 0 3 20571 20572 20575
1463 1 1 1 4 20588 20590 20593
1475 1 1 3 4 20591 20592 20593
1494 1 1 9 1 20598 20603 20611
1497 1 0 8 4 20604 20608 20612
1495 1 0 10 4 20611 20618 20624
1499 1 1 0 3 20627 20628 20631
1490 1 0 6 7 20674 20676 20677
1502 1 0 9 3 20686 20688 20694
1505 1 0 0 2 20694 20697 20699
1503 1 1 8 1 20689 20694 20701
1493 1 0 5 9 20699 20702 20706
1504 1 0 10 8 20704 20707 20709
1484 1 1 4 10 20733 20736 20742
1507 1 1 9 6 20766 20767 20770
1509 1 0 0 7 20757 20765 20772
1508 1 1 8 0 20769 20772 20780
1498 1 0 7 4 20792 20793 20796
1487 1 1 2 3 20795 20797 20798
1511 1 0 10 0 20787 20790 20800
1513 1 0 0 3 20818 20819 20822
1515 1 1 8 3 20844 20849 20854
1514 1 1 9 4 20859 20865 20870
1519 1 0 0 1 20869 20872 20873
1516 1 1 10 1 20886 20892 20901
1506 1 1 6 5 20921 20926 20927
1510 1 1 5 2 20932 20933 20936
1522 1 0 0 5 20933 20934 20939
1520 1 1 8 7 20935 20942 20943
1521 1 1 9 6 20947 20949 20952
1501 1 0 3 2 20961 20963 20964
1523 1 1 10 0 20963 20967 20977
1526 1 1 0 7 20995 20996 21003
1527 1 1 8 3 21031 21032 21037
1517 1 1 7 10 21031 21041 21044
1528 1 1 9 10 21043 21045 21046
1530 1 1 10 5 21064 21065 21070
1531 1 0 0 10 21064 21066 21076
1500 1 1 1 4 21104 21108 21111
1512 1 0 4 10 21105 21111 21117
1532 1 0 8 3 21122 21124 21129
1535 1 0 0 1 21140 21143 21144
1534 1 1 9 1 21134 21139 21147
1524 1 1 6 1 21150 21155 21160
1518 1 0 2 5 21158 21159 21162
1525 1 1 5 1 21163 21167 21171
1536 1 0 10 3 21161 21167 21174
1541 1 1 0 9 21216 21217 21226
1540 1 0 9 1 21218 21224 21232
1539 1 1 8 5 21228 21229 21232
1544 1 1 10 6 21243 21248 21252
1546 1 0 0 4 21276 21277 21281
1533 1 1 7 1 21284 21285 21291
1548 1 0 8 7 21310 21314 21315
1547 1 0 9 3 21314 21317 21323
1529 1 0 3 6 21326 21327 21330
1549 1 0 10 9 21327 21334 21335
1550 1 1 0 8 21346 21347 21355
1545 1 1 5 6 21380 21383 21384
1553 1 0 9 8 21397 21398 21399
1552 1 0 8 0 21399 21400 21408
1555 1 1 10 7 21404 21408 21411
1542 1 1 6 8 21404 21412 21414
1556 1 0 0 10 21419 21420 21430
1558 1 1 9 7 21480 21481 21483
1562 1 1 0 5 21485 21492 21497
1538 1 1 4 5 21493 21496 21497
1559 1 0 8 3 21500 21501 21506
1560 1 0 10 0 21498 21499 21509
1551 1 1 7 0 21517 21519 21526
1543 1 1 2 3 21546 21548 21549
1564 1 0 0 4 21547 21548 21552
1563 1 0 9 7 21557 21562 21564
1566 1 0 10 7 21579 21582 21585
1570 1 1 0 4 21599 21602 21606
1537 1 1 1 2 21606 21609 21610
1567 1 0 8 7 21609 21610 21611
1557 1 0 5 8 21623 21625 21628
1561 1 0 6 1 21644 21646 21651
1573 1 0 0 1 21659 21660 21661
1572 1 1 10 1 21666 21674 21683
1554 1 0 3 4 21682 21684 21685
1571 1 1 9 5 21676 21691 21695
1575 1 1 8 10 21696 21699 21701
1578 1 0 0 10 21710 21714 21724
1579 1 1 10 0 21751 21752 21762
1580 1 0 9 1 21756 21757 21765
1568 1 1 7 3 21756 21769 21773
1583 1 0 0 9 21774 21775 21784
1582 1 0 8 6 21793 21794 21796
1587 1 1 0 5 21831 21834 21839
1585 1 0 9 3 21831 21834 21840
1584 1 1 10 3 21843 21848 21855
1576 1 0 5 1 21850 21852 21856
1577 1 1 6 8 21856 21859 21861
1565 1 0 4 0 21868 21871 21875
1569 1 0 2 3 21869 21877 21878
1588 1 1 8 7 21876 21877 21878
1590 1 0 0 3 21904 21907 21910
1589 1 1 9 4 21928 21930 21935
1597 1 0 0 3 21952 21955 21958
1591 1 1 10 0 21947 21953 21963
1596 1 0 8 6 21986 21991 21993
1586 1 0 7 1 22000 22001 22007
1600 1 1 0 3 22017 22018 22021
1598 1 1 9 2 22024 22030 22037
1581 1 0 3 6 22054 22056 22059
1599 1 1 10 1 22045 22053 22062
1601 1 0 8 10 22054 22061 22063
1592 1 1 5 6 22081 22083 22084
1603 1 1 0 10 22077 22078 22088
1593 1 1 6 9 22091 22095 22098
1604 1 1 9 3 22108 22109 22115
1605 1 0 10 6 22118 22119 22123
1606 1 0 8 3 22132 22134 22139
1574 1 0 1 6 22145 22147 22152
1608 1 1 0 7 22143 22146 22153
1611 1 1 9 3 22199 22201 22207
1614 1 1 0 1 22202 22210 22211
1594 1 0 4 7 22214 22216 22219
1595 1 1 2 5 22216 22217 22220
1612 1 0 10 7 22218 22222 22225
1613 1 0 8 6 22222 22224 22226
1602 1 0 7 10 22249 22250 22253
1617 1 1 0 7 22270 22275 22282
1616 1 0 9 0 22280 22281 22290
1620 1 1 10 6 22306 22309 22313
1610 1 1 6 4 22319 22320 22322
1609 1 1 5 3 22327 22328 22330
1621 1 1 8 0 22334 22339 22347
1623 1 0 0 10 22339 22340 22350
1624 1 0 9 4 22381 22382 22387
1629 1 1 0 7 22396 22397 22404
1607 1 0 3 5 22405 22406 22408
1625 1 1 10 7 22407 22410 22413
1628 1 1 8 2 22423 22424 22430
1631 1 1 0 10 22453 22455 22465
1622 1 1 7 4 22472 22473 22476
1630 1 1 9 1 22470 22471 22479
1633 1 0 10 6 22490 22495 22499
1635 1 1 0 4 22503 22504 22508
1634 1 0 8 2 22511 22513 22519
1639 1 0 0 8 22562 22564 22572
1636 1 1 9 6 22565 22570 22573
1627 1 0 5 10 22569 22575 22580
1626 1 1 6 1 22579 22580 22585
1618 1 0 4 7 22570 22586 22589
1619 1 1 2 8 22581 22586 22592
1638 1 0 10 9 22584 22592 22593
1640 1 1 8 9 22607 22608 22609
1641 1 1 0 8 22624 22633 22641
1642 1 0 9 7 22645 22646 22648
1647 1 1 10 8 22673 22675 22677
1649 1 0 0 4 22669 22676 22680
1648 1 1 8 5 22690 22691 22694
1637 1 1 7 0 22699 22701 22708
1651 1 1 0 3 22727 22728 22731
1615 1 0 1 9 22727 22730 22738
1650 1 0 9 0 22731 22739 22748
1652 1 1 10 6 22762 22769 22773
1653 1 1 8 6 22776 22778 22780
1632 1 0 3 6 22777 22780 22783
1655 1 0 0 1 22780 22789 22790
1643 1 1 5 6 22808 22809 22810
1657 1 1 9 2 22824 22827 22834
1645 1 1 6 8 22838 22842 22844
1658 1 0 10 2 22839 22848 22856
1661 1 1 0 5 22841 22852 22857
1659 1 1 8 7 22876 22879 22880
1663 1 1 9 0 22893 22895 22904
1666 1 1 0 3 22904 22905 22908
1646 1 0 2 10 22917 22918 22926
1665 1 0 10 6 22937 22938 22942
1654 1 0 7 3 22951 22952 22956
1644 1 1 4 6 22959 22960 22962
1667 1 1 8 0 22965 22967 22975
1669 1 0 0 4 22970 22973 22977
1668 1 0 9 7 22977 22982 22984
1671 1 0 10 6 23031 23034 23038
1662 1 1 5 6 23033 23038 23039
1675 1 0 0 8 23037 23044 23052
1674 1 0 8 6 23062 23063 23065
1676 1 1 9 7 23072 23075 23077
1664 1 0 6 10 23080 23081 23085
1679 1 1 0 3 23106 23113 23116
1660 1 1 3 4 23107 23110 23117
1677 1 0 10 6 23120 23121 23125
1681 1 0 9 10 23154 23157 23158
1680 1 0 8 4 23159 23161 23165
1683 1 1 0 2 23167 23171 23173
1672 1 0 7 6 23220 23223 23224
1685 1 0 10 0 23224 23228 23238
1688 1 0 0 2 23240 23241 23243
1687 1 1 8 9 23240 23246 23247
1686 1 1 9 6 23252 23253 23256
1678 1 1 5 6 23264 23265 23266
1656 1 0 1 6 23278 23279 23284
1682 1 1 6 3 23296 23297 23300
1670 1 1 2 4 23303 23304 23306
1690 1 0 10 5 23307 23311 23316
1691 1 1 0 6 23307 23311 23317
1673 1 0 4 2 23313 23317 23319
1692 1 1 8 0 23340 23342 23350
1699 1 1 0 1 23365 23366 23367
1693 1 0 9 0 23356 23363 23372
1698 1 1 10 0 23408 23417 23427
1701 1 1 8 5 23427 23435 23438
1703 1 0 0 9 23433 23434 23443
1702 1 0 9 0 23455 23456 23465
1684 1 1 3 6 23463 23465 23468
1689 1 1 7 0 23480 23481 23488
1706 1 0 0 9 23492 23493 23502
1704 1 1 10 6 23487 23498 23502
1694 1 1 5 9 23502 23503 23507
1705 1 1 8 10 23523 23524 23526
1707 1 0 9 0 23531 23532 23541
1696 1 1 6 8 23544 23548 23550
1711 1 0 0 7 23544 23545 23552
1710 1 1 10 6 23577 23579 23583
1715 1 1 0 7 23587 23593 23600
1714 1 1 9 1 23613 23615 23623
1713 1 0 8 2 23620 23621 23627
1718 1 1 0 3 23649 23650 23653
1717 1 1 10 6 23653 23660 23664
1697 1 0 2 0 23663 23664 23666
1700 1 1 4 10 23677 23679 23685
1719 1 1 9 10 23701 23702 23703
1721 1 0 0 1 23711 23712 23713
1709 1 1 7 1 23705 23708 23714
1720 1 1 8 9 23712 23721 23722
1712 1 0 5 6 23718 23722 23723
1722 1 1 10 8 23743 23744 23746
1727 1 0 0 2 23771 23777 23779
1716 1 1 6 4 23782 23784 23786
1725 1 1 9 10 23789 23794 23795
1728 1 1 8 10 23794 23797 23799
1708 1 0 3 6 23807 23808 23811
1695 1 0 1 0 23822 23827 23828
1730 1 1 10 9 23840 23841 23842
1731 1 0 0 1 23842 23843 23844
1733 1 1 9 6 23872 23873 23876
1734 1 1 8 1 23881 23883 23890
1738 1 1 0 10 23896 23897 23907
1737 1 1 10 2 23938 23939 23947
1729 1 0 5 7 23942 23946 23948
1726 1 0 7 2 23948 23949 23954
1741 1 1 0 6 23957 23959 23965
1740 1 1 8 10 23979 23981 23983
1739 1 1 9 2 23994 23995 24002
1723 1 1 2 9 24004 24005 24012
1745 1 0 0 2 24009 24011 24013
1724 1 0 4 3 24014 24016 24017
1732 1 1 6 4 24020 24023 24025
1742 1 1 10 3 24024 24031 24038
1749 1 1 0 4 24065 24068 24072
1746 1 1 8 7 24069 24076 24077
1747 1 1 9 5 24098 24100 24104
1752 1 1 10 8 24117 24122 24124
1754 1 1 8 0 24138 24139 24147
1735 1 0 3 2 24147 24148 24149
1753 1 1 0 7 24145 24148 24155
1744 1 1 7 2 24185 24186 24191
1755 1 1 9 7 24187 24198 24200
1743 1 1 5 7 24201 24203 24205
1758 1 0 0 7 24208 24210 24217
1756 1 1 10 4 24214 24217 24223
1757 1 0 8 2 24243 24244 24250
1751 1 1 6 0 24250 24252 24258
1763 1 1 0 3 24270 24271 24274
1761 1 1 9 2 24284 24290 24297
1764 1 1 10 3 24310 24318 24325
1736 1 0 1 9 24321 24322 24330
1765 1 0 8 9 24332 24333 24334
1767 1 1 0 5 24335 24338 24343
1748 1 1 2 7 24354 24357 24362
1750 1 1 4 9 24359 24365 24370
1768 1 1 9 2 24380 24381 24388
1769 1 0 10 9 24391 24392 24393
1772 1 1 0 4 24390 24392 24396
1771 1 0 8 2 24436 24437 24443
1760 1 1 7 3 24439 24442 24446
1776 1 0 0 7 24453 24455 24462
1762 1 1 5 0 24456 24458 24463
1775 1 0 9 2 24467 24469 24476
1777 1 0 10 7 24476 24484 24487
1766 1 0 6 1 24492 24493 24498
1780 1 1 0 2 24510 24511 24513
1759 1 1 3 5 24516 24517 24519
1778 1 1 8 7 24525 24528 24529
1783 1 1 10 9 24559 24562 24563
1782 1 1 9 0 24561 24563 24572
1785 1 1 0 10 24570 24573 24583
1787 1 0 8 6 24613 24614 24616
1788 1 1 10 3 24648 24649 24656
1790 1 0 0 8 24646 24652 24660
1789 1 0 9 3 24660 24661 24667
1779 1 1 7 8 24663 24667 24668
1791 1 1 8 4 24695 24696 24700
1781 1 1 5 6 24698 24701 24702
1792 1 0 0 8 24693 24696 24704
1773 1 1 2 5 24705 24709 24712
1774 1 1 4 2 24722 24723 24725
1784 1 0 6 0 24735 24737 24743
1796 1 0 0 9 24746 24747 24756
1793 1 1 10 3 24744 24752 24759
1794 1 1 9 0 24750 24751 24762
1797 1 0 8 5 24780 24781 24784
1803 1 1 0 1 24804 24805 24806
1770 1 1 1 8 24822 24823 24830
1804 1 1 9 7 24854 24855 24857
1802 1 1 10 6 24854 24860 24864
1805 1 1 8 3 24872 24874 24879
1806 1 0 0 10 24874 24879 24889
1786 1 1 3 5 24906 24907 24909
1795 1 0 7 10 24905 24908 24911
1809 1 0 10 1 24940 24941 24950
1811 1 1 0 9 24938 24943 24952
1810 1 1 8 10 24955 24956 24958
1798 1 1 5 2 24956 24963 24966
1808 1 1 9 4 24968 24975 24980
1801 1 1 6 2 24982 24984 24988
1814 1 0 0 3 25004 25005 25008
1799 1 1 2 4 25034 25035 25037
1815 1 1 10 2 25042 25048 25056
1816 1 1 8 1 25044 25046 25057
1818 1 0 9 2 25053 25059 25066
1820 1 1 0 9 25066 25067 25076
1800 1 0 4 8 25074 25076 25080
1812 1 0 7 1 25120 25121 25127
1825 1 0 0 1 25121 25128 25129
1823 1 1 8 2 25122 25123 25129
1822 1 1 10 6 25127 25137 25141
1824 1 1 9 6 25142 25145 25148
1828 1 0 0 9 25171 25172 25181
1817 1 1 5 4 25214 25215 25216
1829 1 0 8 9 25217 25218 25219
1832 1 1 0 9 25222 25226 25235
1831 1 0 9 1 25227 25228 25236
1830 1 1 10 1 25231 25236 25245
1819 1 1 6 1 25239 25240 25245
1813 1 1 3 6 25269 25271 25274
1835 1 0 0 6 25284 25285 25291
1834 1 1 8 7 25297 25299 25300
1837 1 1 10 8 25303 25306 25308
1836 1 1 9 6 25311 25312 25315
1840 1 1 0 6 25350 25356 25362
1827 1 0 7 3 25358 25359 25363
1807 1 0 1 5 25361 25365 25369
1842 1 1 10 9 25390 25394 25395
1841 1 0 8 5 25393 25396 25399
1843 1 1 9 2 25396 25397 25404
1821 1 1 2 5 25403 25405 25408
1826 1 1 4 8 25416 25417 25421
1844 1 0 0 7 25420 25425 25432
1833 1 0 5 6 25441 25443 25444
1852 1 0 0 1 25476 25482 25483
1847 1 1 10 5 25482 25484 25489
1838 1 1 6 1 25489 25490 25495
1848 1 1 8 7 25492 25502 25503
1849 1 1 9 8 25501 25505 25506
1854 1 0 0 9 25537 25538 25547
1855 1 0 10 9 25577 25578 25579
1858 1 0 9 2 25591 25592 25599
1857 1 1 8 3 25597 25598 25603
1845 1 0 7 8 25616 25619 25620
1859 1 0 0 10 25610 25612 25622
1839 1 1 3 9 25618 25619 25625
1853 1 1 5 2 25661 25665 25668
1860 1 0 10 7 25669 25670 25673
1863 1 1 0 8 25668 25670 25678
1862 1 1 8 2 25687 25688 25694
1861 1 0 9 5 25697 25699 25703
1856 1 0 6 8 25730 25731 25733
1867 1 1 0 1 25734 25736 25737
1851 1 1 4 8 25750 25753 25757
1869 1 1 8 6 25761 25762 25764
1868 1 1 10 5 25762 25768 25773
1850 1 1 2 6 25788 25791 25795
1870 1 0 9 10 25799 25800 25801
1872 1 1 0 8 25809 25815 25823
1874 1 1 8 10 25839 25840 25842
1875 1 1 10 8 25844 25845 25847
1864 1 1 7 5 25871 25872 25874
1866 1 1 5 0 25876 25877 25882
1877 1 0 9 8 25887 25888 25889
1878 1 1 0 6 25879 25883 25889
1846 1 1 1 0 25884 25894 25895
1880 1 0 10 7 25932 25934 25937
1883 1 1 0 6 25939 25940 25946
1879 1 0 8 9 25955 25956 25957
1885 1 0 9 10 25973 25974 25975
1865 1 1 3 8 25974 25977 25982
1871 1 0 6 3 25976 25980 25983
1887 1 0 0 10 26013 26016 26026
1886 1 0 10 4 26028 26029 26035
1889 1 1 9 2 26054 26055 26062
1888 1 0 8 3 26059 26063 26068
1892 1 1 0 4 26069 26071 26075
1881 1 1 7 1 26104 26107 26113
1896 1 1 0 1 26113 26114 26115
1893 1 0 10 7 26114 26121 26124
1873 1 1 4 0 26120 26123 26127
1882 1 0 5 3 26124 26126 26128
1895 1 0 8 1 26144 26149 26156
1894 1 0 9 5 26148 26164 26168
1898 1 1 0 2 26176 26177 26179
1876 1 1 2 3 26178 26179 26180
1891 1 0 6 7 26184 26185 26186
1899 1 0 10 0 26199 26202 26212
1904 1 0 0 9 26234 26235 26244
1902 1 0 8 6 26242 26245 26247
1903 1 0 9 1 26243 26250 26258
1907 1 1 10 7 26288 26295 26298
1908 1 0 0 5 26297 26298 26303
1910 1 1 9 0 26317 26319 26328
1890 1 0 3 1 26325 26327 26329
1909 1 0 8 3 26333 26340 26345
1901 1 0 5 6 26353 26355 26356
1884 1 1 1 0 26354 26355 26356
1897 1 0 7 6 26354 26357 26358
1912 1 1 0 8 26376 26377 26385
1911 1 1 10 9 26394 26396 26397
1915 1 1 8 5 26419 26420 26423
1906 1 1 6 10 26427 26428 26432
1913 1 0 9 0 26425 26428 26437
1919 1 0 0 9 26430 26438 26447
1920 1 1 10 9 26476 26477 26478
1900 1 1 4 9 26490 26495 26500
1924 1 1 0 6 26496 26509 26515
1905 1 0 2 1 26519 26521 26522
1921 1 0 8 0 26514 26515 26523
1922 1 1 9 6 26529 26532 26535
1925 1 1 10 5 26556 26560 26565
1916 1 1 5 4 26567 26568 26569
1927 1 0 0 7 26566 26567 26574
1917 1 0 7 1 26587 26588 26594
1932 1 0 0 1 26626 26627 26628
1928 1 1 8 0 26620 26624 26632
1930 1 0 9 7 26632 26640 26642
1931 1 0 10 2 26654 26657 26665
1923 1 0 6 4 26669 26673 26675
1936 1 1 0 6 26696 26697 26703
1914 1 0 3 7 26700 26701 26705
1935 1 0 8 10 26714 26715 26717
1937 1 0 9 5 26733 26734 26738
1940 1 0 0 6 26752 26757 26763
1938 1 1 10 2 26753 26757 26765
1942 1 0 8 9 26792 26794 26795
1944 1 1 0 7 26803 26805 26812
1934 1 0 7 0 26808 26810 26817
1933 1 1 5 7 26813 26815 26817
1943 1 1 9 0 26822 26824 26833
1945 1 1 10 7 26838 26848 26851
1947 1 0 0 7 26853 26854 26861
1926 1 1 4 1 26855 26858 26861
1946 1 0 8 9 26865 26866 26867
1918 1 1 1 6 26869 26870 26875
1929 1 1 2 1 26881 26885 26886
1939 1 0 6 9 26903 26906 26909
1952 1 1 0 1 26918 26919 26920
1950 1 0 9 0 26912 26913 26922
1951 1 0 10 0 26921 26932 26942
1954 1 1 8 10 26956 26963 26965
1959 1 0 0 3 26979 26980 26983
1958 1 1 9 7 27000 27001 27003
1960 1 1 10 9 27012 27015 27016
1948 1 1 7 1 27033 27035 27041
1941 1 0 3 8 27048 27049 27054
1962 1 1 0 6 27052 27053 27059
1949 1 1 5 4 27060 27061 27062
1961 1 0 8 0 27051 27055 27063
1963 1 1 9 0 27101 27106 27115
1968 1 0 0 9 27114 27115 27124
1964 1 0 10 7 27131 27132 27135
1967 1 0 8 6 27134 27136 27138
1957 1 0 6 1 27155 27156 27161
1971 1 1 0 4 27174 27175 27179
1970 1 1 9 6 27208 27213 27216
1972 1 1 10 9 27218 27222 27223
1973 1 1 8 5 27219 27220 27227
1953 1 1 4 5 27231 27232 27233
1975 1 0 0 8 27240 27241 27249
1956 1 1 2 4 27251 27254 27256
1965 1 0 7 9 27276 27277 27279
1969 1 1 5 6 27300 27301 27302
1980 1 1 0 7 27292 27296 27303
1976 1 0 9 0 27305 27306 27315
1978 1 1 8 5 27322 27323 27326
1977 1 0 10 7 27305 27325 27328
1983 1 1 0 5 27363 27368 27373
1974 1 1 6 7 27382 27383 27384
1986 1 1 10 7 27387 27390 27393
1955 1 1 1 0 27396 27402 27403
1966 1 1 3 6 27408 27411 27414
1985 1 0 9 2 27409 27411 27418
1987 1 1 8 7 27418 27420 27421
1988 1 0 0 8 27420 27422 27430
1990 1 0 10 4 27458 27460 27466
1995 1 0 0 9 27496 27500 27509
1994 1 1 8 7 27508 27509 27510
1993 1 0 9 7 27510 27511 27513
1982 1 1 7 3 27513 27514 27518
1996 1 0 10 3 27552 27555 27562
1997 1 1 0 10 27550 27553 27563
1984 1 0 5 7 27560 27564 27566
1998 1 0 8 1 27597 27598 27605
1979 1 0 4 1 27598 27602 27605
2001 1 0 0 9 27602 27606 27615
1999 1 0 9 10 27606 27615 27616
1981 1 0 2 3 27608 27624 27625
2002 1 1 10 7 27641 27642 27645
1989 1 1 6 9 27656 27657 27660
2006 1 0 0 4 27672 27675 27679
2004 1 1 8 0 27686 27687 27695
2007 1 0 9 0 27704 27709 27718
2011 1 1 0 9 27720 27721 27730
2009 1 1 10 4 27724 27731 27737
2000 1 1 7 4 27753 27756 27759
2014 1 0 0 1 27773 27774 27775
1992 1 1 3 9 27775 27776 27782
2012 1 1 8 0 27782 27783 27791
2013 1 1 9 10 27788 27800 27801
2003 1 0 5 4 27803 27807 27808
2015 1 1 10 5 27807 27808 27813
2017 1 0 0 3 27836 27840 27843
2019 1 1 8 7 27879 27882 27883
2010 1 1 6 10 27881 27884 27888
2020 1 1 9 10 27885 27887 27888
1991 1 0 1 2 27886 27888 27889
2022 1 1 10 5 27889 27890 27895
2023 1 0 0 3 27901 27903 27906
2005 1 1 4 9 27960 27961 27966
2008 1 0 2 10 27969 27970 27978
2026 1 1 9 1 27970 27971 27979
2024 1 0 8 3 27978 27980 27985
2029 1 1 0 10 27974 27980 27990
2028 1 1 10 3 27985 27991 27998
2016 1 1 7 6 27995 28002 28003
2021 1 1 5 4 28023 28024 28025
2033 1 0 0 2 28033 28036 28038
2034 1 1 8 3 28062 28066 28071
2032 1 1 9 3 28066 28077 28083
2035 1 1 10 9 28066 28090 28091
2038 1 0 0 3 28101 28103 28106
2025 1 1 6 5 28121 28124 28125
2018 1 0 3 0 28132 28133 28136
2039 1 1 8 10 28141 28144 28146
2042 1 0 0 1 28167 28168 28169
2041 1 1 9 0 28161 28162 28171
2040 1 1 10 2 28166 28181 28189
2045 1 1 8 6 28214 28220 28222
2048 1 0 0 8 28214 28215 28223
2036 1 1 7 2 28229 28230 28235
2046 1 0 9 6 28247 28248 28251
2037 1 1 5 1 28271 28274 28278
2047 1 0 10 3 28270 28274 28281
2050 1 1 0 3 28287 28288 28291
2030 1 1 4 2 28313 28314 28316
2049 1 1 8 2 28314 28322 28328
2031 1 0 2 6 28325 28326 28330
2053 1 0 10 9 28344 28348 28349
2055 1 1 0 4 28343 28345 28349
2052 1 0 9 1 28358 28359 28367
2043 1 1 6 0 28374 28376 28382
2027 1 1 1 2 28402 28403 28404
2059 1 1 0 3 28401 28402 28405
2057 1 0 8 7 28398 28405 28406
2061 1 0 9 4 28436 28437 28444
2060 1 0 10 4 28435 28438 28444
2064 1 1 0 5 28453 28456 28461
2044 1 0 3 4 28487 28488 28489
2063 1 1 8 7 28489 28492 28493
2051 1 1 7 2 28498 28499 28504
2054 1 0 5 6 28513 28514 28515
2068 1 1 0 10 28519 28521 28531
2067 1 1 9 2 28539 28540 28547
2066 1 0 10 2 28544 28548 28556
2073 1 1 0 8 28572 28574 28582
2070 1 1 8 10 28581 28582 28584
2062 1 1 6 1 28602 28606 28611
2074 1 0 9 0 28613 28620 28629
2076 1 1 0 8 28623 28624 28632
2075 1 1 10 4 28634 28636 28642
2077 1 1 8 4 28668 28672 28676
2058 1 0 2 8 28669 28671 28677
2056 1 1 4 2 28674 28676 28678
2079 1 0 9 7 28702 28703 28705
2080 1 1 0 8 28695 28697 28705
2071 1 0 7 3 28703 28705 28709
2081 1 1 10 2 28712 28714 28722
2085 1 1 0 5 28741 28743 28748
2082 1 1 8 10 28751 28754 28756
2072 1 0 5 6 28754 28756 28757
2086 1 1 9 3 28792 28793 28799
2089 1 1 0 2 28795 28802 28804
2088 1 0 10 3 28800 28804 28811
2078 1 0 6 5 28848 28851 28852
2090 1 0 8 6 28848 28855 28857
2093 1 1 0 7 28858 28860 28867
2069 1 1 3 1 28860 28871 28873
2094 1 0 10 9 28870 28874 28875
2092 1 0 9 2 28884 28885 28892
2097 1 1 0 4 28917 28918 28922
2095 1 1 8 0 28935 28939 28947
2087 1 0 7 9 28941 28946 28948
2065 1 1 1 4 28944 28948 28951
2099 1 0 10 0 28960 28961 28971
2100 1 1 9 6 28972 28977 28980
2101 1 0 0 10 28970 28972 28982
2091 1 1 5 1 28998 28999 29003
2102 1 0 8 2 29024 29026 29032
2083 1 1 2 7 29027 29028 29033
2106 1 0 0 9 29036 29038 29047
2084 1 1 4 1 29048 29051 29054
2105 1 0 10 4 29059 29060 29066
2107 1 0 9 6 29067 29072 29075
2096 1 0 6 5 29100 29101 29102
2111 1 1 0 9 29096 29097 29106
2109 1 0 8 2 29100 29105 29111
2113 1 1 10 0 29147 29148 29158
2114 1 0 9 0 29154 29161 29170
2115 1 1 0 10 29168 29169 29179
2103 1 1 7 10 29185 29188 29191
2117 1 1 8 1 29187 29193 29200
2098 1 0 3 10 29191 29194 29201
2108 1 0 5 4 29230 29232 29233
2118 1 0 10 2 29226 29227 29235
2120 1 1 0 3 29234 29235 29238
2119 1 1 9 1 29250 29256 29264
2122 1 0 8 2 29271 29277 29283
2126 1 1 0 7 29301 29302 29309
2124 1 1 10 2 29309 29312 29320
2116 1 1 6 2 29327 29331 29335
2127 1 1 9 0 29343 29350 29359
2128 1 0 8 4 29360 29366 29370
2129 1 1 0 4 29369 29370 29374
2110 1 1 2 1 29382 29384 29385
2130 1 0 10 6 29398 29404 29408
2121 1 0 7 3 29411 29412 29416
2112 1 0 4 5 29422 29423 29424
2134 1 1 0 7 29428 29429 29436
2132 1 0 9 2 29429 29433 29440
2133 1 1 8 0 29457 29458 29466
2104 1 1 1 0 29470 29471 29472
2125 1 0 5 2 29472 29475 29478
2139 1 1 0 1 29481 29482 29483
2136 1 0 10 1 29507 29515 29524
2140 1 1 9 5 29524 29532 29536
2144 1 0 0 5 29540 29541 29546
2131 1 1 6 4 29551 29552 29554
2123 1 1 3 5 29570 29571 29573
2141 1 0 8 1 29568 29571 29578
2147 1 0 0 6 29600 29601 29607
2145 1 1 10 0 29593 29598 29608
2146 1 0 9 1 29623 29626 29634
2137 1 0 7 2 29635 29641 29646
2152 1 1 0 8 29658 29659 29667
2149 1 1 8 1 29678 29679 29686
2155 1 1 0 1 29707 29708 29709
2151 1 0 10 4 29698 29706 29712
2143 1 0 5 3 29715 29716 29718
2153 1 0 9 8 29724 29730 29731
2135 1 1 2 4 29759 29760 29762
2138 1 1 4 3 29768 29769 29770
2156 1 0 8 9 29769 29770 29771
2158 1 1 0 3 29775 29778 29781
2157 1 0 10 2 29787 29788 29796
2148 1 0 6 0 29789 29792 29798
2160 1 1 9 6 29810 29816 29819
2164 1 0 0 7 29835 29836 29843
2163 1 0 8 7 29854 29855 29856
2154 1 0 7 4 29876 29877 29880
2165 1 1 10 4 29884 29888 29894
2168 1 1 0 1 29906 29910 29911
2167 1 0 9 5 29908 29913 29917
2169 1 0 8 0 29931 29934 29942
2159 1 1 5 10 29938 29942 29947
2150 1 0 3 8 29943 29946 29951
2171 1 1 10 1 29971 29972 29981
2172 1 0 0 8 29971 29979 29987
2142 1 1 1 8 29989 29990 29997
2173 1 0 9 5 29995 29996 30000
2166 1 0 6 0 30019 30020 30026
2177 1 0 0 2 30026 30027 30029
2174 1 1 8 7 30028 30029 30030
2178 1 1 10 9 30060 30063 30064
2182 1 0 0 5 30082 30084 30089
2180 1 1 9 5 30103 30104 30108
2161 1 1 2 3 30110 30113 30114
2183 1 1 8 2 30110 30119 30125
2170 1 0 7 2 30124 30126 30131
2185 1 1 0 4 30135 30137 30141
2184 1 1 10 2 30149 30155 30163
2162 1 1 4 7 30162 30165 30168
2175 1 1 5 1 30179 30181 30185
2190 1 1 0 1 30199 30200 30201
2186 1 0 9 5 30195 30202 30206
2187 1 0 8 2 30209 30212 30218
2181 1 1 6 9 30241 30246 30249
2191 1 0 10 3 30238 30246 30253
2195 1 0 0 9 30266 30269 30278
2194 1 1 9 7 30286 30287 30289
2196 1 0 8 3 30322 30323 30328
2199 1 1 0 6 30316 30323 30329
2176 1 1 3 6 30323 30326 30329
2197 1 1 10 6 30334 30338 30342
2200 1 1 9 10 30371 30374 30375
2189 1 1 7 4 30383 30386 30389
2193 1 1 5 1 30387 30388 30392
2201 1 0 0 10 30380 30383 30393
2202 1 0 8 2 30414 30416 30422
2206 1 1 0 3 30428 30429 30432
2204 1 1 10 3 30432 30439 30446
2188 1 0 2 7 30458 30459 30464
2205 1 0 9 1 30472 30474 30482
2198 1 1 6 5 30484 30487 30488
2210 1 0 0 9 30496 30497 30506
2192 1 1 4 2 30503 30504 30506
2209 1 0 8 2 30513 30514 30520
2211 1 1 10 7 30531 30539 30542
2179 1 0 1 0 30545 30546 30547
2215 1 0 0 3 30563 30564 30567
2213 1 1 9 1 30561 30563 30571
2217 1 0 8 0 30593 30598 30606
2221 1 0 0 8 30621 30622 30630
2218 1 1 10 7 30621 30630 30633
2208 1 0 5 6 30629 30633 30634
2207 1 1 7 5 30637 30638 30640
2220 1 0 9 8 30641 30644 30645
2222 1 0 8 7 30677 30678 30679
2224 1 1 0 6 30688 30693 30699
2203 1 1 3 9 30689 30690 30702
2214 1 0 6 5 30706 30707 30708
2223 1 1 10 3 30711 30712 30719
2229 1 1 0 5 30730 30733 30738
2227 1 0 9 10 30735 30739 30740
2228 1 0 8 9 30778 30780 30781
2233 1 1 0 7 30785 30790 30797
2232 1 0 10 1 30808 30809 30818
2212 1 0 2 5 30827 30828 30831
2234 1 1 9 1 30823 30825 30833
2236 1 1 0 8 30844 30845 30853
2216 1 0 4 0 30863 30864 30868
2235 1 1 8 1 30862 30863 30870
2225 1 1 5 8 30872 30876 30879
2226 1 1 7 0 30880 30881 30888
2240 1 0 0 7 30903 30904 30911
2238 1 1 9 5 30902 30911 30915
2231 1 0 6 4 30917 30918 30920
2237 1 1 10 2 30911 30920 30928
2241 1 0 8 5 30949 30953 30956
2246 1 1 0 3 30967 30969 30972
2245 1 0 9 5 30984 30988 30992
2247 1 0 10 8 30999 31004 31006
2250 1 1 0 9 31030 31033 31042
2249 1 0 8 6 31045 31046 31048
2219 1 0 1 0 31058 31063 31064
2230 1 0 3 9 31078 31081 31087
2252 1 1 10 5 31084 31085 31090
2251 1 0 9 1 31090 31091 31099
2253 1 1 0 4 31090 31095 31099
2254 1 1 8 1 31122 31126 31133
2244 1 1 7 3 31132 31139 31143
2243 1 1 5 2 31134 31137 31144
2258 1 0 0 3 31144 31145 31148
2239 1 1 2 4 31157 31158 31160
2248 1 1 6 1 31158 31162 31167
2257 1 0 10 8 31183 31190 31192
2263 1 1 0 3 31206 31207 31210
2259 1 0 9 10 31211 31212 31213
2260 1 0 8 7 31225 31227 31228
2242 1 1 4 0 31250 31251 31255
2266 1 0 10 7 31257 31260 31263
2267 1 1 0 10 31271 31272 31282
2268 1 1 9 5 31308 31309 31313
2269 1 0 8 2 31313 31314 31320
2272 1 0 0 2 31331 31333 31335
2271 1 1 10 0 31338 31343 31353
2261 1 0 7 5 31382 31387 31389
2262 1 0 5 8 31389 31390 31393
2275 1 1 0 10 31384 31385 31395
2265 1 0 6 10 31395 31397 31401
2273 1 0 9 8 31413 31414 31415
2274 1 1 8 5 31411 31413 31416
2276 1 0 10 8 31433 31435 31437
2256 1 1 3 10 31442 31444 31451
2278 1 0 0 6 31453 31461 31467
2281 1 0 8 7 31505 31507 31508
2282 1 1 9 1 31501 31502 31510
2285 1 1 0 4 31514 31515 31519
2264 1 1 2 3 31538 31540 31541
2283 1 0 10 0 31530 31533 31543
2255 1 0 1 5 31556 31557 31561
2288 1 1 0 7 31578 31581 31588
2287 1 1 8 10 31598 31599 31601
2270 1 0 4 3 31600 31601 31602
2286 1 1 9 10 31602 31603 31604
2280 1 0 6 5 31623 31626 31627
2279 1 0 5 6 31632 31633 31634
2277 1 0 7 4 31636 31637 31640
2289 1 1 10 1 31636 31637 31646
2292 1 1 0 7 31645 31647 31654
2293 1 1 8 2 31695 31696 31702
2300 1 0 0 10 31697 31701 31711
2295 1 0 9 8 31703 31712 31713
2299 1 0 10 6 31728 31730 31734
2302 1 1 0 7 31755 31757 31764
2301 1 1 8 6 31793 31794 31796
2303 1 1 9 8 31800 31803 31804
2305 1 0 0 9 31812 31818 31827
2304 1 0 10 2 31830 31831 31839
2284 1 1 3 9 31830 31835 31841
2297 1 0 5 3 31856 31859 31861
2296 1 1 6 10 31858 31861 31865
2308 1 0 0 8 31873 31876 31884
2306 1 0 8 10 31882 31884 31886
2307 1 1 9 5 31889 31890 31894
2298 1 0 7 9 31897 31900 31902
2290 1 1 2 10 31889 31897 31905
2294 1 0 4 10 31923 31928 31934
2309 1 1 10 1 31931 31932 31941
2313 1 1 0 9 31933 31942 31951
2315 1 1 9 10 31963 31964 31965
2314 1 1 8 3 31970 31972 31977
2320 1 1 0 10 31990 31993 32003
2319 1 1 10 3 32018 32019 32026
2291 1 1 1 3 32045 32047 32049
2322 1 0 8 5 32050 32052 32055
2323 1 1 0 6 32053 32056 32062
2321 1 1 9 7 32064 32067 32069
2311 1 0 5 8 32099 32100 32103
2312 1 0 6 4 32119 32121 32123
2327 1 1 0 8 32116 32123 32131
2324 1 0 10 2 32123 32129 32137
2326 1 1 8 4 32145 32146 32150
2317 1 1 7 3 32148 32153 32157
2330 1 0 0 6 32163 32165 32171
2328 1 1 9 1 32163 32169 32177
2332 1 0 10 9 32199 32203 32204
2310 1 1 3 5 32208 32210 32212
2316 1 1 2 6 32219 32222 32226
2335 1 1 0 4 32230 32236 32240
2333 1 0 8 2 32252 32253 32259
2336 1 1 9 10 32254 32259 32260
2318 1 0 4 1 32267 32269 32272
2340 1 0 0 1 32276 32277 32278
2337 1 1 10 4 32302 32303 32309
2344 1 0 0 2 32346 32347 32349
2341 1 1 8 3 32342 32346 32351
2329 1 0 5 6 32352 32355 32356
2342 1 1 9 8 32349 32357 32358
2331 1 0 6 8 32380 32381 32383
2334 1 0 7 3 32387 32388 32392
2345 1 1 10 6 32386 32388 32392
2347 1 0 0 3 32418 32421 32424
2346 1 1 8 10 32435 32437 32439
2348 1 1 9 3 32453 32454 32460
2351 1 1 10 0 32472 32479 32489
2353 1 1 0 8 32486 32490 32498
2354 1 1 8 7 32522 32523 32524
2355 1 1 9 1 32545 32547 32555
2356 1 0 10 7 32551 32558 32561
2338 1 1 3 2 32566 32568 32569
2357 1 0 0 4 32551 32568 32572
2339 1 1 2 7 32574 32575 32580
2325 1 0 1 6 32581 32584 32589
2349 1 0 5 6 32607 32608 32609
2358 1 1 8 2 32603 32604 32610
2352 1 0 7 8 32615 32616 32617
2360 1 1 0 3 32619 32621 32624
2343 1 1 4 1 32635 32636 32639
2359 1 0 9 4 32638 32639 32644
2350 1 1 6 7 32648 32653 32654
2361 1 0 10 4 32642 32650 32656
2368 1 0 0 1 32669 32673 32674
2365 1 1 8 9 32685 32686 32687
2373 1 0 0 5 32730 32731 32736
2371 1 1 10 4 32734 32735 32741
2370 1 0 9 8 32738 32742 32743
2374 1 0 8 7 32760 32761 32762
2375 1 1 0 5 32795 32799 32804
2376 1 0 10 4 32826 32829 32835
2378 1 1 8 3 32835 32838 32843
2367 1 1 7 5 32844 32847 32853
2377 1 1 9 0 32842 32849 32858
2366 1 0 5 2 32858 32859 32862
2379 1 1 0 3 32855 32859 32862
2384 1 0 0 8 32892 32894 32902
2372 1 0 6 3 32899 32904 32907
2381 1 0 8 1 32903 32912 32919
2382 1 0 9 6 32922 32927 32932
2380 1 0 10 2 32910 32928 32936
2363 1 1 2 6 32935 32936 32940
2362 1 0 3 1 32952 32953 32955
2386 1 0 0 8 32973 32974 32982
2389 1 0 10 3 32992 32994 33001
2388 1 1 8 9 33000 33002 33003
2369 1 0 4 7 33000 33002 33005
2390 1 1 9 0 33023 33024 33033
2393 1 1 0 5 33027 33034 33039
2364 1 1 1 10 33060 33064 33073
2394 1 0 10 0 33065 33068 33078
2383 1 1 7 10 33073 33076 33079
2385 1 1 5 7 33085 33090 33092
2398 1 0 0 8 33094 33095 33103
2396 1 1 8 1 33098 33099 33106
2397 1 0 9 5 33106 33107 33111
2400 1 0 10 0 33118 33123 33133
2403 1 0 0 7 33150 33151 33158
2387 1 0 6 2 33168 33169 33173
2404 1 0 8 1 33201 33207 33214
2407 1 1 0 9 33212 33213 33222
2405 1 0 9 8 33206 33222 33223
2406 1 0 10 8 33207 33225 33227
2412 1 0 0 1 33269 33277 33278
2391 1 0 2 10 33277 33279 33287
2410 1 1 9 4 33290 33291 33296
2409 1 0 8 7 33294 33296 33297
2401 1 1 7 4 33304 33307 33310
2411 1 0 10 4 33304 33307 33313
2392 1 0 3 8 33325 33326 33331
2413 1 1 0 9 33324 33328 33337
2402 1 0 5 4 33335 33338 33339
2395 1 0 4 9 33353 33354 33359
2415 1 1 9 6 33380 33381 33384
2417 1 0 10 0 33385 33386 33396
2416 1 1 8 2 33389 33391 33397
2419 1 0 0 9 33393 33397 33406
2408 1 0 6 10 33422 33425 33429
2426 1 1 0 2 33453 33455 33457
2423 1 0 9 5 33458 33459 33463
2425 1 0 8 6 33473 33476 33478
2424 1 0 10 3 33483 33487 33494
2428 1 1 0 8 33508 33510 33518
2429 1 1 9 4 33543 33544 33549
2432 1 0 0 7 33561 33564 33571
2431 1 1 10 6 33562 33568 33572
2430 1 1 8 0 33565 33566 33578
2418 1 0 7 6 33579 33580 33581
2399 1 1 1 4 33578 33579 33582
2421 1 1 5 9 33579 33583 33587
2433 1 1 9 10 33629 33630 33631
2434 1 0 0 5 33623 33629 33634
2435 1 1 10 1 33655 33656 33665
2436 1 0 8 4 33659 33662 33666
2420 1 0 3 2 33680 33681 33682
2414 1 1 2 10 33675 33676 33684
2427 1 1 6 7 33682 33688 33689
2422 1 0 4 9 33694 33696 33701
2440 1 0 0 7 33694 33710 33717
2441 1 1 9 2 33715 33717 33724
2443 1 0 8 9 33740 33741 33742
2442 1 0 10 3 33741 33743 33750
2448 1 1 0 9 33747 33749 33758
2449 1 1 9 6 33806 33807 33810
2439 1 0 5 1 33806 33808 33812
2452 1 0 0 4 33808 33813 33817
2450 1 1 8 0 33826 33828 33836
2438 1 0 7 4 33832 33835 33838
2451 1 0 10 9 33837 33844 33845
2455 1 1 0 6 33864 33865 33871
2453 1 0 9 4 33895 33896 33901
2446 1 1 6 5 33915 33916 33917
2456 1 1 8 1 33922 33925 33932
2458 1 0 10 5 33926 33932 33937
2459 1 1 0 8 33927 33933 33941
2460 1 1 9 4 33969 33970 33975
2464 1 1 0 7 33972 33979 33986
2462 1 1 8 0 34003 34004 34012
2463 1 0 10 5 34013 34018 34023
2445 1 0 3 6 34035 34037 34040
2454 1 0 5 2 34040 34041 34044
2466 1 1 0 6 34042 34043 34049
2444 1 0 2 1 34049 34050 34051
2457 1 1 7 10 34054 34055 34058
2447 1 0 4 1 34055 34058 34061
2465 1 1 9 1 34067 34068 34076
2467 1 1 8 5 34087 34094 34097
2471 1 0 0 1 34097 34098 34099
2437 1 0 1 7 34107 34108 34114
2468 1 1 10 0 34101 34106 34116
2461 1 0 6 0 34148 34149 34155
2476 1 1 8 4 34156 34164 34168
2477 1 0 0 3 34172 34173 34176
2475 1 1 9 4 34165 34173 34178
2478 1 1 10 0 34198 34204 34214
2483 1 1 0 7 34235 34236 34243
2481 1 0 8 0 34235 34240 34248
2482 1 1 9 0 34250 34252 34261
2470 1 1 5 10 34263 34268 34273
2486 1 0 0 5 34284 34285 34290
2484 1 1 10 7 34293 34294 34297
2473 1 1 7 2 34295 34297 34302
2485 1 0 8 10 34329 34332 34334
2487 1 0 9 1 34345 34346 34354
2489 1 0 0 2 34361 34362 34364
2469 1 1 3 0 34373 34374 34377
2490 1 0 10 1 34379 34387 34396
2480 1 0 6 0 34389 34391 34397
2494 1 1 0 7 34418 34419 34426
2492 1 1 8 9 34423 34427 34428
2474 1 0 4 5 34428 34432 34433
2493 1 1 9 7 34436 34437 34439
2472 1 0 2 1 34436 34439 34440
2498 1 0 0 4 34476 34477 34481
2496 1 1 10 5 34480 34483 34488
2488 1 0 5 4 34504 34505 34506
2499 1 1 8 10 34503 34506 34508
2501 1 1 9 8 34506 34509 34510
2491 1 1 7 2 34536 34537 34542
2503 1 0 0 9 34538 34542 34551
2504 1 0 10 1 34568 34569 34578
2507 1 1 9 5 34586 34593 34597
2505 1 1 8 9 34591 34600 34601
2479 1 0 1 7 34596 34597 34603
2509 1 0 0 8 34604 34611 34619
2497 1 0 6 8 34619 34621 34623
2510 1 1 10 8 34659 34660 34662
2512 1 1 8 10 34665 34666 34668
2514 1 1 0 6 34667 34678 34684
2511 1 0 9 6 34688 34689 34692
2495 1 0 3 1 34733 34736 34738
2518 1 1 0 10 34723 34729 34739
2517 1 1 8 5 34749 34751 34754
2500 1 1 4 7 34759 34760 34763
2516 1 1 10 9 34766 34769 34770
2520 1 0 0 9 34773 34774 34783
2506 1 1 5 4 34778 34782 34783
2508 1 1 7 0 34778 34780 34787
2519 1 0 9 1 34796 34797 34805
2502 1 0 2 0 34830 34831 34833
2525 1 1 0 4 34831 34832 34836
2522 1 1 8 0 34839 34843 34851
2524 1 1 10 5 34860 34870 34875
2515 1 1 6 0 34861 34866 34880
2528 1 1 9 8 34881 34890 34891
2530 1 0 0 9 34897 34898 34907
2531 1 1 8 0 34931 34932 34940
2532 1 0 10 7 34957 34958 34961
2535 1 1 0 6 34954 34955 34961
2534 1 0 9 4 34965 34967 34972
2537 1 0 0 2 34997 35001 35003
2526 1 1 7 10 35006 35007 35010
2527 1 0 5 2 35023 35026 35029
2536 1 1 8 2 35034 35036 35042
2539 1 1 9 8 35042 35049 35050
2538 1 1 10 9 35047 35052 35053
2540 1 0 0 6 35063 35065 35071
2521 1 0 3 6 35082 35085 35088
2533 1 0 6 10 35098 35099 35103
2523 1 0 4 1 35119 35125 35128
2546 1 1 0 10 35118 35127 35137
2543 1 0 8 3 35126 35135 35140
2545 1 1 10 6 35128 35138 35142
2544 1 0 9 3 35134 35146 35152
2513 1 1 1 9 35142 35147 35155
2529 1 0 2 6 35171 35172 35176
2549 1 0 0 9 35186 35192 35201
2552 1 1 10 4 35217 35218 35224
2551 1 0 8 1 35224 35225 35232
2553 1 1 9 7 35233 35238 35240
2556 1 0 0 4 35243 35244 35248
2542 1 0 5 10 35252 35253 35258
2541 1 1 7 4 35273 35274 35277
2557 1 0 10 8 35304 35305 35307
2560 1 1 0 8 35302 35306 35314
2558 1 1 8 6 35316 35317 35319
2559 1 0 9 4 35329 35330 35335
2548 1 1 6 9 35332 35333 35336
2563 1 0 0 5 35361 35365 35370
2564 1 1 10 3 35407 35408 35415
2565 1 0 8 3 35417 35420 35425
2568 1 1 0 10 35417 35420 35430
2566 1 0 9 10 35418 35431 35432
2547 1 1 3 6 35466 35473 35476
2550 1 1 4 1 35475 35478 35481
2571 1 1 0 8 35479 35482 35490
2562 1 1 7 4 35497 35498 35501
2561 1 1 5 8 35503 35504 35507
2572 1 1 9 0 35512 35513 35522
2569 1 0 10 5 35520 35521 35526
2570 1 1 8 10 35513 35530 35532
2575 1 0 0 6 35529 35534 35540
2555 1 0 2 10 35545 35549 35557
2567 1 0 6 9 35554 35561 35564
2581 1 0 0 6 35583 35592 35598
2579 1 1 8 3 35598 35600 35605
2580 1 0 10 1 35613 35617 35626
2578 1 1 9 4 35616 35622 35627
2584 1 0 0 6 35643 35644 35650
2554 1 1 1 2 35658 35661 35662
2588 1 1 0 2 35701 35703 35705
2585 1 0 8 2 35707 35709 35715
2577 1 0 5 4 35717 35718 35727
2587 1 0 9 4 35711 35722 35727
2586 1 0 10 1 35711 35733 35742
2590 1 0 0 2 35750 35751 35753
2576 1 1 7 9 35764 35769 35771
2583 1 1 6 7 35773 35776 35777
2592 1 1 9 10 35794 35796 35797
2591 1 1 8 1 35801 35803 35810
2595 1 0 0 3 35807 35809 35812
2573 1 1 3 2 35819 35821 35822
2593 1 0 10 4 35813 35820 35826
2574 1 0 4 2 35846 35847 35849
2600 1 1 0 5 35872 35874 35879
2598 1 1 9 0 35887 35891 35900
2601 1 0 10 4 35901 35909 35915
2599 1 0 8 1 35903 35907 35918
2604 1 1 0 7 35928 35929 35936
2582 1 0 2 7 35931 35932 35937
2594 1 1 5 10 35969 35971 35976
2605 1 1 9 3 35977 35978 35984
2596 1 0 7 6 35996 35997 35998
2608 1 1 0 4 35991 35994 35998
2606 1 0 10 1 35991 35994 36003
2607 1 0 8 0 35992 35996 36004
2597 1 1 6 9 36008 36010 36013
2612 1 0 0 6 36048 36049 36055
2611 1 1 9 0 36061 36062 36071
2613 1 0 10 6 36081 36085 36089
2614 1 0 8 6 36086 36087 36089
2617 1 1 0 4 36099 36100 36104
2618 1 0 9 1 36141 36144 36152
2589 1 0 1 7 36163 36164 36170
2621 1 1 0 8 36165 36169 36177
2619 1 1 10 3 36181 36183 36190
2602 1 1 3 5 36193 36194 36196
2620 1 0 8 5 36194 36195 36198
2610 1 1 5 7 36211 36212 36214
2622 1 1 9 8 36216 36218 36219
2624 1 0 0 7 36233 36238 36245
2603 1 1 4 0 36237 36241 36245
2616 1 0 6 5 36244 36246 36247
2615 1 0 7 2 36242 36249 36254
2609 1 0 2 8 36261 36262 36268
2625 1 0 10 6 36286 36288 36292
2630 1 1 0 4 36287 36288 36292
2627 1 0 8 4 36291 36294 36298
2629 1 0 9 10 36296 36303 36304
2636 1 1 0 6 36346 36350 36356
2637 1 1 8 4 36378 36380 36384
2635 1 1 10 9 36387 36393 36394
2638 1 0 9 0 36386 36387 36396
2639 1 0 0 7 36403 36404 36411
2628 1 0 5 0 36428 36430 36435
2643 1 0 0 8 36458 36459 36467
2633 1 0 6 1 36470 36472 36477
2640 1 1 8 9 36478 36479 36480
2632 1 1 7 2 36482 36484 36489
2641 1 1 9 3 36489 36496 36502
2645 1 0 0 3 36510 36511 36514
2642 1 1 10 2 36489 36509 36517
2647 1 0 8 5 36558 36563 36566
2651 1 1 0 8 36559 36561 36569
2649 1 1 9 3 36569 36570 36576
2626 1 1 3 1 36571 36576 36578
2650 1 0 10 5 36584 36589 36594
2631 1 0 4 3 36607 36608 36609
2653 1 1 0 4 36623 36624 36628
2644 1 1 5 0 36632 36633 36638
2634 1 0 2 10 36635 36636 36644
2652 1 0 8 7 36645 36647 36648
2654 1 0 9 5 36659 36661 36665
2658 1 1 0 7 36681 36682 36689
2656 1 1 10 0 36695 36698 36708
2648 1 0 7 9 36707 36709 36711
2623 1 1 1 9 36711 36712 36720
2646 1 1 6 7 36725 36728 36729
2661 1 1 8 3 36732 36733 36738
2663 1 1 0 1 36735 36741 36742
2662 1 0 9 5 36745 36746 36750
2664 1 0 10 6 36770 36775 36779
2669 1 1 0 3 36796 36797 36800
2668 1 0 8 0 36796 36798 36806
2670 1 1 9 7 36822 36828 36830
2671 1 1 10 3 36854 36857 36864
2672 1 0 0 7 36864 36865 36872
2659 1 1 5 0 36869 36871 36876
2673 1 0 8 9 36899 36900 36901
2674 1 0 9 5 36907 36908 36912
2655 1 0 3 9 36915 36917 36923
2676 1 1 0 8 36924 36925 36933
2657 1 1 4 8 36944 36948 36952
2675 1 0 10 0 36952 36953 36963
2665 1 1 7 2 36958 36959 36964
2667 1 1 6 9 36963 36968 36971
2681 1 0 0 3 36979 36980 36983
2678 1 1 8 5 36983 36984 36987
2679 1 1 9 8 37010 37014 37015
2683 1 1 10 3 37036 37038 37045
2660 1 1 2 4 37050 37051 37053
2686 1 0 0 10 37043 37046 37056
2687 1 0 8 7 37079 37081 37082
2688 1 0 9 6 37088 37090 37093
2690 1 1 0 8 37098 37102 37110
2677 1 0 5 1 37128 37129 37133
2689 1 1 10 2 37124 37126 37134
2694 1 0 0 4 37148 37149 37153
2692 1 0 8 0 37161 37165 37173
2693 1 1 9 3 37170 37177 37183
2684 1 1 7 0 37184 37188 37195
2685 1 1 6 1 37206 37212 37217
2697 1 0 0 6 37219 37220 37226
2666 1 1 1 2 37233 37234 37235
2695 1 0 10 3 37232 37236 37243
2699 1 0 9 1 37251 37257 37265
2698 1 1 8 6 37258 37264 37266
2680 1 0 3 4 37260 37267 37268
2702 1 0 0 1 37280 37284 37285
2682 1 1 4 7 37300 37302 37305
2705 1 1 9 0 37328 37330 37339
2708 1 0 0 1 37343 37344 37345
2703 1 1 10 6 37335 37349 37353
2706 1 1 8 3 37363 37365 37370
2691 1 1 2 10 37370 37371 37379
2696 1 0 5 0 37385 37389 37394
2712 1 0 0 1 37392 37395 37396
2700 1 1 7 4 37407 37410 37413
2701 1 1 6 3 37421 37423 37426
2711 1 1 10 0 37413 37419 37429
2710 1 0 9 5 37421 37429 37433
2713 1 0 8 3 37447 37450 37455
2716 1 1 0 9 37461 37462 37471
2720 1 1 9 5 37500 37501 37505
2718 1 1 10 9 37503 37510 37511
2722 1 0 0 8 37521 37524 37532
2721 1 1 8 3 37528 37529 37534
2725 1 1 0 6 37574 37577 37583
2724 1 0 10 1 37589 37591 37600
2723 1 1 9 8 37605 37608 37609
2726 1 1 8 3 37608 37609 37614
2707 1 1 3 7 37616 37617 37621
2715 1 1 5 8 37631 37633 37636
2727 1 0 0 9 37644 37645 37654
2709 1 1 4 1 37649 37653 37656
2717 1 0 7 10 37654 37656 37659
2714 1 1 2 5 37684 37685 37688
2719 1 1 6 4 37694 37695 37697
2728 1 0 10 2 37695 37696 37704
2730 1 1 8 6 37704 37706 37708
2729 1 1 9 5 37700 37705 37709
2733 1 0 0 8 37713 37715 37723
2704 1 1 1 7 37721 37725 37731
2741 1 1 0 6 37775 37782 37788
2739 1 0 9 0 37782 37783 37792
2738 1 1 10 9 37789 37793 37794
2740 1 1 8 3 37800 37801 37806
2743 1 0 0 7 37848 37849 37856
2744 1 0 9 10 37862 37864 37865
2732 1 1 5 9 37870 37872 37876
2735 1 1 7 1 37873 37878 37884
2746 1 0 8 7 37883 37885 37886
2745 1 0 10 7 37895 37898 37901
2747 1 1 0 4 37912 37913 37917
2737 1 0 6 9 37928 37929 37932
2748 1 0 9 0 37957 37958 37967
2751 1 1 8 4 37966 37970 37974
2753 1 0 0 6 37975 37976 37982
2734 1 1 4 2 37979 37980 37982
2731 1 1 3 8 37995 37996 38001
2752 1 0 10 2 37990 37994 38002
2755 1 1 9 6 38038 38039 38042
2757 1 0 0 8 38034 38036 38044
2756 1 0 8 1 38070 38071 38078
2736 1 0 2 5 38080 38081 38084
2750 1 1 7 0 38085 38086 38093
2761 1 1 0 1 38086 38094 38095
2759 1 0 10 9 38090 38095 38096
2749 1 1 5 7 38116 38120 38122
2766 1 1 0 2 38127 38134 38136
2762 1 0 9 8 38149 38150 38151
2763 1 0 8 7 38166 38167 38168
2767 1 0 10 9 38178 38181 38182
2754 1 0 6 8 38182 38185 38187
2769 1 1 0 1 38187 38189 38190
2742 1 1 1 9 38227 38228 38236
2770 1 1 9 6 38236 38237 38240
2774 1 1 0 2 38248 38254 38256
2772 1 0 10 9 38257 38259 38260
2771 1 0 8 10 38259 38261 38263
2777 1 1 0 4 38307 38309 38313
2776 1 0 9 10 38323 38324 38325
2765 1 1 7 3 38330 38333 38337
2768 1 1 5 8 38338 38340 38343
2778 1 0 10 9 38346 38347 38348
2779 1 1 8 5 38347 38348 38351
2758 1 1 4 3 38354 38355 38356
2760 1 1 3 1 38362 38363 38365
2780 1 1 0 3 38364 38366 38369
2773 1 1 6 4 38405 38408 38410
2781 1 0 9 3 38407 38408 38414
2788 1 0 0 1 38414 38417 38418
2764 1 0 2 0 38432 38433 38435
2785 1 1 8 6 38433 38437 38439
2784 1 1 10 9 38447 38451 38452
2791 1 0 0 5 38481 38482 38487
2790 1 1 9 4 38505 38506 38511
2794 1 0 10 8 38535 38540 38542
2793 1 0 8 9 38539 38543 38544
2795 1 1 0 7 38533 38537 38544
2782 1 1 7 0 38575 38576 38583
2796 1 0 9 1 38587 38588 38596
2783 1 0 5 0 38590 38592 38597
2797 1 1 0 6 38594 38595 38601
2798 1 1 10 9 38620 38624 38625
2789 1 1 6 2 38631 38634 38638
2799 1 1 8 7 38634 38644 38645
2803 1 0 0 8 38649 38650 38658
2801 1 0 9 0 38673 38674 38683
2807 1 0 0 3 38709 38710 38713
2804 1 1 10 4 38704 38707 38713
2775 1 0 1 3 38714 38716 38718
2787 1 0 3 0 38718 38719 38722
2786 1 1 4 6 38723 38724 38726
2806 1 1 8 5 38731 38733 38736
2808 1 1 9 3 38762 38766 38772
2810 1 0 0 2 38775 38776 38778
2792 1 1 2 10 38775 38776 38784
2814 1 1 8 4 38808 38809 38813
2809 1 1 10 3 38806 38807 38814
2800 1 1 7 1 38808 38810 38816
2802 1 0 5 3 38816 38819 38821
2817 1 1 0 2 38832 38833 38835
2805 1 0 6 1 38852 38855 38860
2815 1 1 9 0 38867 38874 38883
2822 1 0 0 2 38885 38886 38888
2818 1 1 10 1 38882 38893 38902
2820 1 0 8 0 38892 38898 38906
2826 1 0 0 3 38942 38943 38946
2825 1 0 10 5 38960 38967 38972
2824 1 0 9 0 38963 38966 38977
2827 1 0 8 7 38974 38985 38986
2828 1 1 0 8 38999 39000 39008
2819 1 0 7 2 39032 39033 39038
2829 1 1 10 5 39040 39042 39047
2821 1 1 5 4 39043 39047 39048
2832 1 0 0 1 39053 39055 39056
2831 1 1 8 2 39047 39052 39058
2812 1 0 3 0 39055 39058 39061
2830 1 1 9 8 39051 39065 39066
2813 1 1 4 7 39082 39086 39089
2823 1 1 6 3 39107 39108 39111
2838 1 0 0 9 39111 39112 39121
2816 1 1 2 9 39124 39125 39132
2834 1 1 10 3 39132 39133 39140
2837 1 0 9 1 39155 39156 39164
2836 1 1 8 4 39155 39160 39164
2842 1 0 0 6 39170 39171 39177
2811 1 1 1 8 39221 39224 39231
2844 1 0 10 4 39224 39228 39234
2847 1 0 0 5 39230 39238 39243
2845 1 1 9 6 39240 39241 39244
2846 1 1 8 6 39261 39263 39265
2833 1 1 7 10 39272 39273 39276
2850 1 0 0 5 39290 39295 39300
2835 1 0 5 0 39304 39305 39310
2849 1 1 10 3 39315 39316 39323
2851 1 1 9 0 39329 39335 39344
2854 1 0 0 8 39341 39342 39350
2852 1 0 8 9 39354 39356 39357
2841 1 0 6 10 39352 39354 39358
2858 1 1 0 3 39394 39395 39398
2857 1 0 9 2 39392 39393 39400
2840 1 0 4 6 39414 39416 39418
2856 1 1 10 1 39411 39418 39427
2860 1 0 8 7 39431 39433 39434
2839 1 1 3 5 39441 39443 39445
2862 1 1 0 4 39450 39455 39459
2843 1 1 2 5 39468 39470 39473
2861 1 0 9 6 39479 39481 39484
2865 1 0 8 10 39517 39519 39521
2853 1 0 7 9 39518 39524 39526
2863 1 0 10 6 39522 39527 39531
2867 1 1 0 9 39537 39542 39551
2855 1 0 5 4 39557 39558 39559
2869 1 1 9 8 39564 39565 39566
2859 1 1 6 4 39596 39598 39600
2873 1 0 0 10 39593 39597 39607
2870 1 0 8 9 39615 39617 39618
2872 1 0 10 0 39629 39630 39640
2875 1 1 9 3 39636 39641 39647
2876 1 0 0 10 39653 39654 39664
2878 1 0 8 6 39694 39696 39698
2881 1 1 0 10 39710 39713 39723
2879 1 1 10 5 39721 39724 39729
2880 1 0 9 7 39728 39731 39733
2848 1 1 1 5 39745 39749 39753
2871 1 0 7 1 39748 39749 39755
2883 1 0 0 7 39756 39757 39764
2864 1 1 4 7 39772 39773 39776
2882 1 0 8 7 39782 39783 39784
2866 1 1 3 6 39778 39782 39785
2874 1 1 5 1 39804 39805 39809
2885 1 0 9 5 39806 39808 39812
2884 1 0 10 4 39808 39817 39823
2888 1 1 0 6 39816 39817 39823
2868 1 1 2 7 39818 39819 39824
2877 1 1 6 8 39840 39841 39843
2891 1 1 8 0 39852 39853 39861
2895 1 1 0 2 39875 39876 39878
2893 1 0 9 1 39880 39885 39893
2894 1 1 10 8 39893 39901 39903
2898 1 1 8 2 39934 39935 39941
2899 1 0 0 9 39941 39942 39951
2900 1 0 9 1 39972 39973 39981
2887 1 1 7 4 39981 39986 39989
2901 1 0 10 1 39980 39990 39999
2903 1 0 0 3 39999 40000 40003
2902 1 1 8 4 39997 40001 40005
2908 1 0 0 9 40052 40055 40064
2892 1 0 5 10 40059 40060 40065
2905 1 0 10 4 40066 40067 40073
2904 1 0 9 7 40069 40078 40080
2897 1 1 6 5 40077 40079 40080
2907 1 0 8 6 40082 40083 40085
2909 1 1 0 6 40115 40120 40126
2890 1 0 3 9 40119 40122 40128
2889 1 1 4 9 40124 40128 40133
2896 1 1 2 3 40149 40156 40157
2911 1 0 10 9 40158 40159 40160
2915 1 1 0 7 40164 40167 40174
2912 1 0 9 3 40175 40176 40182
2914 1 1 8 3 40180 40181 40186
2906 1 0 7 10 40222 40226 40229
2920 1 1 0 10 40221 40224 40234
2919 1 1 10 0 40238 40239 40249
2921 1 0 9 2 40248 40249 40256
2886 1 1 1 6 40270 40271 40276
2922 1 0 8 2 40270 40276 40282
2923 1 0 0 7 40289 40291 40298
2913 1 1 6 4 40306 40307 40309
2910 1 1 5 8 40319 40320 40323
2925 1 0 10 5 40316 40319 40324
2926 1 1 9 5 40344 40345 40349
2927 1 0 8 5 40350 40353 40356
2929 1 1 0 9 40348 40354 40363
2931 1 1 10 2 40414 40415 40423
2934 1 0 0 10 40411 40416 40426
2933 1 0 9 6 40435 40436 40439
2935 1 0 8 2 40436 40437 40443
2924 1 1 7 6 40450 40455 40456
2936 1 0 0 3 40466 40468 40471
2916 1 0 3 1 40473 40474 40476
2917 1 1 4 6 40487 40489 40491
2918 1 0 2 9 40495 40496 40503
2937 1 0 10 7 40511 40512 40515
2938 1 0 9 6 40522 40524 40527
2941 1 1 0 2 40521 40527 40529
2939 1 0 8 10 40533 40535 40537
2930 1 0 6 4 40536 40541 40543
2932 1 0 5 1 40569 40570 40574
2946 1 0 0 1 40588 40589 40590
2945 1 1 10 3 40603 40611 40618
2948 1 1 8 7 40621 40626 40627
2947 1 1 9 10 40632 40634 40635
2951 1 0 0 10 40648 40649 40659
2940 1 1 7 9 40683 40686 40688
2952 1 0 10 7 40691 40692 40695
2953 1 1 8 5 40696 40697 40700
2955 1 1 0 5 40699 40705 40710
2954 1 0 9 8 40714 40716 40717
2949 1 1 6 10 40745 40746 40750
2959 1 0 0 1 40753 40761 40762
2958 1 1 8 7 40777 40779 40780
2957 1 1 10 1 40783 40786 40795
2928 1 0 1 3 40794 40795 40797
2960 1 0 9 5 40810 40816 40820
2950 1 0 5 3 40821 40822 40824
2962 1 1 0 3 40821 40822 40825
2942 1 1 3 1 40836 40837 40839
2944 1 1 2 5 40845 40846 40849
2943 1 1 4 9 40862 40863 40868
2963 1 1 8 10 40868 40869 40871
2967 1 0 0 3 40884 40887 40890
2964 1 1 10 3 40882 40883 40890
2956 1 1 7 5 40918 40922 40924
2966 1 1 9 5 40918 40928 40932
2974 1 0 0 6 40936 40939 40945
2973 1 0 10 8 40971 40975 40977
2972 1 0 8 7 40974 40977 40978
2976 1 1 9 7 41007 41008 41010
2961 1 0 6 7 41016 41017 41018
2977 1 1 0 8 41010 41017 41025
2979 1 1 8 6 41055 41056 41058
2978 1 0 10 9 41063 41066 41067
2981 1 1 0 6 41071 41077 41083
2980 1 0 9 10 41092 41093 41094
2968 1 1 5 8 41092 41093 41096
2983 1 1 8 0 41130 41131 41139
2985 1 1 0 10 41133 41140 41150
2975 1 0 7 1 41146 41149 41155
2984 1 1 10 9 41158 41159 41160
2989 1 0 0 2 41192 41193 41195
2969 1 0 3 2 41198 41199 41200
2986 1 1 9 0 41191 41192 41201
2970 1 0 2 6 41202 41203 41207
2988 1 0 8 5 41215 41217 41220
2971 1 0 4 9 41226 41227 41232
2991 1 0 10 6 41246 41247 41251
2993 1 1 0 8 41261 41262 41270
2982 1 0 6 0 41274 41275 41281
2992 1 1 9 3 41288 41289 41295
2996 1 1 8 4 41298 41303 41307
2999 1 0 0 10 41303 41304 41314
2987 1 1 5 10 41332 41333 41338
2998 1 0 10 2 41332 41333 41341
2965 1 0 1 5 41359 41360 41364
3003 1 0 0 3 41360 41369 41372
3001 1 1 9 3 41380 41381 41387
2990 1 0 7 9 41382 41386 41388
3002 1 0 8 7 41384 41389 41390
3004 1 0 10 3 41412 41415 41422
3007 1 1 0 9 41428 41431 41440
3008 1 1 9 6 41479 41480 41483
3010 1 1 8 5 41481 41485 41488
3012 1 0 0 8 41487 41490 41498
3000 1 1 6 10 41509 41510 41514
3011 1 0 10 2 41509 41511 41519
2994 1 0 3 7 41550 41551 41555
3015 1 0 0 7 41552 41562 41569
3013 1 1 9 6 41571 41572 41575
3014 1 0 8 0 41573 41574 41582
3005 1 1 5 1 41580 41581 41585
2995 1 1 2 1 41582 41584 41585
2997 1 1 4 6 41587 41590 41592
3016 1 1 10 0 41600 41604 41614
3019 1 0 0 1 41624 41625 41626
3009 1 1 7 9 41619 41626 41628
3021 1 1 8 7 41652 41653 41654
3020 1 1 9 7 41655 41657 41659
3027 1 0 0 1 41682 41683 41684
3025 1 1 10 2 41677 41680 41688
3031 1 0 0 6 41734 41735 41741
3017 1 0 6 8 41740 41741 41743
3028 1 0 8 0 41740 41744 41752
3029 1 0 9 1 41750 41761 41769
3030 1 0 10 8 41761 41778 41780
3032 1 1 0 8 41795 41797 41805
3022 1 1 5 6 41823 41826 41827
3033 1 0 8 3 41828 41829 41834
3036 1 1 10 4 41839 41843 41849
3035 1 1 9 0 41843 41844 41853
3037 1 1 0 8 41851 41854 41862
3026 1 1 7 4 41863 41864 41867
3024 1 0 4 7 41916 41917 41920
3039 1 1 8 0 41914 41918 41926
3041 1 0 9 0 41922 41924 41933
3006 1 0 1 0 41928 41932 41933
3018 1 1 3 7 41928 41930 41934
3042 1 1 0 10 41921 41927 41937
3040 1 1 10 5 41933 41938 41943
3034 1 1 6 4 41956 41957 41959
3046 1 0 0 8 41968 41969 41977
3023 1 1 2 4 41980 41982 41984
3044 1 0 8 1 41992 41993 42000
3052 1 0 0 1 42017 42018 42019
3047 1 1 9 8 42013 42018 42019
3050 1 1 10 8 42015 42021 42023
3038 1 1 5 9 42062 42065 42069
3057 1 0 0 10 42072 42073 42083
3055 1 1 9 6 42088 42089 42092
3056 1 0 10 5 42096 42097 42102
3054 1 1 8 9 42099 42101 42102
3043 1 1 7 8 42103 42105 42106
3059 1 0 0 9 42130 42135 42144
3062 1 1 8 10 42176 42177 42179
3060 1 1 9 10 42193 42194 42195
3061 1 1 10 9 42195 42196 42197
3064 1 0 0 6 42192 42201 42207
3051 1 0 6 9 42202 42207 42210
3066 1 1 0 2 42254 42263 42265
3045 1 1 4 0 42275 42277 42281
3067 1 0 9 0 42281 42282 42291
3058 1 1 5 6 42286 42291 42292
3068 1 1 10 7 42296 42300 42303
3065 1 0 8 3 42284 42299 42304
3048 1 0 3 5 42303 42305 42307
3070 1 0 0 8 42326 42331 42339
3063 1 1 7 9 42340 42341 42343
3072 1 1 9 0 42360 42361 42370
3053 1 1 2 3 42366 42372 42373
3073 1 0 8 1 42374 42375 42382
3077 1 0 0 3 42395 42396 42399
3075 1 1 10 2 42385 42392 42400
3079 1 0 9 4 42438 42444 42449
3049 1 1 1 0 42447 42448 42449
3083 1 1 0 8 42449 42450 42458
3069 1 0 6 2 42455 42457 42461
3082 1 1 10 9 42471 42473 42474
3081 1 1 8 6 42489 42490 42492
3086 1 0 0 1 42504 42506 42507
3074 1 1 5 9 42510 42511 42515
3084 1 1 9 6 42533 42534 42537
3090 1 0 0 7 42563 42564 42571
3088 1 1 10 0 42561 42565 42575
3078 1 0 7 0 42569 42572 42579
3089 1 1 8 9 42588 42596 42597
3094 1 0 0 4 42614 42615 42619
3092 1 1 9 8 42621 42622 42623
3071 1 0 4 5 42635 42636 42637
3096 1 0 8 9 42661 42664 42665
3093 1 1 10 1 42658 42660 42669
3097 1 1 0 9 42668 42670 42679
3076 1 1 3 4 42677 42685 42686
3087 1 0 6 1 42682 42685 42690
3098 1 1 9 3 42713 42718 42724
3080 1 0 2 3 42731 42732 42733
3100 1 1 10 9 42726 42733 42734
3102 1 0 0 2 42732 42736 42738
3091 1 1 5 10 42734 42738 42743
3101 1 1 8 5 42752 42754 42757
3108 1 0 0 1 42793 42795 42796
3106 1 1 10 3 42803 42808 42815
3105 1 1 9 3 42814 42821 42827
3095 1 1 7 9 42820 42831 42833
3110 1 1 8 4 42841 42842 42846
3111 1 0 0 7 42857 42858 42865
3112 1 0 10 4 42899 42902 42908
3104 1 1 6 10 42912 42914 42918
3113 1 1 9 3 42914 42919 42925
3116 1 1 0 4 42923 42928 42932
3115 1 0 8 4 42926 42930 42934
3109 1 1 5 6 42948 42949 42950
3085 1 0 1 7 42983 42986 42992
3117 1 0 10 3 42991 42995 43002
3119 1 1 9 5 43000 43003 43007
3120 1 0 0 9 42984 43005 43014
3099 1 1 4 7 43010 43011 43014
3121 1 1 8 2 43014 43015 43021
3124 1 1 0 7 43046 43048 43055
3114 1 1 7 2 43053 43056 43061
3103 1 1 3 6 43062 43063 43066
3125 1 0 10 0 43085 43086 43096
3126 1 1 9 0 43087 43090 43099
3107 1 1 2 0 43100 43102 43104
3128 1 1 8 9 43105 43113 43114
3129 1 1 0 9 43105 43123 43132
3118 1 1 6 8 43135 43138 43140
3136 1 0 0 7 43164 43165 43172
3122 1 0 5 0 43169 43174 43179
3132 1 1 10 1 43173 43175 43184
3133 1 1 9 7 43184 43192 43194
