clientID partySize elevatorID arrivalFloor dropoffFloor createTime pickupTime dropoffTime
1 1 0 0 6 60 61 67
9 1 0 8 0 83 85 93
10 1 0 9 8 98 102 105
11 1 0 10 4 93 103 109
12 1 1 0 8 118 119 127
16 1 0 0 10 165 169 179
15 1 1 9 1 171 172 180
13 1 0 8 0 176 181 189
14 1 1 10 9 189 198 199
8 1 1 7 5 233 235 237
17 1 0 0 4 242 243 247
18 1 1 9 0 249 253 262
6 1 0 5 3 260 261 263
7 1 0 6 1 263 266 271
19 1 0 8 10 269 278 280
20 1 0 10 8 273 281 283
22 1 1 0 8 302 303 311
23 1 1 9 0 343 344 353
3 1 1 2 4 348 355 357
26 1 0 8 6 357 358 360
5 1 1 4 0 352 358 362
28 1 1 0 1 366 367 368
27 1 0 10 8 364 368 370
4 1 1 3 8 369 371 376
29 1 1 9 8 433 434 435
34 1 0 0 7 422 430 437
32 1 1 8 5 461 462 465
33 1 0 10 4 470 473 479
21 1 1 7 9 479 481 483
24 1 0 5 4 493 494 495
36 1 1 0 8 481 492 500
37 1 1 9 0 513 514 523
25 1 1 6 5 519 529 530
2 1 0 1 9 532 535 543
38 1 0 8 10 543 544 546
41 1 0 0 6 540 556 562
39 1 0 10 0 561 566 576
43 1 1 9 4 587 591 596
46 1 0 0 5 603 604 609
47 1 0 8 2 638 641 647
48 1 1 10 8 647 653 655
49 1 1 9 5 662 663 667
50 1 0 0 8 666 668 676
30 1 1 2 8 694 697 703
54 1 0 0 1 709 717 718
31 1 0 4 6 716 721 723
42 1 0 5 6 729 730 731
40 1 1 7 6 734 735 736
51 1 1 8 1 735 738 745
52 1 0 10 9 746 750 751
35 1 1 3 5 747 749 751
53 1 0 9 10 751 752 753
44 1 1 6 3 750 752 755
56 1 1 0 6 764 767 773
61 1 0 10 7 819 820 823
60 1 0 8 1 822 824 831
65 1 0 0 1 824 832 833
64 1 1 9 8 831 834 835
68 1 0 0 2 872 873 875
66 1 1 10 9 903 905 906
67 1 1 8 1 908 909 916
70 1 1 0 3 938 939 942
69 1 0 9 0 936 943 952
59 1 1 7 9 975 979 981
63 1 1 6 4 994 997 999
58 1 1 5 4 998 1000 1001
74 1 0 0 7 995 996 1003
72 1 0 8 10 999 1004 1006
71 1 0 10 3 1010 1011 1018
73 1 0 9 0 1015 1024 1033
77 1 0 0 3 1050 1051 1054
55 1 0 2 4 1054 1055 1057
57 1 0 4 8 1059 1060 1064
79 1 0 8 4 1085 1086 1090
80 1 0 10 5 1087 1096 1101
45 1 1 1 0 1105 1108 1109
81 1 0 9 10 1106 1110 1111
82 1 1 0 9 1112 1113 1122
62 1 1 3 2 1136 1142 1143
86 1 0 10 6 1162 1163 1167
85 1 0 8 9 1175 1177 1178
89 1 1 0 10 1171 1173 1183
88 1 0 9 6 1195 1196 1199
78 1 0 5 3 1222 1223 1225
75 1 0 7 4 1223 1229 1232
92 1 0 0 5 1239 1243 1248
76 1 0 6 8 1244 1249 1251
91 1 1 10 6 1250 1251 1255
93 1 0 8 7 1269 1270 1271
94 1 0 9 6 1284 1286 1289
97 1 0 0 9 1316 1322 1331
99 1 0 10 6 1337 1338 1342
100 1 0 8 1 1371 1373 1380
102 1 0 0 1 1375 1381 1382
101 1 1 9 10 1382 1385 1386
84 1 0 4 9 1418 1421 1426
103 1 1 10 7 1423 1424 1427
83 1 0 2 4 1424 1433 1435
96 1 1 7 4 1435 1436 1439
105 1 1 0 9 1436 1443 1452
95 1 1 5 0 1449 1456 1461
106 1 0 9 8 1465 1470 1471
104 1 1 8 10 1451 1469 1471
98 1 0 6 4 1492 1494 1496
90 1 0 3 4 1499 1500 1501
108 1 1 10 4 1502 1503 1509
111 1 0 0 5 1515 1519 1524
113 1 0 8 4 1555 1558 1562
118 1 0 0 5 1561 1566 1571
114 1 0 9 0 1557 1575 1584
117 1 1 10 8 1591 1597 1599
87 1 0 1 7 1622 1623 1629
121 1 0 0 1 1626 1636 1637
120 1 1 9 1 1643 1644 1652
119 1 1 8 9 1644 1659 1660
110 1 1 7 0 1665 1667 1674
112 1 1 5 6 1667 1679 1680
122 1 1 10 8 1675 1684 1686
124 1 0 0 1 1690 1691 1692
115 1 1 6 1 1714 1716 1721
126 1 0 8 10 1729 1736 1738
125 1 0 9 7 1739 1740 1742
109 1 1 2 3 1749 1750 1751
130 1 1 0 1 1749 1754 1755
129 1 0 10 1 1757 1760 1769
107 1 1 4 0 1769 1772 1776
134 1 1 0 7 1821 1822 1829
132 1 0 8 2 1821 1828 1834
133 1 1 9 3 1826 1831 1837
136 1 1 10 7 1849 1856 1859
116 1 0 3 9 1869 1870 1876
140 1 0 9 8 1887 1888 1889
138 1 0 0 7 1888 1897 1904
127 1 1 7 4 1912 1913 1916
128 1 1 5 3 1922 1923 1925
139 1 0 8 3 1921 1922 1927
141 1 0 10 4 1943 1950 1956
144 1 1 0 8 1952 1955 1963
131 1 1 6 8 1958 1961 1963
143 1 1 9 10 1992 1993 1994
146 1 1 8 5 2003 2005 2008
149 1 0 0 9 2012 2016 2025
148 1 0 10 2 2030 2031 2039
153 1 0 0 7 2077 2079 2086
152 1 0 8 1 2089 2090 2097
151 1 0 9 3 2090 2105 2111
135 1 0 2 8 2106 2112 2118
137 1 1 4 9 2119 2120 2125
123 1 0 1 0 2110 2125 2126
154 1 1 10 7 2120 2126 2129
155 1 0 0 1 2143 2144 2145
145 1 1 7 5 2147 2148 2150
147 1 1 5 7 2173 2174 2176
156 1 1 8 2 2175 2177 2183
157 1 1 9 4 2178 2190 2195
162 1 0 0 5 2201 2202 2207
142 1 1 3 7 2208 2209 2213
150 1 0 6 9 2217 2218 2221
161 1 1 10 6 2216 2219 2223
166 1 0 9 3 2256 2257 2263
167 1 0 0 10 2259 2266 2276
165 1 1 8 7 2277 2279 2280
169 1 0 10 5 2324 2325 2330
171 1 1 9 2 2338 2340 2347
172 1 0 0 6 2337 2342 2348
173 1 0 8 4 2364 2366 2370
175 1 1 0 3 2375 2377 2380
163 1 0 7 1 2400 2403 2409
164 1 1 5 9 2411 2413 2417
174 1 0 10 6 2402 2418 2422
176 1 1 9 0 2421 2422 2431
178 1 1 0 7 2440 2441 2448
158 1 0 2 5 2452 2456 2459
177 1 1 8 10 2467 2468 2470
170 1 0 6 8 2482 2483 2485
180 1 1 10 8 2485 2486 2488
160 1 0 4 9 2500 2504 2509
183 1 0 0 2 2507 2518 2520
182 1 1 9 3 2542 2543 2549
185 1 1 8 6 2558 2563 2565
168 1 0 3 9 2566 2567 2573
187 1 0 10 9 2577 2578 2579
189 1 1 0 7 2587 2593 2600
179 1 0 7 5 2621 2623 2625
159 1 1 1 4 2619 2625 2628
191 1 0 8 7 2642 2645 2646
194 1 1 0 7 2642 2646 2653
190 1 0 9 3 2644 2648 2654
181 1 0 5 8 2662 2664 2667
193 1 0 10 2 2664 2669 2677
198 1 0 0 10 2710 2712 2722
197 1 1 8 1 2724 2725 2732
186 1 0 6 3 2739 2743 2746
201 1 0 10 7 2740 2753 2756
199 1 0 9 2 2755 2758 2765
202 1 1 0 10 2780 2781 2791
203 1 1 8 1 2807 2809 2816
184 1 0 2 10 2819 2820 2828
205 1 0 10 8 2839 2840 2842
207 1 1 0 2 2851 2852 2854
206 1 0 9 2 2849 2850 2857
188 1 1 4 8 2871 2873 2877
196 1 0 7 10 2871 2876 2879
212 1 1 0 2 2905 2913 2915
208 1 0 8 1 2911 2913 2920
200 1 0 5 9 2919 2924 2928
192 1 1 3 4 2937 2938 2939
210 1 0 10 4 2941 2942 2948
211 1 0 9 1 2952 2957 2965
215 1 0 0 2 2967 2968 2970
216 1 1 8 7 3002 3006 3007
204 1 1 6 9 3022 3023 3026
220 1 1 9 0 3036 3037 3046
221 1 0 0 10 3039 3041 3051
219 1 0 10 3 3053 3054 3061
222 1 0 8 10 3098 3103 3105
225 1 1 0 9 3099 3100 3109
214 1 0 7 4 3103 3108 3111
224 1 1 9 6 3122 3123 3126
226 1 1 10 9 3130 3134 3135
228 1 0 0 2 3155 3159 3161
217 1 0 5 9 3157 3164 3168
209 1 0 2 5 3163 3175 3178
195 1 0 1 2 3173 3182 3183
227 1 1 8 9 3186 3187 3188
230 1 1 9 6 3211 3212 3215
213 1 0 4 1 3224 3226 3229
231 1 0 10 2 3228 3238 3246
232 1 0 0 4 3238 3248 3252
236 1 1 8 2 3257 3259 3265
223 1 0 6 10 3267 3269 3273
218 1 1 3 5 3281 3282 3284
240 1 1 0 8 3286 3291 3299
237 1 1 9 7 3304 3305 3307
239 1 0 10 5 3314 3315 3320
241 1 1 8 6 3351 3352 3354
244 1 1 0 4 3353 3360 3364
229 1 0 7 2 3366 3368 3373
233 1 1 5 3 3389 3390 3392
245 1 1 9 5 3391 3398 3402
246 1 1 10 1 3389 3407 3416
248 1 1 0 1 3414 3417 3418
247 1 0 8 5 3434 3440 3443
250 1 0 10 6 3464 3469 3473
253 1 1 0 2 3476 3477 3479
252 1 0 9 2 3478 3481 3488
242 1 0 6 10 3499 3503 3507
254 1 0 8 10 3520 3522 3524
255 1 0 10 1 3535 3536 3545
256 1 1 0 7 3536 3538 3545
257 1 1 9 0 3562 3564 3573
234 1 0 2 8 3573 3574 3580
238 1 0 4 5 3580 3584 3585
261 1 1 0 2 3604 3605 3607
249 1 0 7 9 3607 3609 3611
259 1 0 8 5 3612 3613 3616
251 1 0 5 3 3616 3617 3619
260 1 0 10 2 3624 3631 3639
243 1 1 3 5 3656 3657 3659
265 1 0 0 7 3654 3656 3663
262 1 1 9 2 3658 3663 3670
235 1 1 1 7 3663 3671 3677
267 1 0 8 1 3694 3695 3702
258 1 1 6 7 3718 3719 3720
270 1 0 0 5 3719 3720 3725
272 1 1 9 5 3728 3730 3734
269 1 1 10 7 3731 3739 3742
274 1 1 8 10 3775 3776 3778
276 1 0 0 7 3778 3783 3790
277 1 1 9 5 3833 3834 3838
280 1 0 0 5 3830 3837 3842
268 1 1 5 10 3844 3845 3850
278 1 0 10 2 3842 3847 3855
266 1 0 7 8 3841 3860 3861
279 1 1 8 3 3856 3858 3863
281 1 1 0 1 3885 3888 3889
282 1 0 9 10 3921 3922 3923
284 1 0 10 0 3933 3934 3944
264 1 0 4 0 3937 3940 3944
286 1 0 8 6 3939 3952 3954
287 1 0 0 8 3945 3960 3968
275 1 0 6 10 3958 3966 3970
263 1 0 2 0 3963 3978 3980
271 1 0 3 9 4014 4016 4022
292 1 0 0 10 4012 4013 4023
288 1 1 9 4 4014 4016 4023
289 1 1 10 1 4008 4017 4026
291 1 1 8 0 4016 4019 4027
296 1 1 0 6 4062 4063 4069
285 1 1 5 2 4072 4073 4076
283 1 0 7 2 4082 4085 4090
295 1 1 10 8 4102 4110 4112
299 1 1 8 1 4112 4113 4120
300 1 0 0 1 4128 4130 4131
298 1 1 9 2 4112 4128 4135
293 1 1 6 10 4166 4170 4174
273 1 0 1 8 4172 4173 4180
306 1 0 0 3 4180 4188 4191
304 1 1 8 6 4191 4193 4195
303 1 1 10 2 4193 4199 4207
305 1 1 9 6 4201 4214 4217
309 1 0 0 7 4246 4249 4256
290 1 1 4 5 4273 4275 4276
311 1 0 10 7 4276 4279 4282
310 1 0 8 2 4293 4294 4300
312 1 0 9 6 4299 4307 4310
302 1 0 7 8 4307 4311 4312
294 1 1 2 1 4314 4317 4318
313 1 0 0 2 4302 4320 4322
301 1 0 5 3 4320 4325 4327
297 1 0 3 5 4358 4359 4361
318 1 1 0 7 4362 4363 4370
316 1 1 8 0 4373 4374 4382
307 1 0 6 8 4381 4382 4384
317 1 1 9 0 4381 4391 4400
315 1 1 10 9 4377 4410 4411
323 1 0 0 10 4414 4422 4432
325 1 0 10 9 4461 4462 4463
324 1 0 8 10 4464 4465 4467
326 1 1 9 0 4477 4478 4487
328 1 1 0 6 4481 4488 4494
319 1 1 7 2 4515 4516 4521
330 1 0 8 6 4547 4549 4551
321 1 0 5 6 4553 4554 4555
332 1 1 0 10 4552 4554 4564
329 1 1 10 4 4567 4568 4574
331 1 0 9 4 4582 4585 4590
335 1 1 0 2 4607 4611 4613
327 1 0 6 0 4634 4636 4642
314 1 1 4 1 4651 4653 4656
334 1 1 8 10 4654 4663 4665
338 1 1 9 4 4662 4666 4671
339 1 0 0 3 4673 4674 4677
320 1 1 2 7 4657 4673 4678
337 1 1 10 4 4659 4681 4687
308 1 1 1 0 4686 4690 4691
322 1 0 3 10 4736 4737 4744
342 1 0 8 6 4745 4747 4749
346 1 1 0 7 4742 4743 4750
345 1 0 9 4 4747 4752 4757
344 1 0 10 8 4756 4763 4765
333 1 1 7 3 4767 4768 4772
349 1 1 0 9 4798 4801 4810
336 1 1 5 0 4802 4814 4819
352 1 0 10 8 4827 4829 4831
351 1 0 9 5 4829 4830 4834
350 1 0 8 10 4852 4855 4857
340 1 0 6 3 4867 4871 4874
354 1 1 0 7 4870 4871 4878
357 1 1 9 5 4927 4928 4934
356 1 1 10 4 4926 4929 4935
360 1 0 0 10 4930 4933 4943
358 1 0 8 0 4953 4955 4963
363 1 0 0 1 4978 4979 4980
341 1 1 4 9 4994 4995 5000
362 1 1 9 10 4999 5000 5001
353 1 1 7 4 5006 5009 5012
361 1 1 10 8 5013 5019 5021
365 1 0 0 1 5044 5045 5046
343 1 0 2 5 5046 5047 5050
355 1 0 5 7 5049 5050 5052
364 1 1 8 9 5050 5051 5052
367 1 1 9 4 5089 5090 5095
369 1 0 10 6 5102 5105 5109
370 1 1 0 10 5097 5101 5111
359 1 0 6 10 5110 5111 5115
348 1 1 3 1 5105 5118 5120
373 1 0 8 2 5133 5135 5141
375 1 1 0 6 5161 5162 5168
374 1 1 9 5 5180 5183 5187
376 1 1 10 4 5181 5192 5198
347 1 0 1 8 5203 5204 5211
379 1 0 8 6 5225 5226 5228
380 1 1 0 6 5220 5224 5230
368 1 1 7 5 5264 5265 5267
381 1 0 9 3 5264 5265 5271
382 1 0 10 0 5260 5264 5274
384 1 0 0 2 5274 5275 5277
372 1 1 5 1 5276 5277 5281
385 1 0 8 3 5323 5329 5334
389 1 1 0 4 5335 5336 5340
366 1 0 4 0 5358 5359 5363
386 1 1 10 5 5356 5362 5367
388 1 1 9 2 5364 5371 5378
378 1 1 6 0 5384 5388 5394
392 1 1 0 8 5395 5396 5404
371 1 1 2 10 5400 5410 5418
391 1 1 8 3 5410 5420 5425
393 1 1 10 9 5439 5446 5447
397 1 0 0 2 5446 5447 5449
395 1 1 9 8 5448 5449 5450
377 1 0 3 4 5465 5466 5467
399 1 1 8 1 5494 5495 5502
387 1 0 7 4 5505 5508 5511
401 1 1 0 5 5522 5523 5528
400 1 1 10 9 5526 5533 5534
390 1 0 5 8 5532 5533 5536
402 1 1 9 5 5537 5538 5542
404 1 0 8 1 5586 5587 5594
406 1 0 0 6 5592 5595 5601
407 1 0 10 0 5598 5605 5615
411 1 0 0 2 5639 5640 5642
409 1 1 9 0 5630 5634 5643
396 1 0 6 0 5643 5647 5653
410 1 0 8 7 5681 5689 5690
412 1 0 10 1 5686 5693 5702
414 1 1 0 10 5698 5699 5709
413 1 1 9 10 5719 5720 5721
383 1 0 1 3 5720 5721 5723
398 1 0 2 9 5738 5739 5746
405 1 0 7 1 5745 5748 5754
394 1 0 4 5 5752 5757 5758
408 1 0 5 2 5754 5759 5762
418 1 0 0 7 5751 5764 5771
416 1 0 8 0 5771 5772 5780
417 1 1 10 6 5780 5781 5785
419 1 1 9 2 5810 5813 5820
423 1 0 0 9 5811 5812 5821
403 1 1 3 5 5839 5840 5842
427 1 0 10 3 5847 5848 5855
429 1 0 0 7 5873 5876 5883
415 1 0 6 0 5880 5884 5890
426 1 0 8 3 5879 5898 5903
428 1 1 9 10 5906 5910 5911
431 1 1 10 0 5925 5926 5936
432 1 1 0 2 5949 5950 5952
433 1 0 8 1 5973 5978 5985
435 1 1 9 8 5985 5992 5993
422 1 1 7 8 5991 5994 5995
437 1 0 0 3 6001 6002 6005
436 1 1 10 9 6013 6015 6016
425 1 0 5 8 6022 6024 6027
441 1 0 0 1 6050 6058 6059
438 1 1 8 4 6057 6058 6062
439 1 1 9 0 6078 6083 6092
444 1 1 0 2 6111 6112 6114
442 1 0 10 0 6099 6108 6118
434 1 0 6 3 6116 6124 6127
421 1 1 2 10 6125 6126 6134
424 1 0 4 10 6138 6139 6145
445 1 0 8 3 6140 6147 6152
430 1 0 3 7 6166 6167 6171
446 1 1 9 8 6176 6177 6178
448 1 0 0 9 6174 6181 6190
447 1 0 10 9 6200 6201 6202
452 1 1 8 10 6216 6217 6219
440 1 0 7 8 6228 6230 6231
420 1 0 1 5 6240 6242 6248
454 1 0 0 6 6235 6243 6249
455 1 1 9 3 6259 6260 6266
443 1 0 5 4 6284 6285 6286
456 1 0 10 2 6286 6292 6300
459 1 0 0 8 6296 6302 6310
457 1 0 8 6 6323 6324 6326
449 1 0 6 4 6346 6347 6349
464 1 1 0 1 6355 6358 6359
461 1 0 9 2 6359 6364 6371
463 1 0 10 0 6382 6390 6400
467 1 0 0 1 6417 6418 6419
465 1 1 8 5 6417 6424 6427
458 1 1 7 3 6439 6441 6445
468 1 1 9 4 6455 6461 6466
469 1 1 10 4 6474 6480 6486
471 1 0 0 4 6491 6492 6496
450 1 0 2 9 6501 6503 6510
451 1 0 4 10 6503 6505 6511
470 1 1 8 0 6502 6506 6514
453 1 0 3 5 6506 6518 6520
473 1 0 9 7 6545 6549 6551
475 1 1 0 5 6557 6558 6563
474 1 1 10 8 6562 6568 6570
462 1 0 5 2 6572 6574 6577
466 1 1 6 4 6587 6589 6591
477 1 1 8 7 6590 6595 6596
481 1 0 0 5 6615 6617 6622
480 1 1 9 8 6636 6638 6639
482 1 1 10 4 6637 6641 6647
486 1 1 0 1 6665 6669 6670
472 1 0 7 9 6673 6675 6677
485 1 0 8 2 6681 6682 6688
489 1 1 0 2 6726 6727 6729
487 1 0 9 4 6724 6731 6736
488 1 0 10 3 6724 6742 6749
491 1 0 8 6 6774 6779 6781
460 1 1 1 9 6776 6777 6785
494 1 0 0 8 6786 6792 6800
492 1 1 10 5 6808 6809 6814
483 1 1 5 8 6815 6816 6819
493 1 1 9 0 6818 6820 6829
484 1 0 6 3 6834 6836 6839
497 1 1 0 6 6835 6836 6842
478 1 0 4 2 6844 6845 6847
476 1 0 2 5 6854 6855 6858
479 1 0 3 8 6870 6872 6877
495 1 0 8 9 6873 6877 6878
498 1 0 10 1 6883 6884 6893
502 1 0 0 4 6891 6894 6898
490 1 1 7 9 6905 6906 6908
500 1 1 9 4 6914 6915 6920
508 1 0 0 6 6962 6966 6972
506 1 0 8 0 6973 6975 6983
507 1 1 10 3 6985 6991 6998
510 1 1 9 8 7003 7009 7010
499 1 1 5 1 7033 7036 7040
511 1 0 0 8 7034 7035 7043
512 1 0 8 4 7077 7078 7082
513 1 0 10 2 7083 7089 7097
514 1 0 9 2 7088 7090 7097
501 1 0 6 2 7092 7093 7097
516 1 1 0 8 7112 7113 7121
509 1 1 7 1 7153 7154 7160
517 1 1 8 5 7159 7167 7170
521 1 0 0 3 7173 7175 7178
519 1 1 9 6 7183 7187 7190
518 1 1 10 4 7186 7194 7200
503 1 1 4 10 7200 7201 7207
504 1 0 2 6 7221 7222 7226
524 1 0 0 2 7227 7233 7235
523 1 1 8 0 7237 7239 7247
505 1 0 3 0 7259 7260 7263
515 1 0 5 7 7261 7268 7270
525 1 0 9 1 7276 7278 7286
526 1 0 10 4 7283 7295 7301
529 1 1 0 7 7294 7295 7302
496 1 1 1 8 7299 7308 7315
520 1 0 6 9 7329 7331 7334
530 1 0 8 2 7352 7353 7359
535 1 1 0 1 7351 7359 7360
533 1 0 9 6 7362 7369 7372
534 1 0 10 5 7368 7376 7381
522 1 0 7 8 7403 7405 7406
538 1 1 0 1 7419 7420 7421
539 1 0 8 2 7466 7467 7473
540 1 0 9 3 7471 7480 7486
543 1 1 0 8 7479 7480 7488
541 1 0 10 3 7466 7493 7500
532 1 0 5 6 7499 7502 7503
547 1 0 0 6 7527 7533 7539
544 1 1 8 1 7560 7561 7568
537 1 0 6 8 7574 7575 7577
527 1 1 4 10 7561 7571 7577
546 1 1 9 7 7564 7578 7580
545 1 1 10 5 7567 7583 7588
528 1 1 2 4 7588 7591 7593
549 1 1 0 7 7594 7598 7605
542 1 1 7 3 7632 7633 7637
531 1 1 3 5 7642 7643 7645
550 1 0 8 0 7643 7644 7652
556 1 0 0 8 7648 7653 7661
553 1 0 10 6 7651 7663 7667
552 1 0 9 5 7666 7670 7674
560 1 0 0 5 7709 7714 7719
559 1 0 8 6 7745 7748 7750
562 1 1 9 1 7745 7749 7757
548 1 0 5 7 7764 7765 7767
561 1 1 10 1 7745 7766 7775
563 1 1 0 1 7775 7776 7777
554 1 0 6 3 7774 7775 7778
565 1 0 8 7 7823 7828 7829
536 1 1 1 3 7827 7828 7830
564 1 0 9 4 7823 7831 7836
569 1 0 0 7 7834 7840 7847
566 1 0 10 9 7844 7850 7851
557 1 0 7 0 7858 7860 7867
573 1 0 0 2 7891 7892 7894
570 1 1 8 1 7909 7914 7921
551 1 0 4 5 7926 7928 7929
571 1 1 9 2 7913 7929 7936
574 1 1 10 6 7935 7944 7948
555 1 0 2 5 7954 7957 7960
576 1 0 0 3 7962 7967 7970
578 1 1 9 4 8006 8009 8014
577 1 1 8 4 8008 8010 8014
568 1 1 6 7 8011 8016 8017
567 1 1 5 9 8009 8015 8019
558 1 0 3 5 8017 8018 8020
582 1 0 0 6 8020 8025 8031
580 1 1 10 4 8039 8040 8046
575 1 0 7 8 8074 8075 8076
583 1 0 9 7 8090 8091 8093
588 1 1 0 2 8093 8097 8099
584 1 0 8 2 8115 8116 8122
589 1 1 10 5 8129 8137 8142
592 1 0 0 7 8153 8155 8162
591 1 0 9 6 8188 8190 8193
593 1 0 8 1 8208 8210 8217
595 1 0 0 2 8211 8218 8220
594 1 1 10 0 8222 8227 8237
585 1 0 5 1 8241 8244 8248
586 1 0 6 3 8247 8253 8256
598 1 1 0 1 8273 8274 8275
596 1 0 9 2 8275 8281 8288
597 1 0 8 9 8289 8295 8296
590 1 0 7 10 8298 8300 8303
579 1 0 4 3 8300 8309 8310
599 1 0 10 1 8309 8317 8326
581 1 0 2 1 8323 8325 8326
602 1 0 0 7 8335 8336 8343
572 1 1 1 3 8343 8344 8346
603 1 0 9 1 8363 8365 8373
587 1 1 3 8 8369 8370 8375
604 1 1 8 9 8381 8382 8383
609 1 0 0 9 8376 8377 8386
607 1 0 10 2 8406 8407 8415
613 1 0 0 4 8432 8434 8438
611 1 1 9 5 8442 8443 8447
600 1 1 5 6 8467 8468 8469
601 1 1 6 3 8479 8480 8483
614 1 1 8 4 8479 8488 8492
615 1 1 10 4 8488 8498 8504
616 1 0 0 4 8498 8502 8506
617 1 0 9 3 8533 8538 8544
622 1 0 0 5 8553 8556 8561
605 1 0 7 2 8559 8563 8568
619 1 0 8 4 8562 8574 8578
621 1 0 10 2 8556 8584 8592
624 1 0 0 4 8605 8607 8611
623 1 0 9 2 8628 8633 8640
627 1 1 8 1 8644 8648 8655
628 1 0 0 1 8661 8663 8664
625 1 1 10 9 8654 8664 8665
606 1 0 4 7 8668 8671 8674
618 1 0 5 9 8697 8699 8703
630 1 1 8 7 8728 8729 8730
629 1 1 9 0 8727 8728 8737
608 1 0 2 7 8727 8729 8738
632 1 0 0 10 8722 8731 8741
612 1 1 3 0 8736 8740 8743
620 1 0 6 1 8738 8745 8750
631 1 0 10 9 8748 8759 8760
635 1 1 0 7 8787 8788 8795
626 1 1 7 10 8802 8803 8806
636 1 0 9 1 8803 8804 8812
638 1 0 8 5 8806 8819 8822
641 1 1 10 8 8829 8830 8832
610 1 0 1 7 8823 8827 8833
642 1 0 0 2 8832 8840 8842
645 1 1 8 10 8897 8898 8900
648 1 0 0 10 8890 8892 8902
644 1 1 9 4 8899 8901 8906
647 1 0 10 3 8914 8915 8922
634 1 1 5 6 8940 8941 8942
649 1 0 0 7 8956 8959 8966
640 1 1 6 7 8983 8984 8985
650 1 1 8 10 8985 8986 8988
651 1 1 9 4 8997 8998 9003
633 1 1 4 5 9011 9012 9013
652 1 0 10 6 9008 9011 9015
654 1 1 0 6 9012 9018 9024
643 1 0 7 1 9027 9028 9034
660 1 0 0 7 9064 9065 9072
656 1 1 8 0 9065 9067 9075
658 1 0 10 5 9098 9101 9106
657 1 0 9 2 9106 9110 9117
637 1 0 2 0 9111 9117 9119
662 1 1 0 1 9117 9118 9119
639 1 1 3 5 9121 9123 9125
663 1 1 8 10 9159 9162 9164
653 1 0 5 0 9166 9171 9176
667 1 0 0 3 9173 9177 9180
664 1 1 10 6 9182 9183 9187
655 1 1 6 3 9220 9221 9224
665 1 1 9 7 9220 9230 9232
671 1 0 0 5 9236 9239 9244
669 1 1 8 0 9237 9238 9246
672 1 0 10 7 9265 9270 9273
661 1 0 7 4 9268 9273 9276
675 1 1 0 9 9289 9290 9299
676 1 1 8 1 9326 9327 9334
646 1 0 1 5 9337 9340 9344
674 1 1 9 3 9326 9342 9348
659 1 0 4 0 9350 9351 9355
679 1 0 0 3 9352 9356 9359
677 1 1 10 0 9346 9355 9365
685 1 1 0 6 9415 9416 9422
680 1 0 8 3 9415 9420 9425
670 1 1 5 0 9419 9423 9428
681 1 0 9 4 9415 9431 9436
673 1 0 6 5 9447 9451 9452
683 1 0 10 3 9441 9447 9454
668 1 0 3 7 9450 9455 9459
688 1 1 0 2 9475 9476 9478
666 1 1 2 7 9482 9483 9488
686 1 1 9 2 9490 9492 9499
678 1 0 7 2 9503 9504 9509
687 1 1 8 9 9522 9528 9529
693 1 0 0 1 9540 9542 9543
690 1 1 10 2 9542 9543 9551
698 1 0 0 4 9591 9592 9596
695 1 0 9 2 9596 9601 9608
697 1 0 8 10 9608 9614 9616
699 1 0 10 1 9638 9639 9648
689 1 0 5 0 9640 9644 9649
700 1 0 0 7 9659 9660 9667
702 1 0 8 5 9675 9676 9679
684 1 0 4 8 9695 9696 9700
701 1 0 9 2 9701 9702 9709
691 1 1 6 5 9719 9723 9724
696 1 1 7 4 9722 9726 9729
705 1 0 0 5 9724 9726 9731
703 1 0 10 2 9734 9739 9747
706 1 1 8 9 9774 9778 9779
711 1 0 0 3 9776 9778 9781
708 1 1 9 1 9786 9787 9795
692 1 0 3 0 9794 9795 9798
694 1 1 2 0 9814 9815 9817
712 1 0 10 4 9829 9839 9845
714 1 1 0 2 9843 9844 9846
682 1 1 1 7 9864 9865 9871
713 1 0 8 0 9864 9868 9876
704 1 0 5 1 9874 9881 9885
715 1 0 9 6 9869 9893 9896
719 1 0 0 5 9903 9909 9914
718 1 1 10 8 9927 9930 9932
709 1 0 6 5 9949 9950 9951
720 1 1 8 10 9962 9963 9965
722 1 1 9 3 9965 9966 9972
710 1 0 7 10 9972 9974 9977
724 1 1 0 7 9968 9975 9982
725 1 0 10 6 10001 10002 10006
728 1 1 9 7 10029 10031 10033
729 1 0 0 7 10024 10030 10037
707 1 0 4 2 10039 10042 10044
727 1 1 8 0 10052 10053 10061
732 1 1 0 5 10081 10082 10087
731 1 0 10 2 10076 10084 10092
723 1 1 5 7 10101 10102 10104
733 1 1 9 0 10128 10130 10139
737 1 1 0 2 10140 10141 10143
735 1 1 8 6 10143 10149 10151
736 1 1 10 5 10159 10163 10168
716 1 0 3 8 10163 10164 10169
726 1 1 6 1 10176 10177 10182
730 1 0 7 0 10197 10198 10205
717 1 1 2 10 10198 10199 10207
740 1 1 0 5 10201 10217 10222
739 1 1 9 3 10220 10226 10232
741 1 1 8 1 10236 10241 10248
747 1 0 0 4 10251 10252 10256
742 1 1 10 5 10244 10257 10262
748 1 1 9 0 10305 10309 10318
751 1 1 0 9 10311 10319 10328
749 1 1 8 0 10324 10329 10337
738 1 1 5 7 10324 10342 10344
750 1 1 10 8 10347 10350 10352
721 1 0 1 10 10375 10378 10387
752 1 0 9 0 10386 10388 10397
744 1 1 6 3 10398 10400 10403
753 1 0 0 6 10383 10398 10404
734 1 1 4 7 10407 10408 10411
754 1 1 8 10 10424 10425 10427
758 1 0 0 7 10440 10446 10453
745 1 0 7 9 10453 10454 10456
756 1 1 10 1 10448 10449 10458
759 1 0 9 5 10467 10468 10472
763 1 1 0 9 10502 10503 10512
743 1 0 3 7 10518 10520 10524
762 1 1 8 6 10532 10533 10535
764 1 0 10 7 10544 10547 10550
746 1 1 2 8 10545 10549 10555
766 1 1 9 3 10558 10559 10565
755 1 0 5 6 10565 10567 10568
767 1 1 0 4 10561 10568 10572
769 1 0 8 6 10619 10621 10623
773 1 0 0 9 10622 10629 10638
772 1 0 9 7 10638 10639 10641
770 1 0 10 1 10632 10644 10653
760 1 1 6 0 10668 10670 10676
776 1 1 0 7 10684 10685 10692
765 1 1 7 2 10705 10706 10711
775 1 1 8 2 10713 10719 10725
777 1 1 10 8 10714 10733 10735
780 1 0 0 5 10730 10731 10736
778 1 1 9 0 10728 10732 10743
761 1 0 4 9 10790 10791 10796
785 1 1 0 2 10793 10794 10796
783 1 0 10 6 10796 10797 10801
782 1 0 8 1 10811 10813 10820
784 1 0 9 1 10811 10828 10836
787 1 1 0 1 10838 10840 10841
774 1 0 5 8 10824 10840 10843
768 1 1 3 2 10871 10873 10874
788 1 0 10 2 10873 10875 10883
757 1 1 1 4 10883 10884 10887
771 1 0 2 5 10897 10898 10901
792 1 0 0 8 10894 10896 10904
789 1 0 8 4 10903 10905 10909
790 1 0 9 0 10897 10914 10923
781 1 1 7 6 10941 10944 10945
779 1 1 6 5 10945 10946 10947
796 1 0 0 9 10954 10955 10964
794 1 0 10 3 10957 10965 10972
797 1 1 9 2 10989 10993 11000
799 1 0 8 2 11000 11005 11011
802 1 0 0 2 11010 11013 11015
803 1 1 10 9 11053 11061 11062
791 1 0 5 10 11060 11063 11068
806 1 1 0 7 11073 11082 11089
804 1 0 9 0 11089 11090 11099
805 1 1 8 4 11097 11098 11102
809 1 0 0 5 11138 11139 11144
786 1 1 4 0 11139 11140 11144
807 1 0 10 5 11143 11149 11154
800 1 0 7 0 11168 11170 11177
801 1 0 6 7 11182 11188 11189
811 1 0 8 3 11187 11190 11195
810 1 0 9 3 11191 11201 11207
812 1 1 0 3 11205 11206 11209
793 1 0 3 0 11206 11207 11210
814 1 1 10 6 11230 11237 11241
798 1 0 2 1 11261 11263 11264
819 1 0 0 6 11266 11267 11273
808 1 0 5 0 11284 11285 11290
817 1 1 8 2 11282 11284 11290
818 1 1 9 4 11296 11303 11308
821 1 1 10 0 11316 11322 11332
823 1 0 0 6 11326 11327 11333
824 1 0 8 3 11373 11375 11380
826 1 0 9 3 11387 11393 11399
828 1 1 0 3 11396 11397 11400
815 1 0 7 6 11396 11403 11404
816 1 0 6 4 11412 11413 11415
795 1 1 1 2 11421 11423 11424
827 1 0 10 5 11420 11426 11431
832 1 1 0 4 11464 11466 11470
829 1 1 8 2 11469 11474 11480
813 1 1 4 6 11477 11482 11484
830 1 1 9 4 11479 11487 11492
834 1 0 10 5 11507 11512 11517
836 1 1 0 1 11526 11530 11531
820 1 1 3 4 11548 11550 11551
825 1 0 5 2 11550 11551 11554
837 1 0 8 1 11552 11560 11567
839 1 0 9 1 11560 11575 11583
841 1 0 0 9 11575 11584 11593
822 1 1 2 0 11595 11597 11599
840 1 0 10 5 11604 11605 11610
846 1 1 0 8 11624 11625 11633
844 1 1 8 7 11642 11643 11644
831 1 1 7 10 11644 11645 11648
845 1 1 9 0 11651 11652 11661
833 1 0 6 8 11660 11661 11663
849 1 1 0 8 11683 11684 11692
848 1 0 10 8 11689 11691 11693
850 1 1 8 10 11725 11726 11728
854 1 0 0 1 11738 11746 11747
852 1 1 9 1 11753 11754 11762
843 1 0 5 3 11770 11774 11776
855 1 0 10 6 11787 11794 11798
857 1 1 0 8 11789 11790 11798
856 1 1 8 1 11805 11806 11813
838 1 0 4 9 11825 11827 11832
858 1 0 9 7 11835 11836 11838
861 1 1 0 5 11845 11846 11851
860 1 0 10 5 11868 11871 11876
851 1 0 7 3 11870 11874 11878
862 1 1 8 9 11900 11903 11904
842 1 0 3 4 11908 11909 11910
865 1 0 0 5 11903 11906 11911
864 1 1 9 8 11933 11934 11935
853 1 0 6 3 11933 11934 11937
835 1 0 1 0 11936 11939 11940
866 1 1 10 8 11944 11946 11948
847 1 0 2 10 11952 11954 11962
869 1 1 0 2 11972 11980 11982
868 1 0 8 0 11987 11989 11997
859 1 1 5 9 12000 12003 12007
871 1 1 9 6 12014 12015 12018
874 1 1 10 8 12037 12041 12043
876 1 0 0 9 12041 12042 12051
877 1 1 8 1 12071 12072 12079
867 1 0 7 6 12086 12088 12089
881 1 1 0 9 12104 12105 12114
879 1 1 9 4 12108 12115 12120
880 1 0 10 0 12147 12151 12161
872 1 0 6 7 12153 12167 12168
882 1 0 8 4 12168 12169 12173
884 1 0 0 2 12171 12177 12179
885 1 1 9 5 12192 12197 12201
863 1 1 4 0 12209 12210 12214
878 1 0 5 3 12221 12224 12226
889 1 1 0 3 12254 12255 12258
886 1 0 10 1 12247 12254 12263
888 1 0 8 4 12260 12270 12274
875 1 1 2 10 12280 12281 12289
890 1 1 9 0 12285 12290 12299
870 1 1 3 2 12298 12302 12303
894 1 1 0 3 12316 12318 12321
883 1 0 7 3 12321 12324 12328
893 1 0 10 2 12327 12335 12343
895 1 1 8 6 12360 12365 12367
897 1 1 9 6 12368 12371 12374
887 1 1 6 5 12375 12376 12377
899 1 0 0 7 12388 12390 12397
901 1 0 10 7 12408 12411 12414
902 1 0 8 5 12436 12437 12440
905 1 1 0 5 12450 12455 12460
903 1 1 9 2 12455 12464 12471
892 1 0 5 3 12476 12477 12479
873 1 1 1 6 12492 12493 12498
906 1 0 10 2 12492 12499 12507
907 1 1 8 10 12514 12516 12518
908 1 0 0 5 12515 12517 12522
909 1 1 9 8 12535 12536 12537
914 1 0 0 3 12558 12563 12566
913 1 1 8 9 12597 12598 12599
891 1 0 4 10 12596 12597 12603
911 1 0 10 7 12604 12605 12608
900 1 1 7 0 12597 12601 12608
904 1 0 6 5 12607 12609 12610
916 1 1 0 4 12602 12609 12613
915 1 0 9 1 12620 12624 12632
896 1 0 2 9 12631 12633 12640
920 1 1 0 9 12659 12663 12672
898 1 1 3 8 12678 12684 12689
919 1 1 8 9 12689 12690 12691
921 1 1 10 8 12697 12698 12700
923 1 0 9 5 12710 12711 12715
910 1 0 5 0 12713 12715 12720
925 1 0 0 6 12731 12732 12738
927 1 1 8 7 12776 12777 12778
928 1 1 10 9 12783 12786 12787
931 1 0 0 9 12796 12802 12811
929 1 1 9 4 12807 12808 12813
922 1 1 6 2 12824 12826 12830
918 1 0 7 4 12832 12834 12837
932 1 0 8 2 12853 12857 12863
933 1 1 10 5 12864 12872 12877
934 1 0 0 10 12866 12868 12878
935 1 0 9 2 12898 12899 12906
940 1 0 0 1 12915 12917 12918
938 1 1 8 3 12945 12948 12953
917 1 1 4 0 12949 12952 12956
939 1 1 10 5 12946 12966 12971
942 1 0 0 5 12967 12968 12973
930 1 1 5 6 12963 12972 12973
941 1 1 9 7 12970 12976 12978
924 1 0 2 0 12987 12990 12992
947 1 0 0 2 13011 13012 13014
912 1 0 1 10 13013 13015 13024
926 1 1 3 6 13039 13043 13046
944 1 0 10 2 13045 13046 13054
943 1 1 8 4 13056 13058 13062
936 1 1 6 5 13063 13065 13066
950 1 0 0 10 13066 13068 13078
948 1 0 9 1 13077 13079 13087
937 1 0 7 10 13077 13093 13096
953 1 0 10 9 13123 13124 13125
954 1 0 8 10 13147 13148 13150
956 1 0 0 6 13149 13160 13166
958 1 0 9 3 13165 13169 13175
946 1 1 5 10 13182 13183 13188
961 1 0 0 2 13217 13220 13222
959 1 1 10 5 13227 13228 13233
960 1 1 8 2 13234 13237 13243
962 1 1 9 1 13270 13277 13285
964 1 1 0 9 13284 13286 13295
965 1 1 10 9 13313 13314 13315
955 1 1 6 2 13315 13318 13322
957 1 0 7 10 13325 13330 13333
966 1 1 8 4 13325 13331 13335
945 1 0 4 5 13330 13339 13340
968 1 1 0 8 13351 13355 13363
949 1 1 2 9 13356 13357 13364
967 1 1 9 5 13361 13365 13369
969 1 1 10 7 13387 13392 13395
952 1 0 3 7 13402 13404 13408
971 1 0 8 5 13419 13420 13423
974 1 1 0 8 13409 13416 13424
963 1 0 5 7 13439 13440 13442
976 1 1 9 2 13442 13443 13450
979 1 1 0 5 13459 13461 13466
977 1 0 10 2 13497 13500 13508
980 1 1 8 2 13509 13512 13518
983 1 0 0 4 13513 13515 13519
982 1 0 9 3 13521 13526 13532
951 1 1 1 3 13531 13532 13534
970 1 1 6 8 13541 13544 13546
986 1 0 0 1 13554 13557 13558
972 1 1 7 3 13564 13565 13569
984 1 1 10 8 13587 13594 13596
985 1 1 8 10 13599 13600 13602
990 1 0 0 3 13602 13603 13606
987 1 1 9 6 13602 13603 13606
994 1 0 0 3 13663 13666 13669
992 1 0 10 4 13668 13676 13682
981 1 0 5 3 13672 13681 13683
973 1 0 4 3 13682 13684 13685
993 1 1 8 1 13703 13705 13712
995 1 1 9 7 13703 13720 13722
996 1 0 0 9 13722 13725 13734
975 1 1 2 4 13734 13739 13741
997 1 0 10 3 13748 13749 13756
978 1 1 3 7 13753 13754 13758
1002 1 0 0 4 13771 13774 13778
1001 1 1 8 10 13783 13784 13786
991 1 0 7 1 13792 13795 13801
989 1 1 6 10 13803 13807 13811
1000 1 1 9 10 13807 13810 13811
1006 1 0 0 3 13837 13838 13841
1004 1 1 10 4 13835 13836 13842
1007 1 1 8 1 13862 13866 13873
1012 1 1 0 6 13890 13891 13897
1010 1 1 9 5 13891 13900 13904
998 1 1 5 4 13915 13916 13917
1011 1 1 10 0 13928 13934 13944
1013 1 0 8 7 13953 13958 13959
1014 1 1 0 6 13960 13961 13967
1015 1 0 9 1 13990 13992 14000
1017 1 1 10 0 14011 14015 14025
1008 1 1 7 1 14020 14032 14038
1019 1 0 0 9 14036 14037 14046
1018 1 1 8 7 14036 14045 14046
999 1 1 4 10 14056 14059 14065
1009 1 1 6 1 14060 14069 14074
988 1 1 1 8 14058 14075 14082
1020 1 0 9 3 14078 14079 14085
1005 1 0 3 7 14092 14093 14097
1003 1 0 2 10 14095 14102 14110
1023 1 0 0 3 14102 14120 14123
1021 1 0 10 6 14111 14130 14134
1024 1 1 8 9 14132 14133 14134
1016 1 0 5 8 14137 14138 14141
1028 1 1 9 6 14165 14166 14169
1031 1 0 0 5 14161 14169 14174
1032 1 1 10 9 14203 14207 14208
1035 1 0 0 1 14218 14223 14224
1033 1 1 8 7 14239 14240 14241
1036 1 1 9 8 14260 14262 14263
1022 1 1 7 2 14265 14266 14271
1038 1 0 0 10 14291 14292 14302
1037 1 0 10 5 14311 14312 14317
1027 1 0 6 10 14312 14318 14322
1039 1 0 8 3 14330 14332 14337
1042 1 1 0 3 14345 14347 14350
1040 1 1 9 6 14354 14360 14363
1034 1 1 5 9 14389 14390 14394
1025 1 0 4 6 14398 14399 14401
1043 1 1 10 6 14396 14397 14401
1046 1 1 0 9 14404 14410 14419
1045 1 1 8 4 14415 14420 14424
1047 1 0 9 3 14449 14452 14458
1051 1 1 0 10 14449 14453 14463
1029 1 0 3 7 14461 14462 14466
1049 1 1 10 2 14477 14478 14486
1030 1 0 2 10 14474 14479 14487
1052 1 0 8 0 14499 14501 14509
1053 1 0 0 2 14519 14520 14522
1054 1 0 9 6 14526 14533 14536
1041 1 0 7 3 14541 14542 14546
1044 1 0 6 1 14570 14573 14578
1057 1 0 10 6 14573 14587 14591
1058 1 0 8 5 14579 14585 14592
1059 1 1 0 10 14590 14592 14602
1060 1 1 9 4 14601 14603 14608
1026 1 1 1 0 14596 14611 14612
1048 1 0 5 0 14612 14613 14618
1065 1 1 0 7 14650 14651 14658
1064 1 1 8 7 14663 14664 14665
1063 1 1 10 2 14664 14668 14676
1067 1 1 9 1 14672 14683 14691
1069 1 0 0 9 14703 14704 14713
1070 1 0 8 7 14748 14749 14750
1072 1 0 9 10 14762 14764 14765
1073 1 1 0 10 14757 14758 14768
1071 1 0 10 0 14767 14768 14778
1050 1 0 4 0 14774 14782 14786
1062 1 1 6 5 14811 14815 14816
1061 1 1 7 0 14812 14814 14821
1075 1 0 0 8 14819 14820 14828
1074 1 0 8 7 14828 14829 14830
1056 1 0 2 3 14824 14835 14836
1055 1 0 3 2 14831 14837 14838
1076 1 0 9 8 14845 14852 14853
1077 1 0 10 6 14862 14864 14868
1068 1 0 5 2 14868 14869 14872
1081 1 1 0 10 14876 14877 14887
1083 1 1 8 5 14922 14924 14927
1088 1 0 0 8 14928 14930 14938
1085 1 0 9 2 14945 14946 14953
1086 1 1 10 5 14955 14960 14965
1090 1 0 0 7 14988 14990 14997
1089 1 0 8 5 15025 15026 15029
1079 1 0 6 8 15049 15050 15052
1091 1 0 9 5 15051 15053 15057
1093 1 1 0 9 15047 15052 15061
1092 1 0 10 7 15049 15062 15065
1080 1 0 7 6 15079 15080 15081
1087 1 0 5 0 15101 15102 15107
1078 1 0 4 2 15107 15111 15113
1066 1 0 1 8 15120 15121 15128
1095 1 0 0 6 15120 15136 15142
1094 1 0 8 6 15129 15144 15146
1098 1 1 9 4 15141 15142 15147
1097 1 0 10 3 15150 15154 15161
1082 1 0 2 3 15174 15178 15179
1102 1 0 0 9 15173 15176 15185
1084 1 1 3 0 15189 15190 15193
1107 1 1 0 4 15227 15228 15232
1104 1 0 8 10 15232 15233 15235
1105 1 0 9 8 15233 15236 15237
1106 1 0 10 2 15252 15254 15262
1110 1 0 0 8 15279 15281 15289
1099 1 0 7 5 15297 15298 15300
1096 1 0 6 3 15306 15307 15310
1100 1 0 5 6 15326 15328 15329
1112 1 1 9 8 15323 15328 15329
1111 1 1 8 1 15328 15329 15336
1113 1 0 10 9 15336 15340 15341
1114 1 1 0 4 15348 15349 15353
1119 1 0 8 5 15411 15412 15415
1121 1 1 0 9 15407 15411 15420
1120 1 0 10 9 15411 15420 15421
1117 1 0 9 10 15424 15425 15426
1101 1 1 4 3 15450 15455 15456
1122 1 1 0 10 15468 15471 15481
1123 1 1 8 4 15490 15492 15496
1124 1 0 10 2 15504 15505 15513
1127 1 0 0 1 15526 15528 15529
1125 1 1 9 6 15523 15528 15531
1108 1 0 2 6 15530 15531 15535
1115 1 1 7 1 15531 15532 15538
1116 1 0 6 10 15537 15538 15542
1118 1 1 5 6 15545 15549 15550
1109 1 1 3 2 15548 15553 15554
1131 1 1 0 10 15577 15579 15589
1128 1 1 8 1 15587 15591 15598
1130 1 0 9 6 15598 15599 15602
1129 1 0 10 8 15604 15608 15610
1137 1 1 0 5 15648 15649 15654
1103 1 1 1 10 15652 15658 15667
1138 1 0 8 2 15665 15666 15672
1139 1 1 9 10 15696 15697 15698
1140 1 1 10 1 15704 15705 15714
1141 1 1 0 7 15716 15717 15724
1143 1 1 8 7 15762 15763 15764
1134 1 1 6 10 15764 15765 15769
1133 1 1 7 6 15776 15779 15780
1146 1 0 0 9 15776 15778 15787
1145 1 0 10 8 15790 15791 15793
1135 1 1 5 7 15798 15799 15801
1126 1 1 4 8 15802 15805 15809
1144 1 0 9 1 15803 15804 15812
1150 1 0 0 5 15842 15843 15848
1151 1 1 10 6 15865 15867 15871
1147 1 1 8 7 15872 15874 15875
1132 1 0 2 7 15872 15875 15880
1154 1 0 9 6 15897 15899 15902
1155 1 0 0 4 15903 15909 15913
1136 1 0 3 5 15927 15928 15930
1156 1 1 10 5 15952 15955 15960
1160 1 0 0 10 15961 15966 15976
1158 1 0 8 6 15990 15992 15994
1159 1 0 9 4 15998 16001 16006
1149 1 0 7 9 16002 16009 16011
1163 1 1 0 5 16011 16016 16021
1148 1 1 6 2 16016 16022 16026
1162 1 0 10 9 16034 16035 16036
1152 1 1 5 3 16053 16056 16058
1167 1 1 0 5 16070 16073 16078
1164 1 0 8 2 16077 16078 16084
1165 1 1 9 8 16095 16099 16100
1142 1 0 1 4 16105 16106 16109
1169 1 1 10 2 16128 16130 16138
1171 1 0 0 10 16126 16130 16140
1172 1 0 8 3 16151 16153 16158
1153 1 0 4 5 16162 16163 16164
1175 1 1 0 3 16194 16196 16199
1173 1 0 9 5 16192 16196 16200
1176 1 0 10 7 16206 16211 16214
1166 1 0 7 4 16210 16214 16217
1157 1 1 2 5 16231 16232 16235
1177 1 1 8 4 16239 16242 16246
1168 1 0 6 1 16254 16256 16261
1180 1 0 0 2 16261 16262 16264
1170 1 1 5 3 16281 16282 16284
1161 1 0 3 8 16286 16287 16292
1179 1 1 9 0 16282 16290 16299
1181 1 0 10 8 16317 16319 16321
1186 1 1 0 1 16319 16320 16321
1184 1 0 8 3 16337 16338 16343
1191 1 1 0 2 16373 16374 16376
1188 1 0 9 5 16378 16384 16388
1190 1 0 10 8 16404 16409 16411
1192 1 0 8 4 16431 16432 16436
1193 1 1 0 9 16425 16427 16436
1182 1 1 7 6 16437 16439 16440
1194 1 1 9 0 16454 16457 16466
1196 1 1 0 6 16481 16482 16488
1195 1 1 10 3 16487 16492 16499
1185 1 1 6 2 16493 16496 16500
1187 1 0 5 6 16517 16518 16519
1197 1 0 8 3 16517 16521 16526
1200 1 1 0 5 16540 16542 16547
1199 1 1 9 4 16547 16551 16556
1178 1 1 4 6 16556 16557 16559
1201 1 1 10 2 16572 16576 16584
1183 1 1 2 3 16589 16590 16591
1205 1 1 0 1 16603 16606 16607
1174 1 1 1 7 16610 16611 16617
1204 1 1 8 5 16621 16622 16625
1206 1 1 9 5 16636 16640 16644
1198 1 1 7 5 16658 16660 16662
1189 1 0 3 10 16661 16662 16669
1210 1 0 0 5 16663 16679 16684
1208 1 0 10 7 16670 16689 16692
1212 1 0 8 6 16706 16707 16709
1216 1 1 0 3 16722 16727 16730
1213 1 0 9 1 16732 16735 16743
1202 1 0 6 5 16739 16748 16749
1217 1 0 10 9 16762 16767 16768
1203 1 1 5 9 16765 16767 16771
1219 1 1 0 4 16779 16788 16792
1218 1 0 8 5 16792 16793 16796
1220 1 0 9 8 16828 16832 16833
1224 1 1 0 3 16843 16847 16850
1207 1 1 4 10 16844 16851 16857
1222 1 1 10 3 16864 16865 16872
1225 1 0 8 2 16881 16882 16888
1227 1 0 0 6 16900 16902 16908
1214 1 0 7 0 16909 16910 16917
1226 1 1 9 6 16919 16925 16928
1209 1 0 2 6 16956 16958 16962
1229 1 0 10 3 16958 16966 16973
1230 1 0 8 2 16964 16968 16974
1231 1 0 0 5 16967 16976 16981
1221 1 1 6 2 16978 16979 16983
1223 1 0 5 1 17002 17003 17007
1233 1 1 9 7 17013 17020 17022
1237 1 0 0 6 17025 17026 17032
1215 1 0 3 1 17035 17038 17040
1235 1 1 10 2 17036 17039 17047
1236 1 1 8 6 17053 17059 17061
1241 1 0 0 9 17083 17084 17093
1211 1 1 1 0 17095 17100 17101
1240 1 0 9 10 17102 17103 17104
1243 1 0 10 1 17122 17123 17132
1244 1 0 8 4 17142 17149 17153
1245 1 1 0 5 17156 17157 17162
1232 1 1 7 8 17174 17176 17177
1247 1 1 9 4 17186 17187 17192
1228 1 0 4 3 17204 17205 17206
1248 1 1 10 3 17209 17215 17222
1250 1 1 0 4 17218 17225 17229
1238 1 1 6 2 17232 17235 17239
1249 1 1 8 0 17222 17233 17241
1239 1 0 5 4 17252 17254 17255
1252 1 0 9 10 17282 17287 17288
1255 1 1 0 4 17290 17291 17295
1234 1 1 2 6 17292 17293 17297
1256 1 0 8 6 17307 17308 17310
1254 1 0 10 3 17305 17306 17313
1260 1 0 0 9 17346 17349 17358
1259 1 0 9 7 17364 17365 17367
1262 1 0 10 6 17391 17394 17398
1263 1 0 8 5 17393 17396 17399
1242 1 0 3 7 17395 17401 17405
1264 1 1 0 3 17406 17412 17415
1251 1 0 7 1 17411 17412 17418
1269 1 0 0 9 17463 17464 17473
1265 1 1 9 4 17462 17468 17473
1257 1 1 6 3 17464 17465 17474
1267 1 0 8 10 17480 17481 17483
1266 1 1 10 5 17469 17481 17486
1258 1 1 5 8 17500 17501 17504
1272 1 1 0 8 17528 17536 17544
1271 1 1 9 1 17548 17549 17557
1274 1 0 10 5 17558 17559 17564
1275 1 0 8 4 17581 17584 17588
1253 1 0 4 9 17588 17589 17594
1277 1 1 0 8 17598 17599 17607
1270 1 0 7 6 17634 17636 17637
1246 1 1 1 6 17626 17633 17638
1278 1 1 9 2 17637 17641 17648
1261 1 1 2 3 17649 17650 17651
1279 1 0 10 4 17656 17660 17666
1282 1 1 0 7 17662 17665 17672
1280 1 1 8 9 17667 17673 17674
1273 1 0 6 10 17697 17699 17703
1288 1 1 0 1 17718 17727 17728
1285 1 0 9 1 17721 17722 17730
1287 1 0 10 6 17737 17746 17750
1268 1 1 3 0 17754 17756 17759
1289 1 0 8 4 17760 17762 17766
1276 1 0 5 10 17761 17767 17772
1291 1 1 0 3 17776 17777 17780
1292 1 0 9 0 17809 17810 17819
1297 1 0 0 2 17826 17827 17829
1293 1 1 10 3 17822 17829 17836
1295 1 1 8 3 17836 17841 17846
1300 1 0 0 3 17879 17881 17884
1284 1 1 7 1 17900 17904 17910
1298 1 0 9 4 17900 17906 17911
1301 1 0 8 2 17910 17915 17921
1299 1 0 10 3 17906 17929 17936
1281 1 0 4 5 17926 17937 17938
1290 1 0 6 4 17937 17939 17941
1302 1 1 0 10 17939 17940 17950
1296 1 0 5 9 17986 17987 17991
1306 1 0 8 4 17988 17992 17996
1305 1 1 10 7 17993 17994 17997
1303 1 1 9 2 17996 17999 18006
1309 1 0 0 9 17988 18000 18009
1286 1 1 2 5 18024 18025 18028
1311 1 1 0 4 18058 18063 18067
1313 1 0 10 2 18076 18077 18085
1314 1 0 9 7 18078 18092 18094
1312 1 0 8 1 18090 18091 18100
1283 1 0 1 0 18096 18100 18101
1294 1 1 3 2 18123 18124 18125
1316 1 0 0 5 18133 18134 18139
1304 1 0 7 4 18154 18156 18159
1318 1 0 9 7 18154 18164 18166
1317 1 0 10 1 18167 18170 18179
1308 1 0 6 5 18181 18184 18189
1319 1 0 8 5 18173 18186 18189
1322 1 1 0 2 18212 18214 18216
1310 1 0 5 9 18229 18230 18234
1325 1 0 10 6 18233 18235 18239
1323 1 0 9 8 18247 18250 18251
1326 1 0 8 7 18250 18251 18252
1328 1 1 0 4 18268 18270 18274
1307 1 1 4 6 18291 18292 18294
1333 1 1 0 8 18319 18325 18333
1332 1 1 8 7 18338 18339 18340
1331 1 1 9 10 18339 18342 18343
1330 1 1 10 3 18344 18345 18352
1335 1 1 0 1 18379 18382 18383
1324 1 0 7 5 18383 18384 18386
1315 1 1 2 9 18399 18400 18407
1338 1 1 10 1 18419 18420 18429
1339 1 1 0 4 18426 18430 18434
1336 1 1 8 7 18424 18438 18439
1337 1 1 9 7 18427 18441 18443
1327 1 0 6 0 18441 18442 18448
1329 1 1 5 2 18460 18462 18465
1321 1 1 3 0 18468 18469 18472
1344 1 0 0 3 18492 18493 18496
1343 1 0 8 1 18498 18503 18510
1345 1 0 9 1 18515 18523 18531
1342 1 0 10 7 18523 18540 18543
1349 1 1 0 6 18543 18544 18550
1350 1 0 8 0 18590 18591 18599
1353 1 0 0 6 18603 18604 18610
1320 1 0 1 6 18604 18605 18610
1351 1 1 9 1 18607 18610 18618
1340 1 1 7 9 18613 18624 18626
1352 1 1 10 0 18614 18627 18637
1334 1 0 4 10 18637 18639 18645
1355 1 1 0 5 18661 18662 18667
1346 1 1 6 4 18677 18678 18680
1354 1 0 8 2 18684 18686 18692
1357 1 1 9 7 18697 18702 18704
1347 1 1 5 0 18702 18706 18711
1361 1 0 0 2 18724 18726 18728
1359 1 1 10 2 18700 18721 18729
1363 1 1 8 5 18771 18777 18780
1367 1 0 0 9 18781 18783 18792
1364 1 0 9 6 18788 18793 18796
1365 1 0 10 4 18784 18800 18806
1341 1 0 2 3 18801 18808 18809
1348 1 0 3 5 18829 18830 18832
1369 1 1 0 1 18845 18850 18851
1358 1 0 7 1 18850 18852 18858
1368 1 1 8 2 18866 18873 18879
1370 1 1 10 4 18868 18887 18893
1371 1 1 9 3 18881 18886 18894
1374 1 0 0 5 18916 18917 18922
1362 1 0 6 7 18930 18931 18932
1366 1 0 5 4 18939 18941 18942
1376 1 0 8 10 18957 18961 18963
1377 1 0 10 9 18957 18964 18965
1379 1 1 0 3 18983 18986 18989
1378 1 0 9 1 18985 18986 18994
1360 1 1 4 2 19010 19011 19013
1382 1 1 10 1 19037 19045 19054
1384 1 0 0 8 19051 19052 19060
1383 1 0 8 3 19066 19067 19072
1375 1 0 7 2 19067 19068 19073
1388 1 1 0 6 19095 19096 19102
1385 1 1 9 3 19100 19105 19111
1356 1 0 1 2 19133 19134 19135
1391 1 0 0 2 19143 19145 19147
1372 1 0 2 3 19146 19147 19148
1387 1 1 10 6 19140 19147 19151
1389 1 1 8 3 19156 19158 19163
1380 1 1 6 10 19158 19166 19170
1381 1 0 5 3 19182 19184 19186
1392 1 1 9 0 19196 19197 19206
1395 1 1 0 5 19205 19207 19212
1373 1 0 3 5 19219 19220 19222
1394 1 1 10 8 19227 19232 19234
1397 1 1 8 9 19233 19235 19236
1401 1 0 0 2 19267 19272 19274
1400 1 1 9 1 19275 19276 19284
1390 1 0 7 6 19308 19313 19314
1404 1 0 8 5 19323 19325 19328
1405 1 1 0 4 19324 19325 19329
1403 1 0 10 9 19325 19333 19334
1386 1 1 4 6 19368 19369 19371
1406 1 0 9 8 19380 19381 19382
1409 1 1 0 9 19384 19390 19399
1399 1 0 5 8 19404 19407 19410
1398 1 0 6 9 19409 19412 19415
1408 1 0 8 1 19413 19416 19423
1410 1 1 10 2 19419 19420 19428
1413 1 0 0 9 19444 19445 19454
1412 1 0 9 7 19476 19477 19479
1416 1 0 8 3 19509 19510 19515
1418 1 1 0 6 19508 19510 19516
1417 1 0 10 0 19511 19522 19532
1396 1 0 2 0 19527 19530 19532
1407 1 1 7 3 19536 19537 19541
1420 1 0 0 4 19566 19567 19571
1419 1 1 9 10 19564 19570 19571
1402 1 0 3 7 19572 19573 19577
1421 1 0 8 2 19592 19593 19599
1422 1 1 10 6 19609 19610 19614
1426 1 0 0 1 19616 19618 19619
1414 1 1 5 4 19649 19650 19651
1415 1 1 6 5 19656 19662 19663
1425 1 1 9 3 19654 19659 19665
1430 1 0 0 4 19678 19679 19683
1393 1 0 1 7 19682 19686 19692
1428 1 1 8 1 19685 19690 19697
1429 1 1 10 2 19685 19706 19714
1411 1 1 4 0 19719 19721 19725
1434 1 1 0 4 19742 19743 19747
1432 1 0 9 3 19756 19758 19764
1424 1 0 7 6 19761 19768 19769
1437 1 0 8 9 19777 19779 19780
1436 1 0 10 1 19782 19783 19792
1439 1 0 0 4 19801 19802 19806
1440 1 1 9 3 19857 19862 19868
1444 1 1 0 7 19863 19871 19878
1442 1 1 8 4 19867 19879 19883
1423 1 0 2 0 19888 19890 19892
1443 1 1 10 0 19876 19889 19899
1431 1 1 5 10 19894 19904 19909
1427 1 0 3 4 19912 19915 19916
1433 1 1 6 0 19898 19913 19919
1446 1 1 0 7 19927 19928 19935
1445 1 1 9 2 19940 19942 19949
1447 1 0 8 6 19958 19962 19964
1448 1 0 10 4 19972 19976 19982
1453 1 1 0 4 19990 19992 19996
1441 1 0 7 6 20013 20016 20017
1454 1 0 9 2 20016 20020 20027
1457 1 0 0 6 20043 20045 20051
1456 1 0 10 6 20053 20057 20061
1438 1 1 4 8 20057 20058 20062
1455 1 0 8 4 20056 20059 20063
1459 1 1 9 5 20093 20094 20098
1460 1 1 0 8 20097 20103 20111
1461 1 1 10 7 20133 20135 20138
1451 1 1 6 10 20140 20141 20145
1450 1 0 5 2 20143 20144 20147
1462 1 1 8 0 20156 20158 20166
1465 1 1 0 7 20163 20167 20174
1464 1 1 9 3 20180 20182 20188
1435 1 0 1 3 20199 20200 20202
1449 1 1 2 6 20202 20203 20207
1466 1 1 10 0 20216 20220 20230
1470 1 1 0 4 20226 20231 20235
1469 1 1 8 2 20240 20244 20250
1452 1 1 3 7 20268 20269 20273
1471 1 0 9 1 20266 20272 20280
1458 1 1 7 6 20282 20283 20284
1475 1 0 0 6 20283 20284 20290
1474 1 1 10 7 20319 20323 20326
1476 1 1 8 1 20329 20330 20337
1480 1 1 0 1 20346 20347 20348
1477 1 0 9 7 20353 20356 20358
1467 1 0 6 5 20369 20370 20371
1468 1 0 5 0 20384 20385 20390
1483 1 0 0 3 20400 20401 20404
1482 1 0 8 3 20411 20416 20421
1481 1 0 10 3 20413 20428 20435
1463 1 0 4 0 20437 20438 20442
1484 1 1 9 10 20443 20451 20452
1487 1 0 0 1 20461 20462 20463
1488 1 1 8 10 20488 20490 20492
1489 1 1 10 1 20494 20495 20504
1479 1 1 7 9 20498 20510 20512
1492 1 0 0 2 20518 20519 20521
1491 1 1 9 3 20518 20519 20525
1473 1 0 2 4 20530 20531 20533
1493 1 0 8 9 20569 20573 20574
1496 1 1 0 1 20570 20573 20574
1494 1 0 10 8 20584 20585 20587
1485 1 0 6 5 20610 20612 20613
1497 1 0 9 0 20616 20620 20629
1500 1 1 0 9 20621 20622 20631
1486 1 0 5 6 20617 20634 20635
1499 1 1 8 5 20639 20640 20643
1478 1 0 3 9 20636 20639 20645
1501 1 0 10 6 20676 20677 20681
1505 1 1 0 4 20674 20679 20683
1503 1 0 9 10 20695 20698 20699
1507 1 0 8 6 20732 20734 20736
1495 1 0 7 6 20732 20735 20736
1472 1 1 1 7 20738 20741 20747
1508 1 0 0 4 20758 20764 20768
1509 1 1 10 0 20763 20766 20776
1510 1 1 9 1 20768 20785 20793
1490 1 0 4 5 20812 20813 20814
1514 1 1 0 5 20822 20823 20828
1511 1 1 8 5 20829 20832 20835
1502 1 0 6 2 20845 20846 20850
1504 1 1 5 2 20853 20854 20857
1516 1 0 9 7 20867 20868 20872
1515 1 0 10 2 20861 20869 20877
1518 1 0 0 8 20892 20894 20902
1519 1 0 8 7 20914 20915 20916
1498 1 1 2 3 20916 20917 20918
1524 1 1 0 8 20947 20950 20958
1522 1 1 10 7 20958 20960 20963
1523 1 1 9 4 20962 20965 20970
1506 1 0 3 8 20964 20968 20973
1512 1 0 7 4 20982 20983 20986
1525 1 0 8 0 21007 21011 21019
1527 1 0 0 4 21012 21020 21024
1529 1 0 9 3 21051 21056 21062
1528 1 0 10 5 21057 21069 21074
1533 1 0 0 2 21072 21079 21081
1521 1 1 5 9 21080 21081 21085
1532 1 1 8 1 21090 21091 21098
1520 1 0 6 3 21100 21104 21107
1536 1 1 0 7 21130 21131 21138
1534 1 1 9 2 21147 21149 21156
1535 1 1 10 8 21150 21164 21166
1517 1 0 4 10 21165 21166 21172
1538 1 0 8 10 21184 21186 21188
1540 1 1 0 2 21181 21189 21191
1531 1 0 7 6 21223 21226 21227
1544 1 1 0 1 21248 21250 21251
1542 1 0 10 0 21248 21252 21262
1541 1 0 9 3 21258 21271 21277
1513 1 1 1 8 21272 21273 21280
1545 1 0 8 2 21274 21282 21288
1537 1 0 5 0 21305 21308 21313
1526 1 0 2 3 21310 21315 21316
1548 1 0 0 3 21319 21322 21325
1530 1 0 3 2 21334 21335 21336
1547 1 1 10 2 21343 21345 21353
1549 1 1 9 10 21349 21360 21361
1551 1 1 8 7 21350 21363 21364
1539 1 1 6 0 21354 21365 21371
1554 1 1 0 2 21391 21392 21394
1556 1 1 10 9 21417 21425 21426
1557 1 1 9 10 21433 21434 21435
1558 1 1 8 10 21435 21437 21439
1560 1 0 0 10 21456 21458 21468
1546 1 1 7 0 21483 21486 21493
1561 1 0 10 1 21501 21502 21511
1564 1 1 0 3 21511 21512 21515
1563 1 1 8 9 21514 21520 21521
1543 1 0 4 3 21521 21524 21525
1562 1 0 9 2 21509 21519 21526
1552 1 0 5 0 21550 21553 21558
1567 1 1 9 0 21571 21572 21581
1568 1 0 0 9 21576 21577 21586
1566 1 0 10 2 21597 21598 21606
1559 1 0 6 4 21603 21610 21612
1569 1 0 8 7 21607 21616 21617
1573 1 1 0 7 21641 21642 21649
1555 1 0 3 10 21668 21672 21679
1572 1 1 9 1 21673 21675 21683
1553 1 1 2 3 21683 21684 21685
1577 1 1 0 5 21687 21690 21695
1574 1 0 10 1 21686 21687 21696
1576 1 1 8 0 21710 21713 21721
1565 1 1 7 9 21720 21728 21730
1582 1 0 0 6 21739 21740 21746
1579 1 1 9 3 21750 21751 21757
1583 1 0 8 9 21790 21792 21793
1550 1 1 1 7 21788 21790 21796
1581 1 0 10 1 21791 21794 21803
1571 1 0 5 8 21790 21807 21810
1585 1 0 0 8 21806 21818 21826
1575 1 1 6 2 21838 21839 21843
1586 1 0 9 5 21851 21852 21856
1591 1 1 0 10 21871 21873 21883
1590 1 1 10 4 21875 21884 21890
1588 1 1 8 9 21886 21894 21895
1570 1 0 4 10 21896 21897 21903
1593 1 1 9 6 21921 21922 21925
1594 1 1 0 1 21926 21932 21933
1584 1 0 7 6 21943 21946 21947
1595 1 0 10 6 21967 21971 21975
1596 1 0 8 5 21986 21988 21991
1599 1 1 0 2 21989 21990 21992
1598 1 0 9 0 22015 22019 22028
1589 1 1 5 9 22038 22041 22045
1603 1 0 0 8 22051 22052 22060
1578 1 0 3 10 22059 22065 22072
1601 1 1 10 6 22067 22068 22072
1592 1 1 6 2 22069 22072 22076
1602 1 0 8 7 22077 22079 22080
1580 1 1 2 9 22091 22092 22099
1604 1 1 9 4 22105 22106 22111
1606 1 1 0 5 22115 22119 22124
1608 1 0 10 8 22148 22151 22153
1600 1 0 7 10 22163 22164 22167
1610 1 0 8 1 22167 22169 22176
1613 1 0 0 1 22175 22177 22178
1612 1 1 9 7 22201 22205 22207
1614 1 1 10 0 22229 22232 22242
1617 1 0 0 9 22233 22234 22243
1605 1 0 5 6 22272 22276 22277
1616 1 0 8 6 22273 22279 22281
1597 1 0 4 0 22285 22287 22291
1587 1 1 1 3 22295 22296 22298
1620 1 0 0 5 22296 22297 22302
1618 1 0 9 5 22302 22306 22310
1619 1 0 10 5 22329 22334 22339
1622 1 0 8 5 22348 22351 22354
1609 1 0 6 7 22350 22355 22356
1625 1 1 0 10 22348 22351 22361
1626 1 1 9 6 22408 22409 22412
1629 1 0 0 9 22406 22413 22422
1615 1 1 7 0 22414 22415 22422
1628 1 0 8 1 22427 22428 22435
1607 1 0 3 5 22432 22437 22439
1611 1 1 2 10 22439 22441 22449
1627 1 0 10 3 22428 22444 22451
1631 1 0 0 4 22471 22474 22478
1632 1 1 9 10 22483 22484 22485
1621 1 0 5 0 22507 22508 22513
1635 1 1 10 6 22518 22519 22523
1634 1 1 8 5 22522 22525 22528
1638 1 0 0 7 22523 22524 22531
1643 1 1 0 6 22582 22587 22593
1639 1 0 9 0 22583 22585 22594
1630 1 1 6 0 22600 22601 22607
1642 1 0 8 3 22611 22617 22626
1641 1 0 10 1 22609 22619 22628
1623 1 0 4 3 22645 22648 22649
1644 1 1 0 8 22652 22653 22661
1645 1 1 9 4 22668 22669 22674
1633 1 1 7 3 22689 22695 22699
1647 1 1 10 0 22686 22692 22702
1648 1 1 8 5 22697 22710 22713
1650 1 0 0 3 22710 22713 22716
1640 1 1 5 7 22743 22744 22746
1651 1 1 9 5 22752 22754 22758
1652 1 1 10 4 22764 22769 22775
1655 1 0 0 8 22770 22773 22781
1624 1 1 1 0 22790 22793 22794
1654 1 0 8 10 22797 22798 22800
1637 1 1 2 9 22795 22797 22804
1636 1 1 3 1 22809 22815 22817
1659 1 1 0 6 22829 22830 22836
1657 1 0 9 5 22846 22847 22851
1658 1 1 10 4 22857 22861 22867
1646 1 0 6 3 22875 22876 22879
1662 1 1 8 0 22883 22887 22895
1664 1 1 0 1 22893 22896 22897
1653 1 0 7 0 22921 22925 22932
1665 1 1 9 6 22939 22947 22950
1669 1 0 0 8 22951 22952 22960
1666 1 1 10 2 22944 22954 22962
1656 1 1 5 3 22968 22971 22973
1668 1 0 8 7 22992 22993 22994
1673 1 1 0 2 23010 23013 23015
1649 1 1 4 7 23025 23027 23030
1671 1 1 9 5 23034 23036 23040
1672 1 1 10 4 23032 23035 23041
1676 1 1 0 1 23086 23090 23091
1675 1 0 8 6 23091 23092 23094
1679 1 0 9 5 23104 23107 23111
1678 1 0 10 5 23109 23116 23121
1667 1 0 6 8 23112 23122 23124
1661 1 1 2 8 23143 23144 23150
1680 1 1 0 1 23157 23165 23166
1681 1 0 8 4 23170 23171 23175
1663 1 0 3 9 23181 23182 23188
1674 1 0 5 1 23191 23192 23196
1670 1 0 7 0 23183 23190 23197
1682 1 0 9 2 23190 23206 23213
1683 1 0 10 7 23201 23221 23224
1686 1 1 0 8 23221 23222 23230
1687 1 1 8 5 23265 23266 23269
1690 1 0 9 8 23277 23279 23280
1693 1 1 0 6 23283 23288 23294
1660 1 1 1 7 23286 23287 23295
1692 1 0 10 5 23313 23315 23320
1684 1 1 6 5 23349 23350 23351
1696 1 0 0 6 23346 23351 23357
1694 1 0 8 9 23356 23359 23360
1677 1 1 4 5 23382 23383 23384
1695 1 0 9 3 23385 23386 23392
1689 1 1 7 1 23402 23404 23410
1699 1 1 0 2 23415 23416 23418
1698 1 1 10 7 23417 23426 23429
1701 1 1 8 0 23452 23453 23461
1691 1 1 5 9 23456 23466 23470
1705 1 0 0 1 23480 23483 23484
1703 1 1 9 7 23485 23486 23488
1685 1 0 2 4 23515 23516 23518
1706 1 1 10 7 23516 23519 23522
1707 1 1 8 5 23536 23537 23540
1688 1 0 3 6 23544 23545 23548
1709 1 1 0 7 23539 23545 23552
1710 1 1 9 7 23561 23563 23565
1700 1 0 6 4 23581 23582 23584
1714 1 0 0 7 23592 23596 23603
1704 1 0 7 5 23615 23616 23618
1712 1 1 10 3 23622 23625 23632
1713 1 1 8 0 23627 23637 23645
1718 1 1 0 6 23649 23650 23656
1716 1 1 9 0 23665 23668 23677
1708 1 0 5 6 23698 23699 23700
1720 1 0 10 9 23712 23716 23717
1722 1 1 0 5 23711 23712 23717
1721 1 0 8 10 23716 23718 23720
1702 1 1 4 5 23737 23738 23739
1723 1 0 9 8 23748 23749 23750
1725 1 1 0 5 23763 23768 23773
1717 1 1 6 7 23802 23803 23804
1726 1 0 10 6 23802 23804 23808
1727 1 1 8 0 23824 23825 23833
1730 1 0 0 7 23821 23827 23834
1697 1 0 1 7 23826 23828 23834
1729 1 0 9 3 23838 23840 23846
1719 1 0 7 1 23852 23856 23862
1733 1 1 0 1 23881 23882 23883
1711 1 0 2 8 23877 23878 23884
1731 1 0 10 0 23896 23898 23908
1715 1 0 3 2 23906 23911 23912
1734 1 0 8 7 23923 23929 23930
1736 1 0 9 7 23925 23932 23934
1739 1 1 0 4 23948 23949 23953
1724 1 1 5 2 23965 23966 23969
1740 1 0 10 1 23986 23989 23998
1744 1 1 0 10 23994 23996 24006
1743 1 1 9 10 24004 24005 24006
1742 1 1 8 1 24017 24019 24026
1732 1 1 6 4 24052 24057 24059
1747 1 0 0 10 24055 24056 24066
1728 1 1 4 5 24067 24068 24069
1748 1 0 9 3 24075 24076 24082
1737 1 1 7 6 24090 24093 24094
1746 1 1 10 3 24085 24090 24097
1751 1 1 0 7 24100 24103 24110
1749 1 1 8 7 24120 24121 24122
1756 1 0 0 8 24157 24160 24168
1754 1 1 10 6 24162 24165 24169
1753 1 1 9 5 24165 24166 24170
1745 1 1 5 10 24197 24198 24203
1758 1 0 0 5 24206 24214 24219
1757 1 1 8 1 24210 24212 24219
1738 1 1 2 3 24252 24253 24254
1759 1 0 10 0 24247 24252 24262
1741 1 1 3 1 24267 24268 24270
1762 1 0 0 3 24277 24278 24281
1760 1 0 9 6 24279 24287 24290
1750 1 0 6 8 24302 24303 24305
1763 1 0 8 5 24311 24312 24315
1755 1 0 7 4 24315 24317 24320
1764 1 0 10 4 24332 24338 24344
1767 1 1 0 6 24337 24338 24344
1768 1 1 9 5 24348 24351 24355
1735 1 0 1 10 24350 24353 24362
1752 1 1 4 10 24378 24379 24385
1773 1 0 0 2 24387 24397 24399
1770 1 0 8 7 24389 24405 24406
1772 1 1 10 3 24415 24416 24423
1761 1 1 5 4 24432 24434 24435
1774 1 0 9 7 24438 24440 24442
1777 1 1 0 5 24447 24451 24456
1778 1 0 8 9 24463 24464 24465
1782 1 1 0 2 24504 24509 24511
1781 1 0 9 2 24520 24521 24528
1779 1 1 10 7 24528 24536 24539
1783 1 1 8 10 24537 24540 24542
1771 1 1 7 0 24539 24545 24552
1769 1 0 6 1 24566 24570 24575
1784 1 1 0 8 24567 24568 24576
1785 1 1 9 5 24597 24598 24602
1765 1 0 2 10 24598 24599 24607
1766 1 1 3 10 24607 24609 24616
1786 1 0 10 1 24605 24608 24617
1787 1 1 8 6 24623 24625 24627
1790 1 0 0 10 24628 24629 24639
1780 1 1 5 10 24675 24676 24681
1796 1 1 0 7 24680 24691 24698
1791 1 0 9 1 24693 24694 24702
1793 1 1 10 9 24702 24705 24706
1795 1 1 8 10 24716 24717 24719
1776 1 0 4 0 24722 24725 24729
1798 1 0 0 1 24741 24742 24743
1788 1 1 7 4 24768 24771 24774
1799 1 1 9 3 24777 24782 24788
1800 1 1 10 1 24792 24799 24808
1789 1 1 6 0 24798 24803 24809
1803 1 0 0 9 24803 24804 24813
1775 1 1 1 8 24807 24810 24817
1801 1 1 8 2 24816 24818 24824
1805 1 0 9 1 24857 24858 24866
1808 1 0 0 2 24869 24870 24872
1806 1 0 10 1 24882 24890 24899
1797 1 1 5 8 24909 24912 24915
1810 1 1 8 0 24918 24919 24927
1812 1 1 0 1 24951 24952 24953
1811 1 0 9 1 24942 24950 24958
1792 1 0 2 9 24943 24959 24966
1813 1 0 10 7 24966 24967 24970
1794 1 1 3 1 24966 24968 24970
1818 1 1 0 3 24999 25000 25003
1804 1 0 7 8 25008 25009 25010
1815 1 0 8 3 25018 25019 25024
1816 1 1 9 8 25026 25032 25033
1807 1 1 6 3 25030 25035 25038
1802 1 1 4 10 25042 25043 25049
1821 1 0 0 4 25051 25054 25058
1820 1 1 10 4 25055 25056 25062
1823 1 0 8 6 25098 25102 25104
1827 1 0 0 10 25102 25110 25120
1824 1 0 9 4 25120 25121 25126
1828 1 1 10 1 25142 25148 25157
1830 1 1 0 5 25153 25158 25163
1814 1 1 5 9 25167 25168 25172
1829 1 1 8 0 25169 25173 25181
1833 1 1 0 2 25199 25200 25202
1831 1 0 9 8 25211 25215 25218
1832 1 0 10 1 25210 25216 25225
1822 1 1 7 6 25239 25244 25245
1836 1 0 0 3 25254 25255 25258
1835 1 1 8 3 25268 25270 25275
1817 1 0 2 8 25270 25271 25277
1838 1 0 9 10 25299 25300 25301
1825 1 1 6 3 25307 25310 25313
1819 1 1 3 2 25318 25319 25320
1837 1 0 10 4 25324 25325 25331
1809 1 1 1 9 25336 25337 25345
1840 1 1 0 3 25338 25354 25357
1841 1 1 8 10 25347 25362 25364
1843 1 1 9 7 25388 25389 25391
1826 1 0 4 8 25389 25390 25394
1848 1 1 0 9 25409 25416 25425
1846 1 0 10 0 25417 25419 25429
1834 1 1 5 3 25422 25429 25431
1849 1 1 8 3 25446 25451 25456
1852 1 0 0 3 25453 25454 25457
1850 1 0 9 10 25464 25470 25471
1839 1 0 7 0 25486 25489 25496
1856 1 0 0 6 25513 25514 25520
1853 1 1 10 7 25510 25517 25520
1855 1 1 8 0 25545 25546 25554
1857 1 0 9 0 25566 25569 25578
1844 1 0 6 9 25573 25584 25587
1860 1 1 0 8 25580 25581 25589
1859 1 0 10 9 25588 25589 25590
1862 1 0 9 8 25638 25639 25640
1861 1 0 8 5 25642 25643 25646
1864 1 1 0 9 25635 25643 25652
1842 1 1 2 1 25641 25659 25660
1854 1 1 5 1 25656 25664 25668
1845 1 0 3 4 25683 25685 25686
1866 1 1 0 2 25690 25691 25693
1865 1 0 10 1 25683 25692 25701
1867 1 1 9 6 25731 25738 25741
1858 1 1 7 2 25739 25740 25745
1851 1 0 4 5 25750 25753 25754
1869 1 1 8 5 25740 25751 25754
1873 1 0 0 3 25765 25770 25773
1872 1 1 10 2 25764 25769 25777
1847 1 1 1 0 25814 25815 25816
1874 1 0 9 6 25816 25822 25825
1863 1 0 6 10 25819 25826 25830
1879 1 1 0 2 25827 25828 25830
1876 1 0 8 3 25828 25832 25837
1878 1 0 10 3 25852 25859 25866
1883 1 1 0 6 25882 25884 25890
1870 1 1 5 2 25892 25893 25896
1881 1 0 9 4 25911 25917 25922
1884 1 0 8 10 25913 25926 25928
1886 1 1 0 9 25945 25947 25956
1885 1 0 10 1 25955 25956 25965
1868 1 0 2 8 25959 25966 25972
1888 1 1 9 8 26000 26001 26002
1875 1 1 7 9 26010 26011 26013
1890 1 1 0 6 26011 26022 26028
1889 1 0 8 3 26023 26024 26029
1882 1 1 6 7 26025 26028 26029
1891 1 1 10 5 26044 26047 26052
1871 1 0 3 6 26050 26051 26054
1893 1 0 9 4 26076 26079 26084
1895 1 0 0 9 26079 26088 26097
1877 1 1 4 2 26105 26106 26108
1898 1 0 10 2 26121 26122 26130
1887 1 0 5 8 26128 26133 26136
1896 1 0 8 6 26124 26137 26139
1901 1 0 0 1 26130 26145 26146
1900 1 1 9 1 26176 26183 26191
1906 1 0 0 8 26185 26186 26194
1904 1 0 8 7 26221 26222 26223
1903 1 0 10 7 26222 26226 26229
1908 1 1 0 10 26249 26250 26260
1897 1 0 6 3 26259 26260 26263
1894 1 1 7 2 26263 26266 26271
1907 1 0 9 0 26280 26286 26295
1911 1 0 0 4 26301 26302 26306
1910 1 0 10 7 26303 26312 26315
1909 1 0 8 9 26314 26316 26317
1905 1 1 5 6 26335 26338 26339
1880 1 1 1 8 26350 26355 26362
1892 1 1 2 4 26359 26368 26370
1914 1 0 9 4 26371 26372 26377
1915 1 1 0 8 26357 26374 26382
1916 1 1 10 2 26386 26388 26396
1917 1 0 8 3 26402 26406 26411
1899 1 0 3 0 26419 26420 26423
1920 1 1 0 6 26419 26421 26427
1923 1 1 10 1 26461 26465 26474
1925 1 0 0 7 26472 26473 26480
1902 1 0 4 0 26477 26483 26487
1912 1 0 6 4 26490 26493 26501
1922 1 0 9 1 26477 26496 26504
1913 1 0 7 6 26498 26510 26511
1924 1 0 8 5 26519 26521 26524
1928 1 1 0 4 26522 26523 26527
1918 1 1 5 3 26559 26560 26562
1929 1 0 9 1 26557 26561 26569
1927 1 0 10 0 26557 26578 26588
1934 1 0 0 6 26587 26589 26595
1933 1 0 8 2 26621 26623 26629
1935 1 1 10 7 26646 26653 26656
1936 1 1 9 2 26652 26654 26661
1938 1 0 0 4 26669 26671 26675
1939 1 0 8 7 26717 26721 26722
1931 1 0 6 10 26735 26736 26740
1921 1 1 2 7 26735 26736 26741
1932 1 1 7 10 26739 26741 26744
1940 1 0 10 2 26736 26741 26749
1942 1 1 0 4 26740 26754 26758
1941 1 1 9 7 26747 26763 26765
1926 1 0 3 8 26784 26785 26790
1943 1 0 8 9 26805 26806 26807
1948 1 1 0 7 26805 26812 26819
1946 1 0 10 8 26820 26821 26823
1937 1 1 5 2 26805 26821 26824
1930 1 1 4 1 26821 26822 26825
1949 1 0 9 4 26835 26836 26841
1953 1 1 0 10 26867 26868 26878
1919 1 0 1 9 26900 26903 26911
1954 1 1 10 5 26907 26908 26913
1952 1 1 8 10 26908 26916 26918
1957 1 0 0 2 26927 26936 26938
1956 1 1 9 1 26930 26931 26939
1944 1 0 6 8 26982 26986 26988
1947 1 0 7 6 26983 26989 26990
1961 1 1 0 8 26990 26991 26999
1959 1 0 10 3 26986 26994 27001
1962 1 1 9 2 27011 27012 27019
1960 1 1 8 10 27011 27025 27027
1966 1 0 0 10 27053 27056 27066
1951 1 1 5 9 27074 27079 27083
1965 1 0 10 3 27077 27078 27085
1968 1 1 8 4 27106 27107 27111
1967 1 1 9 7 27110 27116 27118
1969 1 0 0 5 27114 27117 27122
1945 1 0 2 10 27129 27132 27140
1950 1 0 3 0 27132 27147 27150
1971 1 1 10 6 27169 27172 27176
1972 1 1 8 10 27188 27190 27192
1974 1 0 0 9 27185 27186 27195
1973 1 0 9 6 27206 27207 27210
1955 1 0 4 7 27207 27212 27215
1964 1 0 7 0 27230 27231 27238
1963 1 1 6 3 27238 27242 27245
1978 1 0 0 2 27243 27244 27246
1977 1 1 10 3 27278 27285 27292
1979 1 1 8 9 27293 27298 27299
1980 1 1 9 10 27295 27299 27300
1984 1 0 0 3 27313 27315 27318
1970 1 0 5 3 27314 27320 27322
1988 1 0 0 5 27363 27366 27371
1985 1 1 10 3 27383 27384 27391
1986 1 1 8 5 27388 27396 27399
1987 1 1 9 7 27398 27403 27405
1990 1 0 0 5 27423 27428 27433
1958 1 0 1 3 27440 27444 27446
1976 1 0 3 2 27466 27467 27468
1991 1 1 10 6 27463 27466 27470
1992 1 1 8 10 27481 27483 27485
1994 1 0 0 3 27481 27483 27486
1982 1 1 7 5 27481 27488 27490
1975 1 0 2 4 27494 27495 27497
1993 1 0 9 4 27495 27502 27507
1983 1 1 6 5 27512 27513 27514
1989 1 1 5 4 27533 27534 27535
1999 1 0 0 5 27537 27541 27546
1981 1 1 4 3 27554 27555 27556
2000 1 0 8 1 27568 27572 27579
1996 1 0 10 0 27565 27570 27580
2002 1 1 9 6 27590 27596 27599
2005 1 0 0 8 27592 27593 27601
2007 1 0 10 7 27652 27654 27657
2010 1 1 0 3 27658 27664 27667
2008 1 0 8 10 27668 27669 27671
2009 1 0 9 5 27684 27685 27689
2012 1 1 0 3 27708 27711 27714
1998 1 0 7 9 27732 27734 27736
2013 1 0 8 10 27747 27748 27750
2011 1 0 10 7 27759 27760 27763
2003 1 0 6 8 27762 27764 27766
2015 1 0 0 5 27765 27774 27779
2004 1 0 5 9 27780 27781 27785
2014 1 0 9 2 27786 27787 27794
2020 1 0 0 3 27824 27826 27829
2018 1 1 10 7 27842 27849 27852
2001 1 0 2 0 27850 27851 27853
2017 1 1 8 4 27856 27857 27861
1997 1 1 3 4 27859 27862 27863
2022 1 1 9 3 27864 27869 27875
2023 1 0 0 8 27887 27888 27896
1995 1 1 1 5 27916 27918 27922
2029 1 1 0 2 27933 27938 27940
2006 1 1 4 3 27934 27942 27943
2024 1 0 10 8 27942 27944 27946
2026 1 0 8 3 27946 27947 27952
2028 1 0 9 7 27970 27976 27978
2016 1 0 7 1 27989 27990 27996
2021 1 0 5 7 27993 28000 28002
2031 1 0 0 8 27997 28009 28017
2019 1 0 6 0 28020 28022 28028
2034 1 1 8 5 28042 28047 28050
2033 1 1 10 2 28044 28055 28063
2038 1 0 0 1 28067 28068 28069
2035 1 1 9 2 28070 28077 28084
2042 1 0 0 9 28125 28126 28135
2041 1 0 10 1 28133 28136 28145
2040 1 0 8 9 28137 28152 28153
2044 1 1 0 1 28171 28173 28174
2043 1 0 9 8 28181 28182 28183
2045 1 0 10 0 28210 28212 28222
2037 1 0 5 6 28212 28227 28228
2027 1 0 3 8 28221 28225 28230
2047 1 1 0 5 28227 28228 28233
2025 1 0 2 1 28226 28236 28237
2046 1 1 8 9 28232 28236 28237
2036 1 0 7 8 28232 28243 28244
2039 1 0 6 8 28248 28250 28252
2048 1 1 9 4 28270 28271 28276
2032 1 1 4 5 28286 28287 28288
2053 1 1 0 4 28288 28293 28297
2049 1 0 10 7 28321 28323 28326
2054 1 0 8 4 28327 28328 28332
2059 1 1 0 4 28360 28364 28368
2057 1 0 9 6 28379 28384 28387
2061 1 0 8 7 28403 28405 28406
2062 1 0 0 5 28405 28413 28418
2060 1 1 10 1 28410 28416 28425
2030 1 1 1 8 28419 28426 28433
2050 1 0 5 9 28450 28451 28455
2063 1 0 9 8 28467 28468 28469
2065 1 1 0 3 28461 28469 28472
2055 1 0 7 4 28476 28477 28480
2064 1 0 8 9 28488 28492 28493
2056 1 0 6 10 28503 28506 28510
2069 1 1 0 5 28515 28518 28523
2066 1 0 10 0 28516 28517 28527
2070 1 1 9 4 28538 28542 28547
2072 1 1 8 2 28561 28565 28571
2051 1 1 3 1 28585 28586 28588
2074 1 0 0 3 28585 28586 28589
2052 1 1 2 4 28589 28590 28592
2075 1 1 10 8 28607 28613 28615
2076 1 1 9 1 28635 28636 28644
2078 1 1 0 8 28648 28649 28657
2077 1 1 8 7 28651 28658 28659
2058 1 0 4 2 28667 28668 28670
2068 1 1 5 8 28672 28674 28677
2081 1 1 10 2 28705 28707 28715
2083 1 1 0 8 28715 28717 28725
2082 1 1 9 4 28721 28726 28731
2071 1 1 7 0 28727 28728 28735
2084 1 1 8 3 28732 28743 28748
2073 1 1 6 1 28744 28745 28750
2088 1 1 0 2 28775 28776 28778
2087 1 1 10 9 28790 28798 28799
2089 1 1 9 10 28811 28812 28813
2091 1 1 8 4 28823 28825 28829
2093 1 0 0 3 28828 28830 28833
2094 1 1 10 7 28866 28872 28875
2097 1 0 0 5 28883 28886 28891
2095 1 1 9 0 28902 28904 28913
2067 1 1 1 4 28905 28914 28917
2086 1 0 5 6 28926 28927 28928
2079 1 1 3 1 28928 28929 28931
2099 1 1 0 3 28931 28932 28935
2098 1 0 10 8 28932 28936 28938
2096 1 0 8 1 28940 28941 28948
2080 1 0 2 5 28954 28955 28958
2090 1 0 7 6 28972 28974 28975
2092 1 0 6 4 28973 28975 28977
2104 1 1 0 6 28989 28992 28998
2085 1 0 4 6 29003 29004 29006
2100 1 1 9 3 29010 29013 29019
2105 1 0 10 2 29019 29023 29031
2106 1 0 8 7 29025 29037 29038
2110 1 1 0 6 29049 29052 29058
2113 1 0 10 4 29088 29091 29097
2115 1 0 0 3 29097 29101 29104
2112 1 1 9 0 29100 29103 29112
2114 1 1 8 0 29103 29104 29112
2117 1 1 0 1 29167 29168 29169
2118 1 0 9 7 29166 29172 29174
2119 1 0 8 7 29191 29192 29193
2109 1 0 6 9 29192 29194 29197
2116 1 0 10 6 29192 29198 29202
2102 1 0 5 10 29202 29203 29208
2108 1 0 7 6 29217 29220 29221
2121 1 1 0 8 29229 29230 29238
2120 1 1 9 6 29250 29251 29254
2103 1 0 3 9 29265 29268 29274
2122 1 0 8 10 29286 29287 29289
2124 1 0 10 9 29300 29301 29302
2127 1 1 0 2 29300 29306 29308
2107 1 1 2 4 29308 29309 29311
2128 1 0 9 5 29341 29342 29346
2131 1 1 0 10 29356 29360 29370
2130 1 1 8 7 29370 29372 29373
2111 1 1 4 2 29357 29376 29378
2132 1 0 10 0 29395 29400 29410
2101 1 1 1 0 29417 29418 29419
2135 1 0 0 10 29410 29411 29421
2134 1 0 9 7 29425 29426 29428
2123 1 0 6 1 29427 29429 29434
2125 1 0 5 1 29446 29450 29454
2137 1 0 8 5 29463 29470 29473
2126 1 0 7 4 29469 29471 29474
2139 1 1 0 7 29466 29467 29474
2138 1 1 10 0 29490 29493 29503
2141 1 0 9 0 29511 29516 29525
2145 1 0 0 10 29530 29531 29541
2144 1 0 8 6 29572 29574 29576
2147 1 0 10 0 29581 29585 29595
2148 1 1 9 10 29596 29605 29606
2149 1 0 0 10 29596 29597 29607
2142 1 1 6 5 29648 29652 29653
2129 1 1 3 6 29649 29655 29658
2133 1 1 2 3 29649 29662 29663
2153 1 1 0 6 29661 29666 29672
2150 1 0 8 5 29668 29670 29673
2143 1 1 5 7 29670 29671 29673
2136 1 0 4 3 29683 29684 29685
2152 1 1 9 1 29688 29690 29698
2151 1 1 10 1 29692 29707 29716
2146 1 0 7 10 29716 29720 29723
2157 1 1 0 6 29718 29719 29725
2158 1 0 8 10 29759 29761 29763
2161 1 0 9 0 29776 29777 29786
2164 1 0 0 6 29781 29787 29793
2162 1 1 10 3 29808 29812 29819
2167 1 1 0 5 29844 29847 29852
2165 1 0 8 3 29855 29857 29862
2154 1 1 6 2 29874 29875 29879
2166 1 1 9 0 29874 29886 29895
2159 1 1 5 7 29888 29900 29902
2168 1 1 10 2 29901 29905 29913
2169 1 1 0 10 29928 29930 29940
2163 1 1 7 4 29936 29943 29946
2140 1 0 1 5 29942 29944 29948
2170 1 0 8 3 29955 29958 29963
2172 1 0 9 1 29957 29969 29977
2175 1 0 0 4 29987 29988 29992
2174 1 0 10 6 29989 29998 30002
2156 1 1 3 4 30000 30001 30002
2160 1 1 4 5 30040 30041 30042
2178 1 1 8 3 30041 30045 30050
2180 1 1 0 4 30046 30053 30057
2155 1 1 2 1 30050 30059 30060
2179 1 0 9 3 30058 30061 30067
2181 1 0 10 6 30074 30081 30085
2171 1 0 6 10 30096 30097 30101
2185 1 1 0 4 30107 30108 30112
2173 1 1 5 6 30133 30134 30135
2184 1 1 8 7 30144 30146 30147
2187 1 0 9 8 30153 30154 30155
2188 1 0 10 9 30157 30159 30160
2190 1 1 0 9 30166 30173 30182
2176 1 1 7 2 30184 30186 30191
2195 1 1 0 2 30228 30230 30232
2192 1 0 8 5 30234 30235 30238
2194 1 0 10 2 30245 30250 30258
2193 1 0 9 10 30248 30265 30266
2197 1 1 0 4 30284 30286 30290
2189 1 1 6 9 30304 30306 30309
2198 1 1 8 5 30333 30334 30337
2200 1 0 9 3 30340 30341 30347
2191 1 1 5 10 30352 30353 30358
2201 1 0 0 10 30343 30350 30360
2199 1 0 10 6 30345 30361 30365
2182 1 0 3 1 30375 30378 30380
2205 1 0 0 7 30392 30393 30400
2186 1 0 2 7 30401 30406 30411
2204 1 1 9 5 30410 30411 30415
2196 1 0 7 2 30409 30412 30417
2203 1 1 8 6 30421 30424 30426
2183 1 1 4 2 30435 30437 30439
2209 1 1 0 2 30452 30454 30456
2206 1 0 10 2 30441 30449 30457
2177 1 0 1 8 30459 30460 30467
2212 1 0 9 7 30505 30506 30508
2216 1 1 0 4 30508 30510 30514
2213 1 0 8 2 30511 30512 30518
2215 1 1 10 8 30519 30525 30527
2202 1 1 6 8 30564 30566 30568
2219 1 0 0 7 30563 30565 30572
2207 1 0 5 6 30582 30584 30585
2218 1 1 9 2 30592 30593 30600
2220 1 1 8 10 30593 30606 30608
2221 1 1 10 5 30612 30613 30618
2222 1 1 0 4 30625 30630 30634
2211 1 0 7 4 30648 30649 30652
2226 1 1 8 9 30670 30674 30675
2225 1 1 9 4 30671 30676 30681
2228 1 1 0 2 30678 30685 30687
2227 1 0 10 9 30694 30700 30701
2232 1 1 0 4 30742 30744 30748
2230 1 0 8 10 30758 30759 30761
2231 1 0 9 6 30758 30762 30765
2210 1 1 2 10 30759 30761 30769
2208 1 1 3 1 30762 30776 30778
2223 1 0 6 8 30782 30783 30785
2214 1 0 4 3 30784 30789 30790
2233 1 0 10 9 30782 30797 30798
2234 1 1 0 3 30814 30815 30818
2224 1 1 5 7 30834 30836 30838
2235 1 1 8 9 30852 30853 30854
2236 1 0 9 3 30853 30854 30860
2242 1 0 0 4 30876 30879 30883
2240 1 1 10 4 30885 30886 30892
2229 1 1 7 6 30896 30899 30900
2244 1 1 8 1 30928 30930 30937
2246 1 1 0 1 30937 30938 30939
2245 1 0 9 10 30949 30954 30955
2217 1 1 1 4 30953 30954 30957
2247 1 0 10 2 30978 30979 30987
2239 1 1 6 3 30989 30991 30994
2250 1 0 0 10 30997 30999 31009
2249 1 0 8 1 31026 31028 31035
2255 1 0 0 2 31049 31050 31052
2251 1 1 9 6 31044 31050 31053
2253 1 1 10 7 31065 31069 31072
2243 1 1 5 9 31076 31078 31082
2258 1 0 0 2 31094 31096 31098
2248 1 1 7 0 31117 31119 31126
2238 1 1 3 4 31123 31129 31130
2241 1 0 4 2 31127 31129 31131
2256 1 1 8 6 31120 31134 31136
2257 1 1 9 6 31143 31146 31149
2261 1 0 0 6 31157 31159 31165
2237 1 0 2 0 31157 31169 31171
2259 1 0 10 1 31163 31181 31190
2263 1 1 8 4 31195 31197 31201
2254 1 1 6 7 31211 31213 31214
2268 1 0 0 1 31219 31220 31221
2269 1 1 10 2 31248 31251 31259
2266 1 1 9 1 31249 31250 31260
2272 1 0 0 9 31277 31278 31287
2260 1 0 5 9 31282 31283 31287
2270 1 0 8 3 31289 31290 31295
2275 1 1 0 3 31333 31334 31337
2262 1 0 7 5 31352 31354 31356
2274 1 0 9 2 31351 31352 31359
2273 1 0 10 0 31344 31351 31361
2278 1 0 0 3 31381 31382 31385
2277 1 0 8 5 31382 31390 31393
2271 1 0 6 1 31434 31441 31446
2279 1 0 10 0 31432 31437 31447
2252 1 0 1 4 31445 31448 31451
2282 1 0 0 9 31445 31455 31464
2280 1 1 9 0 31453 31459 31468
2283 1 0 8 2 31480 31481 31487
2265 1 0 4 5 31487 31489 31490
2267 1 1 2 1 31490 31492 31493
2276 1 0 5 6 31508 31509 31510
2286 1 1 0 10 31502 31503 31513
2264 1 0 3 0 31533 31536 31539
2284 1 1 10 0 31533 31534 31544
2288 1 1 9 8 31543 31553 31554
2292 1 0 0 9 31566 31567 31576
2289 1 1 8 1 31581 31582 31589
2281 1 1 7 5 31587 31595 31597
2297 1 1 0 2 31624 31629 31631
2295 1 0 10 6 31637 31638 31642
2296 1 0 9 8 31640 31645 31646
2298 1 0 8 1 31656 31657 31664
2285 1 1 6 1 31672 31676 31681
2300 1 0 0 2 31692 31693 31695
2301 1 0 10 1 31709 31717 31726
2293 1 0 5 1 31741 31746 31750
2303 1 0 8 0 31740 31741 31751
2302 1 0 9 0 31734 31742 31751
2305 1 1 0 8 31745 31746 31754
2306 1 1 10 1 31786 31788 31797
2310 1 0 0 2 31804 31805 31807
2299 1 0 7 3 31815 31820 31824
2307 1 0 9 10 31822 31830 31831
2308 1 0 8 0 31826 31833 31841
2291 1 1 2 3 31845 31846 31847
2290 1 1 4 7 31851 31852 31855
2312 1 0 0 4 31861 31862 31866
2294 1 0 3 4 31868 31869 31870
2311 1 1 10 1 31880 31883 31892
2304 1 0 6 0 31902 31904 31910
2318 1 0 0 2 31928 31929 31931
2314 1 1 9 3 31921 31929 31935
2315 1 1 8 10 31930 31940 31942
2287 1 0 1 3 31948 31949 31951
2309 1 0 5 3 31976 31978 31980
2320 1 1 10 8 31978 31979 31981
2323 1 0 0 7 31985 31988 31995
2324 1 1 8 5 32018 32019 32022
2322 1 0 9 5 32027 32029 32033
2328 1 0 0 4 32050 32055 32059
2313 1 1 7 4 32086 32088 32091
2327 1 1 10 7 32088 32097 32100
2331 1 0 0 3 32111 32115 32118
2329 1 1 8 6 32118 32119 32121
2330 1 1 9 4 32126 32129 32134
2321 1 1 6 0 32132 32136 32142
2334 1 1 0 10 32167 32168 32178
2333 1 1 10 2 32178 32179 32187
2336 1 0 9 1 32196 32202 32210
2326 1 0 5 7 32208 32214 32216
2335 1 0 8 10 32196 32217 32219
2316 1 1 2 5 32220 32221 32224
2338 1 1 0 7 32229 32234 32241
2317 1 1 4 6 32250 32253 32255
2339 1 0 10 5 32257 32258 32263
2319 1 1 3 8 32255 32258 32263
2341 1 1 8 5 32280 32281 32284
2344 1 0 0 9 32285 32290 32299
2340 1 0 9 8 32294 32300 32301
2332 1 0 7 9 32317 32318 32320
2349 1 1 0 4 32332 32337 32341
2347 1 0 10 9 32349 32350 32351
2337 1 1 6 9 32364 32366 32369
2348 1 0 8 6 32374 32375 32377
2350 1 1 9 7 32385 32386 32388
2352 1 0 0 1 32383 32389 32390
2353 1 1 10 1 32434 32437 32446
2356 1 0 0 1 32448 32449 32450
2342 1 1 5 0 32453 32457 32462
2355 1 1 8 7 32461 32470 32471
2357 1 1 9 6 32467 32473 32476
2325 1 0 1 9 32506 32507 32515
2358 1 0 10 5 32511 32516 32521
2361 1 1 8 10 32528 32530 32532
2359 1 0 0 7 32508 32526 32533
2362 1 1 9 5 32543 32544 32548
2351 1 0 7 6 32548 32549 32550
2364 1 1 0 4 32566 32571 32575
2354 1 0 6 1 32571 32572 32577
2343 1 1 2 3 32573 32577 32578
2365 1 1 10 0 32589 32596 32606
2366 1 0 8 0 32618 32625 32633
2369 1 1 0 1 32631 32632 32633
2345 1 1 4 1 32633 32636 32639
2346 1 1 3 7 32636 32641 32645
2367 1 1 9 2 32638 32647 32654
2360 1 1 5 8 32664 32667 32670
2372 1 1 10 5 32675 32677 32682
2374 1 0 0 10 32688 32689 32699
2373 1 0 8 3 32716 32718 32723
2377 1 0 9 2 32721 32729 32736
2380 1 0 0 1 32749 32751 32752
2379 1 1 10 5 32768 32773 32778
2368 1 1 7 10 32784 32786 32789
2383 1 0 0 2 32809 32810 32812
2381 1 1 8 0 32815 32817 32825
2370 1 1 6 7 32821 32831 32832
2382 1 1 9 2 32816 32834 32841
2386 1 1 0 2 32861 32863 32865
2384 1 0 10 1 32869 32877 32886
2387 1 1 8 5 32904 32910 32913
2390 1 0 0 3 32914 32915 32918
2378 1 1 5 1 32916 32917 32921
2388 1 0 9 2 32922 32928 32935
2371 1 1 2 10 32931 32932 32940
2393 1 0 0 1 32969 32971 32972
2391 1 1 10 7 32972 32973 32976
2392 1 1 8 3 32985 32986 32991
2375 1 1 4 9 33004 33005 33010
2395 1 1 9 0 33004 33011 33020
2376 1 0 3 10 33012 33014 33021
2385 1 0 7 3 33033 33036 33040
2397 1 1 0 10 33035 33036 33046
2363 1 0 1 4 33044 33046 33049
2389 1 1 6 4 33078 33080 33082
2398 1 1 10 3 33075 33076 33083
2399 1 1 8 2 33082 33088 33094
2404 1 1 0 6 33089 33096 33102
2400 1 0 9 0 33094 33099 33108
2409 1 0 0 4 33150 33151 33155
2394 1 0 5 3 33165 33166 33168
2408 1 1 8 2 33163 33165 33171
2406 1 0 10 2 33172 33179 33187
2410 1 0 9 2 33184 33194 33201
2411 1 1 0 9 33211 33213 33222
2415 1 1 9 7 33257 33258 33260
2403 1 1 7 6 33258 33260 33261
2396 1 0 2 4 33265 33266 33268
2412 1 1 8 1 33266 33268 33275
2416 1 1 0 3 33281 33282 33285
2414 1 1 10 6 33284 33292 33296
2407 1 1 6 8 33308 33309 33311
2420 1 1 8 5 33326 33327 33330
2421 1 0 0 4 33334 33338 33342
2402 1 0 3 0 33351 33352 33355
2401 1 0 4 2 33353 33359 33361
2417 1 1 9 2 33377 33381 33388
2425 1 1 0 8 33394 33396 33404
2413 1 1 5 8 33399 33401 33404
2422 1 1 10 5 33396 33406 33411
2424 1 1 8 5 33415 33418 33421
2429 1 0 0 6 33449 33451 33457
2428 1 0 9 10 33481 33484 33485
2430 1 0 10 3 33492 33493 33500
2432 1 1 8 6 33510 33513 33515
2418 1 1 7 10 33513 33516 33519
2433 1 0 0 9 33513 33516 33525
2434 1 0 9 8 33557 33558 33559
2435 1 1 10 7 33560 33561 33564
2423 1 1 6 4 33566 33567 33569
2437 1 1 0 7 33573 33577 33584
2419 1 1 2 10 33589 33594 33602
2405 1 1 1 4 33596 33611 33614
2442 1 1 0 6 33610 33618 33624
2436 1 0 8 3 33622 33623 33628
2439 1 1 9 5 33637 33640 33644
2431 1 0 5 10 33657 33659 33664
2440 1 1 10 0 33652 33657 33667
2445 1 1 0 2 33677 33678 33680
2427 1 1 4 9 33701 33703 33708
2426 1 1 3 5 33710 33716 33718
2446 1 1 8 1 33717 33721 33728
2450 1 1 0 4 33722 33729 33733
2447 1 0 9 7 33749 33750 33752
2448 1 0 10 1 33750 33755 33764
2438 1 0 7 0 33754 33758 33765
2454 1 0 0 4 33782 33783 33787
2453 1 1 8 0 33801 33805 33813
2441 1 1 6 7 33802 33819 33820
2455 1 1 9 5 33835 33837 33841
2458 1 0 0 9 33843 33847 33856
2456 1 0 10 7 33850 33857 33860
2462 1 1 0 6 33896 33901 33907
2459 1 0 8 4 33903 33904 33908
2449 1 0 5 10 33910 33911 33916
2461 1 0 9 6 33921 33922 33925
2463 1 0 10 6 33935 33939 33943
2464 1 1 0 10 33953 33959 33969
2443 1 1 2 7 33964 33977 33982
2457 1 1 7 10 33982 33983 33986
2465 1 0 8 9 34003 34005 34006
2467 1 0 9 5 34009 34010 34014
2469 1 0 0 5 34019 34024 34029
2468 1 1 10 6 34026 34027 34031
2460 1 1 6 2 34057 34058 34062
2451 1 0 4 10 34070 34071 34077
2474 1 1 0 1 34078 34080 34081
2452 1 0 3 8 34072 34084 34089
2444 1 1 1 0 34087 34088 34089
2472 1 0 8 9 34089 34090 34091
2473 1 0 9 4 34097 34098 34103
2475 1 0 10 5 34108 34114 34119
2466 1 0 5 8 34130 34131 34134
2479 1 1 0 10 34138 34139 34149
2482 1 1 9 8 34182 34183 34184
2481 1 0 8 0 34178 34179 34187
2485 1 0 0 4 34207 34208 34212
2483 1 1 10 9 34211 34213 34214
2471 1 1 7 5 34216 34218 34220
2486 1 1 8 2 34252 34255 34261
2488 1 1 0 2 34259 34263 34265
2487 1 1 9 1 34253 34272 34280
2476 1 0 6 3 34303 34305 34308
2489 1 0 10 8 34305 34315 34317
2493 1 1 0 7 34315 34316 34323
2491 1 0 8 9 34332 34333 34334
2470 1 1 2 10 34343 34348 34356
2492 1 0 9 10 34360 34361 34362
2495 1 1 10 4 34388 34389 34395
2496 1 0 0 5 34386 34396 34401
2484 1 0 5 8 34388 34391 34404
2497 1 0 8 2 34402 34405 34411
2478 1 0 3 1 34429 34430 34432
2490 1 1 7 4 34434 34435 34442
2499 1 1 9 1 34432 34437 34445
2500 1 1 0 7 34444 34446 34453
2477 1 0 4 8 34467 34470 34474
2502 1 0 10 0 34475 34477 34487
2507 1 0 0 2 34496 34497 34499
2503 1 1 8 6 34496 34497 34499
2505 1 1 9 10 34529 34532 34533
2494 1 1 6 2 34538 34542 34546
2511 1 1 0 9 34560 34562 34571
2509 1 0 10 0 34557 34565 34575
2510 1 1 8 2 34584 34585 34591
2512 1 1 9 8 34613 34620 34621
2501 1 1 5 6 34618 34624 34625
2515 1 0 0 4 34631 34632 34636
2514 1 1 10 4 34641 34645 34651
2480 1 1 1 3 34656 34659 34661
2506 1 0 7 4 34666 34669 34672
2516 1 0 8 10 34667 34676 34678
2517 1 0 9 6 34694 34695 34698
2519 1 1 0 10 34685 34688 34698
2520 1 1 10 4 34730 34731 34737
2498 1 1 2 4 34734 34739 34741
2524 1 1 0 3 34743 34747 34750
2523 1 0 8 5 34749 34751 34754
2525 1 0 9 5 34783 34787 34791
2513 1 0 6 2 34789 34790 34794
2504 1 1 3 9 34789 34790 34796
2528 1 0 0 7 34801 34803 34810
2526 1 1 10 6 34822 34823 34827
2508 1 1 4 10 34844 34846 34852
2529 1 0 8 10 34860 34861 34863
2530 1 0 9 6 34863 34864 34867
2518 1 0 5 8 34862 34868 34871
2533 1 0 0 4 34872 34880 34884
2522 1 0 7 10 34908 34911 34914
2534 1 1 10 6 34918 34919 34923
2539 1 1 0 1 34935 34941 34942
2536 1 0 8 10 34957 34959 34961
2538 1 0 9 4 34958 34962 34967
2542 1 1 0 8 34991 34992 35000
2541 1 1 10 6 35010 35012 35016
2532 1 1 6 0 35030 35031 35037
2544 1 0 9 10 35040 35045 35046
2543 1 0 8 7 35053 35055 35056
2545 1 1 0 7 35066 35067 35074
2546 1 1 10 4 35091 35094 35100
2537 1 1 5 6 35099 35101 35102
2548 1 0 9 10 35123 35125 35126
2527 1 1 2 7 35133 35136 35141
2550 1 1 0 10 35128 35134 35144
2531 1 0 3 4 35147 35154 35155
2540 1 0 7 3 35151 35158 35162
2549 1 1 8 0 35155 35157 35165
2535 1 0 4 9 35167 35168 35173
2521 1 1 1 10 35168 35169 35178
2551 1 0 10 5 35175 35176 35181
2554 1 0 0 7 35202 35207 35214
2553 1 1 9 1 35208 35209 35217
2558 1 0 8 10 35253 35254 35256
2561 1 0 10 3 35259 35260 35267
2547 1 0 6 10 35262 35270 35274
2562 1 1 0 10 35265 35266 35276
2563 1 0 9 3 35294 35295 35301
2564 1 1 8 4 35322 35324 35328
2567 1 0 0 6 35321 35324 35330
2552 1 1 5 0 35347 35348 35353
2565 1 1 10 2 35352 35363 35371
2557 1 1 7 9 35364 35376 35378
2569 1 0 0 9 35381 35387 35396
2568 1 1 9 4 35406 35407 35412
2570 1 0 8 5 35411 35412 35415
2574 1 1 0 1 35445 35449 35450
2572 1 0 10 1 35456 35461 35470
2566 1 1 6 1 35492 35497 35502
2577 1 0 0 9 35498 35499 35508
2575 1 1 9 6 35495 35510 35513
2576 1 0 8 0 35507 35509 35517
2555 1 0 2 4 35509 35519 35521
2559 1 0 4 1 35521 35522 35525
2556 1 0 3 8 35535 35537 35542
2581 1 1 0 7 35547 35553 35560
2578 1 0 10 0 35560 35562 35572
2582 1 1 8 10 35569 35570 35572
2580 1 1 9 7 35576 35577 35579
2573 1 1 7 6 35604 35605 35606
2586 1 0 0 8 35600 35601 35609
2571 1 0 5 0 35603 35612 35617
2589 1 1 9 5 35647 35650 35654
2588 1 1 8 0 35649 35651 35659
2590 1 0 0 4 35658 35659 35663
2587 1 0 10 7 35669 35675 35678
2560 1 1 1 2 35696 35697 35698
2595 1 1 0 4 35729 35731 35735
2593 1 0 9 4 35738 35740 35745
2594 1 0 8 0 35744 35749 35757
2579 1 1 6 2 35758 35760 35764
2596 1 1 10 1 35759 35772 35781
2598 1 0 0 5 35785 35786 35791
2591 1 0 5 4 35830 35832 35833
2592 1 0 7 3 35828 35830 35834
2600 1 0 8 4 35828 35839 35843
2603 1 1 0 4 35844 35845 35849
2599 1 0 9 5 35828 35848 35852
2602 1 0 10 0 35850 35857 35867
2585 1 1 3 5 35875 35876 35878
2584 1 1 4 1 35880 35881 35884
2608 1 0 0 1 35896 35897 35898
2583 1 0 2 0 35897 35899 35901
2604 1 1 9 0 35902 35910 35919
2605 1 1 8 4 35926 35934 35938
2612 1 0 0 10 35952 35953 35963
2609 1 0 10 5 35958 35964 35969
2601 1 0 6 4 35984 35985 35987
2616 1 0 0 1 36009 36013 36014
2615 1 1 8 6 36009 36013 36015
2614 1 1 9 5 36012 36018 36022
2607 1 1 5 7 36042 36043 36045
2617 1 1 10 3 36044 36048 36055
2606 1 1 7 3 36060 36064 36068
2620 1 0 0 4 36082 36083 36087
2619 1 0 8 7 36092 36096 36097
2621 1 0 9 6 36100 36102 36105
2623 1 0 10 8 36134 36138 36140
2625 1 1 0 10 36139 36142 36152
2627 1 0 9 10 36186 36187 36188
2626 1 1 8 10 36191 36193 36195
2611 1 0 4 10 36210 36216 36222
2629 1 0 0 7 36212 36232 36239
2628 1 1 10 5 36237 36238 36243
2618 1 1 6 4 36242 36244 36246
2610 1 0 3 9 36237 36243 36249
2597 1 0 1 7 36233 36257 36263
2630 1 0 9 10 36263 36265 36266
2613 1 0 2 10 36262 36274 36282
2622 1 1 5 2 36285 36286 36289
2624 1 1 7 6 36294 36296 36297
2631 1 1 8 3 36287 36295 36300
2633 1 0 0 9 36277 36292 36301
2635 1 0 10 2 36320 36321 36329
2640 1 0 0 5 36342 36344 36349
2639 1 0 9 8 36356 36360 36361
2642 1 0 8 6 36364 36365 36367
2645 1 1 0 6 36407 36410 36416
2644 1 0 10 3 36406 36410 36417
2646 1 1 9 10 36443 36446 36447
2649 1 0 0 4 36459 36462 36466
2647 1 1 8 7 36473 36475 36476
2648 1 1 10 5 36486 36489 36494
2637 1 1 6 9 36499 36500 36503
2651 1 0 0 1 36504 36508 36509
2650 1 1 9 5 36514 36515 36519
2641 1 1 5 7 36526 36527 36529
2643 1 1 7 9 36538 36539 36541
2652 1 1 8 4 36551 36552 36556
2655 1 0 0 9 36561 36562 36571
2632 1 1 4 8 36571 36572 36576
2636 1 1 3 0 36577 36582 36585
2653 1 0 10 7 36592 36593 36596
2656 1 0 9 0 36596 36598 36607
2638 1 0 2 6 36602 36609 36613
2660 1 1 0 9 36623 36624 36633
2659 1 1 8 9 36648 36649 36650
2663 1 1 10 9 36680 36681 36682
2666 1 0 0 1 36680 36686 36687
2664 1 1 9 7 36696 36697 36699
2634 1 0 1 7 36717 36718 36724
2667 1 0 8 4 36738 36739 36743
2668 1 0 0 2 36740 36747 36749
2658 1 1 7 9 36751 36752 36754
2657 1 1 5 4 36751 36758 36759
2669 1 1 10 9 36769 36775 36776
2654 1 1 6 10 36776 36779 36783
2670 1 1 9 3 36789 36790 36796
2673 1 0 0 2 36805 36807 36809
2672 1 1 8 2 36815 36820 36826
2679 1 1 0 10 36869 36871 36881
2676 1 1 10 4 36872 36882 36888
2678 1 1 9 2 36888 36893 36900
2680 1 0 8 10 36902 36908 36910
2661 1 1 4 2 36910 36912 36914
2662 1 1 3 9 36935 36936 36942
2681 1 1 0 3 36935 36951 36954
2665 1 1 2 5 36956 36957 36960
2682 1 0 10 3 36965 36966 36973
2684 1 1 8 7 36981 36984 36985
2674 1 1 5 7 36987 36989 36991
2675 1 1 7 2 37000 37001 37006
2686 1 0 0 10 36998 37001 37011
2683 1 1 9 2 37000 37013 37020
2677 1 1 6 8 37030 37034 37036
2689 1 0 10 9 37043 37044 37045
2690 1 0 8 2 37066 37067 37073
2692 1 1 0 10 37062 37070 37080
2693 1 1 9 1 37081 37082 37090
2697 1 1 0 1 37118 37119 37120
2696 1 0 10 6 37136 37144 37148
2698 1 0 8 1 37154 37156 37163
2700 1 0 0 8 37177 37178 37186
2699 1 1 9 4 37174 37182 37187
2691 1 1 5 9 37227 37228 37232
2694 1 0 7 1 37227 37228 37234
2702 1 1 8 2 37236 37237 37243
2704 1 0 0 9 37230 37235 37244
2671 1 0 1 3 37238 37252 37254
2701 1 1 10 5 37237 37251 37256
2685 1 1 4 2 37261 37262 37264
2695 1 0 6 9 37269 37272 37275
2703 1 0 9 0 37274 37276 37285
2707 1 0 0 5 37298 37299 37304
2687 1 1 3 1 37306 37307 37309
2688 1 1 2 10 37322 37323 37331
2709 1 0 10 1 37321 37326 37335
2708 1 0 8 0 37323 37324 37336
2714 1 0 0 9 37362 37363 37372
2713 1 0 9 4 37378 37379 37384
2718 1 1 8 6 37417 37419 37421
2719 1 1 0 6 37420 37427 37433
2716 1 1 10 2 37419 37437 37445
2720 1 0 9 4 37470 37475 37480
2706 1 0 5 1 37480 37481 37485
2723 1 1 0 5 37487 37489 37494
2705 1 0 7 1 37483 37491 37497
2721 1 1 8 5 37497 37500 37503
2722 1 1 10 4 37502 37508 37514
2712 1 1 6 8 37530 37532 37534
2727 1 0 0 1 37541 37542 37543
2724 1 1 9 1 37560 37561 37569
2728 1 1 8 0 37591 37598 37606
2731 1 0 0 10 37597 37598 37608
2729 1 1 10 4 37594 37616 37622
2711 1 1 4 6 37636 37637 37639
2732 1 0 9 4 37642 37643 37648
2715 1 0 3 5 37643 37649 37651
2735 1 0 0 2 37656 37661 37663
2734 1 1 10 5 37681 37685 37690
2733 1 1 8 1 37688 37693 37700
2739 1 1 0 10 37707 37708 37718
2717 1 0 2 5 37719 37720 37723
2726 1 0 7 8 37723 37725 37726
2737 1 1 9 4 37738 37739 37744
2725 1 1 5 0 37747 37748 37753
2710 1 1 1 5 37767 37768 37772
2742 1 1 0 3 37768 37777 37780
2741 1 0 8 7 37780 37783 37784
2730 1 1 6 8 37773 37783 37785
2740 1 0 10 3 37779 37781 37788
2748 1 0 0 9 37835 37838 37847
2745 1 0 9 10 37853 37854 37855
2751 1 1 8 4 37863 37864 37868
2750 1 0 10 0 37866 37867 37877
2752 1 0 0 3 37877 37878 37881
2738 1 0 3 7 37934 37935 37939
2756 1 1 0 3 37941 37945 37948
2753 1 0 9 4 37943 37945 37950
2754 1 0 8 7 37950 37954 37955
2755 1 0 10 3 37944 37958 37965
2746 1 0 5 7 37971 37973 37975
2744 1 0 7 3 37984 37985 37989
2758 1 0 0 10 37999 38002 38012
2736 1 1 4 8 38018 38019 38023
2749 1 1 6 2 38025 38027 38031
2760 1 0 10 4 38030 38031 38037
2761 1 0 8 4 38035 38041 38045
2759 1 0 9 2 38033 38050 38057
2743 1 0 2 8 38063 38064 38070
2764 1 0 0 3 38065 38078 38081
2771 1 1 0 6 38112 38114 38120
2769 1 1 8 1 38120 38122 38129
2768 1 0 9 7 38134 38135 38139
2767 1 0 10 6 38129 38136 38140
2772 1 1 0 10 38177 38178 38188
2762 1 0 5 10 38214 38215 38220
2773 1 0 8 3 38219 38222 38227
2763 1 1 7 2 38220 38223 38228
2774 1 0 10 3 38223 38234 38241
2775 1 0 9 1 38232 38233 38243
2776 1 1 0 10 38240 38242 38252
2766 1 1 6 2 38258 38262 38266
2782 1 0 0 4 38287 38288 38292
2778 1 0 8 6 38308 38311 38313
2747 1 1 1 9 38304 38305 38313
2780 1 0 10 1 38303 38309 38318
2757 1 0 3 6 38323 38325 38328
2781 1 1 9 4 38324 38325 38330
2784 1 1 0 5 38336 38340 38345
2765 1 1 4 2 38381 38382 38384
2785 1 0 10 9 38392 38396 38397
2770 1 1 2 4 38406 38407 38409
2787 1 0 8 10 38407 38408 38410
2790 1 1 0 5 38411 38415 38420
2789 1 0 9 2 38414 38415 38422
2779 1 1 7 3 38454 38456 38460
2795 1 0 0 5 38470 38472 38477
2792 1 0 10 2 38478 38483 38491
2777 1 0 5 0 38487 38488 38493
2783 1 1 6 9 38497 38500 38503
2794 1 1 8 10 38500 38502 38504
2796 1 1 9 10 38529 38530 38531
2798 1 0 0 5 38534 38535 38540
2799 1 1 10 1 38563 38564 38573
2804 1 1 0 5 38583 38584 38589
2802 1 1 8 0 38598 38601 38609
2803 1 0 9 3 38630 38634 38640
2806 1 1 0 1 38644 38645 38646
2788 1 0 3 0 38667 38668 38671
2805 1 0 10 4 38668 38681 38687
2807 1 0 8 0 38684 38691 38699
2809 1 1 0 2 38706 38707 38709
2797 1 0 7 0 38696 38706 38713
2808 1 1 9 5 38724 38731 38735
2800 1 1 5 4 38744 38745 38746
2811 1 1 10 9 38761 38767 38768
2793 1 0 2 0 38768 38770 38772
2801 1 1 6 7 38764 38771 38772
2814 1 0 0 1 38775 38776 38777
2791 1 0 4 1 38776 38780 38783
2812 1 1 8 2 38782 38783 38789
2786 1 0 1 4 38826 38827 38830
2815 1 1 9 6 38820 38827 38830
2820 1 0 0 6 38835 38839 38845
2817 1 1 10 4 38836 38840 38846
2822 1 0 8 6 38871 38873 38875
2825 1 1 0 1 38891 38895 38896
2823 1 0 9 5 38912 38915 38919
2826 1 0 10 2 38916 38924 38932
2828 1 1 0 6 38943 38944 38950
2813 1 1 7 5 38948 38951 38953
2827 1 1 8 4 38977 38980 38984
2816 1 1 5 6 38988 38989 38990
2829 1 1 9 3 38992 38995 39001
2831 1 0 0 6 38996 38998 39004
2830 1 1 10 6 38998 39008 39012
2810 1 1 3 2 39014 39015 39016
2818 1 1 6 0 39010 39012 39018
2836 1 1 0 2 39053 39054 39056
2833 1 0 8 2 39076 39078 39084
2835 1 0 9 7 39082 39091 39093
2837 1 0 10 5 39089 39096 39101
2819 1 1 2 1 39112 39113 39114
2821 1 1 4 7 39113 39117 39120
2840 1 0 0 10 39137 39142 39152
2842 1 0 9 5 39156 39157 39161
2843 1 1 10 4 39170 39173 39179
2841 1 0 8 0 39179 39182 39190
2832 1 1 7 1 39193 39196 39202
2846 1 0 0 9 39200 39201 39210
2834 1 1 5 1 39229 39233 39237
2847 1 0 9 7 39241 39242 39244
2838 1 0 6 4 39246 39247 39249
2849 1 0 8 6 39257 39261 39263
2851 1 1 0 6 39268 39269 39275
2848 1 0 10 1 39260 39267 39276
2857 1 0 0 8 39326 39327 39335
2853 1 0 9 6 39333 39336 39339
2824 1 1 1 4 39335 39340 39343
2855 1 0 8 2 39338 39341 39347
2856 1 1 10 0 39347 39353 39363
2839 1 0 3 9 39367 39368 39374
2858 1 1 0 10 39397 39398 39408
2859 1 0 9 0 39414 39415 39424
2861 1 1 8 4 39429 39431 39435
2850 1 0 7 0 39421 39431 39438
2844 1 0 2 8 39437 39440 39446
2862 1 0 10 3 39443 39448 39455
2864 1 1 0 7 39448 39452 39459
2852 1 0 5 7 39478 39480 39482
2854 1 1 6 0 39479 39480 39486
2845 1 1 4 6 39481 39490 39492
2867 1 0 8 10 39503 39504 39506
2865 1 0 9 8 39507 39508 39509
2870 1 1 0 10 39498 39504 39514
2869 1 1 10 5 39538 39539 39544
2874 1 1 0 5 39564 39569 39574
2876 1 0 9 1 39575 39576 39584
2875 1 1 8 9 39595 39598 39599
2878 1 0 0 6 39611 39612 39618
2877 1 1 10 3 39631 39632 39639
2866 1 0 7 6 39654 39655 39656
2879 1 0 9 7 39661 39664 39666
2881 1 1 0 4 39670 39673 39677
2880 1 0 8 10 39694 39695 39697
2872 1 1 6 5 39706 39708 39709
2863 1 1 3 2 39711 39713 39714
2882 1 0 10 0 39714 39715 39725
2871 1 1 5 9 39726 39729 39733
2885 1 0 0 5 39743 39744 39749
2884 1 1 9 8 39753 39754 39755
2886 1 1 8 9 39779 39780 39781
2891 1 0 0 3 39789 39794 39797
2868 1 0 2 9 39795 39796 39803
2889 1 1 10 5 39799 39800 39805
2873 1 1 4 9 39846 39847 39852
2892 1 0 9 10 39859 39860 39861
2894 1 1 0 2 39851 39861 39863
2893 1 0 8 4 39861 39863 39867
2860 1 1 1 7 39878 39879 39885
2883 1 1 7 9 39900 39901 39903
2896 1 1 10 0 39904 39905 39915
2898 1 1 0 2 39915 39916 39918
2887 1 0 6 8 39923 39925 39927
2899 1 0 9 5 39937 39938 39942
2900 1 0 8 3 39946 39949 39954
2904 1 1 0 8 39971 39973 39981
2890 1 0 5 2 39983 39985 39988
2903 1 1 10 1 39994 39996 40005
2906 1 0 9 2 40018 40025 40032
2907 1 0 8 10 40030 40038 40040
2908 1 1 0 7 40039 40040 40047
2888 1 1 3 7 40083 40087 40091
2911 1 0 9 5 40099 40100 40104
2913 1 0 0 1 40103 40109 40110
2910 1 0 10 1 40101 40119 40128
2912 1 1 8 0 40125 40126 40134
2895 1 1 2 4 40144 40146 40148
2902 1 0 7 10 40140 40146 40149
2917 1 1 0 3 40158 40162 40165
2916 1 0 10 7 40181 40182 40185
2905 1 1 6 0 40178 40181 40187
2915 1 0 9 3 40183 40187 40193
2909 1 0 5 8 40203 40205 40208
2921 1 1 0 8 40211 40212 40220
2918 1 0 8 6 40221 40222 40224
2897 1 0 4 1 40228 40230 40233
2923 1 1 10 4 40268 40270 40276
2926 1 0 0 9 40269 40270 40279
2924 1 0 9 0 40284 40285 40294
2927 1 1 8 2 40316 40320 40326
2930 1 0 0 6 40324 40325 40331
2929 1 0 10 5 40363 40367 40372
2931 1 0 9 8 40371 40376 40377
2933 1 1 0 9 40370 40372 40381
2919 1 0 7 8 40381 40382 40383
2901 1 0 1 10 40393 40400 40409
2932 1 0 8 7 40407 40411 40412
2935 1 0 0 6 40418 40425 40431
2925 1 0 5 8 40423 40430 40433
2922 1 0 6 9 40437 40439 40442
2934 1 0 10 9 40442 40443 40444
2914 1 1 3 8 40450 40456 40461
2936 1 0 9 8 40461 40462 40463
2920 1 1 2 3 40474 40480 40481
2940 1 1 0 3 40480 40484 40487
2939 1 0 8 7 40498 40499 40500
2945 1 0 9 4 40537 40539 40544
2947 1 1 0 2 40544 40547 40549
2943 1 0 10 2 40537 40550 40558
2948 1 1 8 3 40584 40590 40595
2928 1 1 4 10 40594 40596 40602
2951 1 0 0 2 40605 40607 40609
2937 1 1 7 0 40625 40628 40635
2949 1 0 9 7 40636 40643 40645
2941 1 0 5 4 40645 40647 40648
2950 1 0 10 4 40638 40654 40660
2954 1 1 0 2 40664 40665 40667
2952 1 0 8 5 40679 40683 40686
2942 1 0 6 1 40683 40685 40690
2959 1 0 0 2 40725 40726 40728
2956 1 1 9 4 40717 40724 40729
2957 1 1 10 1 40731 40737 40746
2960 1 0 8 2 40763 40769 40775
2963 1 1 0 6 40770 40771 40777
2944 1 0 3 9 40798 40799 40805
2962 1 0 9 7 40807 40808 40810
2964 1 0 10 4 40818 40821 40827
2946 1 0 2 1 40824 40829 40830
2966 1 0 0 2 40828 40831 40833
2955 1 1 7 4 40852 40853 40856
2965 1 1 8 10 40858 40862 40864
2968 1 1 9 10 40876 40877 40878
2958 1 0 5 10 40883 40886 40891
2971 1 0 0 4 40885 40901 40905
2969 1 1 10 0 40906 40907 40917
2938 1 1 1 5 40924 40925 40929
2961 1 1 6 7 40932 40933 40934
2973 1 1 8 3 40939 40940 40945
2953 1 0 4 9 40941 40942 40947
2976 1 1 0 10 40947 40950 40960
2974 1 0 9 7 40975 40976 40978
2977 1 1 10 0 40989 40990 41000
2980 1 0 8 4 41024 41025 41029
2982 1 1 0 10 41025 41026 41036
2983 1 1 9 10 41075 41076 41077
2984 1 1 10 5 41079 41080 41085
2986 1 0 0 10 41086 41090 41100
2972 1 1 7 4 41113 41115 41118
2975 1 1 5 3 41117 41119 41121
2985 1 1 8 3 41115 41126 41131
2987 1 0 9 6 41151 41152 41155
2989 1 1 0 9 41150 41153 41162
2988 1 1 10 6 41155 41163 41167
2979 1 1 6 10 41169 41170 41174
2967 1 1 3 7 41170 41181 41185
2970 1 0 2 5 41190 41194 41197
2991 1 1 8 0 41194 41195 41203
2993 1 1 0 6 41206 41207 41213
2994 1 1 9 3 41230 41233 41239
2995 1 1 10 7 41238 41246 41249
3000 1 0 0 2 41271 41276 41278
2981 1 0 4 7 41281 41283 41286
2999 1 0 8 10 41288 41289 41291
3001 1 0 9 4 41320 41321 41326
2992 1 0 5 9 41335 41336 41340
3002 1 1 10 2 41333 41336 41344
3003 1 0 0 1 41336 41349 41350
2990 1 1 7 5 41359 41364 41366
3005 1 1 8 10 41389 41392 41394
3009 1 0 0 1 41397 41398 41399
2996 1 1 6 1 41397 41401 41406
3006 1 1 9 8 41408 41415 41418
3007 1 1 10 6 41407 41416 41420
3013 1 0 0 7 41449 41450 41457
2978 1 1 1 2 41464 41469 41470
3011 1 0 8 5 41481 41482 41485
2997 1 1 3 1 41490 41491 41493
3014 1 0 10 5 41501 41506 41511
3015 1 0 9 7 41513 41517 41519
3016 1 1 0 3 41516 41517 41520
2998 1 1 2 10 41532 41533 41541
3018 1 1 8 2 41567 41569 41575
3022 1 0 0 9 41561 41568 41577
3020 1 0 10 8 41581 41582 41584
3008 1 0 5 2 41582 41587 41590
3004 1 1 4 10 41599 41600 41606
3021 1 1 9 10 41598 41605 41606
3010 1 1 7 4 41606 41609 41612
3024 1 0 0 4 41611 41613 41617
3012 1 1 6 8 41628 41630 41632
3025 1 1 8 7 41663 41664 41665
3031 1 0 0 9 41673 41677 41686
3026 1 1 10 0 41676 41679 41689
3028 1 0 9 3 41698 41699 41705
3034 1 1 0 7 41732 41733 41740
3033 1 1 8 6 41752 41753 41755
3035 1 1 10 4 41778 41782 41788
3037 1 0 0 6 41798 41801 41807
3036 1 1 9 2 41799 41804 41811
3027 1 0 5 4 41841 41842 41843
3038 1 0 8 9 41846 41850 41851
3019 1 1 3 1 41852 41853 41855
3032 1 0 6 2 41856 41859 41863
3040 1 1 0 5 41869 41870 41875
3030 1 0 7 4 41865 41868 41877
3039 1 0 10 0 41862 41871 41881
3023 1 1 2 7 41872 41878 41883
3041 1 1 9 6 41896 41898 41901
3048 1 0 0 4 41930 41931 41935
3043 1 1 8 9 41939 41941 41942
3046 1 1 10 2 41942 41943 41951
3029 1 0 4 6 41963 41964 41966
3017 1 1 1 7 41981 41982 41988
3050 1 1 9 7 41991 41993 41995
3051 1 0 0 6 41999 42005 42011
3052 1 1 8 5 42012 42013 42016
3053 1 0 10 6 42031 42035 42039
3057 1 1 0 6 42055 42060 42066
3056 1 1 9 8 42062 42069 42070
3042 1 0 5 9 42086 42087 42091
3045 1 1 6 3 42098 42100 42103
3058 1 0 8 6 42103 42104 42106
3059 1 0 10 7 42104 42110 42113
3047 1 0 7 1 42113 42114 42120
3060 1 0 0 8 42125 42126 42134
3061 1 0 9 7 42151 42152 42154
3064 1 0 8 6 42196 42197 42199
3067 1 1 0 7 42191 42194 42201
3044 1 0 3 5 42206 42209 42211
3065 1 1 10 0 42213 42216 42226
3068 1 0 9 3 42238 42242 42248
3069 1 1 0 2 42245 42246 42248
3049 1 1 2 8 42269 42270 42276
3070 1 1 8 2 42282 42283 42289
3062 1 0 5 9 42303 42305 42309
3074 1 1 0 7 42306 42308 42315
3072 1 0 10 4 42304 42310 42316
3073 1 1 9 7 42319 42321 42323
3063 1 1 6 1 42341 42342 42347
3066 1 1 7 2 42341 42353 42358
3079 1 1 0 1 42366 42368 42369
3076 1 0 8 1 42361 42365 42372
3054 1 0 4 1 42368 42369 42372
3078 1 1 10 8 42381 42390 42392
3080 1 1 9 5 42412 42413 42417
3084 1 0 0 3 42425 42426 42429
3055 1 0 1 7 42439 42441 42447
3083 1 0 8 10 42449 42450 42452
3086 1 0 10 1 42472 42473 42482
3088 1 0 0 4 42479 42483 42487
3087 1 1 9 5 42520 42524 42528
3092 1 0 0 4 42529 42533 42537
3090 1 1 8 1 42533 42536 42543
3081 1 0 6 5 42554 42556 42557
3077 1 0 5 10 42554 42558 42563
3091 1 0 10 3 42558 42564 42571
3082 1 0 7 8 42564 42575 42576
3071 1 1 3 7 42574 42576 42580
3094 1 1 0 1 42580 42587 42588
3093 1 0 9 7 42623 42624 42626
3095 1 0 8 7 42625 42627 42628
3075 1 1 2 9 42628 42629 42636
3098 1 1 10 9 42639 42640 42641
3101 1 0 0 2 42643 42650 42652
3106 1 0 0 5 42698 42700 42705
3102 1 1 9 4 42704 42705 42710
3105 1 0 10 7 42729 42734 42737
3103 1 0 8 1 42735 42736 42743
3085 1 1 4 8 42747 42748 42752
3107 1 0 0 9 42766 42767 42776
3096 1 1 6 5 42780 42782 42783
3099 1 1 7 0 42784 42786 42793
3097 1 0 5 2 42799 42803 42806
3108 1 0 9 3 42803 42813 42819
3110 1 0 8 1 42807 42812 42821
3109 1 0 10 6 42809 42830 42834
3112 1 1 0 2 42835 42836 42838
3117 1 0 8 0 42880 42882 42890
3119 1 0 0 2 42897 42898 42900
3118 1 1 10 6 42892 42900 42904
3116 1 1 9 3 42908 42911 42917
3100 1 1 3 9 42930 42931 42937
3122 1 0 0 9 42966 42968 42977
3120 1 1 8 1 42985 42986 42993
3123 1 0 9 4 42989 42990 42995
3089 1 1 1 2 42986 42994 42995
3104 1 1 2 6 43000 43001 43005
3121 1 0 10 6 42996 43002 43006
3114 1 0 7 6 43012 43013 43014
3113 1 1 6 5 43017 43018 43019
3125 1 1 0 1 43028 43033 43034
3115 1 0 5 0 43044 43045 43050
3126 1 1 8 2 43068 43075 43081
3133 1 0 0 3 43082 43083 43086
3128 1 0 9 0 43088 43094 43103
3129 1 0 10 3 43090 43113 43120
3111 1 0 4 1 43141 43142 43145
3136 1 0 0 5 43143 43146 43151
3135 1 0 8 9 43168 43171 43172
3138 1 0 10 8 43174 43175 43177
3137 1 0 9 10 43180 43181 43182
