clientID partySize elevatorID arrivalFloor dropoffFloor createTime pickupTime dropoffTime
1 1 3 0 5 64 65 70
9 1 0 0 2 117 118 120
10 1 3 0 6 168 173 179
8 1 1 7 3 224 231 235
7 1 2 6 2 226 232 236
11 1 2 0 1 226 238 239
6 1 1 5 0 257 259 264
13 1 0 0 7 291 293 300
4 1 1 3 5 347 350 352
3 1 1 2 5 353 356 359
16 1 1 0 4 354 364 368
5 1 0 4 0 376 379 383
19 1 3 0 1 415 421 422
21 1 3 0 1 465 466 467
12 1 2 7 5 488 494 496
14 1 0 6 1 494 500 505
15 1 0 5 3 506 510 512
22 1 1 0 1 526 530 531
2 1 2 1 2 531 535 536
26 1 1 0 1 592 593 594
28 1 0 0 1 662 665 666
17 1 2 3 1 673 674 676
18 1 3 2 5 714 715 718
29 1 1 0 1 724 725 726
24 1 0 6 3 727 732 735
23 1 3 7 1 731 733 739
20 1 1 4 2 741 744 746
25 1 0 5 6 756 758 759
32 1 0 0 6 780 786 792
37 1 2 0 5 844 845 850
33 1 1 6 0 917 921 927
38 1 0 0 4 920 926 930
40 1 3 0 3 977 978 981
34 1 2 7 5 989 991 993
36 1 2 5 3 1002 1003 1005
41 1 0 0 1 1040 1044 1045
30 1 0 3 4 1043 1047 1048
27 1 0 1 5 1044 1045 1049
35 1 1 4 7 1062 1066 1069
31 1 2 2 7 1084 1085 1090
44 1 3 0 2 1100 1103 1105
39 1 2 6 5 1167 1168 1169
49 1 3 0 5 1165 1167 1172
43 1 3 5 6 1228 1229 1230
50 1 0 0 2 1227 1232 1234
42 1 2 7 4 1257 1259 1262
52 1 1 0 2 1285 1292 1294
55 1 2 0 5 1339 1343 1348
51 1 1 6 1 1400 1404 1409
48 1 2 2 5 1404 1407 1410
56 1 2 0 6 1405 1415 1421
45 1 3 3 4 1434 1437 1438
47 1 0 4 0 1434 1436 1440
53 1 1 5 3 1451 1455 1457
59 1 1 0 2 1465 1468 1470
54 1 1 7 5 1493 1498 1500
46 1 3 1 0 1512 1515 1516
63 1 2 0 7 1532 1538 1545
66 1 0 0 6 1577 1578 1584
67 1 1 0 5 1639 1644 1649
57 1 1 6 1 1658 1659 1664
62 1 0 5 0 1690 1691 1696
68 1 2 0 4 1692 1699 1703
64 1 2 7 2 1732 1735 1740
58 1 2 2 5 1761 1762 1765
71 1 1 0 6 1761 1762 1768
61 1 2 4 0 1764 1766 1770
60 1 0 3 2 1781 1784 1785
73 1 2 0 3 1814 1815 1818
77 1 0 0 3 1876 1878 1881
70 1 3 5 2 1918 1923 1926
78 1 0 0 1 1926 1929 1930
69 1 0 6 1 1931 1936 1941
72 1 1 7 2 1954 1955 1960
80 1 1 0 1 1994 1996 1997
65 1 2 1 2 2045 2047 2048
83 1 2 0 6 2057 2059 2065
76 1 1 3 1 2121 2123 2125
85 1 1 0 2 2122 2126 2128
74 1 3 2 4 2132 2133 2135
81 1 0 6 5 2141 2146 2147
75 1 0 4 0 2153 2154 2158
79 1 0 5 4 2164 2169 2170
82 1 0 7 1 2164 2173 2179
87 1 0 0 1 2189 2190 2191
93 1 2 0 7 2254 2260 2267
94 1 3 0 2 2304 2308 2310
95 1 2 0 5 2363 2370 2375
89 1 2 6 3 2383 2384 2387
92 1 1 5 6 2401 2404 2405
96 1 0 0 6 2415 2416 2422
91 1 0 7 3 2419 2423 2427
86 1 3 3 6 2472 2473 2476
99 1 1 0 3 2469 2475 2478
90 1 1 4 5 2522 2523 2524
88 1 3 2 6 2516 2520 2524
101 1 2 0 2 2521 2524 2526
84 1 3 1 0 2539 2544 2545
104 1 3 0 6 2571 2572 2578
107 1 2 0 6 2613 2615 2621
97 1 0 6 1 2628 2631 2636
98 1 3 5 0 2661 2662 2667
108 1 3 0 2 2669 2670 2672
100 1 1 7 2 2672 2674 2679
111 1 0 0 7 2719 2720 2727
113 1 1 0 7 2775 2777 2784
114 1 1 0 7 2835 2842 2849
102 1 2 3 6 2846 2849 2852
103 1 2 2 5 2881 2885 2888
109 1 2 6 3 2888 2889 2892
115 1 1 0 4 2889 2896 2900
105 1 3 4 0 2894 2896 2900
112 1 0 7 5 2905 2906 2908
110 1 2 5 6 2909 2911 2912
119 1 3 0 5 2955 2956 2961
123 1 1 0 3 3005 3009 3012
124 1 3 0 1 3060 3065 3066
106 1 3 1 2 3088 3089 3090
118 1 2 6 5 3113 3114 3115
125 1 1 0 4 3116 3119 3123
121 1 2 7 6 3132 3134 3135
122 1 0 5 4 3173 3174 3175
128 1 2 0 7 3178 3184 3191
116 1 0 3 1 3215 3216 3218
117 1 1 2 1 3237 3239 3240
131 1 1 0 4 3240 3241 3245
120 1 2 4 3 3252 3255 3256
134 1 0 0 2 3307 3308 3310
136 1 0 0 6 3355 3357 3363
129 1 0 7 5 3357 3364 3366
127 1 3 6 5 3368 3372 3373
130 1 2 5 3 3410 3412 3414
137 1 2 0 6 3415 3418 3424
141 1 2 0 4 3465 3471 3475
142 1 2 0 1 3532 3536 3537
132 1 0 3 6 3584 3586 3589
138 1 0 7 1 3592 3593 3599
143 1 0 0 2 3594 3600 3602
126 1 1 1 2 3604 3607 3608
133 1 1 2 1 3605 3609 3610
135 1 2 4 3 3611 3614 3615
139 1 1 6 0 3618 3623 3629
146 1 0 0 1 3643 3645 3646
140 1 2 5 6 3679 3681 3682
151 1 0 0 1 3703 3704 3705
153 1 3 0 3 3761 3766 3769
154 1 2 0 2 3811 3817 3819
145 1 0 7 4 3839 3845 3848
150 1 0 6 1 3857 3859 3864
155 1 1 0 5 3883 3884 3889
152 1 3 5 0 3931 3933 3938
158 1 0 0 7 3939 3940 3947
144 1 2 3 4 3961 3962 3963
149 1 1 4 7 3968 3969 3972
148 1 0 2 6 3967 3972 3976
160 1 2 0 3 3992 3996 3999
164 1 2 0 7 4067 4070 4077
156 1 3 7 4 4068 4075 4078
157 1 2 6 1 4111 4112 4117
159 1 0 5 3 4132 4133 4135
165 1 1 0 5 4130 4137 4142
147 1 2 1 0 4147 4148 4149
168 1 0 0 5 4176 4179 4184
171 1 2 0 5 4244 4245 4250
166 1 1 7 0 4301 4303 4310
172 1 3 0 6 4307 4311 4317
161 1 0 3 4 4318 4320 4321
163 1 2 4 7 4327 4328 4331
162 1 0 2 0 4344 4346 4348
174 1 0 0 6 4364 4365 4371
167 1 0 6 5 4381 4382 4383
169 1 3 5 1 4378 4379 4383
178 1 1 0 3 4424 4425 4428
181 1 2 0 4 4497 4504 4508
182 1 3 0 3 4548 4549 4552
173 1 0 7 0 4555 4557 4564
183 1 3 0 5 4617 4620 4625
179 1 0 5 0 4619 4624 4629
180 1 3 6 2 4624 4626 4630
185 1 1 0 6 4670 4673 4679
170 1 0 1 6 4680 4681 4686
175 1 1 3 5 4683 4686 4688
176 1 2 4 6 4696 4697 4699
177 1 1 2 1 4730 4733 4734
188 1 2 0 6 4722 4728 4734
192 1 1 0 3 4787 4788 4791
184 1 2 7 0 4830 4831 4838
194 1 0 0 4 4846 4852 4856
186 1 2 5 7 4850 4855 4857
187 1 2 6 2 4887 4888 4892
196 1 2 0 6 4922 4924 4930
199 1 1 0 7 4984 4987 4994
200 1 3 0 6 5044 5046 5052
190 1 2 3 0 5055 5058 5061
193 1 3 2 0 5066 5070 5072
191 1 1 4 7 5083 5086 5089
195 1 0 7 2 5089 5092 5097
197 1 1 5 6 5098 5100 5101
201 1 2 0 5 5101 5102 5107
198 1 2 6 4 5104 5108 5110
207 1 1 0 2 5154 5160 5162
189 1 2 1 6 5205 5208 5213
209 1 0 0 3 5218 5220 5223
211 1 1 0 7 5282 5284 5291
205 1 3 7 0 5331 5338 5345
212 1 0 0 6 5338 5341 5347
206 1 3 5 7 5345 5350 5352
208 1 1 6 1 5363 5364 5369
214 1 3 0 6 5395 5402 5408
202 1 0 3 2 5406 5409 5410
203 1 1 2 0 5408 5409 5411
217 1 3 0 5 5457 5463 5468
204 1 1 4 7 5468 5472 5475
220 1 1 0 7 5523 5530 5537
213 1 2 7 2 5577 5578 5583
215 1 2 5 1 5585 5588 5592
222 1 2 0 4 5599 5600 5604
216 1 1 6 7 5614 5615 5616
225 1 3 0 4 5653 5658 5662
227 1 3 0 1 5715 5719 5720
210 1 3 1 6 5724 5725 5730
219 1 3 2 3 5755 5759 5760
228 1 0 0 5 5786 5788 5793
218 1 0 3 2 5788 5795 5796
224 1 0 5 2 5825 5828 5831
223 1 2 7 3 5833 5836 5840
221 1 1 4 2 5838 5841 5843
231 1 3 0 7 5836 5839 5846
226 1 1 6 1 5842 5847 5852
235 1 2 0 5 5888 5891 5896
238 1 2 0 6 5951 5956 5962
239 1 0 0 4 6014 6016 6020
233 1 1 5 2 6053 6057 6060
234 1 3 7 2 6066 6067 6072
237 1 0 6 5 6080 6082 6083
240 1 3 0 7 6078 6080 6087
230 1 0 2 1 6090 6093 6094
243 1 0 0 6 6145 6146 6152
232 1 3 3 2 6157 6161 6162
236 1 1 4 0 6177 6179 6183
246 1 1 0 6 6203 6204 6210
249 1 0 0 5 6260 6266 6271
241 1 1 5 0 6275 6276 6281
229 1 0 1 7 6285 6289 6295
244 1 0 6 5 6296 6297 6298
242 1 0 7 6 6320 6322 6323
250 1 3 0 7 6320 6322 6329
255 1 3 0 2 6388 6395 6397
245 1 2 2 5 6412 6416 6419
256 1 0 0 6 6447 6453 6459
258 1 1 0 5 6506 6507 6512
248 1 1 4 5 6521 6522 6523
251 1 3 5 1 6520 6523 6527
247 1 3 3 0 6528 6530 6533
253 1 1 6 0 6538 6539 6545
254 1 0 7 5 6549 6550 6552
259 1 0 0 6 6560 6565 6571
265 1 0 0 1 6617 6623 6624
266 1 2 0 2 6663 6668 6670
267 1 2 0 3 6725 6727 6730
260 1 0 5 6 6753 6757 6758
257 1 1 2 6 6770 6772 6776
268 1 2 0 2 6780 6783 6785
263 1 2 6 5 6781 6789 6790
264 1 0 7 6 6803 6804 6805
252 1 0 1 4 6803 6810 6813
271 1 3 0 6 6840 6841 6847
261 1 2 4 0 6884 6885 6889
275 1 3 0 2 6901 6907 6909
262 1 1 3 7 6904 6907 6911
277 1 3 0 5 6971 6973 6978
269 1 3 5 2 6988 6989 6992
279 1 2 0 5 7026 7027 7032
272 1 0 6 0 7027 7029 7035
274 1 1 7 3 7049 7050 7054
281 1 1 0 4 7085 7088 7092
270 1 2 2 5 7127 7130 7133
284 1 2 0 7 7139 7144 7151
286 1 3 0 7 7189 7191 7198
280 1 3 5 6 7207 7209 7210
276 1 2 4 3 7212 7215 7216
282 1 1 6 5 7251 7253 7254
287 1 2 0 4 7255 7258 7262
278 1 0 3 5 7272 7275 7277
283 1 3 7 2 7282 7283 7288
291 1 0 0 3 7313 7318 7321
273 1 2 1 2 7328 7331 7332
294 1 1 0 1 7377 7382 7383
288 1 1 5 3 7416 7420 7422
296 1 1 0 3 7445 7448 7451
290 1 1 6 4 7488 7491 7493
285 1 0 2 7 7501 7502 7507
298 1 2 0 3 7503 7505 7508
293 1 3 7 0 7520 7525 7532
301 1 2 0 3 7555 7558 7561
289 1 3 4 1 7579 7583 7586
303 1 2 0 7 7614 7617 7624
292 1 2 3 5 7639 7643 7645
297 1 3 5 6 7660 7664 7665
305 1 0 0 3 7663 7670 7673
299 1 2 6 1 7712 7713 7718
308 1 2 0 2 7719 7720 7722
310 1 1 0 6 7773 7777 7783
302 1 0 7 1 7775 7779 7785
311 1 1 0 1 7826 7832 7833
300 1 2 2 7 7860 7861 7866
295 1 1 1 7 7873 7874 7880
313 1 1 0 1 7875 7887 7888
307 1 1 5 1 7908 7912 7916
316 1 0 0 4 7926 7927 7931
309 1 3 6 5 7936 7937 7938
304 1 0 4 0 7946 7947 7951
306 1 1 3 0 7949 7951 7954
318 1 0 0 7 7981 7982 7989
312 1 3 7 5 8004 8006 8008
322 1 3 0 3 8056 8061 8064
324 1 2 0 6 8122 8129 8135
317 1 2 5 7 8149 8150 8152
325 1 1 0 3 8175 8176 8179
319 1 0 6 4 8185 8186 8188
314 1 1 2 0 8224 8225 8227
327 1 2 0 1 8236 8243 8244
323 1 1 7 0 8248 8255 8262
321 1 3 3 1 8299 8300 8302
330 1 0 0 5 8299 8303 8308
320 1 3 4 5 8315 8318 8319
332 1 0 0 6 8363 8368 8374
326 1 2 5 6 8393 8397 8398
335 1 1 0 2 8421 8422 8424
315 1 3 1 6 8415 8419 8424
328 1 2 6 1 8436 8437 8442
338 1 3 0 7 8480 8486 8493
331 1 3 7 5 8510 8511 8513
340 1 3 0 2 8535 8540 8542
329 1 1 2 3 8579 8580 8581
342 1 3 0 2 8596 8598 8600
336 1 2 5 0 8623 8627 8632
333 1 3 3 0 8630 8631 8634
334 1 0 4 7 8663 8665 8668
339 1 0 6 4 8665 8669 8671
344 1 2 0 1 8669 8670 8671
349 1 3 0 7 8728 8729 8736
341 1 3 7 2 8741 8742 8747
350 1 0 0 1 8791 8795 8796
352 1 2 0 3 8841 8842 8845
345 1 0 5 6 8895 8899 8900
353 1 3 0 6 8904 8906 8912
348 1 1 6 5 8920 8923 8924
337 1 0 1 7 8925 8930 8936
343 1 0 2 0 8956 8961 8963
355 1 2 0 6 8968 8971 8977
346 1 3 3 1 8984 8987 8989
351 1 0 7 6 8986 8993 8994
359 1 3 0 1 9027 9028 9029
347 1 1 4 0 9031 9032 9036
362 1 3 0 2 9086 9087 9089
364 1 0 0 2 9141 9147 9149
354 1 1 5 1 9140 9145 9149
356 1 3 6 1 9163 9167 9172
366 1 1 0 7 9213 9214 9221
361 1 0 7 1 9240 9245 9251
368 1 0 0 3 9269 9270 9273
370 1 0 0 1 9323 9326 9327
358 1 2 2 0 9329 9333 9335
360 1 2 3 1 9349 9352 9354
363 1 2 4 7 9354 9357 9360
367 1 1 6 4 9395 9396 9398
365 1 1 5 4 9395 9397 9398
371 1 2 0 5 9387 9394 9399
357 1 0 1 3 9437 9438 9440
375 1 3 0 1 9453 9454 9455
369 1 2 7 0 9493 9495 9502
379 1 3 0 1 9508 9509 9510
381 1 2 0 2 9573 9574 9576
376 1 3 5 6 9622 9626 9627
377 1 0 6 5 9626 9629 9630
382 1 3 0 5 9630 9636 9641
385 1 3 0 1 9682 9687 9688
372 1 3 2 1 9696 9697 9698
373 1 2 3 7 9700 9701 9705
374 1 1 4 1 9724 9725 9728
380 1 3 7 1 9729 9735 9741
386 1 0 0 1 9752 9757 9758
391 1 3 0 3 9803 9804 9807
384 1 0 6 3 9853 9858 9861
392 1 3 0 3 9867 9870 9873
383 1 2 5 7 9885 9887 9889
394 1 0 0 1 9933 9936 9937
378 1 3 1 2 9946 9948 9949
390 1 1 7 2 9989 9995 10000
396 1 3 0 5 9995 9997 10002
387 1 3 2 5 10051 10054 10057
399 1 2 0 6 10052 10059 10065
393 1 0 6 4 10064 10069 10071
388 1 0 3 1 10066 10072 10074
401 1 2 0 2 10104 10110 10112
389 1 0 4 6 10110 10113 10115
395 1 3 5 2 10140 10141 10144
404 1 2 0 1 10166 10168 10169
407 1 2 0 4 10227 10228 10232
398 1 3 7 2 10237 10242 10247
408 1 3 0 7 10286 10288 10295
402 1 1 6 7 10302 10306 10307
410 1 3 0 1 10344 10351 10352
406 1 1 5 6 10368 10370 10371
403 1 3 3 5 10407 10409 10411
400 1 3 2 4 10413 10416 10418
412 1 1 0 7 10416 10422 10429
416 1 0 0 2 10460 10466 10468
409 1 1 7 4 10465 10466 10469
397 1 0 1 3 10468 10469 10471
405 1 0 4 7 10496 10497 10500
417 1 3 0 4 10522 10526 10530
411 1 1 6 4 10527 10529 10531
421 1 0 0 7 10580 10587 10594
413 1 0 5 1 10631 10633 10637
423 1 2 0 5 10642 10646 10651
425 1 1 0 3 10683 10687 10690
418 1 2 7 0 10708 10710 10717
426 1 2 0 4 10727 10728 10732
422 1 0 6 7 10752 10757 10758
415 1 2 2 6 10781 10783 10787
414 1 3 3 6 10786 10787 10790
428 1 2 0 6 10787 10793 10799
432 1 2 0 4 10850 10856 10860
420 1 2 4 7 10868 10869 10872
424 1 1 5 3 10887 10889 10891
433 1 3 0 1 10913 10919 10920
427 1 1 7 4 10940 10944 10947
419 1 2 1 7 10955 10961 10967
436 1 0 0 5 10969 10976 10981
429 1 3 6 7 10989 10994 10995
439 1 2 0 5 11034 11041 11046
441 1 3 0 4 11108 11115 11119
435 1 3 5 0 11126 11127 11132
430 1 2 2 4 11136 11139 11141
431 1 0 3 7 11151 11153 11157
437 1 0 7 4 11153 11158 11161
442 1 3 0 5 11175 11176 11181
440 1 3 6 1 11224 11225 11230
447 1 0 0 5 11233 11237 11242
434 1 2 4 7 11253 11254 11257
449 1 3 0 7 11293 11294 11301
451 1 2 0 7 11347 11354 11361
446 1 2 7 6 11362 11363 11364
443 1 1 5 1 11361 11362 11366
452 1 1 0 1 11409 11410 11411
455 1 3 0 1 11464 11471 11472
448 1 0 6 2 11470 11471 11475
444 1 1 2 4 11477 11478 11480
438 1 2 1 3 11476 11481 11483
445 1 2 3 2 11515 11516 11517
456 1 3 0 4 11527 11528 11532
461 1 2 0 2 11583 11585 11587
454 1 2 7 4 11587 11592 11595
453 1 3 5 2 11608 11609 11612
450 1 1 4 1 11611 11612 11615
462 1 3 0 2 11649 11651 11653
466 1 3 0 5 11708 11710 11715
457 1 0 6 7 11735 11739 11740
467 1 3 0 4 11781 11786 11790
459 1 1 2 5 11833 11834 11837
463 1 3 7 1 11831 11834 11840
469 1 0 0 4 11835 11842 11846
464 1 0 5 2 11864 11865 11868
460 1 2 3 2 11880 11881 11882
472 1 3 0 7 11885 11886 11893
475 1 3 0 2 11932 11939 11941
465 1 1 4 7 11946 11947 11950
468 1 2 6 0 11979 11983 11989
476 1 2 0 2 11993 11994 11996
458 1 2 1 4 12000 12001 12004
479 1 3 0 3 12065 12067 12070
470 1 2 7 5 12074 12077 12079
473 1 0 5 0 12108 12111 12116
481 1 0 0 6 12111 12117 12123
484 1 1 0 4 12174 12181 12185
471 1 0 2 0 12194 12198 12200
474 1 0 3 6 12226 12229 12232
485 1 2 0 2 12228 12233 12235
478 1 1 6 3 12256 12258 12261
482 1 2 7 6 12279 12284 12285
488 1 0 0 1 12292 12298 12299
477 1 3 4 2 12308 12309 12311
483 1 1 5 7 12348 12350 12352
491 1 3 0 6 12349 12351 12357
494 1 1 0 5 12410 12417 12422
495 1 1 0 2 12468 12473 12475
480 1 2 1 7 12511 12516 12522
496 1 3 0 5 12512 12518 12523
489 1 1 6 2 12519 12523 12527
490 1 3 7 2 12523 12525 12530
486 1 3 2 5 12561 12562 12565
498 1 3 0 1 12568 12573 12574
493 1 1 5 2 12580 12583 12586
487 1 2 3 2 12582 12586 12587
502 1 2 0 7 12634 12636 12643
492 1 2 4 2 12671 12674 12676
505 1 1 0 5 12705 12707 12712
507 1 2 0 3 12761 12763 12766
500 1 0 7 5 12766 12772 12774
499 1 2 6 4 12773 12776 12778
508 1 3 0 5 12818 12819 12824
503 1 2 5 3 12823 12824 12826
511 1 1 0 5 12879 12884 12889
501 1 1 2 4 12887 12892 12894
504 1 2 3 6 12940 12941 12944
513 1 3 0 5 12939 12944 12949
515 1 0 0 3 13003 13008 13011
509 1 3 7 2 13019 13021 13026
497 1 2 1 7 13026 13031 13037
510 1 0 6 2 13039 13042 13046
506 1 0 4 5 13063 13066 13067
517 1 0 0 6 13060 13062 13068
512 1 3 5 0 13062 13065 13070
521 1 0 0 6 13114 13120 13126
524 1 3 0 2 13163 13164 13166
525 1 0 0 7 13215 13221 13228
518 1 2 7 2 13247 13248 13253
514 1 3 2 5 13257 13258 13261
520 1 0 6 2 13277 13278 13282
526 1 2 0 7 13289 13291 13298
516 1 0 3 2 13302 13303 13304
522 1 0 5 4 13303 13307 13308
530 1 0 0 6 13338 13342 13348
533 1 2 0 6 13399 13406 13412
523 1 2 4 0 13410 13414 13418
534 1 1 0 2 13460 13464 13466
519 1 1 1 6 13491 13492 13497
527 1 3 7 0 13491 13493 13500
536 1 1 0 4 13519 13525 13529
529 1 3 6 5 13533 13539 13540
532 1 3 5 6 13546 13547 13548
539 1 3 0 3 13571 13577 13580
528 1 1 2 3 13604 13606 13607
542 1 0 0 7 13634 13640 13647
531 1 1 3 0 13666 13667 13670
544 1 2 0 4 13697 13698 13702
537 1 3 7 5 13732 13736 13738
546 1 1 0 4 13746 13747 13751
535 1 0 4 6 13767 13770 13772
540 1 0 6 7 13785 13786 13787
541 1 3 5 1 13806 13807 13811
548 1 3 0 5 13809 13812 13817
552 1 0 0 5 13869 13876 13881
553 1 3 0 4 13914 13919 13923
543 1 3 2 6 13962 13964 13968
547 1 0 7 1 13963 13965 13971
554 1 2 0 4 13979 13983 13987
538 1 1 1 6 13992 13995 14000
551 1 0 5 1 14008 14012 14016
550 1 1 6 3 14031 14032 14035
557 1 0 0 3 14035 14036 14039
545 1 0 3 7 14051 14052 14056
561 1 3 0 7 14086 14092 14099
549 1 3 4 6 14127 14130 14132
563 1 0 0 1 14151 14158 14159
556 1 0 7 6 14174 14180 14181
565 1 2 0 6 14202 14206 14212
559 1 1 5 6 14236 14238 14239
567 1 2 0 7 14254 14260 14267
560 1 3 6 5 14280 14281 14282
569 1 2 0 2 14311 14318 14320
555 1 0 2 4 14315 14319 14321
562 1 3 3 6 14384 14386 14389
571 1 1 0 7 14378 14384 14391
566 1 0 7 4 14431 14434 14437
573 1 3 0 3 14444 14450 14453
564 1 0 4 6 14484 14485 14487
568 1 0 5 7 14488 14489 14491
570 1 0 6 7 14491 14492 14493
576 1 0 0 1 14505 14512 14513
558 1 3 1 4 14513 14515 14518
580 1 0 0 3 14573 14574 14577
572 1 3 2 7 14655 14657 14662
582 1 1 0 6 14653 14660 14666
575 1 1 7 3 14667 14668 14672
583 1 3 0 7 14711 14718 14725
578 1 2 5 2 14726 14729 14732
579 1 2 6 1 14736 14740 14745
574 1 0 3 2 14763 14764 14765
586 1 3 0 2 14770 14777 14779
590 1 0 0 3 14823 14825 14828
577 1 3 4 7 14856 14858 14861
591 1 0 0 4 14880 14883 14887
585 1 1 7 1 14934 14938 14944
593 1 1 0 3 14948 14949 14952
587 1 3 5 3 14975 14977 14979
588 1 3 6 5 14980 14983 14984
581 1 0 1 3 14991 14994 14996
584 1 2 2 1 14998 14999 15000
595 1 0 0 1 15002 15005 15006
600 1 0 0 7 15059 15060 15067
601 1 0 0 5 15104 15111 15116
589 1 0 3 2 15125 15127 15128
602 1 1 0 3 15154 15157 15160
594 1 1 7 1 15163 15167 15173
592 1 2 4 1 15179 15182 15185
596 1 0 5 2 15193 15196 15199
604 1 0 0 6 15209 15211 15217
597 1 3 6 2 15229 15230 15234
608 1 1 0 3 15273 15274 15277
610 1 1 0 6 15331 15334 15340
605 1 0 7 4 15387 15388 15391
611 1 3 0 2 15394 15396 15398
599 1 1 2 3 15411 15415 15416
607 1 0 5 6 15434 15435 15436
613 1 0 0 1 15448 15454 15455
609 1 0 6 4 15483 15488 15490
598 1 3 1 5 15488 15489 15493
616 1 0 0 3 15511 15515 15518
603 1 3 3 1 15522 15524 15526
606 1 0 4 6 15547 15548 15550
619 1 0 0 3 15570 15576 15579
622 1 1 0 4 15634 15637 15641
612 1 0 7 1 15638 15642 15648
615 1 0 5 1 15683 15687 15691
623 1 1 0 1 15695 15699 15700
617 1 0 6 4 15717 15722 15724
626 1 3 0 1 15754 15755 15756
614 1 2 2 3 15791 15792 15793
628 1 1 0 5 15809 15810 15815
621 1 3 4 2 15859 15862 15864
624 1 0 7 3 15870 15873 15877
630 1 0 0 5 15871 15880 15885
620 1 1 3 7 15883 15885 15889
633 1 2 0 1 15924 15927 15928
627 1 1 6 1 15934 15935 15940
625 1 0 5 7 15950 15951 15953
635 1 2 0 6 15997 15998 16004
618 1 0 1 6 15996 16002 16007
639 1 0 0 4 16058 16064 16068
632 1 2 7 4 16109 16110 16113
629 1 0 2 6 16120 16122 16126
640 1 0 0 4 16120 16132 16136
636 1 2 6 2 16162 16164 16168
642 1 0 0 2 16202 16206 16208
637 1 3 5 2 16226 16229 16232
631 1 1 4 3 16231 16234 16235
634 1 2 3 4 16270 16271 16272
645 1 3 0 4 16277 16279 16283
649 1 2 0 5 16338 16342 16347
641 1 0 7 5 16355 16360 16362
644 1 3 6 7 16370 16372 16373
650 1 2 0 6 16406 16411 16417
643 1 3 2 1 16461 16466 16467
653 1 2 0 3 16460 16466 16469
646 1 2 5 4 16474 16476 16477
638 1 1 1 5 16510 16512 16516
654 1 1 0 3 16523 16528 16531
647 1 0 4 2 16578 16579 16581
658 1 2 0 3 16581 16585 16588
651 1 3 7 2 16593 16599 16604
648 1 3 3 2 16603 16605 16606
652 1 0 6 3 16615 16619 16622
660 1 2 0 2 16642 16645 16647
664 1 2 0 6 16689 16691 16697
656 1 1 5 2 16699 16701 16704
665 1 2 0 6 16753 16759 16765
655 1 3 2 5 16806 16807 16810
667 1 0 0 2 16815 16818 16820
663 1 2 6 0 16838 16839 16845
661 1 3 7 2 16847 16849 16854
669 1 1 0 1 16884 16886 16887
666 1 2 5 4 16938 16943 16944
659 1 3 4 5 16943 16945 16946
662 1 2 3 5 16947 16948 16950
672 1 2 0 2 16957 16962 16964
676 1 3 0 1 17024 17029 17030
657 1 3 1 3 17030 17031 17033
677 1 3 0 6 17080 17083 17089
670 1 3 6 7 17084 17089 17090
671 1 2 7 0 17082 17087 17094
679 1 3 0 5 17124 17131 17136
673 1 0 5 7 17160 17163 17165
682 1 2 0 6 17182 17183 17189
668 1 1 2 7 17193 17194 17199
684 1 1 0 1 17257 17264 17265
680 1 2 7 4 17304 17305 17308
686 1 1 0 1 17307 17308 17309
675 1 3 3 4 17308 17310 17311
674 1 1 4 0 17321 17324 17328
681 1 1 6 5 17328 17334 17335
688 1 2 0 3 17357 17361 17364
683 1 1 5 2 17367 17368 17371
692 1 0 0 4 17407 17414 17418
694 1 0 0 7 17468 17472 17479
695 1 3 0 1 17534 17538 17539
687 1 0 7 4 17544 17545 17548
685 1 0 2 4 17546 17550 17552
691 1 0 6 7 17568 17570 17571
696 1 3 0 5 17593 17594 17599
678 1 3 1 4 17602 17606 17609
693 1 0 5 0 17636 17638 17643
700 1 2 0 1 17658 17661 17662
690 1 0 4 1 17679 17683 17686
689 1 0 3 4 17682 17688 17689
703 1 2 0 1 17712 17713 17714
699 1 1 6 1 17781 17785 17790
706 1 0 0 6 17784 17788 17794
697 1 3 7 1 17799 17802 17808
708 1 1 0 5 17852 17853 17858
702 1 3 5 0 17875 17879 17884
698 1 1 2 1 17906 17909 17910
710 1 1 0 4 17910 17911 17915
713 1 1 0 5 17979 17983 17988
714 1 2 0 2 18019 18020 18022
704 1 0 4 5 18035 18037 18038
709 1 3 7 3 18028 18035 18039
707 1 3 6 2 18037 18042 18046
705 1 0 3 1 18055 18057 18059
715 1 1 0 5 18084 18089 18094
711 1 1 5 2 18131 18132 18135
701 1 0 1 2 18148 18149 18150
720 1 0 0 7 18161 18163 18170
723 1 1 0 3 18215 18217 18220
712 1 2 2 6 18238 18239 18243
716 1 1 7 4 18238 18242 18245
724 1 2 0 4 18260 18266 18270
718 1 2 6 1 18288 18290 18295
727 1 3 0 3 18323 18325 18328
729 1 2 0 3 18382 18383 18386
719 1 1 3 2 18391 18392 18393
721 1 3 5 0 18388 18390 18395
717 1 2 4 3 18402 18403 18404
730 1 3 0 4 18447 18448 18452
725 1 1 7 6 18472 18477 18478
734 1 2 0 1 18507 18510 18511
728 1 3 6 2 18535 18537 18541
736 1 2 0 1 18563 18564 18565
726 1 2 2 0 18598 18599 18601
738 1 2 0 4 18619 18620 18624
731 1 0 5 7 18621 18623 18625
722 1 2 1 5 18626 18629 18633
740 1 3 0 3 18679 18681 18684
735 1 2 7 1 18723 18725 18731
732 1 0 3 4 18737 18741 18742
743 1 1 0 6 18735 18741 18747
737 1 3 6 2 18744 18747 18751
733 1 1 4 5 18769 18771 18772
745 1 2 0 5 18791 18792 18797
749 1 1 0 6 18847 18852 18858
741 1 1 5 0 18856 18859 18864
750 1 3 0 4 18899 18901 18905
752 1 0 0 7 18951 18955 18962
739 1 2 2 7 18959 18962 18967
744 1 1 7 6 18972 18979 18980
747 1 2 6 3 18987 18988 18991
753 1 1 0 5 19012 19018 19023
757 1 0 0 2 19065 19072 19074
751 1 2 5 6 19092 19094 19095
746 1 3 3 1 19126 19127 19129
758 1 0 0 2 19126 19128 19130
742 1 3 1 0 19129 19130 19131
748 1 3 4 1 19132 19136 19139
760 1 3 0 7 19200 19201 19208
755 1 1 7 6 19222 19224 19225
756 1 3 6 3 19256 19257 19260
764 1 3 0 4 19259 19263 19267
754 1 0 2 7 19296 19297 19302
767 1 2 0 6 19323 19329 19335
759 1 2 5 6 19333 19334 19335
769 1 3 0 6 19378 19382 19388
771 1 3 0 5 19432 19438 19443
765 1 2 7 6 19478 19479 19480
763 1 0 4 2 19488 19491 19493
761 1 3 3 4 19490 19496 19497
772 1 3 0 5 19488 19493 19498
766 1 2 6 1 19503 19504 19509
770 1 1 5 0 19536 19537 19542
774 1 0 0 2 19554 19556 19558
779 1 3 0 7 19612 19617 19624
762 1 1 1 4 19663 19664 19667
768 1 3 2 0 19671 19676 19678
780 1 3 0 3 19686 19687 19690
773 1 1 7 6 19714 19717 19718
777 1 2 6 2 19746 19751 19755
783 1 1 0 1 19761 19767 19768
778 1 1 5 3 19766 19772 19774
786 1 1 0 7 19813 19816 19823
775 1 0 4 7 19822 19824 19827
776 1 1 3 0 19828 19832 19835
788 1 1 0 6 19871 19872 19878
784 1 1 7 5 19928 19929 19931
791 1 3 0 5 19941 19944 19949
785 1 3 6 2 19985 19986 19990
793 1 3 0 5 19991 19993 19998
787 1 1 5 0 20006 20007 20012
782 1 2 2 6 20046 20047 20051
795 1 2 0 5 20060 20066 20071
798 1 0 0 4 20118 20125 20129
792 1 1 7 6 20162 20169 20170
799 1 2 0 3 20183 20188 20191
781 1 0 1 6 20207 20210 20215
790 1 3 3 1 20218 20220 20222
789 1 1 4 5 20223 20225 20226
796 1 2 5 1 20235 20237 20241
794 1 2 6 1 20245 20250 20255
801 1 3 0 3 20260 20261 20264
807 1 0 0 2 20327 20333 20335
808 1 2 0 3 20392 20393 20396
797 1 2 2 3 20402 20403 20404
800 1 1 7 3 20430 20432 20436
809 1 0 0 4 20459 20461 20465
805 1 3 5 0 20461 20463 20468
806 1 2 6 1 20504 20507 20512
812 1 2 0 2 20507 20513 20515
815 1 1 0 3 20567 20570 20573
804 1 2 4 2 20590 20592 20594
803 1 3 3 0 20598 20601 20604
816 1 1 0 4 20618 20621 20625
819 1 2 0 4 20678 20680 20684
811 1 1 7 6 20686 20689 20690
813 1 3 5 7 20725 20730 20732
820 1 0 0 5 20731 20735 20740
814 1 0 6 0 20737 20741 20747
802 1 2 1 3 20751 20754 20756
823 1 2 0 1 20786 20789 20790
810 1 1 2 5 20784 20788 20791
827 1 2 0 7 20837 20838 20845
828 1 1 0 4 20887 20892 20896
821 1 1 7 1 20922 20925 20931
829 1 0 0 1 20942 20943 20944
817 1 3 4 2 20944 20947 20949
822 1 1 5 1 20954 20958 20962
824 1 0 6 5 20966 20971 20972
818 1 2 3 1 20968 20972 20974
831 1 0 0 1 21001 21006 21007
836 1 0 0 6 21056 21057 21063
837 1 1 0 1 21103 21104 21105
830 1 1 7 1 21125 21131 21137
838 1 3 0 7 21153 21155 21162
826 1 0 2 6 21159 21163 21167
834 1 2 6 4 21203 21208 21210
840 1 1 0 2 21217 21218 21220
833 1 2 5 2 21218 21219 21222
825 1 3 1 2 21237 21243 21244
843 1 1 0 7 21276 21278 21285
832 1 1 4 6 21315 21318 21320
846 1 2 0 2 21336 21338 21340
835 1 2 3 4 21344 21345 21346
839 1 1 7 0 21371 21372 21379
848 1 2 0 1 21396 21400 21401
842 1 1 6 4 21429 21435 21437
844 1 1 5 3 21448 21449 21451
851 1 0 0 6 21458 21464 21470
854 1 2 0 4 21525 21526 21530
841 1 3 2 6 21555 21556 21560
855 1 3 0 7 21584 21590 21597
850 1 2 7 6 21620 21623 21624
847 1 2 4 6 21645 21647 21649
852 1 1 6 5 21650 21653 21654
857 1 3 0 4 21643 21650 21654
853 1 2 5 3 21699 21700 21702
859 1 3 0 6 21695 21699 21705
849 1 3 3 7 21707 21710 21714
862 1 1 0 7 21745 21750 21757
845 1 3 1 7 21787 21793 21799
865 1 3 0 6 21811 21818 21824
858 1 3 7 2 21839 21840 21845
867 1 1 0 1 21861 21868 21869
861 1 1 6 4 21912 21917 21919
863 1 3 5 2 21915 21918 21921
869 1 1 0 5 21916 21923 21928
856 1 0 2 4 21947 21951 21953
872 1 2 0 7 21973 21976 21983
860 1 0 4 5 21996 21997 21998
874 1 3 0 7 22029 22031 22038
868 1 2 7 6 22063 22064 22065
864 1 2 3 1 22087 22090 22092
876 1 1 0 3 22089 22094 22097
871 1 2 5 3 22134 22138 22140
879 1 3 0 6 22141 22148 22154
870 1 0 6 3 22153 22154 22157
881 1 1 0 3 22210 22213 22216
883 1 1 0 1 22270 22273 22274
873 1 0 2 4 22319 22320 22322
866 1 1 1 4 22324 22325 22328
877 1 3 7 0 22325 22326 22333
884 1 1 0 3 22355 22359 22362
875 1 1 4 6 22376 22377 22379
882 1 0 6 2 22381 22383 22387
880 1 3 5 4 22397 22402 22403
878 1 0 3 6 22414 22415 22418
888 1 0 0 3 22422 22428 22431
893 1 1 0 5 22475 22481 22486
894 1 3 0 2 22531 22535 22537
887 1 3 7 4 22585 22590 22593
895 1 3 0 3 22613 22617 22620
890 1 2 6 3 22622 22625 22628
891 1 3 5 1 22644 22646 22650
885 1 3 2 0 22673 22674 22676
897 1 0 0 7 22680 22683 22690
889 1 0 4 3 22731 22734 22735
901 1 1 0 3 22729 22734 22737
892 1 1 3 2 22757 22758 22759
902 1 0 0 6 22788 22791 22797
905 1 1 0 1 22845 22847 22848
896 1 1 7 1 22845 22854 22860
886 1 1 1 0 22860 22861 22862
898 1 1 6 0 22871 22877 22883
899 1 1 5 1 22887 22892 22896
907 1 3 0 3 22897 22898 22901
911 1 2 0 6 22953 22956 22962
912 1 2 0 4 23021 23027 23031
900 1 0 2 0 23045 23049 23051
913 1 0 0 2 23083 23084 23086
906 1 1 7 3 23087 23093 23097
904 1 1 3 0 23091 23097 23100
909 1 1 6 2 23098 23106 23110
903 1 0 4 2 23114 23116 23118
910 1 2 5 6 23138 23139 23140
915 1 2 0 1 23142 23148 23149
921 1 0 0 4 23197 23199 23203
922 1 2 0 4 23251 23252 23256
923 1 3 0 1 23306 23309 23310
918 1 3 6 3 23319 23324 23327
916 1 2 7 6 23335 23338 23339
924 1 3 0 5 23358 23361 23366
920 1 3 5 7 23372 23373 23375
908 1 3 1 3 23391 23397 23399
927 1 2 0 1 23407 23413 23414
914 1 3 2 6 23414 23415 23419
930 1 2 0 7 23466 23467 23474
917 1 3 3 4 23486 23489 23490
919 1 0 4 3 23514 23515 23516
932 1 0 0 1 23526 23529 23530
926 1 0 7 0 23556 23562 23569
925 1 1 6 0 23563 23567 23573
935 1 0 0 3 23585 23586 23589
928 1 0 5 1 23625 23627 23631
938 1 1 0 2 23647 23648 23650
940 1 1 0 2 23714 23716 23718
931 1 1 2 5 23741 23742 23745
941 1 1 0 5 23783 23788 23793
937 1 2 6 4 23797 23798 23800
936 1 2 7 5 23804 23807 23809
939 1 0 5 0 23841 23845 23850
943 1 1 0 6 23846 23851 23857
933 1 3 3 7 23863 23864 23868
934 1 1 4 0 23868 23870 23874
929 1 2 1 0 23900 23904 23905
947 1 1 0 7 23910 23911 23918
951 1 2 0 7 23967 23968 23975
944 1 2 6 7 24016 24017 24018
952 1 3 0 7 24025 24032 24039
945 1 1 7 1 24060 24061 24067
946 1 3 5 3 24085 24087 24089
954 1 0 0 1 24090 24091 24092
957 1 0 0 3 24147 24148 24151
942 1 1 2 4 24168 24169 24171
958 1 2 0 5 24199 24206 24211
948 1 3 3 1 24222 24223 24225
949 1 3 4 5 24235 24238 24239
953 1 3 6 5 24243 24244 24245
960 1 0 0 4 24247 24250 24254
964 1 1 0 4 24306 24310 24314
955 1 2 7 1 24307 24309 24315
956 1 1 5 4 24327 24328 24329
965 1 1 0 4 24369 24373 24377
968 1 1 0 3 24417 24421 24424
950 1 0 1 5 24426 24429 24433
969 1 3 0 3 24470 24475 24478
963 1 1 6 1 24497 24500 24505
971 1 0 0 4 24515 24520 24524
966 1 0 7 0 24525 24528 24535
959 1 2 2 4 24545 24546 24548
967 1 2 5 1 24558 24559 24563
973 1 2 0 5 24562 24564 24569
961 1 3 3 1 24585 24586 24588
962 1 3 4 7 24610 24613 24616
977 1 2 0 4 24620 24625 24629
980 1 2 0 2 24684 24688 24690
972 1 3 6 7 24718 24719 24720
981 1 0 0 4 24732 24733 24737
974 1 2 7 1 24743 24748 24754
983 1 2 0 3 24787 24788 24791
976 1 1 5 7 24814 24818 24820
985 1 1 0 2 24836 24843 24845
987 1 1 0 6 24887 24889 24895
975 1 3 2 3 24906 24911 24912
979 1 0 4 5 24935 24936 24937
970 1 1 1 7 24932 24937 24943
982 1 0 6 0 24946 24947 24953
988 1 0 0 2 24955 24956 24958
978 1 1 3 2 24955 24959 24960
984 1 0 7 2 24971 24976 24981
994 1 2 0 6 25005 25008 25014
996 1 3 0 4 25060 25063 25067
986 1 1 5 1 25070 25073 25077
997 1 3 0 2 25125 25129 25131
992 1 3 6 7 25167 25171 25172
999 1 0 0 7 25182 25184 25191
995 1 2 7 3 25192 25193 25197
1001 1 3 0 2 25232 25239 25241
989 1 1 2 7 25282 25283 25288
1003 1 1 0 2 25294 25301 25303
993 1 0 3 7 25301 25305 25309
991 1 3 4 2 25310 25312 25314
998 1 3 5 0 25312 25317 25322
1005 1 3 0 7 25349 25350 25357
1009 1 0 0 6 25406 25413 25419
1002 1 0 7 1 25423 25424 25430
1000 1 3 6 1 25428 25429 25434
990 1 3 1 5 25436 25437 25441
1010 1 0 0 1 25472 25473 25474
1014 1 1 0 1 25539 25541 25542
1008 1 0 5 2 25550 25554 25557
1015 1 0 0 5 25594 25596 25601
1017 1 0 0 1 25657 25662 25663
1004 1 1 2 1 25665 25666 25667
1012 1 3 6 3 25671 25672 25675
1006 1 0 3 7 25678 25680 25684
1011 1 0 7 3 25680 25685 25689
1007 1 1 4 3 25695 25698 25699
1018 1 1 0 6 25721 25724 25730
1016 1 2 5 2 25798 25800 25803
1024 1 1 0 5 25796 25802 25807
1025 1 3 0 4 25855 25858 25862
1027 1 1 0 6 25908 25913 25919
1020 1 0 6 0 25923 25926 25932
1022 1 2 7 1 25929 25934 25940
1013 1 3 1 0 25965 25968 25969
1028 1 0 0 2 25967 25968 25970
1032 1 0 0 2 26028 26030 26032
1019 1 3 2 7 26034 26036 26041
1021 1 3 3 7 26039 26045 26049
1023 1 0 4 2 26047 26049 26051
1026 1 0 5 7 26047 26054 26056
1033 1 2 0 3 26073 26074 26077
1038 1 0 0 4 26141 26148 26152
1030 1 3 7 2 26174 26175 26180
1029 1 1 6 1 26195 26196 26201
1039 1 0 0 4 26200 26204 26208
1042 1 0 0 3 26259 26263 26266
1037 1 0 5 7 26281 26283 26285
1043 1 3 0 2 26314 26316 26318
1045 1 3 0 3 26354 26356 26359
1036 1 3 4 7 26381 26382 26385
1034 1 1 2 0 26392 26393 26395
1041 1 0 6 4 26398 26399 26401
1035 1 0 3 0 26399 26402 26405
1040 1 1 7 3 26411 26418 26422
1046 1 3 0 7 26412 26419 26426
1052 1 0 0 6 26472 26473 26479
1031 1 3 1 7 26498 26504 26510
1044 1 3 5 0 26507 26512 26517
1053 1 0 0 3 26532 26538 26541
1056 1 1 0 5 26592 26595 26600
1051 1 0 7 5 26643 26647 26649
1049 1 1 6 2 26647 26648 26652
1057 1 2 0 6 26651 26654 26660
1047 1 0 4 0 26708 26709 26713
1060 1 1 0 6 26706 26708 26714
1050 1 1 3 4 26720 26723 26724
1048 1 0 2 5 26750 26752 26755
1055 1 1 5 7 26760 26761 26763
1061 1 3 0 7 26772 26773 26780
1066 1 1 0 3 26824 26831 26834
1067 1 3 0 1 26887 26894 26895
1058 1 2 7 4 26900 26901 26904
1059 1 3 6 0 26904 26909 26915
1068 1 1 0 1 26949 26952 26953
1071 1 1 0 1 27016 27017 27018
1054 1 1 1 4 27023 27024 27027
1065 1 1 5 4 27029 27030 27031
1063 1 2 3 1 27051 27052 27054
1062 1 2 4 5 27071 27074 27075
1072 1 0 0 5 27080 27085 27090
1069 1 3 7 4 27129 27136 27139
1064 1 2 2 6 27155 27158 27162
1077 1 3 0 1 27161 27165 27166
1070 1 1 6 1 27174 27176 27181
1080 1 2 0 6 27216 27222 27228
1074 1 1 5 4 27251 27255 27256
1082 1 3 0 3 27267 27268 27271
1084 1 1 0 3 27316 27320 27323
1078 1 1 7 4 27374 27378 27381
1085 1 1 0 1 27379 27385 27386
1081 1 3 6 7 27408 27411 27412
1075 1 2 3 7 27422 27425 27429
1076 1 3 4 5 27432 27435 27436
1087 1 1 0 4 27440 27441 27445
1091 1 2 0 2 27515 27522 27524
1083 1 2 5 7 27519 27527 27529
1073 1 1 1 0 27531 27534 27535
1079 1 0 2 1 27556 27559 27560
1092 1 0 0 1 27579 27580 27581
1086 1 2 7 1 27634 27635 27641
1096 1 3 0 1 27640 27645 27646
1088 1 3 6 2 27650 27655 27659
1098 1 1 0 5 27693 27694 27699
1093 1 2 5 3 27753 27757 27759
1100 1 2 0 4 27758 27762 27766
1089 1 0 3 0 27773 27775 27778
1090 1 0 4 7 27802 27806 27809
1102 1 1 0 6 27825 27830 27836
1097 1 3 7 5 27893 27898 27900
1105 1 1 0 1 27896 27902 27903
1095 1 2 2 5 27916 27918 27921
1099 1 1 6 3 27922 27927 27930
1107 1 2 0 1 27954 27959 27960
1101 1 1 5 7 27989 27991 27993
1110 1 2 0 5 28004 28005 28010
1112 1 3 0 6 28075 28080 28086
1094 1 1 1 2 28082 28088 28089
1113 1 2 0 5 28126 28131 28136
1106 1 0 7 3 28146 28147 28151
1103 1 0 3 2 28148 28151 28152
1104 1 3 4 1 28148 28150 28153
1109 1 3 6 0 28147 28148 28154
1115 1 3 0 2 28195 28196 28198
1111 1 3 5 4 28199 28202 28203
1120 1 1 0 4 28246 28248 28252
1108 1 2 2 4 28289 28292 28294
1122 1 2 0 1 28314 28318 28319
1124 1 2 0 6 28378 28379 28385
1117 1 2 6 7 28384 28385 28386
1116 1 1 7 2 28388 28391 28396
1121 1 3 5 1 28420 28421 28425
1125 1 1 0 5 28428 28430 28435
1118 1 1 3 7 28499 28501 28505
1129 1 2 0 6 28497 28504 28510
1119 1 3 4 7 28555 28558 28561
1130 1 3 0 4 28557 28568 28572
1126 1 3 6 3 28606 28608 28611
1133 1 3 0 3 28609 28614 28617
1114 1 2 1 4 28610 28615 28618
1123 1 2 2 1 28626 28628 28629
1127 1 3 7 6 28635 28639 28640
1128 1 0 5 2 28645 28648 28651
1135 1 0 0 5 28677 28679 28684
1140 1 2 0 3 28730 28731 28734
1141 1 0 0 5 28798 28803 28808
1134 1 0 6 1 28832 28833 28838
1131 1 0 3 5 28843 28845 28847
1139 1 0 5 1 28846 28848 28852
1138 1 2 7 3 28851 28855 28859
1142 1 1 0 6 28858 28865 28871
1147 1 2 0 3 28911 28914 28917
1132 1 0 4 1 28930 28933 28936
1148 1 1 0 7 28979 28985 28992
1137 1 3 2 0 29009 29013 29015
1150 1 1 0 3 29032 29039 29042
1143 1 3 6 2 29058 29064 29068
1145 1 1 5 4 29082 29084 29085
1152 1 3 0 2 29085 29087 29089
1146 1 3 7 2 29097 29102 29107
1136 1 0 1 5 29108 29109 29113
1155 1 0 0 7 29158 29163 29170
1144 1 3 3 6 29217 29218 29221
1158 1 1 0 6 29225 29229 29235
1160 1 2 0 4 29287 29290 29294
1149 1 2 4 6 29293 29294 29296
1153 1 0 6 4 29314 29315 29317
1154 1 3 5 1 29339 29340 29344
1161 1 1 0 3 29345 29351 29354
1156 1 3 7 1 29346 29352 29358
1151 1 0 2 5 29384 29386 29389
1165 1 2 0 2 29414 29420 29422
1168 1 0 0 3 29467 29472 29475
1169 1 2 0 1 29535 29537 29538
1163 1 1 6 3 29564 29567 29570
1159 1 3 3 6 29572 29574 29577
1170 1 3 0 3 29581 29587 29590
1166 1 2 7 2 29581 29587 29592
1164 1 1 5 6 29595 29597 29598
1173 1 1 0 1 29631 29637 29638
1157 1 0 1 2 29653 29655 29656
1162 1 0 4 3 29658 29660 29661
1176 1 0 0 4 29704 29707 29711
1167 1 2 2 1 29753 29754 29755
1179 1 3 0 7 29771 29774 29781
1171 1 3 6 2 29796 29797 29801
1181 1 1 0 3 29830 29831 29834
1175 1 2 5 7 29828 29832 29834
1174 1 0 7 4 29839 29842 29845
1184 1 2 0 2 29891 29898 29900
1186 1 0 0 6 29947 29951 29957
1172 1 2 3 7 29969 29970 29974
1187 1 1 0 7 30010 30013 30020
1178 1 2 4 1 30019 30022 30025
1182 1 2 6 0 30041 30046 30052
1189 1 2 0 3 30061 30062 30065
1185 1 3 7 5 30066 30071 30073
1183 1 2 5 4 30076 30078 30079
1180 1 3 2 4 30088 30091 30093
1192 1 1 0 4 30126 30133 30137
1196 1 2 0 6 30184 30188 30194
1177 1 3 1 6 30197 30200 30205
1197 1 0 0 5 30247 30253 30258
1194 1 3 5 0 30293 30294 30299
1191 1 2 6 4 30302 30303 30305
1199 1 3 0 5 30307 30308 30313
1193 1 1 7 1 30322 30325 30331
1188 1 1 3 0 30340 30342 30345
1202 1 0 0 1 30368 30373 30374
1190 1 0 4 5 30380 30383 30384
1195 1 3 2 7 30428 30431 30436
1205 1 2 0 5 30432 30436 30441
1208 1 2 0 3 30489 30494 30497
1200 1 1 5 3 30526 30531 30533
1203 1 1 7 5 30529 30537 30539
1201 1 3 6 7 30551 30552 30553
1209 1 1 0 3 30556 30561 30564
1213 1 2 0 7 30617 30620 30627
1214 1 0 0 5 30674 30679 30684
1204 1 0 3 2 30705 30707 30708
1198 1 2 1 2 30729 30735 30736
1215 1 1 0 3 30735 30738 30741
1206 1 2 4 5 30739 30741 30742
1210 1 2 5 4 30772 30773 30774
1207 1 3 2 1 30795 30800 30801
1212 1 1 6 3 30796 30799 30802
1218 1 2 0 5 30797 30801 30806
1211 1 3 7 6 30800 30807 30808
1223 1 1 0 3 30866 30869 30872
1225 1 2 0 5 30914 30919 30924
1226 1 3 0 2 30988 30994 30996
1220 1 2 5 4 31015 31016 31017
1224 1 0 7 3 31029 31034 31038
1216 1 3 3 6 31034 31035 31038
1222 1 2 6 4 31041 31043 31045
1227 1 3 0 2 31045 31051 31053
1232 1 2 0 3 31098 31102 31105
1219 1 2 4 1 31126 31127 31130
1221 1 0 2 1 31133 31134 31135
1233 1 1 0 2 31156 31159 31161
1236 1 1 0 5 31229 31231 31236
1228 1 2 5 7 31253 31257 31259
1231 1 1 6 5 31258 31259 31260
1217 1 0 1 6 31269 31270 31275
1229 1 3 7 6 31284 31289 31290
1237 1 2 0 2 31296 31303 31305
1242 1 1 0 1 31331 31336 31337
1243 1 2 0 1 31392 31394 31395
1230 1 1 3 0 31391 31393 31396
1245 1 1 0 4 31458 31459 31463
1238 1 1 5 7 31472 31473 31475
1239 1 3 6 4 31472 31473 31475
1234 1 2 4 5 31479 31482 31483
1235 1 0 2 5 31510 31514 31517
1246 1 3 0 7 31517 31521 31528
1241 1 3 7 4 31540 31541 31544
1251 1 2 0 5 31582 31587 31592
1253 1 3 0 5 31640 31644 31649
1248 1 2 6 1 31690 31691 31696
1247 1 3 5 7 31698 31699 31701
1254 1 2 0 2 31703 31704 31706
1257 1 1 0 7 31760 31767 31774
1252 1 0 7 0 31773 31775 31782
1240 1 3 1 0 31775 31781 31782
1244 1 3 3 4 31785 31788 31789
1258 1 2 0 3 31819 31821 31824
1249 1 0 4 6 31850 31854 31856
1250 1 1 2 0 31873 31878 31880
1262 1 3 0 5 31880 31884 31889
1255 1 3 6 5 31921 31922 31923
1265 1 3 0 3 31936 31941 31944
1256 1 2 5 3 31942 31944 31946
1259 1 2 7 6 31995 31999 32000
1267 1 0 0 5 31999 32005 32010
1270 1 2 0 1 32070 32076 32077
1271 1 0 0 5 32141 32146 32151
1261 1 3 3 6 32152 32153 32156
1266 1 3 6 1 32167 32168 32173
1268 1 2 5 1 32168 32172 32176
1272 1 2 0 2 32191 32192 32194
1263 1 3 4 6 32208 32211 32213
1269 1 1 7 3 32225 32232 32236
1264 1 3 2 0 32243 32247 32249
1276 1 1 0 2 32256 32259 32261
1280 1 3 0 6 32308 32309 32315
1260 1 0 1 7 32306 32310 32316
1282 1 2 0 5 32376 32378 32383
1275 1 0 5 3 32401 32403 32405
1274 1 1 6 0 32429 32433 32439
1283 1 3 0 3 32444 32450 32453
1278 1 2 7 1 32461 32463 32469
1273 1 2 3 6 32491 32493 32496
1286 1 1 0 5 32512 32513 32518
1277 1 0 4 1 32558 32559 32562
1289 1 1 0 2 32568 32573 32575
1279 1 1 2 3 32601 32602 32603
1291 1 3 0 7 32635 32638 32645
1284 1 1 5 7 32646 32648 32650
1285 1 1 6 7 32689 32690 32691
1287 1 0 7 3 32698 32704 32708
1293 1 3 0 3 32717 32724 32727
1297 1 3 0 6 32784 32787 32793
1281 1 2 1 3 32826 32831 32833
1298 1 2 0 1 32848 32851 32852
1288 1 0 3 6 32854 32855 32858
1294 1 0 5 6 32899 32900 32901
1290 1 3 4 3 32903 32905 32906
1300 1 1 0 4 32908 32915 32919
1295 1 1 6 2 32912 32921 32925
1296 1 2 7 5 32945 32951 32953
1292 1 2 2 3 32969 32972 32973
1304 1 2 0 2 32978 32981 32983
1308 1 0 0 6 33042 33048 33054
1309 1 0 0 7 33100 33106 33113
1305 1 1 6 7 33132 33136 33137
1302 1 3 5 6 33151 33153 33154
1310 1 3 0 1 33157 33163 33164
1306 1 0 7 5 33168 33169 33171
1301 1 2 3 5 33215 33216 33218
1313 1 1 0 6 33209 33216 33222
1303 1 3 4 1 33257 33260 33263
1315 1 3 0 5 33272 33273 33278
1307 1 3 2 1 33348 33351 33352
1318 1 2 0 2 33348 33353 33355
1311 1 0 6 0 33354 33355 33361
1299 1 2 1 7 33355 33356 33362
1312 1 3 5 1 33382 33386 33390
1314 1 1 7 1 33420 33421 33427
1320 1 2 0 6 33417 33424 33430
1324 1 2 0 1 33476 33482 33483
1326 1 0 0 6 33535 33536 33542
1316 1 3 3 5 33575 33577 33579
1321 1 2 6 2 33580 33585 33589
1327 1 0 0 6 33590 33596 33602
1317 1 1 4 2 33598 33601 33603
1323 1 1 5 3 33613 33616 33618
1330 1 1 0 5 33638 33641 33646
1325 1 1 7 3 33641 33648 33652
1333 1 2 0 2 33697 33699 33701
1319 1 2 2 1 33699 33702 33703
1335 1 3 0 6 33766 33771 33777
1337 1 2 0 2 33818 33819 33821
1329 1 0 6 2 33819 33820 33824
1332 1 3 5 7 33862 33863 33865
1338 1 2 0 6 33871 33873 33879
1334 1 2 7 4 33898 33899 33902
1322 1 1 1 0 33900 33902 33903
1328 1 1 3 1 33922 33925 33927
1341 1 3 0 1 33939 33946 33947
1331 1 2 4 6 33976 33977 33979
1345 1 0 0 6 34010 34012 34018
1339 1 2 6 4 34053 34054 34056
1347 1 3 0 4 34072 34073 34077
1340 1 1 5 2 34074 34078 34081
1336 1 1 2 0 34078 34081 34083
1342 1 3 7 4 34128 34131 34134
1349 1 0 0 3 34132 34138 34141
1353 1 0 0 4 34183 34186 34190
1354 1 3 0 5 34235 34239 34244
1344 1 2 3 6 34278 34279 34282
1348 1 2 6 5 34286 34287 34288
1350 1 0 5 4 34301 34302 34303
1355 1 2 0 5 34308 34313 34318
1346 1 3 4 0 34335 34336 34340
1359 1 0 0 4 34369 34373 34377
1352 1 1 7 3 34366 34373 34377
1343 1 2 1 5 34397 34401 34405
1351 1 0 2 4 34433 34435 34437
1362 1 2 0 7 34442 34447 34454
1365 1 3 0 4 34495 34496 34500
1357 1 0 6 1 34512 34514 34519
1358 1 2 5 4 34551 34553 34554
1366 1 1 0 6 34550 34553 34559
1368 1 1 0 3 34606 34612 34615
1361 1 1 7 3 34623 34627 34631
1356 1 0 3 2 34646 34648 34649
1370 1 0 0 3 34669 34671 34674
1360 1 0 4 3 34713 34714 34715
1373 1 2 0 4 34718 34722 34726
1367 1 1 6 3 34749 34752 34755
1364 1 3 2 4 34785 34787 34789
1375 1 3 0 3 34790 34794 34797
1369 1 3 5 1 34839 34841 34845
1371 1 3 7 2 34839 34851 34856
1378 1 2 0 5 34858 34862 34867
1363 1 3 1 2 34913 34914 34915
1381 1 0 0 2 34937 34940 34942
1376 1 3 6 1 34979 34983 34988
1372 1 2 3 4 35003 35005 35006
1383 1 0 0 5 35005 35007 35012
1379 1 0 7 6 35025 35027 35028
1386 1 2 0 5 35063 35067 35072
1374 1 0 4 5 35076 35078 35079
1380 1 2 5 3 35083 35084 35086
1388 1 3 0 3 35122 35123 35126
1377 1 1 2 1 35159 35160 35161
1391 1 3 0 3 35174 35177 35180
1384 1 2 6 5 35178 35181 35182
1393 1 0 0 7 35236 35241 35248
1387 1 0 7 0 35242 35249 35256
1395 1 0 0 3 35290 35291 35294
1390 1 0 5 3 35302 35304 35306
1397 1 1 0 7 35351 35352 35359
1385 1 1 3 7 35387 35391 35395
1399 1 2 0 2 35402 35407 35409
1394 1 0 6 0 35404 35407 35413
1389 1 2 4 7 35417 35419 35422
1382 1 3 1 4 35450 35452 35455
1401 1 1 0 2 35472 35479 35481
1396 1 3 7 0 35478 35481 35488
1405 1 0 0 5 35536 35537 35542
1392 1 3 2 4 35545 35547 35549
1398 1 3 5 2 35559 35560 35563
1407 1 0 0 1 35598 35603 35604
1402 1 1 6 7 35634 35638 35639
1410 1 0 0 6 35644 35645 35651
1412 1 2 0 1 35684 35691 35692
1400 1 3 3 4 35736 35737 35738
1406 1 2 7 4 35735 35741 35744
1413 1 2 0 7 35742 35748 35755
1403 1 3 4 0 35754 35755 35759
1409 1 2 5 3 35781 35783 35785
1416 1 2 0 3 35808 35811 35814
1419 1 3 0 2 35867 35868 35870
1411 1 2 6 7 35893 35896 35897
1420 1 3 0 7 35914 35916 35923
1408 1 2 2 5 35918 35923 35926
1404 1 0 1 5 35948 35953 35957
1414 1 3 7 0 35980 35981 35988
1422 1 0 0 6 35984 35989 35995
1418 1 0 5 0 36042 36043 36048
1426 1 1 0 4 36041 36048 36052
1415 1 1 3 0 36065 36066 36069
1427 1 2 0 2 36098 36103 36105
1417 1 2 4 1 36122 36124 36127
1421 1 2 6 7 36125 36132 36133
1430 1 0 0 2 36154 36155 36157
1433 1 2 0 2 36203 36210 36212
1425 1 1 7 2 36234 36241 36246
1434 1 2 0 5 36262 36264 36269
1423 1 2 2 7 36272 36275 36280
1428 1 1 5 6 36283 36286 36287
1436 1 2 0 2 36334 36341 36343
1432 1 3 6 1 36350 36356 36361
1439 1 0 0 2 36407 36409 36411
1424 1 2 1 3 36430 36431 36433
1429 1 2 3 4 36449 36450 36451
1435 1 1 7 4 36462 36463 36466
1441 1 0 0 7 36459 36461 36468
1431 1 1 4 7 36512 36513 36516
1444 1 2 0 7 36525 36529 36536
1438 1 3 5 1 36530 36534 36538
1440 1 0 6 4 36586 36587 36589
1447 1 0 0 6 36590 36594 36600
1437 1 3 2 1 36622 36623 36624
1450 1 0 0 5 36648 36654 36659
1445 1 2 7 6 36681 36682 36683
1452 1 0 0 1 36700 36705 36706
1448 1 0 5 3 36728 36732 36734
1454 1 3 0 2 36765 36766 36768
1443 1 2 3 4 36816 36819 36820
1449 1 0 6 1 36827 36830 36835
1456 1 0 0 1 36832 36836 36837
1446 1 3 4 3 36850 36852 36853
1459 1 3 0 3 36893 36896 36899
1453 1 2 7 5 36930 36933 36935
1442 1 0 1 7 36934 36935 36941
1461 1 3 0 6 36947 36950 36956
1455 1 2 5 0 36962 36963 36968
1451 1 3 2 0 36973 36977 36979
1464 1 0 0 3 37013 37020 37023
1467 1 0 0 2 37067 37070 37072
1458 1 0 6 2 37082 37086 37090
1468 1 3 0 5 37127 37128 37133
1457 1 2 3 6 37177 37180 37183
1462 1 3 7 5 37186 37188 37190
1460 1 1 4 3 37195 37198 37199
1470 1 3 0 4 37188 37195 37199
1465 1 3 5 0 37207 37208 37213
1473 1 2 0 4 37239 37245 37249
1476 1 0 0 3 37296 37298 37301
1466 1 2 2 5 37345 37347 37350
1477 1 1 0 2 37359 37362 37364
1469 1 1 6 4 37360 37368 37370
1472 1 3 7 3 37412 37419 37423
1479 1 1 0 7 37416 37420 37427
1475 1 2 5 0 37456 37457 37462
1463 1 1 1 3 37466 37472 37474
1482 1 3 0 4 37477 37480 37484
1471 1 1 3 2 37515 37516 37517
1485 1 2 0 7 37542 37543 37550
1474 1 0 4 2 37556 37557 37559
1487 1 1 0 6 37610 37612 37618
1480 1 1 6 3 37623 37624 37627
1481 1 2 7 0 37667 37668 37675
1489 1 1 0 7 37667 37670 37677
1483 1 2 5 4 37682 37687 37688
1478 1 1 2 6 37693 37698 37702
1491 1 2 0 5 37719 37723 37728
1495 1 3 0 2 37778 37782 37784
1496 1 3 0 3 37846 37848 37851
1490 1 2 6 4 37860 37861 37863
1486 1 3 3 2 37863 37864 37865
1497 1 3 0 2 37899 37901 37903
1492 1 2 7 0 37913 37916 37923
1488 1 1 4 1 37945 37947 37950
1484 1 1 1 5 37946 37951 37955
1500 1 0 0 2 37955 37957 37959
1493 1 1 5 2 37947 37956 37959
1505 1 0 0 1 38022 38024 38025
1494 1 3 2 6 38041 38042 38046
1498 1 0 6 3 38084 38089 38092
1506 1 0 0 4 38085 38095 38099
1509 1 2 0 5 38148 38149 38154
1501 1 1 7 2 38150 38155 38160
1504 1 3 5 6 38178 38179 38180
1510 1 2 0 2 38204 38209 38211
1499 1 3 3 4 38248 38251 38252
1513 1 2 0 2 38265 38267 38269
1508 1 3 6 0 38308 38310 38316
1515 1 1 0 3 38313 38315 38318
1502 1 3 4 1 38315 38320 38323
1517 1 1 0 7 38372 38375 38382
1507 1 0 2 5 38382 38384 38387
1511 1 2 7 0 38379 38384 38391
1519 1 2 0 1 38423 38424 38425
1512 1 2 5 7 38427 38431 38433
1503 1 2 1 3 38461 38467 38469
1522 1 3 0 3 38494 38495 38498
1525 1 0 0 1 38549 38554 38555
1516 1 0 6 1 38564 38569 38574
1514 1 0 3 4 38615 38617 38618
1526 1 3 0 5 38611 38614 38619
1520 1 1 7 4 38621 38622 38625
1518 1 2 4 3 38678 38679 38680
1528 1 1 0 7 38676 38680 38687
1523 1 0 5 0 38688 38689 38694
1521 1 2 2 6 38739 38740 38744
1531 1 2 0 7 38745 38751 38758
1527 1 1 6 2 38814 38815 38819
1535 1 1 0 1 38821 38823 38824
1537 1 2 0 1 38875 38882 38883
1530 1 3 7 3 38879 38881 38885
1533 1 0 5 1 38941 38946 38950
1538 1 1 0 4 38946 38947 38951
1524 1 3 1 2 38966 38968 38969
1529 1 0 3 5 38980 38982 38984
1541 1 1 0 6 39022 39026 39032
1532 1 2 4 2 39040 39043 39045
1536 1 0 6 2 39066 39067 39071
1544 1 1 0 5 39075 39081 39086
1534 1 0 2 1 39102 39103 39104
1547 1 1 0 3 39140 39145 39148
1539 1 1 7 4 39145 39152 39155
1540 1 1 5 1 39172 39173 39177
1549 1 1 0 7 39195 39196 39203
1552 1 3 0 1 39254 39256 39257
1546 1 2 6 2 39307 39311 39315
1553 1 0 0 7 39309 39310 39317
1555 1 0 0 5 39358 39365 39370
1543 1 3 3 1 39368 39370 39372
1545 1 1 4 3 39372 39375 39376
1550 1 0 7 4 39406 39408 39411
1551 1 1 5 0 39405 39407 39412
1556 1 0 0 7 39431 39435 39442
1548 1 3 2 6 39446 39447 39451
1561 1 2 0 1 39491 39493 39494
1542 1 3 1 6 39506 39511 39516
1563 1 2 0 6 39541 39542 39548
1554 1 0 6 2 39544 39545 39549
1565 1 2 0 1 39607 39613 39614
1560 1 1 7 0 39653 39660 39667
1559 1 2 5 2 39663 39667 39670
1567 1 0 0 5 39682 39684 39689
1558 1 0 4 6 39718 39719 39721
1557 1 1 3 6 39731 39734 39737
1570 1 0 0 3 39734 39740 39743
1566 1 0 6 5 39769 39772 39773
1573 1 1 0 1 39794 39800 39801
1562 1 2 2 3 39821 39822 39823
1575 1 1 0 7 39851 39852 39859
1569 1 3 5 1 39873 39874 39878
1568 1 0 7 2 39892 39894 39899
1577 1 0 0 6 39897 39901 39907
1580 1 3 0 1 39949 39950 39951
1581 1 1 0 5 40014 40021 40026
1574 1 3 6 3 40022 40027 40030
1564 1 1 1 3 40031 40035 40037
1572 1 1 3 0 40086 40087 40090
1582 1 0 0 5 40080 40086 40091
1578 1 0 5 7 40095 40096 40098
1585 1 0 0 3 40128 40135 40138
1579 1 1 7 0 40124 40131 40138
1571 1 2 4 3 40137 40138 40139
1576 1 3 2 0 40166 40167 40169
1589 1 0 0 4 40194 40197 40201
1592 1 1 0 4 40249 40250 40254
1583 1 1 6 7 40271 40273 40274
1593 1 2 0 6 40306 40309 40315
1587 1 2 5 3 40329 40330 40332
1588 1 1 7 5 40353 40354 40356
1595 1 1 0 4 40360 40365 40369
1598 1 2 0 2 40425 40428 40430
1586 1 3 3 1 40451 40454 40456
1599 1 0 0 2 40492 40496 40498
1594 1 0 6 4 40499 40503 40505
1590 1 1 4 1 40528 40529 40532
1601 1 2 0 7 40534 40536 40543
1591 1 1 2 0 40554 40555 40557
1584 1 2 1 3 40557 40563 40565
1597 1 3 7 1 40569 40575 40581
1604 1 2 0 3 40589 40592 40595
1596 1 2 5 4 40602 40604 40605
1608 1 0 0 5 40655 40659 40664
1610 1 3 0 4 40709 40710 40714
1602 1 2 6 7 40748 40750 40751
1611 1 3 0 3 40770 40774 40777
1607 1 2 7 3 40802 40803 40807
1600 1 0 3 1 40824 40826 40828
1613 1 0 0 5 40830 40831 40836
1609 1 3 5 2 40848 40850 40853
1605 1 1 2 5 40880 40882 40885
1616 1 2 0 1 40883 40886 40887
1603 1 2 4 7 40890 40893 40896
1619 1 2 0 6 40945 40952 40958
1612 1 0 6 4 41005 41006 41008
1621 1 2 0 2 41004 41010 41012
1614 1 0 7 0 41040 41043 41050
1606 1 0 1 3 41048 41051 41053
1622 1 0 0 3 41075 41078 41081
1617 1 0 5 4 41104 41106 41107
1626 1 1 0 2 41145 41150 41152
1628 1 3 0 2 41204 41206 41208
1615 1 0 3 6 41235 41236 41239
1618 1 2 2 5 41236 41237 41240
1620 1 1 4 5 41247 41249 41250
1623 1 3 6 7 41263 41267 41268
1629 1 0 0 5 41261 41267 41272
1624 1 3 7 2 41298 41299 41304
1633 1 2 0 5 41315 41320 41325
1627 1 0 5 7 41346 41347 41349
1636 1 2 0 7 41376 41381 41388
1638 1 1 0 1 41429 41434 41435
1639 1 2 0 7 41492 41499 41506
1634 1 1 6 1 41499 41504 41509
1635 1 3 7 6 41506 41511 41512
1640 1 0 0 6 41551 41558 41564
1630 1 3 3 1 41593 41596 41598
1637 1 1 5 4 41594 41598 41599
1631 1 2 2 7 41590 41595 41600
1625 1 2 1 6 41595 41606 41611
1632 1 2 4 5 41619 41621 41622
1643 1 2 0 6 41603 41617 41623
1648 1 0 0 6 41662 41668 41674
1650 1 3 0 3 41707 41708 41711
1641 1 3 6 5 41748 41751 41752
1642 1 2 7 5 41750 41751 41753
1651 1 1 0 1 41764 41768 41769
1654 1 1 0 5 41820 41821 41826
1646 1 3 5 6 41853 41854 41855
1655 1 2 0 3 41886 41891 41894
1644 1 1 2 4 41949 41952 41954
1657 1 3 0 5 41956 41962 41967
1649 1 0 4 3 41965 41967 41968
1653 1 1 7 1 41969 41972 41978
1645 1 1 3 4 41982 41984 41985
1652 1 1 6 3 41985 41987 41990
1659 1 3 0 2 42006 42011 42013
1664 1 3 0 1 42049 42051 42052
1656 1 3 5 0 42079 42083 42088
1647 1 3 1 7 42087 42089 42095
1665 1 1 0 7 42110 42113 42120
1668 1 2 0 1 42169 42172 42173
1661 1 0 7 2 42185 42189 42194
1663 1 1 6 3 42210 42211 42214
1669 1 3 0 5 42224 42231 42236
1672 1 0 0 5 42287 42289 42294
1658 1 0 2 3 42315 42318 42319
1666 1 0 5 4 42333 42335 42336
1662 1 0 3 4 42346 42347 42348
1660 1 0 4 6 42345 42348 42350
1673 1 3 0 5 42361 42366 42371
1678 1 3 0 5 42420 42425 42430
1670 1 1 7 2 42438 42442 42447
1671 1 2 6 2 42471 42473 42477
1679 1 2 0 4 42475 42479 42483
1682 1 0 0 7 42529 42535 42542
1675 1 1 5 4 42584 42587 42588
1683 1 0 0 1 42605 42612 42613
1667 1 2 1 2 42618 42621 42622
1674 1 0 2 1 42669 42670 42671
1685 1 2 0 4 42675 42677 42681
1680 1 0 7 1 42697 42703 42709
1677 1 0 3 6 42717 42719 42722
1681 1 0 6 3 42722 42723 42726
1676 1 2 4 6 42724 42725 42727
1688 1 2 0 6 42728 42734 42740
1693 1 1 0 1 42796 42800 42801
1684 1 3 5 4 42807 42808 42809
1694 1 1 0 1 42868 42869 42870
1696 1 3 0 1 42936 42940 42941
1691 1 1 6 4 42950 42955 42957
1689 1 0 7 0 42964 42968 42975
1697 1 0 0 5 43000 43001 43006
1695 1 2 5 7 43045 43046 43048
1687 1 0 2 5 43046 43049 43052
1700 1 1 0 1 43058 43062 43063
1692 1 2 4 5 43101 43104 43105
1690 1 1 3 0 43101 43103 43106
1703 1 2 0 1 43126 43131 43132
1686 1 0 1 0 43133 43137 43138
1706 1 2 0 7 43191 43192 43199
1698 1 1 6 0 43190 43196 43202
