clientID partySize elevatorID arrivalFloor dropoffFloor createTime pickupTime dropoffTime
1 1 0 0 6 60 61 67
9 1 0 8 0 83 85 93
10 1 0 9 8 98 102 105
11 1 0 10 4 93 103 109
12 1 0 0 8 118 122 130
16 1 1 0 10 165 166 176
15 1 0 9 1 171 172 180
14 1 1 10 9 189 190 191
13 1 0 8 0 176 187 195
8 1 1 7 5 233 235 237
17 1 1 0 4 242 247 251
18 1 1 9 0 249 256 265
6 1 1 5 3 260 270 272
19 1 0 8 10 269 277 279
7 1 1 6 1 263 275 280
20 1 1 10 8 273 289 291
22 1 0 0 8 302 312 320
23 1 0 9 0 343 344 353
3 1 0 2 4 348 355 357
5 1 1 4 0 352 356 360
26 1 1 8 6 357 368 370
27 1 0 10 8 364 370 372
4 1 1 3 8 369 373 378
28 1 0 0 1 366 380 381
34 1 0 0 7 422 423 430
29 1 0 9 8 433 435 436
32 1 0 8 5 461 462 465
33 1 0 10 4 470 475 481
21 1 1 7 9 479 480 482
36 1 0 0 8 481 485 493
24 1 1 5 4 493 497 498
37 1 0 9 0 513 514 523
25 1 0 6 5 519 529 530
2 1 0 1 9 532 536 544
38 1 1 8 10 543 547 549
41 1 0 0 6 540 553 559
39 1 0 10 0 561 565 575
43 1 0 9 4 587 596 601
46 1 0 0 5 603 607 612
47 1 0 8 2 638 641 647
48 1 1 10 8 647 648 650
49 1 0 9 5 662 669 673
50 1 1 0 8 666 674 682
30 1 1 2 8 694 700 706
54 1 0 0 1 709 714 715
31 1 1 4 6 716 720 722
42 1 0 5 6 729 733 734
40 1 1 7 6 734 735 736
51 1 0 8 1 735 737 744
35 1 0 3 5 747 749 751
52 1 1 10 9 746 750 751
44 1 0 6 3 750 752 755
53 1 0 9 10 751 761 762
56 1 1 0 6 764 773 779
61 1 0 10 7 819 820 823
60 1 1 8 1 822 824 831
65 1 0 0 1 824 831 832
64 1 1 9 8 831 839 840
68 1 0 0 2 872 873 875
66 1 1 10 9 903 905 906
67 1 1 8 1 908 909 916
69 1 0 9 0 936 943 952
70 1 0 0 3 938 953 956
59 1 0 7 9 975 979 981
63 1 0 6 4 994 997 999
58 1 1 5 4 998 1002 1003
72 1 1 8 10 999 1007 1009
74 1 0 0 7 995 1003 1010
71 1 1 10 3 1010 1011 1018
73 1 0 9 0 1015 1017 1026
77 1 1 0 3 1050 1053 1056
55 1 0 2 4 1054 1056 1058
57 1 0 4 8 1059 1060 1064
79 1 0 8 4 1085 1086 1090
80 1 1 10 5 1087 1094 1099
45 1 0 1 0 1105 1108 1109
81 1 0 9 10 1106 1118 1119
82 1 1 0 9 1112 1117 1126
62 1 0 3 2 1136 1143 1144
86 1 1 10 6 1162 1163 1167
85 1 1 8 9 1175 1177 1178
89 1 0 0 10 1171 1173 1183
88 1 0 9 6 1195 1196 1199
78 1 0 5 3 1222 1223 1225
75 1 0 7 4 1223 1229 1232
92 1 0 0 5 1239 1243 1248
76 1 0 6 8 1244 1249 1251
91 1 0 10 6 1250 1253 1257
93 1 0 8 7 1269 1271 1272
94 1 1 9 6 1284 1285 1288
97 1 0 0 9 1316 1323 1332
99 1 0 10 6 1337 1338 1342
100 1 1 8 1 1371 1373 1380
102 1 1 0 1 1375 1381 1382
101 1 1 9 10 1382 1390 1391
84 1 0 4 9 1418 1420 1425
103 1 1 10 7 1423 1424 1427
83 1 0 2 4 1424 1432 1434
96 1 1 7 4 1435 1436 1439
105 1 0 0 9 1436 1440 1449
95 1 0 5 0 1449 1453 1458
104 1 0 8 10 1451 1466 1468
106 1 1 9 8 1465 1470 1471
98 1 1 6 4 1492 1494 1496
90 1 1 3 4 1499 1500 1501
108 1 1 10 4 1502 1508 1514
111 1 1 0 5 1515 1519 1524
113 1 1 8 4 1555 1558 1562
114 1 0 9 0 1557 1558 1567
118 1 1 0 5 1561 1566 1571
117 1 0 10 8 1591 1601 1603
121 1 1 0 1 1626 1631 1632
87 1 0 1 7 1622 1629 1635
119 1 0 8 9 1644 1645 1646
120 1 1 9 1 1643 1651 1659
110 1 0 7 0 1665 1667 1674
112 1 0 5 6 1667 1679 1680
122 1 0 10 8 1675 1684 1686
124 1 0 0 1 1690 1698 1699
115 1 1 6 1 1714 1719 1724
126 1 0 8 10 1729 1736 1738
125 1 1 9 7 1739 1747 1749
109 1 0 2 3 1749 1757 1758
129 1 0 10 1 1757 1765 1774
130 1 0 0 1 1749 1775 1776
107 1 1 4 0 1769 1772 1776
134 1 1 0 7 1821 1822 1829
132 1 0 8 2 1821 1828 1834
133 1 0 9 3 1826 1841 1847
136 1 1 10 7 1849 1852 1855
116 1 0 3 9 1869 1870 1876
140 1 1 9 8 1887 1889 1890
138 1 0 0 7 1888 1897 1904
127 1 1 7 4 1912 1913 1916
139 1 0 8 3 1921 1922 1927
128 1 0 5 3 1922 1925 1927
141 1 0 10 4 1943 1950 1956
131 1 1 6 8 1958 1960 1962
144 1 0 0 8 1952 1960 1968
143 1 0 9 10 1992 1993 1994
146 1 1 8 5 2003 2004 2007
149 1 1 0 9 2012 2017 2026
148 1 0 10 2 2030 2031 2039
153 1 1 0 7 2077 2086 2093
152 1 1 8 1 2089 2094 2101
123 1 0 1 0 2110 2111 2112
151 1 1 9 3 2090 2109 2115
135 1 1 2 8 2106 2116 2122
137 1 1 4 9 2119 2126 2131
154 1 0 10 7 2120 2130 2133
155 1 0 0 1 2143 2150 2151
145 1 1 7 5 2147 2149 2151
147 1 1 5 7 2173 2174 2176
156 1 1 8 2 2175 2177 2183
157 1 1 9 4 2178 2190 2195
162 1 0 0 5 2201 2202 2207
142 1 0 3 7 2208 2210 2214
150 1 0 6 9 2217 2218 2221
161 1 1 10 6 2216 2222 2226
166 1 0 9 3 2256 2257 2263
167 1 0 0 10 2259 2266 2276
165 1 1 8 7 2277 2279 2280
169 1 0 10 5 2324 2325 2330
171 1 1 9 2 2338 2340 2347
172 1 0 0 6 2337 2342 2348
173 1 1 8 4 2364 2370 2374
175 1 0 0 3 2375 2381 2384
163 1 1 7 1 2400 2403 2409
164 1 0 5 9 2411 2413 2417
174 1 1 10 6 2402 2418 2422
176 1 1 9 0 2421 2425 2434
178 1 1 0 7 2440 2441 2448
158 1 0 2 5 2452 2459 2462
177 1 0 8 10 2467 2470 2472
170 1 1 6 8 2482 2483 2485
180 1 1 10 8 2485 2487 2489
160 1 0 4 9 2500 2506 2511
183 1 1 0 2 2507 2515 2517
182 1 1 9 3 2542 2549 2555
185 1 1 8 6 2558 2563 2565
168 1 0 3 9 2566 2572 2578
187 1 0 10 9 2577 2579 2580
189 1 1 0 7 2587 2593 2600
179 1 0 7 5 2621 2623 2625
159 1 1 1 4 2619 2625 2628
191 1 1 8 7 2642 2646 2647
194 1 0 0 7 2642 2647 2654
190 1 0 9 3 2644 2656 2662
181 1 1 5 8 2662 2664 2667
193 1 1 10 2 2664 2669 2677
198 1 1 0 10 2710 2712 2722
197 1 0 8 1 2724 2729 2736
186 1 0 6 3 2739 2744 2747
201 1 0 10 7 2740 2754 2757
199 1 1 9 2 2755 2756 2763
202 1 1 0 10 2780 2782 2792
203 1 0 8 1 2807 2808 2815
184 1 0 2 10 2819 2820 2828
205 1 1 10 8 2839 2840 2842
206 1 0 9 2 2849 2850 2857
207 1 0 0 2 2851 2859 2861
196 1 1 7 10 2871 2872 2875
188 1 1 4 8 2871 2881 2885
212 1 1 0 2 2905 2913 2915
208 1 0 8 1 2911 2917 2924
200 1 0 5 9 2919 2928 2932
192 1 0 3 4 2937 2943 2944
210 1 0 10 4 2941 2950 2956
211 1 0 9 1 2952 2961 2969
215 1 0 0 2 2967 2970 2972
216 1 0 8 7 3002 3008 3009
204 1 0 6 9 3022 3023 3026
220 1 1 9 0 3036 3043 3052
221 1 0 0 10 3039 3048 3058
219 1 1 10 3 3053 3063 3070
222 1 0 8 10 3098 3100 3102
214 1 0 7 4 3103 3106 3109
225 1 1 0 9 3099 3102 3111
224 1 0 9 6 3122 3127 3130
226 1 0 10 9 3130 3134 3135
217 1 1 5 9 3157 3161 3165
228 1 0 0 2 3155 3164 3166
209 1 0 2 5 3163 3166 3169
195 1 1 1 2 3173 3181 3182
227 1 1 8 9 3186 3192 3193
230 1 0 9 6 3211 3215 3218
213 1 0 4 1 3224 3226 3229
231 1 0 10 2 3228 3238 3246
232 1 1 0 4 3238 3247 3251
236 1 1 8 2 3257 3261 3267
223 1 1 6 10 3267 3271 3275
218 1 0 3 5 3281 3282 3284
240 1 1 0 8 3286 3296 3304
237 1 1 9 7 3304 3305 3307
239 1 0 10 5 3314 3319 3324
241 1 0 8 6 3351 3354 3356
244 1 1 0 4 3353 3360 3364
229 1 1 7 2 3366 3369 3374
233 1 0 5 3 3389 3390 3392
245 1 1 9 5 3391 3398 3402
246 1 0 10 1 3389 3399 3408
248 1 1 0 1 3414 3419 3420
247 1 0 8 5 3434 3441 3444
250 1 0 10 6 3464 3469 3473
253 1 0 0 2 3476 3482 3484
252 1 1 9 2 3478 3486 3493
242 1 1 6 10 3499 3503 3507
254 1 1 8 10 3520 3522 3524
255 1 0 10 1 3535 3543 3552
256 1 0 0 7 3536 3553 3560
257 1 0 9 0 3562 3564 3573
234 1 0 2 8 3573 3575 3581
238 1 0 4 5 3580 3585 3586
261 1 1 0 2 3604 3614 3616
251 1 0 5 3 3616 3617 3619
249 1 1 7 9 3607 3621 3623
259 1 1 8 5 3612 3624 3627
260 1 1 10 2 3624 3632 3640
243 1 0 3 5 3656 3657 3659
265 1 1 0 7 3654 3656 3663
262 1 1 9 2 3658 3665 3672
235 1 0 1 7 3663 3667 3673
267 1 0 8 1 3694 3695 3702
258 1 0 6 7 3718 3723 3724
270 1 0 0 5 3719 3731 3736
269 1 1 10 7 3731 3739 3742
272 1 0 9 5 3728 3740 3744
274 1 1 8 10 3775 3776 3778
276 1 1 0 7 3778 3788 3795
277 1 1 9 5 3833 3835 3839
280 1 0 0 5 3830 3835 3840
266 1 1 7 8 3841 3843 3844
278 1 0 10 2 3842 3847 3855
268 1 0 5 10 3844 3858 3863
279 1 0 8 3 3856 3865 3870
281 1 0 0 1 3885 3888 3889
282 1 0 9 10 3921 3929 3930
284 1 1 10 0 3933 3935 3945
264 1 1 4 0 3937 3941 3945
287 1 1 0 8 3945 3946 3954
286 1 1 8 6 3939 3955 3957
275 1 1 6 10 3958 3959 3963
263 1 1 2 0 3963 3971 3973
288 1 1 9 4 4014 4017 4024
289 1 1 10 1 4008 4018 4027
291 1 1 8 0 4016 4020 4028
271 1 1 3 9 4014 4031 4037
292 1 1 0 10 4012 4046 4056
296 1 0 0 6 4062 4072 4078
285 1 0 5 2 4072 4079 4082
283 1 1 7 2 4082 4085 4090
295 1 0 10 8 4102 4110 4112
299 1 0 8 1 4112 4113 4120
298 1 0 9 2 4112 4128 4135
300 1 0 0 1 4128 4137 4138
293 1 1 6 10 4166 4170 4174
273 1 1 1 8 4172 4183 4190
304 1 0 8 6 4191 4198 4200
306 1 1 0 3 4180 4198 4201
305 1 0 9 6 4201 4203 4208
303 1 0 10 2 4193 4204 4212
309 1 0 0 7 4246 4248 4255
290 1 1 4 5 4273 4274 4275
311 1 1 10 7 4276 4281 4284
310 1 0 8 2 4293 4294 4300
312 1 0 9 6 4299 4307 4310
313 1 1 0 2 4302 4309 4311
302 1 1 7 8 4307 4316 4317
294 1 1 2 1 4314 4323 4324
301 1 1 5 3 4320 4328 4330
297 1 0 3 5 4358 4361 4363
318 1 1 0 7 4362 4365 4372
315 1 1 10 9 4377 4380 4381
316 1 0 8 0 4373 4376 4384
307 1 0 6 8 4381 4390 4392
317 1 0 9 0 4381 4393 4402
323 1 1 0 10 4414 4423 4433
324 1 1 8 10 4464 4466 4468
325 1 0 10 9 4461 4471 4472
326 1 1 9 0 4477 4478 4487
328 1 1 0 6 4481 4488 4494
319 1 0 7 2 4515 4517 4522
330 1 1 8 6 4547 4549 4551
321 1 0 5 6 4553 4559 4560
332 1 0 0 10 4552 4554 4564
329 1 1 10 4 4567 4571 4577
331 1 0 9 4 4582 4583 4588
335 1 0 0 2 4607 4611 4613
327 1 1 6 0 4634 4636 4642
314 1 0 4 1 4651 4653 4656
334 1 1 8 10 4654 4662 4664
338 1 1 9 4 4662 4665 4670
337 1 0 10 4 4659 4668 4674
320 1 1 2 7 4657 4672 4677
339 1 1 0 3 4673 4684 4687
308 1 1 1 0 4686 4689 4690
322 1 0 3 10 4736 4737 4744
342 1 1 8 6 4745 4753 4755
346 1 0 0 7 4742 4754 4761
344 1 1 10 8 4756 4760 4762
345 1 0 9 4 4747 4763 4768
333 1 0 7 3 4767 4771 4775
336 1 0 5 0 4802 4804 4809
349 1 1 0 9 4798 4806 4815
351 1 1 9 5 4829 4830 4834
352 1 0 10 8 4827 4837 4839
350 1 0 8 10 4852 4853 4855
340 1 1 6 3 4867 4868 4871
354 1 0 0 7 4870 4880 4887
357 1 1 9 5 4927 4932 4938
356 1 1 10 4 4926 4933 4939
360 1 1 0 10 4930 4943 4953
358 1 1 8 0 4953 4955 4963
363 1 0 0 1 4978 4985 4986
341 1 0 4 9 4994 4997 5002
362 1 0 9 10 4999 5002 5003
353 1 1 7 4 5006 5013 5016
361 1 1 10 8 5013 5022 5024
365 1 0 0 1 5044 5054 5055
343 1 1 2 5 5046 5052 5055
355 1 1 5 7 5049 5055 5057
364 1 0 8 9 5050 5062 5063
367 1 1 9 4 5089 5091 5096
370 1 1 0 10 5097 5101 5111
348 1 0 3 1 5105 5111 5113
369 1 1 10 6 5102 5112 5116
359 1 0 6 10 5110 5118 5122
373 1 1 8 2 5133 5135 5141
375 1 1 0 6 5161 5163 5169
374 1 1 9 5 5180 5183 5187
376 1 0 10 4 5181 5182 5188
347 1 1 1 8 5203 5207 5214
380 1 1 0 6 5220 5228 5234
379 1 1 8 6 5225 5236 5238
368 1 0 7 5 5264 5267 5269
381 1 1 9 3 5264 5265 5271
382 1 1 10 0 5260 5264 5274
384 1 1 0 2 5274 5275 5277
372 1 0 5 1 5276 5277 5281
385 1 1 8 3 5323 5329 5334
389 1 0 0 4 5335 5336 5340
386 1 0 10 5 5356 5362 5367
366 1 0 4 0 5358 5368 5372
388 1 1 9 2 5364 5370 5377
378 1 1 6 0 5384 5388 5394
392 1 1 0 8 5395 5396 5404
371 1 1 2 10 5400 5410 5418
391 1 1 8 3 5410 5420 5425
393 1 1 10 9 5439 5446 5447
397 1 0 0 2 5446 5447 5449
395 1 0 9 8 5448 5456 5457
377 1 0 3 4 5465 5470 5471
399 1 0 8 1 5494 5498 5505
387 1 0 7 4 5505 5511 5514
401 1 1 0 5 5522 5531 5536
390 1 1 5 8 5532 5536 5539
400 1 1 10 9 5526 5541 5542
402 1 0 9 5 5537 5542 5546
404 1 0 8 1 5586 5589 5596
406 1 1 0 6 5592 5601 5607
407 1 0 10 0 5598 5607 5617
411 1 1 0 2 5639 5645 5647
409 1 0 9 0 5630 5639 5648
396 1 1 6 0 5643 5651 5657
410 1 0 8 7 5681 5689 5690
412 1 1 10 1 5686 5696 5705
414 1 1 0 10 5698 5706 5716
413 1 1 9 10 5719 5720 5721
383 1 0 1 3 5720 5726 5728
398 1 1 2 9 5738 5746 5753
405 1 0 7 1 5745 5749 5755
394 1 1 4 5 5752 5758 5759
418 1 0 0 7 5751 5756 5763
408 1 1 5 2 5754 5760 5763
416 1 1 8 0 5771 5777 5785
417 1 0 10 6 5780 5783 5787
419 1 0 9 2 5810 5813 5820
423 1 0 0 9 5811 5822 5831
403 1 1 3 5 5839 5842 5844
427 1 0 10 3 5847 5848 5855
429 1 1 0 7 5873 5878 5885
415 1 1 6 0 5880 5886 5892
426 1 1 8 3 5879 5900 5905
428 1 1 9 10 5906 5912 5913
431 1 0 10 0 5925 5932 5942
432 1 1 0 2 5949 5959 5961
433 1 1 8 1 5973 5979 5986
435 1 1 9 8 5985 5994 5995
422 1 0 7 8 5991 5998 5999
437 1 0 0 3 6001 6009 6012
436 1 0 10 9 6013 6020 6021
425 1 0 5 8 6022 6026 6029
441 1 0 0 1 6050 6058 6059
438 1 1 8 4 6057 6058 6062
439 1 0 9 0 6078 6086 6095
442 1 1 10 0 6099 6105 6115
444 1 1 0 2 6111 6116 6118
434 1 0 6 3 6116 6122 6125
421 1 0 2 10 6125 6126 6134
424 1 1 4 10 6138 6140 6146
445 1 1 8 3 6140 6148 6153
430 1 1 3 7 6166 6167 6171
446 1 0 9 8 6176 6177 6178
448 1 1 0 9 6174 6181 6190
447 1 0 10 9 6200 6202 6203
452 1 1 8 10 6216 6217 6219
440 1 1 7 8 6228 6231 6232
420 1 1 1 5 6240 6242 6248
454 1 1 0 6 6235 6243 6249
455 1 0 9 3 6259 6260 6266
443 1 1 5 4 6284 6285 6286
456 1 1 10 2 6286 6292 6300
459 1 1 0 8 6296 6302 6310
457 1 0 8 6 6323 6328 6330
449 1 1 6 4 6346 6348 6350
464 1 0 0 1 6355 6361 6362
461 1 0 9 2 6359 6370 6377
463 1 0 10 0 6382 6390 6400
467 1 1 0 1 6417 6421 6422
465 1 0 8 5 6417 6425 6428
458 1 1 7 3 6439 6445 6449
468 1 0 9 4 6455 6459 6464
469 1 0 10 4 6474 6480 6486
471 1 0 0 4 6491 6495 6499
450 1 1 2 9 6501 6502 6509
451 1 0 4 10 6503 6504 6510
470 1 1 8 0 6502 6510 6518
453 1 1 3 5 6506 6521 6523
473 1 1 9 7 6545 6549 6551
475 1 0 0 5 6557 6567 6572
462 1 1 5 2 6572 6574 6577
474 1 0 10 8 6562 6577 6579
466 1 1 6 4 6587 6591 6593
477 1 1 8 7 6590 6597 6598
481 1 1 0 5 6615 6622 6627
480 1 0 9 8 6636 6637 6638
482 1 0 10 4 6637 6640 6646
486 1 1 0 1 6665 6670 6671
472 1 0 7 9 6673 6676 6678
485 1 0 8 2 6681 6682 6688
487 1 0 9 4 6724 6731 6736
489 1 0 0 2 6726 6740 6742
488 1 0 10 3 6724 6750 6757
491 1 0 8 6 6774 6779 6781
460 1 0 1 9 6776 6786 6794
494 1 0 0 8 6786 6803 6811
492 1 0 10 5 6808 6813 6818
483 1 0 5 8 6815 6819 6822
493 1 1 9 0 6818 6826 6835
484 1 0 6 3 6834 6836 6839
497 1 1 0 6 6835 6836 6842
478 1 1 4 2 6844 6846 6848
476 1 1 2 5 6854 6855 6858
479 1 1 3 8 6870 6872 6877
495 1 1 8 9 6873 6877 6878
498 1 1 10 1 6883 6884 6893
502 1 0 0 4 6891 6894 6898
490 1 0 7 9 6905 6908 6910
500 1 1 9 4 6914 6922 6927
508 1 1 0 6 6962 6966 6972
506 1 0 8 0 6973 6974 6982
507 1 0 10 3 6985 6995 7002
510 1 1 9 8 7003 7006 7007
499 1 1 5 1 7033 7036 7040
511 1 0 0 8 7034 7037 7045
512 1 0 8 4 7077 7078 7082
513 1 0 10 2 7083 7089 7097
501 1 0 6 2 7092 7093 7097
514 1 1 9 2 7088 7096 7103
516 1 0 0 8 7112 7114 7122
509 1 0 7 1 7153 7154 7160
517 1 0 8 5 7159 7167 7170
521 1 1 0 3 7173 7175 7178
519 1 0 9 6 7183 7187 7190
518 1 0 10 4 7186 7194 7200
503 1 1 4 10 7200 7201 7207
504 1 1 2 6 7221 7229 7233
524 1 1 0 2 7227 7239 7241
523 1 0 8 0 7237 7241 7249
505 1 0 3 0 7259 7262 7265
515 1 1 5 7 7261 7264 7266
526 1 1 10 4 7283 7286 7292
525 1 0 9 1 7276 7285 7293
529 1 1 0 7 7294 7298 7305
496 1 0 1 8 7299 7300 7307
520 1 0 6 9 7329 7331 7334
535 1 1 0 1 7351 7358 7359
533 1 0 9 6 7362 7363 7366
530 1 1 8 2 7352 7366 7372
534 1 0 10 5 7368 7372 7377
522 1 1 7 8 7403 7408 7409
538 1 0 0 1 7419 7424 7425
539 1 1 8 2 7466 7467 7473
540 1 1 9 3 7471 7480 7486
543 1 0 0 8 7479 7480 7488
541 1 1 10 3 7466 7493 7500
532 1 1 5 6 7499 7502 7503
547 1 1 0 6 7527 7533 7539
544 1 1 8 1 7560 7562 7569
527 1 0 4 10 7561 7565 7571
546 1 1 9 7 7564 7577 7579
537 1 0 6 8 7574 7578 7580
545 1 1 10 5 7567 7582 7587
528 1 0 2 4 7588 7594 7596
549 1 1 0 7 7594 7599 7606
542 1 1 7 3 7632 7633 7637
531 1 1 3 5 7642 7643 7645
550 1 1 8 0 7643 7648 7656
556 1 0 0 8 7648 7652 7660
553 1 0 10 6 7651 7662 7666
552 1 1 9 5 7666 7675 7679
560 1 1 0 5 7709 7714 7719
559 1 1 8 6 7745 7748 7750
562 1 0 9 1 7745 7748 7756
561 1 1 10 1 7745 7754 7763
548 1 1 5 7 7764 7768 7770
554 1 0 6 3 7774 7779 7782
563 1 1 0 1 7775 7782 7783
565 1 0 8 7 7823 7828 7829
564 1 1 9 4 7823 7831 7836
536 1 1 1 3 7827 7839 7841
569 1 0 0 7 7834 7841 7848
566 1 1 10 9 7844 7851 7852
557 1 0 7 0 7858 7859 7866
573 1 1 0 2 7891 7900 7902
570 1 1 8 1 7909 7915 7922
571 1 0 9 2 7913 7922 7929
551 1 0 4 5 7926 7931 7932
574 1 0 10 6 7935 7940 7944
555 1 0 2 5 7954 7958 7961
576 1 0 0 3 7962 7967 7970
577 1 0 8 4 8008 8011 8017
578 1 0 9 4 8006 8012 8017
568 1 0 6 7 8011 8019 8020
558 1 1 3 5 8017 8019 8021
567 1 0 5 9 8009 8018 8022
582 1 0 0 6 8020 8031 8037
580 1 0 10 4 8039 8043 8049
575 1 0 7 8 8074 8077 8078
583 1 0 9 7 8090 8091 8093
588 1 0 0 2 8093 8100 8102
584 1 1 8 2 8115 8118 8124
589 1 1 10 5 8129 8137 8142
592 1 1 0 7 8153 8158 8165
591 1 0 9 6 8188 8195 8198
593 1 1 8 1 8208 8209 8216
595 1 0 0 2 8211 8217 8219
594 1 0 10 0 8222 8230 8240
585 1 1 5 1 8241 8245 8249
586 1 0 6 3 8247 8253 8256
598 1 1 0 1 8273 8274 8275
596 1 0 9 2 8275 8281 8288
597 1 1 8 9 8289 8296 8297
590 1 0 7 10 8298 8303 8306
579 1 1 4 3 8300 8305 8306
599 1 0 10 1 8309 8310 8319
581 1 0 2 1 8323 8324 8325
602 1 1 0 7 8335 8338 8345
572 1 0 1 3 8343 8344 8346
603 1 1 9 1 8363 8365 8373
587 1 1 3 8 8369 8375 8380
604 1 0 8 9 8381 8386 8387
609 1 1 0 9 8376 8388 8397
607 1 0 10 2 8406 8407 8415
613 1 1 0 4 8432 8441 8445
611 1 1 9 5 8442 8450 8454
600 1 1 5 6 8467 8468 8469
614 1 1 8 4 8479 8481 8485
601 1 0 6 3 8479 8483 8486
615 1 1 10 4 8488 8494 8500
616 1 0 0 4 8498 8501 8505
617 1 0 9 3 8533 8538 8544
622 1 1 0 5 8553 8557 8562
605 1 0 7 2 8559 8563 8568
621 1 1 10 2 8556 8567 8575
619 1 0 8 4 8562 8574 8578
624 1 1 0 4 8605 8607 8611
623 1 1 9 2 8628 8633 8640
627 1 1 8 1 8644 8650 8657
625 1 0 10 9 8654 8660 8661
628 1 0 0 1 8661 8670 8671
606 1 0 4 7 8668 8674 8677
618 1 1 5 9 8697 8701 8705
608 1 0 2 7 8727 8731 8736
629 1 1 9 0 8727 8728 8737
632 1 0 0 10 8722 8729 8739
630 1 0 8 7 8728 8741 8742
612 1 1 3 0 8736 8740 8743
620 1 0 6 1 8738 8743 8748
631 1 0 10 9 8748 8757 8758
635 1 0 0 7 8787 8796 8803
626 1 0 7 10 8802 8803 8806
636 1 0 9 1 8803 8807 8815
638 1 1 8 5 8806 8814 8817
610 1 1 1 7 8823 8827 8833
641 1 1 10 8 8829 8836 8838
642 1 1 0 2 8832 8846 8848
648 1 1 0 10 8890 8892 8902
645 1 0 8 10 8897 8904 8906
644 1 0 9 4 8899 8907 8912
647 1 1 10 3 8914 8915 8922
634 1 1 5 6 8940 8942 8943
649 1 1 0 7 8956 8962 8969
640 1 0 6 7 8983 8985 8986
650 1 1 8 10 8985 8986 8988
651 1 1 9 4 8997 8998 9003
652 1 1 10 6 9008 9014 9018
633 1 1 4 5 9011 9020 9021
654 1 0 0 6 9012 9019 9025
643 1 0 7 1 9027 9028 9034
660 1 0 0 7 9064 9065 9072
656 1 1 8 0 9065 9068 9076
658 1 1 10 5 9098 9108 9113
657 1 0 9 2 9106 9108 9115
637 1 0 2 0 9111 9115 9117
662 1 1 0 1 9117 9122 9123
639 1 0 3 5 9121 9124 9126
663 1 0 8 10 9159 9162 9164
653 1 0 5 0 9166 9171 9176
667 1 1 0 3 9173 9174 9177
664 1 0 10 6 9182 9192 9196
655 1 0 6 3 9220 9221 9224
665 1 0 9 7 9220 9230 9232
671 1 1 0 5 9236 9239 9244
669 1 0 8 0 9237 9238 9246
672 1 0 10 7 9265 9275 9278
661 1 0 7 4 9268 9272 9281
675 1 1 0 9 9289 9294 9303
674 1 1 9 3 9326 9327 9333
676 1 0 8 1 9326 9330 9337
646 1 1 1 5 9337 9339 9343
679 1 1 0 3 9352 9357 9360
677 1 0 10 0 9346 9355 9365
659 1 0 4 0 9350 9361 9365
681 1 1 9 4 9415 9421 9426
680 1 0 8 3 9415 9423 9428
670 1 1 5 0 9419 9425 9430
685 1 1 0 6 9415 9431 9437
673 1 0 6 5 9447 9450 9451
683 1 1 10 3 9441 9445 9452
668 1 0 3 7 9450 9453 9457
688 1 1 0 2 9475 9478 9480
666 1 1 2 7 9482 9483 9488
686 1 0 9 2 9490 9492 9499
678 1 1 7 2 9503 9504 9509
687 1 1 8 9 9522 9528 9529
693 1 1 0 1 9540 9549 9550
690 1 1 10 2 9542 9559 9567
698 1 1 0 4 9591 9593 9597
695 1 1 9 2 9596 9602 9609
697 1 0 8 10 9608 9614 9616
699 1 0 10 1 9638 9639 9648
689 1 1 5 0 9640 9643 9648
700 1 0 0 7 9659 9660 9667
702 1 1 8 5 9675 9683 9686
684 1 0 4 8 9695 9698 9702
701 1 0 9 2 9701 9703 9710
691 1 1 6 5 9719 9720 9721
696 1 0 7 4 9722 9727 9730
705 1 0 0 5 9724 9734 9739
703 1 1 10 2 9734 9739 9747
706 1 1 8 9 9774 9780 9781
711 1 1 0 3 9776 9790 9793
708 1 0 9 1 9786 9790 9798
692 1 1 3 0 9794 9795 9798
694 1 0 2 0 9814 9815 9817
712 1 0 10 4 9829 9839 9845
714 1 1 0 2 9843 9844 9846
682 1 0 1 7 9864 9867 9873
713 1 1 8 0 9864 9870 9878
704 1 0 5 1 9874 9876 9880
715 1 1 9 6 9869 9887 9890
719 1 0 0 5 9903 9904 9909
718 1 0 10 8 9927 9932 9934
709 1 1 6 5 9949 9950 9951
720 1 1 8 10 9962 9965 9967
722 1 1 9 3 9965 9968 9974
710 1 1 7 10 9972 9978 9981
724 1 0 0 7 9968 9976 9983
725 1 1 10 6 10001 10002 10006
729 1 1 0 7 10024 10030 10037
728 1 1 9 7 10029 10039 10041
707 1 0 4 2 10039 10042 10044
727 1 0 8 0 10052 10058 10066
731 1 1 10 2 10076 10079 10087
732 1 1 0 5 10081 10089 10094
723 1 1 5 7 10101 10102 10104
733 1 0 9 0 10128 10137 10146
735 1 1 8 6 10143 10144 10146
737 1 0 0 2 10140 10147 10149
736 1 1 10 5 10159 10163 10168
716 1 0 3 8 10163 10164 10169
726 1 1 6 1 10176 10177 10182
730 1 1 7 0 10197 10203 10210
717 1 0 2 10 10198 10204 10212
740 1 1 0 5 10201 10211 10216
739 1 1 9 3 10220 10224 10230
741 1 0 8 1 10236 10238 10245
747 1 1 0 4 10251 10254 10258
742 1 0 10 5 10244 10254 10259
748 1 1 9 0 10305 10310 10319
738 1 0 5 7 10324 10325 10327
751 1 1 0 9 10311 10320 10329
749 1 0 8 0 10324 10328 10336
750 1 1 10 8 10347 10348 10350
721 1 1 1 10 10375 10382 10391
752 1 1 9 0 10386 10392 10401
744 1 0 6 3 10398 10404 10407
753 1 1 0 6 10383 10402 10408
734 1 0 4 7 10407 10408 10411
754 1 0 8 10 10424 10425 10427
758 1 1 0 7 10440 10446 10453
745 1 0 7 9 10453 10456 10458
756 1 1 10 1 10448 10456 10465
759 1 1 9 5 10467 10475 10479
763 1 1 0 9 10502 10507 10516
743 1 0 3 7 10518 10524 10528
762 1 0 8 6 10532 10533 10535
764 1 0 10 7 10544 10548 10551
746 1 0 2 8 10545 10556 10562
766 1 1 9 3 10558 10559 10565
755 1 0 5 6 10565 10568 10569
767 1 1 0 4 10561 10568 10572
769 1 0 8 6 10619 10621 10623
773 1 1 0 9 10622 10626 10635
770 1 0 10 1 10632 10636 10645
772 1 0 9 7 10638 10653 10655
760 1 0 6 0 10668 10669 10675
776 1 1 0 7 10684 10693 10700
765 1 0 7 2 10705 10712 10717
775 1 1 8 2 10713 10714 10720
777 1 1 10 8 10714 10728 10730
778 1 0 9 0 10728 10735 10744
780 1 0 0 5 10730 10745 10750
761 1 1 4 9 10790 10794 10799
785 1 0 0 2 10793 10798 10800
783 1 1 10 6 10796 10800 10804
782 1 1 8 1 10811 10813 10820
774 1 0 5 8 10824 10827 10830
784 1 1 9 1 10811 10828 10836
787 1 0 0 1 10838 10846 10847
768 1 1 3 2 10871 10873 10874
757 1 0 1 4 10883 10884 10887
788 1 1 10 2 10873 10882 10890
792 1 1 0 8 10894 10896 10904
790 1 0 9 0 10897 10902 10911
771 1 0 2 5 10897 10913 10916
789 1 0 8 4 10903 10919 10923
781 1 0 7 6 10941 10944 10945
779 1 1 6 5 10945 10947 10948
796 1 0 0 9 10954 10960 10969
794 1 1 10 3 10957 10962 10969
797 1 0 9 2 10989 10990 10997
799 1 1 8 2 11000 11005 11011
802 1 0 0 2 11010 11012 11014
803 1 1 10 9 11053 11061 11062
791 1 1 5 10 11060 11066 11071
806 1 0 0 7 11073 11075 11082
804 1 0 9 0 11089 11091 11100
805 1 1 8 4 11097 11099 11103
809 1 0 0 5 11138 11139 11144
786 1 1 4 0 11139 11140 11144
807 1 0 10 5 11143 11149 11154
800 1 0 7 0 11168 11170 11177
801 1 1 6 7 11182 11188 11189
811 1 1 8 3 11187 11190 11195
810 1 0 9 3 11191 11200 11206
812 1 0 0 3 11205 11209 11212
793 1 0 3 0 11206 11213 11216
814 1 0 10 6 11230 11240 11244
798 1 0 2 1 11261 11265 11266
819 1 1 0 6 11266 11269 11275
817 1 1 8 2 11282 11284 11290
808 1 0 5 0 11284 11288 11293
818 1 1 9 4 11296 11303 11308
821 1 0 10 0 11316 11326 11336
823 1 0 0 6 11326 11337 11343
824 1 0 8 3 11373 11375 11380
826 1 1 9 3 11387 11392 11398
828 1 0 0 3 11396 11399 11402
815 1 1 7 6 11396 11402 11403
816 1 1 6 4 11412 11413 11415
827 1 0 10 5 11420 11427 11432
795 1 0 1 2 11421 11436 11437
832 1 1 0 4 11464 11468 11472
813 1 0 4 6 11477 11479 11481
829 1 1 8 2 11469 11476 11482
830 1 1 9 4 11479 11489 11494
834 1 0 10 5 11507 11511 11516
836 1 0 0 1 11526 11531 11532
820 1 1 3 4 11548 11549 11550
825 1 1 5 2 11550 11551 11554
837 1 0 8 1 11552 11559 11566
839 1 0 9 1 11560 11574 11582
841 1 0 0 9 11575 11583 11592
822 1 1 2 0 11595 11596 11598
840 1 0 10 5 11604 11605 11610
846 1 0 0 8 11624 11629 11637
844 1 1 8 7 11642 11650 11651
831 1 1 7 10 11644 11652 11655
833 1 0 6 8 11660 11662 11664
845 1 1 9 0 11651 11656 11665
849 1 1 0 8 11683 11684 11692
848 1 0 10 8 11689 11691 11693
850 1 0 8 10 11725 11726 11728
854 1 0 0 1 11738 11748 11749
852 1 0 9 1 11753 11761 11769
843 1 0 5 3 11770 11774 11776
855 1 0 10 6 11787 11794 11798
857 1 1 0 8 11789 11797 11805
856 1 1 8 1 11805 11806 11813
838 1 1 4 9 11825 11828 11833
858 1 0 9 7 11835 11838 11840
861 1 1 0 5 11845 11854 11859
860 1 1 10 5 11868 11873 11878
851 1 1 7 3 11870 11876 11880
862 1 1 8 9 11900 11905 11906
865 1 0 0 5 11903 11910 11915
842 1 1 3 4 11908 11914 11915
853 1 0 6 3 11933 11934 11937
835 1 1 1 0 11936 11939 11940
864 1 0 9 8 11933 11943 11944
866 1 1 10 8 11944 11954 11956
847 1 1 2 10 11952 11962 11970
869 1 0 0 2 11972 11980 11982
868 1 0 8 0 11987 11993 12001
859 1 0 5 9 12000 12006 12010
871 1 0 9 6 12014 12015 12018
874 1 1 10 8 12037 12038 12040
876 1 1 0 9 12041 12049 12058
877 1 1 8 1 12071 12072 12079
867 1 0 7 6 12086 12087 12088
881 1 0 0 9 12104 12110 12119
879 1 1 9 4 12108 12116 12121
872 1 1 6 7 12153 12155 12156
880 1 0 10 0 12147 12148 12158
882 1 0 8 4 12168 12176 12180
884 1 1 0 2 12171 12178 12180
885 1 0 9 5 12192 12197 12201
863 1 1 4 0 12209 12211 12215
878 1 0 5 3 12221 12222 12224
886 1 1 10 1 12247 12257 12266
889 1 1 0 3 12254 12267 12270
888 1 1 8 4 12260 12275 12279
875 1 1 2 10 12280 12282 12290
890 1 1 9 0 12285 12291 12300
870 1 1 3 2 12298 12303 12304
894 1 0 0 3 12316 12319 12322
883 1 1 7 3 12321 12326 12330
893 1 0 10 2 12327 12334 12342
895 1 0 8 6 12360 12366 12368
897 1 1 9 6 12368 12374 12377
887 1 1 6 5 12375 12377 12378
899 1 0 0 7 12388 12394 12401
901 1 1 10 7 12408 12413 12416
902 1 1 8 5 12436 12437 12440
905 1 0 0 5 12450 12457 12462
903 1 0 9 2 12455 12466 12473
892 1 0 5 3 12476 12479 12481
873 1 0 1 6 12492 12494 12499
906 1 1 10 2 12492 12497 12505
907 1 0 8 10 12514 12516 12518
908 1 1 0 5 12515 12517 12522
909 1 0 9 8 12535 12536 12537
914 1 0 0 3 12558 12566 12569
913 1 0 8 9 12597 12601 12602
891 1 0 4 10 12596 12597 12603
911 1 1 10 7 12604 12609 12612
900 1 0 7 0 12597 12606 12613
904 1 1 6 5 12607 12613 12614
916 1 0 0 4 12602 12614 12618
915 1 1 9 1 12620 12624 12632
896 1 1 2 9 12631 12633 12640
920 1 1 0 9 12659 12668 12677
898 1 0 3 8 12678 12679 12684
919 1 0 8 9 12689 12690 12691
921 1 1 10 8 12697 12698 12700
923 1 1 9 5 12710 12711 12715
910 1 1 5 0 12713 12715 12720
925 1 0 0 6 12731 12740 12746
927 1 0 8 7 12776 12778 12779
928 1 1 10 9 12783 12793 12794
929 1 0 9 4 12807 12809 12814
931 1 1 0 9 12796 12805 12814
922 1 1 6 2 12824 12827 12831
918 1 1 7 4 12832 12837 12840
932 1 1 8 2 12853 12857 12863
933 1 1 10 5 12864 12872 12877
934 1 0 0 10 12866 12870 12880
935 1 0 9 2 12898 12899 12906
940 1 0 0 1 12915 12917 12918
938 1 1 8 3 12945 12948 12953
917 1 1 4 0 12949 12952 12956
939 1 0 10 5 12946 12955 12960
930 1 0 5 6 12963 12964 12965
942 1 1 0 5 12967 12968 12973
941 1 0 9 7 12970 12973 12975
924 1 1 2 0 12987 12990 12992
947 1 1 0 2 13011 13012 13014
912 1 1 1 10 13013 13015 13024
926 1 0 3 6 13039 13043 13046
944 1 0 10 2 13045 13050 13058
943 1 0 8 4 13056 13064 13068
936 1 1 6 5 13063 13067 13068
937 1 0 7 10 13077 13080 13083
950 1 1 0 10 13066 13073 13083
948 1 1 9 1 13077 13084 13092
953 1 1 10 9 13123 13132 13133
954 1 1 8 10 13147 13148 13150
956 1 1 0 6 13149 13160 13166
958 1 1 9 3 13165 13169 13175
946 1 1 5 10 13182 13184 13189
961 1 1 0 2 13217 13227 13229
959 1 0 10 5 13227 13228 13233
960 1 1 8 2 13234 13240 13246
962 1 1 9 1 13270 13277 13285
964 1 0 0 9 13284 13289 13298
965 1 0 10 9 13313 13314 13315
955 1 1 6 2 13315 13320 13324
957 1 0 7 10 13325 13327 13330
966 1 1 8 4 13325 13331 13335
945 1 0 4 5 13330 13336 13337
968 1 0 0 8 13351 13356 13364
949 1 0 2 9 13356 13358 13365
967 1 0 9 5 13361 13366 13370
969 1 0 10 7 13387 13392 13395
952 1 1 3 7 13402 13403 13407
974 1 1 0 8 13409 13416 13424
971 1 1 8 5 13419 13425 13428
963 1 0 5 7 13439 13441 13443
976 1 0 9 2 13442 13445 13452
979 1 1 0 5 13459 13464 13469
977 1 1 10 2 13497 13502 13510
983 1 1 0 4 13513 13515 13519
980 1 0 8 2 13509 13515 13521
982 1 0 9 3 13521 13528 13534
951 1 0 1 3 13531 13536 13538
970 1 1 6 8 13541 13543 13545
986 1 0 0 1 13554 13557 13558
972 1 0 7 3 13564 13570 13574
984 1 0 10 8 13587 13594 13596
985 1 1 8 10 13599 13600 13602
990 1 0 0 3 13602 13610 13613
987 1 0 9 6 13602 13619 13622
994 1 0 0 3 13663 13669 13672
992 1 1 10 4 13668 13669 13675
981 1 1 5 3 13672 13674 13676
973 1 1 4 3 13682 13683 13684
995 1 0 9 7 13703 13709 13711
993 1 1 8 1 13703 13708 13715
996 1 1 0 9 13722 13723 13732
975 1 0 2 4 13734 13739 13741
997 1 1 10 3 13748 13749 13756
978 1 0 3 7 13753 13754 13758
1002 1 0 0 4 13771 13778 13782
1001 1 1 8 10 13783 13788 13790
991 1 0 7 1 13792 13795 13801
1000 1 1 9 10 13807 13808 13809
989 1 0 6 10 13803 13808 13812
1004 1 1 10 4 13835 13836 13842
1006 1 1 0 3 13837 13846 13849
1007 1 1 8 1 13862 13867 13874
1010 1 0 9 5 13891 13892 13896
1012 1 1 0 6 13890 13891 13897
998 1 1 5 4 13915 13916 13917
1011 1 0 10 0 13928 13933 13943
1013 1 1 8 7 13953 13957 13958
1014 1 0 0 6 13960 13961 13967
1015 1 1 9 1 13990 13992 14000
1008 1 1 7 1 14020 14023 14029
1017 1 1 10 0 14011 14020 14030
1019 1 1 0 9 14036 14037 14046
1018 1 1 8 7 14036 14047 14048
999 1 0 4 10 14056 14058 14064
988 1 1 1 8 14058 14064 14071
1009 1 1 6 1 14060 14073 14078
1020 1 1 9 3 14078 14086 14092
1005 1 1 3 7 14092 14093 14097
1003 1 1 2 10 14095 14102 14110
1021 1 0 10 6 14111 14112 14116
1023 1 1 0 3 14102 14120 14123
1024 1 0 8 9 14132 14134 14135
1016 1 1 5 8 14137 14139 14142
1031 1 0 0 5 14161 14170 14175
1028 1 0 9 6 14165 14179 14182
1032 1 1 10 9 14203 14205 14206
1035 1 0 0 1 14218 14224 14225
1033 1 0 8 7 14239 14246 14247
1036 1 0 9 8 14260 14262 14263
1022 1 0 7 2 14265 14266 14271
1038 1 0 0 10 14291 14293 14303
1037 1 0 10 5 14311 14312 14317
1027 1 1 6 10 14312 14315 14319
1039 1 0 8 3 14330 14333 14338
1042 1 1 0 3 14345 14355 14358
1040 1 1 9 6 14354 14364 14367
1034 1 0 5 9 14389 14391 14395
1043 1 0 10 6 14396 14397 14401
1025 1 0 4 6 14398 14403 14405
1046 1 0 0 9 14404 14411 14420
1045 1 1 8 4 14415 14417 14421
1047 1 1 9 3 14449 14454 14460
1051 1 0 0 10 14449 14458 14468
1029 1 0 3 7 14461 14475 14479
1049 1 0 10 2 14477 14482 14490
1030 1 0 2 10 14474 14491 14499
1052 1 1 8 0 14499 14504 14512
1053 1 1 0 2 14519 14520 14522
1054 1 1 9 6 14526 14533 14536
1041 1 0 7 3 14541 14544 14548
1044 1 0 6 1 14570 14573 14578
1057 1 1 10 6 14573 14577 14581
1058 1 0 8 5 14579 14586 14589
1059 1 0 0 10 14590 14595 14605
1060 1 1 9 4 14601 14604 14609
1026 1 0 1 0 14596 14614 14615
1048 1 0 5 0 14612 14620 14625
1065 1 0 0 7 14650 14651 14658
1064 1 0 8 7 14663 14664 14665
1063 1 0 10 2 14664 14668 14676
1067 1 0 9 1 14672 14683 14691
1069 1 1 0 9 14703 14707 14716
1070 1 1 8 7 14748 14749 14750
1073 1 0 0 10 14757 14758 14768
1072 1 0 9 10 14762 14767 14768
1071 1 0 10 0 14767 14769 14779
1050 1 0 4 0 14774 14775 14779
1062 1 1 6 5 14811 14812 14813
1061 1 0 7 0 14812 14819 14826
1056 1 0 2 3 14824 14828 14829
1074 1 1 8 7 14828 14831 14832
1075 1 0 0 8 14819 14832 14840
1055 1 0 3 2 14831 14845 14846
1076 1 0 9 8 14845 14853 14854
1077 1 0 10 6 14862 14864 14868
1068 1 0 5 2 14868 14869 14872
1081 1 0 0 10 14876 14878 14888
1083 1 1 8 5 14922 14923 14926
1088 1 0 0 8 14928 14938 14946
1085 1 0 9 2 14945 14947 14954
1086 1 0 10 5 14955 14963 14968
1090 1 1 0 7 14988 14993 15000
1089 1 0 8 5 15025 15028 15031
1091 1 1 9 5 15051 15053 15057
1079 1 0 6 8 15049 15058 15060
1093 1 0 0 9 15047 15052 15061
1092 1 0 10 7 15049 15062 15065
1080 1 1 7 6 15079 15081 15082
1087 1 0 5 0 15101 15103 15108
1078 1 1 4 2 15107 15109 15111
1066 1 0 1 8 15120 15121 15128
1094 1 1 8 6 15129 15135 15137
1095 1 0 0 6 15120 15136 15142
1098 1 1 9 4 15141 15144 15149
1097 1 0 10 3 15150 15154 15161
1082 1 1 2 3 15174 15175 15180
1102 1 1 0 9 15173 15177 15186
1084 1 0 3 0 15189 15190 15193
1107 1 1 0 4 15227 15236 15240
1104 1 0 8 10 15232 15240 15242
1105 1 1 9 8 15233 15245 15246
1106 1 0 10 2 15252 15253 15261
1110 1 1 0 8 15279 15287 15295
1099 1 0 7 5 15297 15302 15304
1096 1 0 6 3 15306 15307 15310
1112 1 0 9 8 15323 15329 15330
1100 1 1 5 6 15326 15329 15330
1111 1 0 8 1 15328 15330 15337
1113 1 1 10 9 15336 15338 15339
1114 1 0 0 4 15348 15349 15353
1119 1 0 8 5 15411 15415 15418
1120 1 0 10 9 15411 15423 15424
1121 1 1 0 9 15407 15416 15425
1117 1 1 9 10 15424 15425 15426
1101 1 0 4 3 15450 15455 15456
1122 1 0 0 10 15468 15471 15481
1123 1 1 8 4 15490 15492 15496
1124 1 1 10 2 15504 15510 15518
1125 1 1 9 6 15523 15530 15533
1115 1 1 7 1 15531 15532 15538
1127 1 1 0 1 15526 15539 15540
1108 1 0 2 6 15530 15538 15542
1116 1 0 6 10 15537 15542 15546
1109 1 1 3 2 15548 15550 15551
1118 1 0 5 6 15545 15551 15552
1131 1 0 0 10 15577 15583 15593
1128 1 0 8 1 15587 15595 15602
1130 1 1 9 6 15598 15605 15608
1129 1 1 10 8 15604 15612 15614
1137 1 1 0 5 15648 15656 15661
1103 1 0 1 10 15652 15653 15662
1138 1 0 8 2 15665 15667 15673
1139 1 1 9 10 15696 15700 15701
1140 1 0 10 1 15704 15712 15721
1141 1 0 0 7 15716 15722 15729
1143 1 0 8 7 15762 15763 15764
1134 1 1 6 10 15764 15768 15772
1133 1 1 7 6 15776 15779 15780
1146 1 0 0 9 15776 15783 15792
1145 1 0 10 8 15790 15793 15795
1135 1 1 5 7 15798 15799 15801
1126 1 0 4 8 15802 15806 15810
1144 1 0 9 1 15803 15811 15819
1150 1 1 0 5 15842 15849 15854
1147 1 1 8 7 15872 15875 15876
1151 1 0 10 6 15865 15874 15878
1132 1 1 2 7 15872 15881 15886
1154 1 1 9 6 15897 15899 15902
1155 1 0 0 4 15903 15909 15913
1136 1 0 3 5 15927 15928 15930
1156 1 0 10 5 15952 15957 15962
1160 1 1 0 10 15961 15967 15977
1158 1 1 8 6 15990 15992 15994
1149 1 1 7 9 16002 16003 16005
1159 1 0 9 4 15998 16002 16007
1163 1 1 0 5 16011 16020 16025
1148 1 1 6 2 16016 16026 16030
1162 1 0 10 9 16034 16040 16041
1152 1 1 5 3 16053 16056 16058
1167 1 1 0 5 16070 16073 16078
1164 1 1 8 2 16077 16081 16087
1165 1 0 9 8 16095 16096 16097
1142 1 1 1 4 16105 16106 16109
1169 1 0 10 2 16128 16130 16138
1171 1 1 0 10 16126 16130 16140
1172 1 0 8 3 16151 16157 16162
1153 1 1 4 5 16162 16168 16169
1173 1 1 9 5 16192 16196 16200
1175 1 1 0 3 16194 16205 16208
1166 1 0 7 4 16210 16214 16217
1176 1 1 10 7 16206 16215 16218
1157 1 1 2 5 16231 16236 16239
1177 1 0 8 4 16239 16243 16247
1168 1 0 6 1 16254 16256 16261
1180 1 1 0 2 16261 16266 16268
1170 1 0 5 3 16281 16285 16287
1161 1 0 3 8 16286 16288 16293
1179 1 1 9 0 16282 16289 16298
1181 1 0 10 8 16317 16319 16321
1186 1 1 0 1 16319 16320 16321
1184 1 0 8 3 16337 16338 16343
1191 1 1 0 2 16373 16374 16376
1188 1 0 9 5 16378 16384 16388
1190 1 1 10 8 16404 16412 16414
1192 1 1 8 4 16431 16432 16436
1193 1 0 0 9 16425 16430 16439
1182 1 1 7 6 16437 16440 16441
1194 1 0 9 0 16454 16455 16464
1196 1 1 0 6 16481 16487 16493
1195 1 0 10 3 16487 16497 16504
1185 1 0 6 2 16493 16501 16505
1197 1 1 8 3 16517 16519 16524
1187 1 1 5 6 16517 16526 16527
1200 1 1 0 5 16540 16546 16551
1199 1 0 9 4 16547 16554 16559
1178 1 0 4 6 16556 16560 16562
1201 1 1 10 2 16572 16577 16585
1183 1 1 2 3 16589 16590 16591
1205 1 0 0 1 16603 16609 16610
1174 1 0 1 7 16610 16611 16617
1204 1 1 8 5 16621 16626 16629
1206 1 1 9 5 16636 16640 16644
1198 1 1 7 5 16658 16660 16662
1189 1 1 3 10 16661 16664 16671
1208 1 0 10 7 16670 16673 16676
1210 1 1 0 5 16663 16681 16686
1212 1 1 8 6 16706 16709 16711
1216 1 1 0 3 16722 16728 16731
1202 1 0 6 5 16739 16740 16741
1213 1 1 9 1 16732 16738 16746
1217 1 0 10 9 16762 16767 16768
1203 1 0 5 9 16765 16772 16776
1219 1 0 0 4 16779 16788 16792
1218 1 1 8 5 16792 16799 16802
1220 1 0 9 8 16828 16833 16834
1207 1 1 4 10 16844 16845 16851
1224 1 0 0 3 16843 16851 16854
1222 1 0 10 3 16864 16871 16878
1225 1 0 8 2 16881 16886 16892
1227 1 0 0 6 16900 16902 16908
1214 1 0 7 0 16909 16910 16917
1226 1 1 9 6 16919 16920 16923
1209 1 0 2 6 16956 16958 16962
1229 1 1 10 3 16958 16962 16969
1231 1 1 0 5 16967 16972 16977
1221 1 0 6 2 16978 16979 16983
1230 1 1 8 2 16964 16980 16986
1223 1 1 5 1 17002 17005 17009
1233 1 1 9 7 17013 17021 17023
1215 1 0 3 1 17035 17036 17038
1237 1 1 0 6 17025 17032 17038
1235 1 1 10 2 17036 17042 17050
1236 1 1 8 6 17053 17059 17061
1241 1 0 0 9 17083 17084 17093
1211 1 0 1 0 17095 17103 17104
1240 1 1 9 10 17102 17105 17106
1243 1 0 10 1 17122 17132 17141
1244 1 1 8 4 17142 17144 17148
1245 1 0 0 5 17156 17157 17162
1232 1 1 7 8 17174 17177 17178
1247 1 0 9 4 17186 17190 17195
1228 1 1 4 3 17204 17208 17209
1248 1 0 10 3 17209 17215 17222
1250 1 0 0 4 17218 17225 17229
1249 1 1 8 0 17222 17227 17235
1238 1 1 6 2 17232 17241 17245
1239 1 0 5 4 17252 17253 17254
1252 1 0 9 10 17282 17287 17288
1234 1 1 2 6 17292 17293 17297
1255 1 0 0 4 17290 17300 17304
1256 1 1 8 6 17307 17309 17311
1254 1 0 10 3 17305 17311 17318
1260 1 0 0 9 17346 17349 17358
1259 1 0 9 7 17364 17365 17367
1262 1 1 10 6 17391 17395 17399
1263 1 1 8 5 17393 17397 17400
1242 1 1 3 7 17395 17402 17406
1264 1 0 0 3 17406 17413 17416
1251 1 1 7 1 17411 17412 17418
1265 1 0 9 4 17462 17468 17473
1257 1 0 6 3 17464 17465 17474
1266 1 1 10 5 17469 17478 17483
1269 1 0 0 9 17463 17477 17486
1267 1 1 8 10 17480 17486 17488
1258 1 1 5 8 17500 17505 17508
1272 1 0 0 8 17528 17537 17545
1271 1 1 9 1 17548 17549 17557
1274 1 1 10 5 17558 17567 17572
1275 1 1 8 4 17581 17584 17588
1253 1 1 4 9 17588 17589 17594
1277 1 1 0 8 17598 17607 17615
1246 1 0 1 6 17626 17633 17638
1270 1 0 7 6 17634 17639 17640
1278 1 1 9 2 17637 17638 17645
1261 1 0 2 3 17649 17653 17654
1279 1 1 10 4 17656 17664 17670
1282 1 0 0 7 17662 17665 17672
1280 1 1 8 9 17667 17674 17675
1273 1 0 6 10 17697 17698 17702
1288 1 1 0 1 17718 17727 17728
1285 1 1 9 1 17721 17736 17744
1287 1 1 10 6 17737 17753 17757
1268 1 1 3 0 17754 17760 17763
1276 1 0 5 10 17761 17766 17771
1289 1 1 8 4 17760 17771 17775
1291 1 0 0 3 17776 17786 17789
1292 1 1 9 0 17809 17814 17823
1293 1 1 10 3 17822 17833 17840
1297 1 1 0 2 17826 17843 17845
1295 1 0 8 3 17836 17841 17846
1300 1 0 0 3 17879 17882 17885
1284 1 0 7 1 17900 17904 17910
1299 1 1 10 3 17906 17914 17921
1301 1 1 8 2 17910 17912 17922
1298 1 0 9 4 17900 17918 17923
1281 1 0 4 5 17926 17927 17928
1290 1 1 6 4 17937 17941 17943
1302 1 1 0 10 17939 17947 17957
1296 1 1 5 9 17986 17991 17995
1306 1 1 8 4 17988 17996 18000
1305 1 0 10 7 17993 17998 18001
1303 1 0 9 2 17996 17997 18006
1309 1 1 0 9 17988 18004 18013
1286 1 0 2 5 18024 18025 18028
1311 1 0 0 4 18058 18063 18067
1314 1 1 9 7 18078 18079 18081
1313 1 0 10 2 18076 18082 18090
1312 1 0 8 1 18090 18096 18103
1283 1 0 1 0 18096 18103 18104
1294 1 1 3 2 18123 18127 18128
1316 1 1 0 5 18133 18135 18140
1304 1 1 7 4 18154 18156 18159
1318 1 0 9 7 18154 18163 18165
1317 1 0 10 1 18167 18170 18179
1308 1 0 6 5 18181 18184 18189
1319 1 0 8 5 18173 18186 18189
1322 1 1 0 2 18212 18216 18218
1310 1 0 5 9 18229 18230 18234
1325 1 0 10 6 18233 18235 18239
1323 1 0 9 8 18247 18250 18251
1326 1 0 8 7 18250 18251 18252
1328 1 0 0 4 18268 18275 18279
1307 1 1 4 6 18291 18293 18295
1333 1 1 0 8 18319 18325 18333
1332 1 1 8 7 18338 18339 18340
1331 1 0 9 10 18339 18344 18345
1330 1 0 10 3 18344 18346 18353
1335 1 1 0 1 18379 18386 18387
1324 1 0 7 5 18383 18387 18389
1315 1 1 2 9 18399 18400 18407
1336 1 0 8 7 18424 18427 18428
1338 1 1 10 1 18419 18420 18429
1339 1 0 0 4 18426 18435 18439
1337 1 0 9 7 18427 18444 18446
1327 1 0 6 0 18441 18447 18453
1329 1 0 5 2 18460 18465 18468
1321 1 1 3 0 18468 18470 18473
1344 1 0 0 3 18492 18494 18497
1343 1 0 8 1 18498 18503 18510
1345 1 1 9 1 18515 18524 18532
1342 1 1 10 7 18523 18541 18544
1349 1 0 0 6 18543 18544 18550
1350 1 0 8 0 18590 18592 18600
1320 1 1 1 6 18604 18609 18616
1353 1 1 0 6 18603 18610 18616
1351 1 0 9 1 18607 18616 18624
1352 1 1 10 0 18614 18620 18630
1340 1 1 7 9 18613 18637 18639
1334 1 1 4 10 18637 18644 18650
1355 1 1 0 5 18661 18671 18676
1346 1 1 6 4 18677 18678 18680
1354 1 0 8 2 18684 18691 18697
1357 1 0 9 7 18697 18704 18706
1359 1 1 10 2 18700 18706 18714
1347 1 1 5 0 18702 18711 18716
1361 1 0 0 2 18724 18731 18733
1363 1 1 8 5 18771 18779 18782
1367 1 0 0 9 18781 18783 18792
1365 1 1 10 4 18784 18789 18795
1364 1 0 9 6 18788 18793 18796
1341 1 0 2 3 18801 18805 18806
1348 1 0 3 5 18829 18830 18832
1369 1 0 0 1 18845 18850 18851
1358 1 1 7 1 18850 18853 18859
1368 1 0 8 2 18866 18873 18879
1370 1 1 10 4 18868 18877 18883
1371 1 1 9 3 18881 18888 18894
1374 1 1 0 5 18916 18919 18924
1362 1 0 6 7 18930 18934 18935
1366 1 1 5 4 18939 18940 18941
1376 1 1 8 10 18957 18961 18963
1377 1 1 10 9 18957 18964 18965
1378 1 0 9 1 18985 18987 18995
1379 1 1 0 3 18983 18992 18995
1360 1 1 4 2 19010 19011 19013
1382 1 1 10 1 19037 19045 19054
1384 1 1 0 8 19051 19055 19063
1383 1 0 8 3 19066 19073 19078
1375 1 0 7 2 19067 19072 19079
1388 1 1 0 6 19095 19103 19109
1385 1 1 9 3 19100 19112 19118
1356 1 0 1 2 19133 19134 19135
1387 1 0 10 6 19140 19148 19152
1372 1 0 2 3 19146 19156 19157
1391 1 0 0 2 19143 19160 19162
1389 1 1 8 3 19156 19161 19166
1380 1 1 6 10 19158 19169 19173
1381 1 0 5 3 19182 19185 19187
1392 1 1 9 0 19196 19197 19206
1395 1 0 0 5 19205 19208 19213
1373 1 0 3 5 19219 19221 19223
1394 1 0 10 8 19227 19232 19234
1397 1 0 8 9 19233 19235 19236
1401 1 1 0 2 19267 19268 19270
1400 1 1 9 1 19275 19282 19290
1390 1 1 7 6 19308 19314 19315
1404 1 1 8 5 19323 19325 19328
1405 1 1 0 4 19324 19333 19337
1403 1 1 10 9 19325 19343 19344
1386 1 1 4 6 19368 19373 19375
1406 1 0 9 8 19380 19381 19382
1409 1 0 0 9 19384 19392 19401
1399 1 1 5 8 19404 19405 19408
1398 1 1 6 9 19409 19411 19414
1408 1 0 8 1 19413 19414 19421
1410 1 0 10 2 19419 19430 19438
1413 1 1 0 9 19444 19453 19462
1412 1 0 9 7 19476 19483 19485
1416 1 1 8 3 19509 19510 19515
1418 1 0 0 6 19508 19515 19521
1417 1 0 10 0 19511 19525 19535
1396 1 0 2 0 19527 19533 19535
1407 1 1 7 3 19536 19540 19544
1419 1 1 9 10 19564 19570 19571
1420 1 1 0 4 19566 19581 19585
1402 1 1 3 7 19572 19578 19588
1421 1 1 8 2 19592 19593 19599
1426 1 0 0 1 19616 19617 19618
1422 1 1 10 6 19609 19617 19621
1414 1 0 5 4 19649 19653 19654
1415 1 0 6 5 19656 19662 19663
1425 1 0 9 3 19654 19659 19665
1430 1 1 0 4 19678 19684 19688
1393 1 1 1 7 19682 19683 19691
1428 1 0 8 1 19685 19690 19697
1429 1 0 10 2 19685 19706 19714
1411 1 0 4 0 19719 19721 19725
1434 1 1 0 4 19742 19749 19753
1424 1 1 7 6 19761 19763 19764
1432 1 1 9 3 19756 19761 19767
1437 1 1 8 9 19777 19782 19783
1436 1 0 10 1 19782 19792 19801
1439 1 0 0 4 19801 19802 19806
1440 1 0 9 3 19857 19862 19868
1444 1 1 0 7 19863 19872 19879
1442 1 1 8 4 19867 19880 19884
1423 1 0 2 0 19888 19889 19891
1443 1 1 10 0 19876 19890 19900
1431 1 0 5 10 19894 19899 19904
1433 1 0 6 0 19898 19908 19914
1427 1 0 3 4 19912 19917 19918
1446 1 0 0 7 19927 19931 19938
1445 1 1 9 2 19940 19949 19956
1447 1 0 8 6 19958 19959 19961
1448 1 0 10 4 19972 19976 19982
1453 1 0 0 4 19990 19994 19998
1441 1 1 7 6 20013 20018 20019
1454 1 0 9 2 20016 20021 20028
1457 1 0 0 6 20043 20045 20051
1456 1 0 10 6 20053 20057 20061
1455 1 0 8 4 20056 20059 20063
1438 1 0 4 8 20057 20064 20068
1459 1 0 9 5 20093 20094 20098
1460 1 0 0 8 20097 20103 20111
1461 1 0 10 7 20133 20135 20138
1451 1 1 6 10 20140 20141 20145
1450 1 1 5 2 20143 20150 20153
1462 1 1 8 0 20156 20162 20170
1465 1 1 0 7 20163 20171 20178
1464 1 1 9 3 20180 20182 20188
1435 1 0 1 3 20199 20205 20207
1449 1 1 2 6 20202 20203 20207
1466 1 0 10 0 20216 20223 20233
1470 1 1 0 4 20226 20232 20236
1469 1 0 8 2 20240 20248 20254
1452 1 0 3 7 20268 20269 20273
1471 1 1 9 1 20266 20271 20279
1458 1 1 7 6 20282 20288 20289
1475 1 0 0 6 20283 20290 20296
1474 1 1 10 7 20319 20323 20326
1476 1 1 8 1 20329 20330 20337
1480 1 0 0 1 20346 20352 20353
1477 1 0 9 7 20353 20361 20363
1467 1 0 6 5 20369 20370 20371
1468 1 0 5 0 20384 20385 20390
1483 1 0 0 3 20400 20401 20404
1482 1 1 8 3 20411 20418 20423
1481 1 1 10 3 20413 20430 20437
1463 1 1 4 0 20437 20438 20442
1484 1 0 9 10 20443 20449 20450
1487 1 1 0 1 20461 20462 20463
1488 1 1 8 10 20488 20495 20497
1479 1 0 7 9 20498 20501 20503
1489 1 1 10 1 20494 20498 20507
1492 1 1 0 2 20518 20519 20521
1491 1 0 9 3 20518 20519 20525
1473 1 1 2 4 20530 20531 20533
1493 1 0 8 9 20569 20574 20575
1496 1 0 0 1 20570 20584 20585
1494 1 1 10 8 20584 20590 20592
1485 1 1 6 5 20610 20612 20613
1497 1 1 9 0 20616 20620 20629
1486 1 1 5 6 20617 20634 20635
1478 1 0 3 9 20636 20638 20644
1500 1 1 0 9 20621 20641 20650
1499 1 1 8 5 20639 20651 20654
1505 1 0 0 4 20674 20683 20687
1501 1 0 10 6 20676 20693 20697
1503 1 0 9 10 20695 20700 20701
1495 1 1 7 6 20732 20734 20735
1507 1 0 8 6 20732 20734 20736
1472 1 1 1 7 20738 20743 20749
1508 1 1 0 4 20758 20765 20769
1509 1 0 10 0 20763 20767 20777
1510 1 1 9 1 20768 20774 20782
1490 1 1 4 5 20812 20815 20816
1514 1 0 0 5 20822 20823 20828
1511 1 0 8 5 20829 20832 20835
1502 1 0 6 2 20845 20846 20850
1504 1 0 5 2 20853 20856 20859
1515 1 1 10 2 20861 20866 20874
1516 1 1 9 7 20867 20881 20883
1518 1 1 0 8 20892 20899 20907
1519 1 0 8 7 20914 20920 20921
1498 1 0 2 3 20916 20926 20927
1524 1 0 0 8 20947 20950 20958
1522 1 1 10 7 20958 20960 20963
1523 1 1 9 4 20962 20965 20970
1506 1 0 3 8 20964 20969 20974
1512 1 0 7 4 20982 20983 20986
1525 1 1 8 0 21007 21011 21019
1527 1 0 0 4 21012 21016 21020
1529 1 0 9 3 21051 21056 21062
1528 1 0 10 5 21057 21069 21074
1533 1 0 0 2 21072 21079 21081
1521 1 1 5 9 21080 21085 21089
1532 1 1 8 1 21090 21091 21098
1520 1 1 6 3 21100 21105 21108
1536 1 0 0 7 21130 21132 21139
1535 1 0 10 8 21150 21153 21155
1534 1 1 9 2 21147 21153 21160
1517 1 0 4 10 21165 21169 21175
1540 1 1 0 2 21181 21183 21185
1538 1 0 8 10 21184 21186 21188
1531 1 1 7 6 21223 21228 21229
1544 1 0 0 1 21248 21258 21259
1542 1 1 10 0 21248 21252 21262
1541 1 0 9 3 21258 21267 21273
1513 1 1 1 8 21272 21273 21280
1545 1 0 8 2 21274 21279 21285
1526 1 0 2 3 21310 21311 21312
1537 1 1 5 0 21305 21308 21313
1548 1 1 0 3 21319 21320 21323
1530 1 1 3 2 21334 21335 21336
1551 1 0 8 7 21350 21352 21353
1547 1 0 10 2 21343 21350 21358
1539 1 1 6 0 21354 21358 21364
1549 1 0 9 10 21349 21365 21366
1554 1 1 0 2 21391 21392 21394
1556 1 1 10 9 21417 21425 21426
1557 1 0 9 10 21433 21434 21435
1558 1 0 8 10 21435 21437 21439
1560 1 0 0 10 21456 21466 21476
1546 1 0 7 0 21483 21486 21493
1562 1 0 9 2 21509 21510 21519
1561 1 0 10 1 21501 21511 21520
1543 1 1 4 3 21521 21526 21527
1563 1 0 8 9 21514 21527 21528
1564 1 0 0 3 21511 21537 21540
1552 1 1 5 0 21550 21552 21557
1567 1 0 9 0 21571 21577 21586
1568 1 0 0 9 21576 21587 21596
1566 1 0 10 2 21597 21598 21606
1559 1 1 6 4 21603 21609 21611
1569 1 1 8 7 21607 21615 21616
1573 1 0 0 7 21641 21643 21650
1555 1 1 3 10 21668 21672 21679
1572 1 0 9 1 21673 21675 21683
1553 1 1 2 3 21683 21691 21692
1574 1 1 10 1 21686 21699 21708
1577 1 1 0 5 21687 21709 21714
1576 1 1 8 0 21710 21717 21725
1565 1 1 7 9 21720 21732 21734
1582 1 0 0 6 21739 21740 21746
1579 1 0 9 3 21750 21753 21759
1550 1 0 1 7 21788 21790 21796
1571 1 0 5 8 21790 21794 21797
1583 1 0 8 9 21790 21797 21798
1581 1 1 10 1 21791 21792 21801
1585 1 1 0 8 21806 21807 21815
1575 1 0 6 2 21838 21841 21845
1586 1 0 9 5 21851 21858 21862
1590 1 0 10 4 21875 21880 21886
1591 1 1 0 10 21871 21879 21889
1588 1 0 8 9 21886 21890 21891
1570 1 1 4 10 21896 21902 21908
1593 1 1 9 6 21921 21922 21925
1594 1 0 0 1 21926 21935 21936
1584 1 0 7 6 21943 21949 21950
1595 1 0 10 6 21967 21971 21975
1596 1 1 8 5 21986 21988 21991
1599 1 0 0 2 21989 21995 21997
1598 1 1 9 0 22015 22019 22028
1589 1 1 5 9 22038 22043 22047
1603 1 1 0 8 22051 22060 22068
1578 1 1 3 10 22059 22063 22070
1601 1 0 10 6 22067 22075 22079
1592 1 0 6 2 22069 22071 22083
1602 1 0 8 7 22077 22089 22090
1580 1 1 2 9 22091 22099 22106
1604 1 1 9 4 22105 22107 22112
1606 1 1 0 5 22115 22119 22124
1608 1 1 10 8 22148 22153 22155
1600 1 0 7 10 22163 22164 22167
1610 1 0 8 1 22167 22169 22176
1613 1 1 0 1 22175 22183 22184
1612 1 1 9 7 22201 22209 22211
1614 1 0 10 0 22229 22238 22248
1617 1 0 0 9 22233 22249 22258
1616 1 1 8 6 22273 22274 22276
1605 1 0 5 6 22272 22276 22277
1597 1 1 4 0 22285 22287 22291
1587 1 0 1 3 22295 22300 22302
1620 1 0 0 5 22296 22305 22310
1618 1 1 9 5 22302 22311 22315
1619 1 1 10 5 22329 22334 22339
1609 1 1 6 7 22350 22351 22352
1622 1 0 8 5 22348 22351 22354
1625 1 0 0 10 22348 22359 22369
1629 1 1 0 9 22406 22413 22422
1615 1 1 7 0 22414 22424 22431
1628 1 0 8 1 22427 22429 22436
1607 1 0 3 5 22432 22438 22440
1626 1 1 9 6 22408 22440 22443
1611 1 0 2 10 22439 22443 22451
1627 1 1 10 3 22428 22447 22454
1631 1 1 0 4 22471 22474 22478
1632 1 0 9 10 22483 22484 22485
1621 1 0 5 0 22507 22512 22517
1635 1 1 10 6 22518 22524 22528
1634 1 0 8 5 22522 22530 22533
1638 1 1 0 7 22523 22534 22541
1643 1 0 0 6 22582 22587 22593
1639 1 1 9 0 22583 22585 22594
1630 1 1 6 0 22600 22606 22612
1642 1 0 8 3 22611 22613 22618
1641 1 1 10 1 22609 22622 22631
1623 1 0 4 3 22645 22646 22647
1644 1 1 0 8 22652 22653 22661
1645 1 0 9 4 22668 22674 22679
1633 1 1 7 3 22689 22691 22695
1647 1 1 10 0 22686 22688 22698
1648 1 0 8 5 22697 22701 22704
1650 1 1 0 3 22710 22711 22714
1640 1 1 5 7 22743 22745 22747
1651 1 1 9 5 22752 22754 22758
1652 1 0 10 4 22764 22769 22775
1655 1 1 0 8 22770 22775 22783
1624 1 1 1 0 22790 22797 22798
1654 1 0 8 10 22797 22801 22803
1637 1 1 2 9 22795 22800 22807
1636 1 0 3 1 22809 22816 22818
1659 1 0 0 6 22829 22830 22836
1657 1 1 9 5 22846 22847 22851
1658 1 0 10 4 22857 22861 22867
1646 1 1 6 3 22875 22876 22879
1662 1 0 8 0 22883 22887 22895
1664 1 0 0 1 22893 22896 22897
1653 1 1 7 0 22921 22925 22932
1665 1 0 9 6 22939 22947 22950
1666 1 0 10 2 22944 22954 22962
1669 1 0 0 8 22951 22964 22972
1656 1 0 5 3 22968 22975 22977
1668 1 0 8 7 22992 22997 22998
1673 1 0 0 2 23010 23017 23019
1649 1 0 4 7 23025 23027 23030
1671 1 0 9 5 23034 23036 23040
1672 1 0 10 4 23032 23035 23041
1676 1 0 0 1 23086 23090 23091
1675 1 1 8 6 23091 23099 23101
1679 1 1 9 5 23104 23107 23111
1678 1 0 10 5 23109 23118 23123
1667 1 0 6 8 23112 23124 23126
1661 1 0 2 8 23143 23149 23155
1680 1 1 0 1 23157 23162 23163
1681 1 1 8 4 23170 23177 23181
1663 1 1 3 9 23181 23182 23188
1674 1 1 5 1 23191 23192 23196
1670 1 1 7 0 23183 23190 23197
1682 1 0 9 2 23190 23191 23198
1683 1 0 10 7 23201 23209 23212
1686 1 1 0 8 23221 23222 23230
1687 1 1 8 5 23265 23266 23269
1690 1 1 9 8 23277 23281 23282
1693 1 1 0 6 23283 23291 23297
1660 1 1 1 7 23286 23290 23298
1692 1 1 10 5 23313 23316 23321
1684 1 0 6 5 23349 23350 23351
1696 1 1 0 6 23346 23351 23357
1694 1 0 8 9 23356 23359 23360
1677 1 0 4 5 23382 23387 23388
1695 1 1 9 3 23385 23388 23394
1689 1 1 7 1 23402 23406 23412
1699 1 1 0 2 23415 23416 23418
1698 1 1 10 7 23417 23426 23429
1701 1 1 8 0 23452 23453 23461
1691 1 1 5 9 23456 23466 23470
1705 1 0 0 1 23480 23485 23486
1703 1 1 9 7 23485 23486 23488
1685 1 1 2 4 23515 23520 23522
1706 1 1 10 7 23516 23528 23531
1707 1 0 8 5 23536 23543 23546
1688 1 1 3 6 23544 23548 23551
1709 1 0 0 7 23539 23551 23558
1710 1 1 9 7 23561 23564 23566
1700 1 0 6 4 23581 23582 23584
1714 1 0 0 7 23592 23596 23603
1704 1 0 7 5 23615 23616 23618
1712 1 1 10 3 23622 23625 23632
1713 1 1 8 0 23627 23637 23645
1718 1 1 0 6 23649 23650 23656
1716 1 0 9 0 23665 23669 23678
1708 1 1 5 6 23698 23699 23700
1722 1 1 0 5 23711 23717 23722
1721 1 1 8 10 23716 23725 23727
1720 1 1 10 9 23712 23728 23729
1702 1 1 4 5 23737 23742 23743
1723 1 1 9 8 23748 23752 23753
1725 1 0 0 5 23763 23764 23769
1717 1 1 6 7 23802 23804 23805
1726 1 0 10 6 23802 23807 23811
1727 1 0 8 0 23824 23826 23834
1697 1 1 1 7 23826 23827 23835
1730 1 1 0 7 23821 23828 23835
1729 1 1 9 3 23838 23840 23846
1719 1 0 7 1 23852 23859 23865
1711 1 1 2 8 23877 23878 23884
1733 1 1 0 1 23881 23892 23893
1715 1 0 3 2 23906 23912 23913
1731 1 0 10 0 23896 23905 23915
1734 1 1 8 7 23923 23930 23931
1736 1 0 9 7 23925 23934 23936
1739 1 0 0 4 23948 23955 23959
1724 1 1 5 2 23965 23967 23970
1740 1 0 10 1 23986 23992 24001
1744 1 1 0 10 23994 23996 24006
1743 1 0 9 10 24004 24012 24013
1742 1 0 8 1 24017 24019 24026
1732 1 1 6 4 24052 24056 24058
1728 1 0 4 5 24067 24070 24071
1747 1 1 0 10 24055 24062 24072
1748 1 0 9 3 24075 24079 24085
1746 1 1 10 3 24085 24086 24093
1737 1 0 7 6 24090 24094 24095
1751 1 1 0 7 24100 24103 24110
1749 1 0 8 7 24120 24122 24123
1754 1 0 10 6 24162 24165 24169
1756 1 1 0 8 24157 24164 24172
1753 1 1 9 5 24165 24173 24177
1745 1 0 5 10 24197 24198 24203
1757 1 1 8 1 24210 24213 24220
1758 1 0 0 5 24206 24216 24221
1738 1 0 2 3 24252 24255 24256
1759 1 1 10 0 24247 24256 24266
1741 1 1 3 1 24267 24270 24272
1762 1 1 0 3 24277 24278 24281
1760 1 1 9 6 24279 24287 24290
1750 1 0 6 8 24302 24305 24307
1763 1 0 8 5 24311 24312 24315
1755 1 0 7 4 24315 24317 24320
1764 1 1 10 4 24332 24336 24342
1767 1 0 0 6 24337 24341 24347
1768 1 0 9 5 24348 24351 24355
1735 1 0 1 10 24350 24359 24368
1752 1 0 4 10 24378 24384 24390
1773 1 1 0 2 24387 24391 24393
1770 1 1 8 7 24389 24399 24400
1772 1 0 10 3 24415 24416 24423
1761 1 1 5 4 24432 24434 24435
1774 1 1 9 7 24438 24443 24445
1777 1 0 0 5 24447 24450 24455
1778 1 1 8 9 24463 24464 24465
1782 1 1 0 2 24504 24513 24515
1781 1 0 9 2 24520 24524 24531
1779 1 0 10 7 24528 24539 24542
1771 1 0 7 0 24539 24542 24549
1783 1 0 8 10 24537 24557 24559
1769 1 0 6 1 24566 24570 24575
1784 1 1 0 8 24567 24569 24577
1785 1 0 9 5 24597 24605 24609
1766 1 1 3 10 24607 24612 24619
1765 1 0 2 10 24598 24612 24620
1786 1 0 10 1 24605 24621 24630
1790 1 0 0 10 24628 24631 24641
1787 1 0 8 6 24623 24643 24645
1780 1 0 5 10 24675 24676 24681
1796 1 0 0 7 24680 24691 24698
1791 1 1 9 1 24693 24694 24702
1793 1 0 10 9 24702 24705 24706
1795 1 1 8 10 24716 24723 24725
1776 1 0 4 0 24722 24727 24731
1798 1 0 0 1 24741 24742 24743
1788 1 1 7 4 24768 24771 24774
1799 1 0 9 3 24777 24785 24791
1789 1 0 6 0 24798 24801 24807
1800 1 1 10 1 24792 24798 24807
1775 1 0 1 8 24807 24808 24815
1801 1 1 8 2 24816 24823 24829
1803 1 0 0 9 24803 24823 24832
1805 1 1 9 1 24857 24864 24872
1808 1 0 0 2 24869 24878 24880
1806 1 1 10 1 24882 24891 24900
1797 1 0 5 8 24909 24912 24915
1810 1 0 8 0 24918 24919 24927
1811 1 1 9 1 24942 24950 24958
1792 1 1 2 9 24943 24959 24966
1813 1 1 10 7 24966 24967 24970
1794 1 0 3 1 24966 24969 24971
1812 1 1 0 1 24951 24977 24978
1818 1 1 0 3 24999 25000 25003
1804 1 1 7 8 25008 25012 25013
1816 1 1 9 8 25026 25027 25028
1815 1 0 8 3 25018 25025 25030
1807 1 0 6 3 25030 25033 25036
1802 1 0 4 10 25042 25043 25049
1820 1 1 10 4 25055 25057 25063
1821 1 0 0 4 25051 25061 25065
1823 1 1 8 6 25098 25102 25104
1827 1 1 0 10 25102 25110 25120
1824 1 1 9 4 25120 25121 25126
1828 1 0 10 1 25142 25148 25157
1830 1 0 0 5 25153 25158 25163
1814 1 1 5 9 25167 25168 25172
1829 1 0 8 0 25169 25172 25180
1833 1 1 0 2 25199 25208 25210
1831 1 1 9 8 25211 25218 25219
1832 1 0 10 1 25210 25220 25229
1822 1 1 7 6 25239 25240 25241
1836 1 0 0 3 25254 25255 25258
1835 1 1 8 3 25268 25270 25275
1817 1 0 2 8 25270 25271 25277
1838 1 1 9 10 25299 25305 25306
1825 1 1 6 3 25307 25311 25314
1819 1 0 3 2 25318 25323 25324
1837 1 0 10 4 25324 25332 25338
1840 1 1 0 3 25338 25341 25344
1809 1 0 1 9 25336 25341 25349
1841 1 0 8 10 25347 25348 25350
1843 1 1 9 7 25388 25394 25396
1826 1 1 4 8 25389 25399 25403
1848 1 1 0 9 25409 25417 25426
1846 1 0 10 0 25417 25418 25428
1834 1 1 5 3 25422 25430 25432
1849 1 0 8 3 25446 25454 25459
1852 1 0 0 3 25453 25462 25465
1850 1 0 9 10 25464 25471 25472
1839 1 1 7 0 25486 25490 25497
1853 1 1 10 7 25510 25520 25523
1856 1 0 0 6 25513 25523 25529
1855 1 0 8 0 25545 25547 25555
1857 1 1 9 0 25566 25568 25577
1844 1 1 6 9 25573 25583 25586
1860 1 0 0 8 25580 25581 25589
1859 1 0 10 9 25588 25591 25592
1864 1 0 0 9 25635 25644 25653
1861 1 0 8 5 25642 25654 25657
1854 1 0 5 1 25656 25657 25661
1842 1 0 2 1 25641 25660 25661
1862 1 0 9 8 25638 25669 25670
1845 1 1 3 4 25683 25689 25690
1865 1 0 10 1 25683 25685 25694
1866 1 0 0 2 25690 25695 25697
1867 1 1 9 6 25731 25736 25739
1858 1 1 7 2 25739 25740 25745
1869 1 1 8 5 25740 25751 25754
1851 1 1 4 5 25750 25755 25756
1873 1 1 0 3 25765 25770 25773
1872 1 0 10 2 25764 25772 25780
1847 1 1 1 0 25814 25816 25817
1874 1 1 9 6 25816 25826 25829
1863 1 1 6 10 25819 25830 25834
1876 1 0 8 3 25828 25834 25839
1879 1 1 0 2 25827 25844 25846
1878 1 0 10 3 25852 25859 25866
1883 1 0 0 6 25882 25885 25891
1870 1 0 5 2 25892 25893 25896
1881 1 1 9 4 25911 25918 25923
1884 1 1 8 10 25913 25927 25929
1886 1 0 0 9 25945 25947 25956
1885 1 0 10 1 25955 25957 25966
1868 1 1 2 8 25959 25967 25973
1888 1 1 9 8 26000 26001 26002
1875 1 1 7 9 26010 26011 26013
1890 1 1 0 6 26011 26022 26028
1882 1 1 6 7 26025 26028 26029
1889 1 0 8 3 26023 26030 26035
1891 1 0 10 5 26044 26051 26056
1871 1 0 3 6 26050 26058 26061
1893 1 1 9 4 26076 26078 26083
1895 1 1 0 9 26079 26087 26096
1877 1 0 4 2 26105 26107 26109
1898 1 1 10 2 26121 26122 26130
1896 1 0 8 6 26124 26130 26132
1887 1 1 5 8 26128 26133 26136
1901 1 1 0 1 26130 26144 26145
1900 1 0 9 1 26176 26179 26187
1906 1 0 0 8 26185 26188 26196
1904 1 0 8 7 26221 26222 26223
1903 1 0 10 7 26222 26226 26229
1908 1 0 0 10 26249 26256 26266
1897 1 0 6 3 26259 26270 26273
1894 1 0 7 2 26263 26269 26274
1907 1 1 9 0 26280 26288 26297
1911 1 1 0 4 26301 26302 26306
1910 1 0 10 7 26303 26311 26314
1909 1 0 8 9 26314 26315 26316
1905 1 1 5 6 26335 26336 26337
1880 1 1 1 8 26350 26355 26362
1892 1 1 2 4 26359 26368 26370
1914 1 0 9 4 26371 26372 26377
1915 1 1 0 8 26357 26374 26382
1916 1 1 10 2 26386 26388 26396
1917 1 0 8 3 26402 26406 26411
1920 1 0 0 6 26419 26422 26428
1899 1 0 3 0 26419 26431 26434
1923 1 1 10 1 26461 26469 26478
1925 1 0 0 7 26472 26473 26480
1902 1 1 4 0 26477 26481 26485
1912 1 0 6 4 26490 26491 26493
1913 1 0 7 6 26498 26501 26502
1922 1 1 9 1 26477 26494 26502
1924 1 0 8 5 26519 26521 26524
1928 1 1 0 4 26522 26523 26527
1929 1 0 9 1 26557 26561 26569
1918 1 1 5 3 26559 26568 26570
1927 1 1 10 0 26557 26563 26573
1934 1 1 0 6 26587 26588 26594
1933 1 1 8 2 26621 26623 26629
1935 1 1 10 7 26646 26654 26657
1936 1 0 9 2 26652 26660 26667
1938 1 0 0 4 26669 26671 26675
1939 1 1 8 7 26717 26718 26719
1931 1 0 6 10 26735 26737 26741
1921 1 1 2 7 26735 26740 26745
1932 1 1 7 10 26739 26745 26748
1942 1 0 0 4 26740 26751 26755
1940 1 1 10 2 26736 26749 26757
1941 1 0 9 7 26747 26760 26762
1926 1 1 3 8 26784 26785 26790
1943 1 0 8 9 26805 26806 26807
1937 1 0 5 2 26805 26811 26814
1948 1 1 0 7 26805 26813 26820
1946 1 1 10 8 26820 26823 26825
1930 1 1 4 1 26821 26829 26832
1949 1 0 9 4 26835 26842 26847
1953 1 0 0 10 26867 26871 26881
1919 1 0 1 9 26900 26909 26917
1952 1 0 8 10 26908 26916 26918
1954 1 1 10 5 26907 26916 26921
1957 1 1 0 2 26927 26932 26934
1956 1 1 9 1 26930 26941 26949
1944 1 0 6 8 26982 26986 26988
1947 1 1 7 6 26983 26989 26990
1959 1 0 10 3 26986 26990 26997
1961 1 0 0 8 26990 27000 27008
1960 1 0 8 10 27011 27012 27014
1962 1 1 9 2 27011 27014 27021
1966 1 0 0 10 27053 27063 27073
1951 1 0 5 9 27074 27079 27083
1965 1 0 10 3 27077 27084 27091
1968 1 0 8 4 27106 27111 27115
1969 1 1 0 5 27114 27116 27121
1967 1 0 9 7 27110 27120 27122
1950 1 0 3 0 27132 27136 27139
1945 1 1 2 10 27129 27132 27140
1971 1 0 10 6 27169 27179 27183
1974 1 1 0 9 27185 27195 27204
1972 1 1 8 10 27188 27203 27205
1973 1 0 9 6 27206 27209 27212
1955 1 1 4 7 27207 27213 27216
1964 1 0 7 0 27230 27231 27238
1963 1 0 6 3 27238 27244 27247
1978 1 1 0 2 27243 27250 27252
1977 1 0 10 3 27278 27285 27292
1979 1 0 8 9 27293 27298 27299
1980 1 0 9 10 27295 27299 27300
1970 1 1 5 3 27314 27317 27319
1984 1 0 0 3 27313 27323 27326
1988 1 1 0 5 27363 27366 27371
1986 1 0 8 5 27388 27392 27395
1985 1 0 10 3 27383 27390 27397
1987 1 1 9 7 27398 27402 27404
1990 1 1 0 5 27423 27430 27435
1958 1 0 1 3 27440 27442 27444
1976 1 1 3 2 27466 27468 27469
1991 1 0 10 6 27463 27470 27474
1992 1 1 8 10 27481 27487 27489
1982 1 1 7 5 27481 27492 27494
1975 1 0 2 4 27494 27498 27500
1994 1 1 0 3 27481 27499 27502
1993 1 0 9 4 27495 27505 27510
1983 1 0 6 5 27512 27514 27515
1989 1 0 5 4 27533 27534 27535
1999 1 0 0 5 27537 27541 27546
1981 1 1 4 3 27554 27555 27556
2000 1 1 8 1 27568 27570 27581
1996 1 1 10 0 27565 27572 27582
2002 1 1 9 6 27590 27599 27602
2005 1 0 0 8 27592 27597 27605
2007 1 0 10 7 27652 27654 27657
2010 1 1 0 3 27658 27664 27667
2008 1 0 8 10 27668 27669 27671
2009 1 1 9 5 27684 27690 27694
2012 1 1 0 3 27708 27713 27716
1998 1 1 7 9 27732 27736 27738
2013 1 0 8 10 27747 27749 27751
2011 1 0 10 7 27759 27760 27763
2003 1 1 6 8 27762 27765 27767
2015 1 0 0 5 27765 27772 27777
2004 1 0 5 9 27780 27781 27785
2014 1 0 9 2 27786 27787 27794
2020 1 0 0 3 27824 27826 27829
2018 1 1 10 7 27842 27844 27847
2001 1 0 2 0 27850 27851 27853
2017 1 1 8 4 27856 27857 27861
1997 1 0 3 4 27859 27862 27863
2022 1 0 9 3 27864 27869 27875
2023 1 0 0 8 27887 27890 27898
1995 1 0 1 5 27916 27923 27927
2029 1 1 0 2 27933 27937 27939
2006 1 1 4 3 27934 27941 27942
2024 1 1 10 8 27942 27949 27951
2026 1 1 8 3 27946 27947 27956
2028 1 0 9 7 27970 27974 27976
2016 1 0 7 1 27989 27990 27996
2021 1 0 5 7 27993 28000 28002
2031 1 0 0 8 27997 28009 28017
2019 1 0 6 0 28020 28022 28028
2034 1 0 8 5 28042 28050 28053
2033 1 1 10 2 28044 28051 28059
2038 1 0 0 1 28067 28072 28073
2035 1 0 9 2 28070 28081 28088
2042 1 1 0 9 28125 28127 28136
2040 1 1 8 9 28137 28138 28139
2041 1 0 10 1 28133 28141 28150
2044 1 1 0 1 28171 28180 28181
2043 1 1 9 8 28181 28189 28190
2045 1 1 10 0 28210 28212 28222
2037 1 1 5 6 28212 28227 28228
2027 1 1 3 8 28221 28225 28230
2047 1 0 0 5 28227 28228 28233
2036 1 0 7 8 28232 28235 28236
2046 1 0 8 9 28232 28236 28237
2025 1 1 2 1 28226 28236 28237
2039 1 1 6 8 28248 28250 28252
2048 1 0 9 4 28270 28271 28276
2032 1 0 4 5 28286 28287 28288
2053 1 0 0 4 28288 28293 28297
2049 1 1 10 7 28321 28323 28326
2054 1 1 8 4 28327 28328 28332
2059 1 0 0 4 28360 28364 28368
2057 1 1 9 6 28379 28384 28387
2061 1 0 8 7 28403 28407 28408
2062 1 0 0 5 28405 28415 28420
2060 1 0 10 1 28410 28425 28434
2030 1 0 1 8 28419 28435 28442
2050 1 0 5 9 28450 28453 28457
2065 1 1 0 3 28461 28467 28470
2063 1 1 9 8 28467 28476 28477
2055 1 0 7 4 28476 28478 28481
2064 1 0 8 9 28488 28492 28493
2056 1 0 6 10 28503 28506 28510
2069 1 1 0 5 28515 28523 28528
2066 1 1 10 0 28516 28533 28543
2070 1 1 9 4 28538 28552 28557
2072 1 1 8 2 28561 28565 28571
2051 1 1 3 1 28585 28586 28588
2052 1 1 2 4 28589 28590 28592
2074 1 0 0 3 28585 28595 28598
2075 1 0 10 8 28607 28614 28616
2076 1 1 9 1 28635 28640 28648
2077 1 1 8 7 28651 28658 28659
2078 1 0 0 8 28648 28656 28664
2058 1 0 4 2 28667 28671 28673
2068 1 0 5 8 28672 28676 28679
2081 1 0 10 2 28705 28707 28715
2083 1 1 0 8 28715 28722 28730
2082 1 0 9 4 28721 28728 28733
2071 1 0 7 0 28727 28730 28737
2084 1 0 8 3 28732 28745 28750
2073 1 1 6 1 28744 28746 28751
2088 1 0 0 2 28775 28778 28780
2087 1 1 10 9 28790 28799 28800
2089 1 1 9 10 28811 28812 28813
2091 1 1 8 4 28823 28825 28829
2093 1 0 0 3 28828 28830 28833
2094 1 0 10 7 28866 28873 28876
2097 1 0 0 5 28883 28890 28895
2095 1 0 9 0 28902 28906 28915
2067 1 0 1 4 28905 28916 28919
2086 1 1 5 6 28926 28927 28928
2079 1 0 3 1 28928 28929 28931
2099 1 0 0 3 28931 28932 28935
2098 1 1 10 8 28932 28936 28938
2096 1 0 8 1 28940 28945 28952
2080 1 1 2 5 28954 28960 28963
2090 1 0 7 6 28972 28978 28979
2092 1 0 6 4 28973 28977 28981
2104 1 0 0 6 28989 28993 28999
2085 1 0 4 6 29003 29005 29007
2100 1 0 9 3 29010 29013 29019
2106 1 0 8 7 29025 29028 29029
2105 1 0 10 2 29019 29026 29034
2110 1 0 0 6 29049 29051 29057
2113 1 0 10 4 29088 29092 29098
2115 1 1 0 3 29097 29102 29105
2114 1 1 8 0 29103 29110 29118
2112 1 1 9 0 29100 29127 29136
2117 1 0 0 1 29167 29171 29172
2118 1 1 9 7 29166 29175 29177
2119 1 0 8 7 29191 29198 29199
2109 1 0 6 9 29192 29200 29203
2116 1 0 10 6 29192 29204 29208
2102 1 0 5 10 29202 29209 29214
2108 1 1 7 6 29217 29218 29219
2121 1 1 0 8 29229 29235 29243
2120 1 0 9 6 29250 29251 29254
2103 1 0 3 9 29265 29268 29274
2122 1 0 8 10 29286 29287 29289
2124 1 0 10 9 29300 29301 29302
2127 1 0 0 2 29300 29311 29313
2107 1 0 2 4 29308 29313 29315
2128 1 0 9 5 29341 29346 29350
2131 1 0 0 10 29356 29361 29371
2130 1 1 8 7 29370 29376 29377
2111 1 0 4 2 29357 29377 29379
2132 1 1 10 0 29395 29398 29408
2135 1 0 0 10 29410 29412 29422
2101 1 0 1 0 29417 29431 29432
2123 1 0 6 1 29427 29438 29443
2134 1 0 9 7 29425 29451 29453
2125 1 0 5 1 29446 29447 29459
2137 1 0 8 5 29463 29470 29473
2126 1 1 7 4 29469 29476 29479
2139 1 0 0 7 29466 29478 29485
2138 1 1 10 0 29490 29496 29506
2141 1 1 9 0 29511 29520 29529
2145 1 0 0 10 29530 29537 29547
2144 1 0 8 6 29572 29574 29576
2147 1 0 10 0 29581 29585 29595
2148 1 0 9 10 29596 29605 29606
2149 1 1 0 10 29596 29597 29607
2142 1 1 6 5 29648 29652 29653
2133 1 1 2 3 29649 29656 29657
2129 1 0 3 6 29649 29656 29659
2153 1 1 0 6 29661 29664 29670
2143 1 0 5 7 29670 29671 29673
2150 1 1 8 5 29668 29672 29675
2136 1 0 4 3 29683 29686 29687
2152 1 1 9 1 29688 29692 29700
2151 1 0 10 1 29692 29699 29708
2146 1 1 7 10 29716 29722 29725
2157 1 1 0 6 29718 29735 29741
2158 1 1 8 10 29759 29761 29763
2161 1 1 9 0 29776 29777 29786
2164 1 0 0 6 29781 29782 29788
2162 1 0 10 3 29808 29812 29819
2167 1 1 0 5 29844 29845 29850
2165 1 1 8 3 29855 29858 29863
2154 1 0 6 2 29874 29877 29881
2166 1 1 9 0 29874 29880 29889
2159 1 0 5 7 29888 29891 29893
2168 1 1 10 2 29901 29911 29919
2169 1 1 0 10 29928 29930 29940
2163 1 1 7 4 29936 29943 29946
2140 1 1 1 5 29942 29949 29953
2170 1 0 8 3 29955 29956 29961
2172 1 1 9 1 29957 29961 29969
2175 1 1 0 4 29987 29988 29992
2174 1 0 10 6 29989 29996 30000
2156 1 0 3 4 30000 30003 30004
2160 1 0 4 5 30040 30041 30042
2178 1 0 8 3 30041 30045 30050
2180 1 1 0 4 30046 30050 30054
2155 1 1 2 1 30050 30056 30057
2179 1 1 9 3 30058 30066 30072
2181 1 0 10 6 30074 30081 30085
2171 1 1 6 10 30096 30099 30103
2185 1 0 0 4 30107 30113 30117
2173 1 1 5 6 30133 30138 30139
2184 1 1 8 7 30144 30146 30147
2187 1 0 9 8 30153 30158 30159
2188 1 1 10 9 30157 30160 30161
2190 1 1 0 9 30166 30175 30184
2176 1 0 7 2 30184 30185 30190
2195 1 0 0 2 30228 30230 30232
2192 1 0 8 5 30234 30240 30243
2194 1 1 10 2 30245 30246 30254
2193 1 1 9 10 30248 30261 30262
2197 1 0 0 4 30284 30289 30293
2189 1 1 6 9 30304 30308 30311
2198 1 1 8 5 30333 30334 30337
2200 1 0 9 3 30340 30345 30351
2199 1 1 10 6 30345 30350 30354
2191 1 1 5 10 30352 30355 30360
2201 1 0 0 10 30343 30354 30364
2182 1 0 3 1 30375 30382 30384
2205 1 0 0 7 30392 30393 30400
2186 1 0 2 7 30401 30406 30411
2204 1 0 9 5 30410 30413 30417
2196 1 1 7 2 30409 30412 30417
2203 1 1 8 6 30421 30427 30429
2183 1 1 4 2 30435 30437 30439
2206 1 1 10 2 30441 30449 30457
2209 1 0 0 2 30452 30457 30459
2177 1 1 1 8 30459 30460 30467
2212 1 0 9 7 30505 30512 30514
2216 1 1 0 4 30508 30516 30520
2213 1 1 8 2 30511 30524 30530
2215 1 1 10 8 30519 30538 30540
2219 1 0 0 7 30563 30570 30577
2202 1 0 6 8 30564 30576 30578
2207 1 0 5 6 30582 30585 30586
2220 1 0 8 10 30593 30595 30597
2218 1 1 9 2 30592 30593 30600
2221 1 1 10 5 30612 30620 30625
2222 1 1 0 4 30625 30630 30634
2211 1 1 7 4 30648 30651 30654
2226 1 1 8 9 30670 30674 30675
2225 1 0 9 4 30671 30672 30677
2228 1 0 0 2 30678 30682 30684
2227 1 0 10 9 30694 30702 30703
2232 1 1 0 4 30742 30751 30755
2231 1 0 9 6 30758 30759 30762
2230 1 1 8 10 30758 30762 30764
2210 1 0 2 10 30759 30766 30774
2208 1 0 3 1 30762 30781 30783
2233 1 1 10 9 30782 30783 30784
2223 1 0 6 8 30782 30788 30790
2214 1 1 4 3 30784 30789 30790
2234 1 0 0 3 30814 30822 30825
2224 1 0 5 7 30834 30836 30838
2235 1 1 8 9 30852 30857 30858
2236 1 0 9 3 30853 30855 30861
2242 1 1 0 4 30876 30885 30889
2240 1 0 10 4 30885 30892 30898
2229 1 1 7 6 30896 30899 30900
2244 1 0 8 1 30928 30932 30939
2246 1 0 0 1 30937 30940 30941
2245 1 1 9 10 30949 30952 30953
2217 1 1 1 4 30953 30962 30965
2239 1 1 6 3 30989 30991 30994
2247 1 0 10 2 30978 30987 30995
2250 1 0 0 10 30997 30999 31009
2249 1 0 8 1 31026 31028 31035
2251 1 1 9 6 31044 31050 31053
2255 1 1 0 2 31049 31059 31061
2253 1 1 10 7 31065 31073 31076
2243 1 1 5 9 31076 31078 31082
2258 1 0 0 2 31094 31095 31097
2248 1 0 7 0 31117 31122 31129
2238 1 0 3 4 31123 31132 31133
2241 1 1 4 2 31127 31132 31134
2256 1 0 8 6 31120 31137 31139
2257 1 0 9 6 31143 31146 31149
2237 1 1 2 0 31157 31158 31160
2261 1 0 0 6 31157 31163 31169
2259 1 0 10 1 31163 31173 31182
2263 1 0 8 4 31195 31202 31206
2254 1 1 6 7 31211 31217 31218
2268 1 0 0 1 31219 31223 31224
2269 1 1 10 2 31248 31251 31259
2266 1 1 9 1 31249 31250 31260
2272 1 0 0 9 31277 31278 31287
2260 1 1 5 9 31282 31286 31290
2270 1 1 8 3 31289 31291 31296
2275 1 0 0 3 31333 31342 31345
2262 1 0 7 5 31352 31355 31357
2274 1 0 9 2 31351 31353 31360
2273 1 0 10 0 31344 31352 31362
2278 1 0 0 3 31381 31382 31385
2277 1 1 8 5 31382 31387 31390
2271 1 0 6 1 31434 31435 31448
2279 1 0 10 0 31432 31439 31449
2252 1 1 1 4 31445 31449 31452
2282 1 0 0 9 31445 31450 31459
2280 1 1 9 0 31453 31458 31467
2283 1 0 8 2 31480 31481 31487
2267 1 0 2 1 31490 31491 31492
2265 1 1 4 5 31487 31491 31492
2286 1 0 0 10 31502 31503 31513
2276 1 0 5 6 31508 31518 31519
2264 1 1 3 0 31533 31535 31538
2288 1 1 9 8 31543 31547 31550
2284 1 1 10 0 31533 31548 31558
2292 1 0 0 9 31566 31572 31581
2289 1 0 8 1 31581 31582 31589
2281 1 0 7 5 31587 31595 31597
2297 1 1 0 2 31624 31625 31627
2296 1 0 9 8 31640 31641 31644
2295 1 0 10 6 31637 31642 31646
2298 1 0 8 1 31656 31658 31665
2285 1 1 6 1 31672 31676 31681
2300 1 1 0 2 31692 31693 31695
2301 1 1 10 1 31709 31717 31726
2293 1 0 5 1 31741 31746 31750
2302 1 0 9 0 31734 31742 31751
2303 1 1 8 0 31740 31747 31755
2305 1 1 0 8 31745 31756 31764
2306 1 1 10 1 31786 31788 31797
2310 1 1 0 2 31804 31805 31807
2299 1 0 7 3 31815 31822 31826
2307 1 1 9 10 31822 31829 31830
2308 1 1 8 0 31826 31832 31840
2291 1 0 2 3 31845 31846 31847
2290 1 1 4 7 31851 31855 31858
2294 1 0 3 4 31868 31869 31870
2312 1 1 0 4 31861 31868 31872
2311 1 0 10 1 31880 31886 31895
2304 1 0 6 0 31902 31907 31913
2318 1 1 0 2 31928 31932 31934
2314 1 0 9 3 31921 31930 31936
2315 1 1 8 10 31930 31940 31942
2287 1 1 1 3 31948 31957 31959
2309 1 1 5 3 31976 31978 31980
2320 1 0 10 8 31978 31985 31987
2323 1 1 0 7 31985 31988 31995
2324 1 1 8 5 32018 32019 32022
2322 1 1 9 5 32027 32031 32035
2328 1 1 0 4 32050 32055 32059
2313 1 1 7 4 32086 32089 32092
2327 1 1 10 7 32088 32098 32101
2331 1 0 0 3 32111 32119 32122
2329 1 0 8 6 32118 32127 32129
2330 1 1 9 4 32126 32128 32133
2321 1 1 6 0 32132 32135 32141
2334 1 1 0 10 32167 32168 32178
2333 1 0 10 2 32178 32182 32190
2335 1 0 8 10 32196 32202 32204
2336 1 1 9 1 32196 32197 32205
2326 1 0 5 7 32208 32213 32215
2316 1 0 2 5 32220 32225 32228
2338 1 0 0 7 32229 32234 32241
2317 1 1 4 6 32250 32253 32255
2319 1 0 3 8 32255 32259 32264
2339 1 0 10 5 32257 32266 32271
2341 1 0 8 5 32280 32283 32286
2344 1 0 0 9 32285 32291 32300
2340 1 0 9 8 32294 32301 32302
2332 1 1 7 9 32317 32318 32320
2349 1 1 0 4 32332 32341 32345
2347 1 1 10 9 32349 32355 32356
2337 1 1 6 9 32364 32367 32370
2348 1 0 8 6 32374 32375 32377
2352 1 1 0 1 32383 32392 32393
2350 1 1 9 7 32385 32401 32403
2353 1 0 10 1 32434 32438 32447
2356 1 1 0 1 32448 32455 32456
2342 1 0 5 0 32453 32457 32462
2355 1 0 8 7 32461 32470 32471
2357 1 1 9 6 32467 32475 32478
2325 1 0 1 9 32506 32512 32520
2358 1 0 10 5 32511 32521 32526
2359 1 0 0 7 32508 32531 32538
2361 1 0 8 10 32528 32539 32541
2362 1 1 9 5 32543 32546 32550
2351 1 0 7 6 32548 32551 32552
2343 1 0 2 3 32573 32574 32575
2364 1 0 0 4 32566 32572 32576
2354 1 0 6 1 32571 32578 32583
2365 1 0 10 0 32589 32598 32608
2366 1 1 8 0 32618 32621 32629
2369 1 0 0 1 32631 32632 32633
2345 1 0 4 1 32633 32636 32639
2346 1 0 3 7 32636 32641 32645
2367 1 1 9 2 32638 32647 32654
2360 1 0 5 8 32664 32666 32669
2372 1 0 10 5 32675 32677 32682
2374 1 0 0 10 32688 32693 32703
2373 1 0 8 3 32716 32718 32723
2377 1 0 9 2 32721 32729 32736
2380 1 0 0 1 32749 32751 32752
2379 1 1 10 5 32768 32776 32781
2368 1 0 7 10 32784 32790 32793
2383 1 1 0 2 32809 32814 32816
2382 1 0 9 2 32816 32817 32824
2381 1 1 8 0 32815 32822 32830
2370 1 1 6 7 32821 32836 32837
2386 1 0 0 2 32861 32863 32865
2384 1 1 10 1 32869 32872 32881
2387 1 1 8 5 32904 32911 32914
2390 1 0 0 3 32914 32916 32919
2378 1 1 5 1 32916 32917 32921
2388 1 1 9 2 32922 32930 32937
2371 1 0 2 10 32931 32932 32940
2393 1 0 0 1 32969 32979 32980
2391 1 0 10 7 32972 32989 32992
2392 1 0 8 3 32985 32987 32996
2375 1 1 4 9 33004 33006 33011
2395 1 1 9 0 33004 33012 33021
2376 1 1 3 10 33012 33024 33031
2385 1 1 7 3 33033 33036 33040
2397 1 1 0 10 33035 33043 33053
2363 1 1 1 4 33044 33062 33065
2389 1 1 6 4 33078 33080 33082
2398 1 0 10 3 33075 33082 33089
2399 1 1 8 2 33082 33086 33092
2404 1 0 0 6 33089 33092 33098
2400 1 1 9 0 33094 33101 33110
2409 1 0 0 4 33150 33156 33160
2394 1 0 5 3 33165 33166 33168
2408 1 1 8 2 33163 33171 33177
2406 1 0 10 2 33172 33179 33187
2410 1 1 9 2 33184 33191 33198
2411 1 0 0 9 33211 33213 33222
2415 1 0 9 7 33257 33258 33260
2403 1 0 7 6 33258 33260 33261
2396 1 1 2 4 33265 33266 33268
2412 1 0 8 1 33266 33268 33275
2416 1 1 0 3 33281 33285 33288
2414 1 0 10 6 33284 33293 33297
2407 1 1 6 8 33308 33311 33313
2420 1 0 8 5 33326 33328 33331
2421 1 1 0 4 33334 33342 33346
2402 1 0 3 0 33351 33353 33356
2401 1 0 4 2 33353 33360 33362
2417 1 0 9 2 33377 33384 33391
2425 1 1 0 8 33394 33398 33406
2422 1 0 10 5 33396 33404 33409
2413 1 0 5 8 33399 33410 33413
2424 1 1 8 5 33415 33416 33419
2429 1 1 0 6 33449 33454 33460
2428 1 0 9 10 33481 33482 33483
2430 1 1 10 3 33492 33496 33503
2432 1 0 8 6 33510 33512 33514
2418 1 1 7 10 33513 33517 33520
2433 1 1 0 9 33513 33530 33539
2434 1 0 9 8 33557 33560 33561
2435 1 0 10 7 33560 33563 33566
2423 1 1 6 4 33566 33569 33571
2437 1 0 0 7 33573 33580 33587
2419 1 0 2 10 33589 33594 33602
2405 1 0 1 4 33596 33611 33614
2442 1 0 0 6 33610 33618 33624
2436 1 1 8 3 33622 33626 33631
2439 1 1 9 5 33637 33643 33647
2431 1 0 5 10 33657 33658 33663
2440 1 1 10 0 33652 33657 33667
2445 1 1 0 2 33677 33678 33680
2427 1 1 4 9 33701 33703 33708
2426 1 1 3 5 33710 33716 33718
2446 1 1 8 1 33717 33721 33728
2450 1 0 0 4 33722 33732 33736
2447 1 1 9 7 33749 33757 33759
2438 1 1 7 0 33754 33755 33766
2448 1 1 10 1 33750 33776 33785
2454 1 1 0 4 33782 33786 33790
2453 1 0 8 0 33801 33805 33813
2441 1 0 6 7 33802 33819 33820
2455 1 1 9 5 33835 33840 33844
2458 1 1 0 9 33843 33849 33858
2456 1 1 10 7 33850 33859 33862
2459 1 1 8 4 33903 33904 33908
2462 1 0 0 6 33896 33903 33909
2449 1 0 5 10 33910 33911 33916
2461 1 1 9 6 33921 33926 33929
2463 1 1 10 6 33935 33939 33943
2464 1 1 0 10 33953 33959 33969
2443 1 1 2 7 33964 33977 33982
2457 1 1 7 10 33982 33983 33986
2465 1 0 8 9 34003 34005 34006
2467 1 0 9 5 34009 34010 34014
2469 1 1 0 5 34019 34029 34034
2468 1 1 10 6 34026 34039 34043
2460 1 0 6 2 34057 34058 34062
2452 1 0 3 8 34072 34073 34078
2451 1 1 4 10 34070 34072 34078
2474 1 0 0 1 34078 34086 34087
2444 1 0 1 0 34087 34088 34089
2472 1 0 8 9 34089 34097 34098
2473 1 1 9 4 34097 34098 34103
2475 1 0 10 5 34108 34109 34114
2466 1 1 5 8 34130 34131 34134
2479 1 1 0 10 34138 34146 34156
2482 1 0 9 8 34182 34186 34187
2481 1 1 8 0 34178 34180 34188
2485 1 1 0 4 34207 34208 34212
2471 1 0 7 5 34216 34217 34219
2483 1 1 10 9 34211 34218 34219
2486 1 0 8 2 34252 34255 34261
2487 1 1 9 1 34253 34254 34262
2488 1 0 0 2 34259 34263 34265
2476 1 1 6 3 34303 34308 34311
2489 1 1 10 8 34305 34318 34320
2493 1 0 0 7 34315 34317 34324
2491 1 0 8 9 34332 34333 34334
2470 1 0 2 10 34343 34350 34358
2492 1 1 9 10 34360 34361 34362
2496 1 1 0 5 34386 34396 34401
2484 1 1 5 8 34388 34391 34404
2497 1 0 8 2 34402 34404 34410
2495 1 1 10 4 34388 34406 34412
2478 1 0 3 1 34429 34430 34432
2490 1 0 7 4 34434 34438 34445
2499 1 0 9 1 34432 34440 34448
2500 1 1 0 7 34444 34448 34455
2477 1 1 4 8 34467 34470 34474
2502 1 1 10 0 34475 34477 34487
2507 1 1 0 2 34496 34497 34499
2503 1 1 8 6 34496 34505 34507
2505 1 1 9 10 34529 34532 34533
2494 1 0 6 2 34538 34543 34547
2509 1 0 10 0 34557 34565 34575
2511 1 1 0 9 34560 34570 34579
2510 1 1 8 2 34584 34585 34591
2512 1 1 9 8 34613 34620 34621
2501 1 0 5 6 34618 34623 34624
2515 1 0 0 4 34631 34637 34641
2514 1 0 10 4 34641 34647 34653
2480 1 1 1 3 34656 34663 34665
2506 1 1 7 4 34666 34670 34673
2516 1 1 8 10 34667 34677 34679
2519 1 0 0 10 34685 34689 34699
2517 1 0 9 6 34694 34700 34703
2520 1 0 10 4 34730 34734 34740
2498 1 0 2 4 34734 34742 34744
2524 1 0 0 3 34743 34748 34751
2523 1 0 8 5 34749 34756 34759
2525 1 0 9 5 34783 34787 34791
2513 1 1 6 2 34789 34793 34797
2504 1 1 3 9 34789 34798 34804
2528 1 1 0 7 34801 34813 34820
2526 1 0 10 6 34822 34827 34831
2508 1 0 4 10 34844 34846 34852
2529 1 0 8 10 34860 34862 34864
2530 1 1 9 6 34863 34865 34868
2518 1 0 5 8 34862 34869 34872
2533 1 0 0 4 34872 34880 34884
2522 1 0 7 10 34908 34911 34914
2534 1 1 10 6 34918 34922 34926
2539 1 0 0 1 34935 34945 34946
2536 1 0 8 10 34957 34964 34966
2538 1 0 9 4 34958 34967 34972
2542 1 1 0 8 34991 34997 35005
2541 1 1 10 6 35010 35012 35016
2532 1 1 6 0 35030 35031 35037
2544 1 1 9 10 35040 35049 35050
2543 1 0 8 7 35053 35057 35058
2545 1 0 0 7 35066 35073 35080
2546 1 0 10 4 35091 35094 35100
2537 1 1 5 6 35099 35104 35105
2548 1 0 9 10 35123 35128 35129
2550 1 1 0 10 35128 35134 35144
2527 1 0 2 7 35133 35141 35146
2531 1 0 3 4 35147 35151 35152
2540 1 1 7 3 35151 35154 35158
2549 1 0 8 0 35155 35159 35167
2535 1 0 4 9 35167 35171 35176
2551 1 0 10 5 35175 35177 35182
2521 1 0 1 10 35168 35186 35195
2554 1 1 0 7 35202 35205 35212
2553 1 1 9 1 35208 35214 35222
2558 1 1 8 10 35253 35260 35262
2547 1 0 6 10 35262 35266 35270
2561 1 1 10 3 35259 35263 35270
2562 1 0 0 10 35265 35280 35290
2563 1 0 9 3 35294 35295 35301
2567 1 1 0 6 35321 35324 35330
2564 1 0 8 4 35322 35327 35331
2552 1 0 5 0 35347 35348 35353
2565 1 1 10 2 35352 35356 35364
2557 1 1 7 9 35364 35369 35371
2569 1 1 0 9 35381 35390 35399
2568 1 1 9 4 35406 35407 35412
2570 1 1 8 5 35411 35416 35419
2574 1 1 0 1 35445 35450 35451
2572 1 0 10 1 35456 35466 35475
2566 1 1 6 1 35492 35497 35502
2575 1 0 9 6 35495 35503 35506
2555 1 0 2 4 35509 35510 35516
2577 1 0 0 9 35498 35512 35521
2576 1 1 8 0 35507 35514 35522
2559 1 1 4 1 35521 35526 35529
2556 1 1 3 8 35535 35537 35542
2581 1 0 0 7 35547 35556 35563
2578 1 1 10 0 35560 35562 35572
2580 1 0 9 7 35576 35578 35580
2582 1 1 8 10 35569 35580 35582
2586 1 1 0 8 35600 35610 35618
2573 1 1 7 6 35604 35619 35620
2571 1 1 5 0 35603 35621 35626
2589 1 1 9 5 35647 35656 35660
2588 1 1 8 0 35649 35655 35665
2590 1 1 0 4 35658 35666 35670
2587 1 0 10 7 35669 35672 35675
2560 1 1 1 2 35696 35699 35700
2595 1 0 0 4 35729 35736 35740
2593 1 1 9 4 35738 35745 35750
2594 1 1 8 0 35744 35746 35754
2579 1 0 6 2 35758 35760 35764
2596 1 0 10 1 35759 35772 35781
2598 1 0 0 5 35785 35786 35791
2592 1 0 7 3 35828 35830 35834
2591 1 1 5 4 35830 35833 35840
2600 1 1 8 4 35828 35836 35840
2599 1 1 9 5 35828 35845 35849
2603 1 1 0 4 35844 35854 35858
2602 1 0 10 0 35850 35857 35867
2585 1 1 3 5 35875 35876 35878
2584 1 0 4 1 35880 35884 35887
2608 1 1 0 1 35896 35901 35902
2583 1 1 2 0 35897 35903 35905
2604 1 1 9 0 35902 35914 35923
2605 1 0 8 4 35926 35933 35937
2612 1 1 0 10 35952 35953 35963
2609 1 1 10 5 35958 35964 35969
2601 1 1 6 4 35984 35985 35987
2616 1 0 0 1 36009 36013 36014
2615 1 1 8 6 36009 36013 36015
2614 1 1 9 5 36012 36018 36022
2607 1 0 5 7 36042 36046 36048
2617 1 0 10 3 36044 36051 36058
2606 1 0 7 3 36060 36064 36068
2620 1 0 0 4 36082 36085 36089
2619 1 0 8 7 36092 36096 36097
2621 1 1 9 6 36100 36104 36107
2623 1 1 10 8 36134 36138 36140
2625 1 1 0 10 36139 36148 36158
2627 1 0 9 10 36186 36188 36189
2626 1 0 8 10 36191 36193 36195
2611 1 0 4 10 36210 36216 36222
2629 1 0 0 7 36212 36232 36239
2597 1 1 1 7 36233 36242 36248
2610 1 0 3 9 36237 36243 36249
2618 1 1 6 4 36242 36249 36251
2628 1 1 10 5 36237 36257 36262
2613 1 1 2 10 36262 36265 36273
2630 1 1 9 10 36263 36272 36273
2622 1 1 5 2 36285 36290 36293
2633 1 0 0 9 36277 36286 36295
2624 1 1 7 6 36294 36298 36301
2631 1 1 8 3 36287 36299 36304
2635 1 0 10 2 36320 36321 36329
2640 1 1 0 5 36342 36345 36350
2639 1 0 9 8 36356 36363 36364
2642 1 1 8 6 36364 36367 36369
2644 1 1 10 3 36406 36410 36417
2645 1 1 0 6 36407 36420 36426
2646 1 1 9 10 36443 36446 36447
2649 1 0 0 4 36459 36467 36471
2647 1 1 8 7 36473 36475 36476
2648 1 1 10 5 36486 36489 36494
2637 1 1 6 9 36499 36500 36503
2651 1 0 0 1 36504 36508 36509
2650 1 0 9 5 36514 36522 36526
2641 1 1 5 7 36526 36530 36532
2643 1 0 7 9 36538 36540 36542
2652 1 1 8 4 36551 36552 36556
2655 1 1 0 9 36561 36565 36574
2632 1 0 4 8 36571 36576 36580
2636 1 0 3 0 36577 36585 36588
2653 1 0 10 7 36592 36602 36605
2656 1 0 9 0 36596 36601 36612
2638 1 0 2 6 36602 36614 36618
2660 1 0 0 9 36623 36629 36638
2659 1 1 8 9 36648 36649 36650
2663 1 1 10 9 36680 36681 36682
2666 1 0 0 1 36680 36689 36690
2664 1 1 9 7 36696 36697 36699
2634 1 1 1 7 36717 36723 36729
2668 1 0 0 2 36740 36741 36743
2667 1 1 8 4 36738 36739 36743
2657 1 0 5 4 36751 36754 36755
2658 1 1 7 9 36751 36754 36756
2669 1 0 10 9 36769 36775 36776
2654 1 1 6 10 36776 36779 36783
2670 1 0 9 3 36789 36790 36796
2673 1 1 0 2 36805 36815 36817
2672 1 1 8 2 36815 36823 36829
2679 1 1 0 10 36869 36871 36881
2676 1 0 10 4 36872 36879 36885
2678 1 0 9 2 36888 36893 36900
2680 1 0 8 10 36902 36908 36910
2661 1 1 4 2 36910 36916 36918
2662 1 0 3 9 36935 36942 36948
2681 1 0 0 3 36935 36957 36960
2665 1 0 2 5 36956 36959 36962
2682 1 1 10 3 36965 36973 36980
2684 1 0 8 7 36981 36984 36985
2674 1 1 5 7 36987 36989 36991
2675 1 1 7 2 37000 37001 37006
2686 1 0 0 10 36998 37005 37015
2683 1 0 9 2 37000 37016 37023
2677 1 1 6 8 37030 37034 37036
2689 1 1 10 9 37043 37045 37046
2690 1 1 8 2 37066 37067 37073
2692 1 0 0 10 37062 37064 37074
2693 1 1 9 1 37081 37088 37096
2697 1 1 0 1 37118 37119 37120
2696 1 0 10 6 37136 37137 37141
2698 1 0 8 1 37154 37156 37163
2699 1 1 9 4 37174 37182 37187
2700 1 1 0 8 37177 37191 37199
2691 1 0 5 9 37227 37231 37235
2694 1 0 7 1 37227 37237 37243
2671 1 1 1 3 37238 37245 37247
2704 1 0 0 9 37230 37244 37253
2702 1 0 8 2 37236 37254 37260
2701 1 0 10 5 37237 37268 37273
2685 1 0 4 2 37261 37262 37276
2695 1 0 6 9 37269 37280 37283
2703 1 1 9 0 37274 37280 37289
2707 1 1 0 5 37298 37299 37304
2687 1 0 3 1 37306 37312 37314
2688 1 1 2 10 37322 37325 37333
2709 1 0 10 1 37321 37330 37339
2708 1 0 8 0 37323 37328 37340
2714 1 1 0 9 37362 37372 37381
2713 1 1 9 4 37378 37382 37387
2718 1 0 8 6 37417 37425 37427
2716 1 1 10 2 37419 37425 37433
2719 1 0 0 6 37420 37433 37439
2720 1 1 9 4 37470 37477 37482
2706 1 0 5 1 37480 37481 37485
2723 1 1 0 5 37487 37491 37496
2705 1 0 7 1 37483 37491 37497
2721 1 0 8 5 37497 37504 37507
2722 1 0 10 4 37502 37512 37518
2712 1 0 6 8 37530 37532 37534
2727 1 1 0 1 37541 37546 37547
2724 1 0 9 1 37560 37561 37569
2728 1 1 8 0 37591 37598 37606
2731 1 1 0 10 37597 37607 37617
2729 1 1 10 4 37594 37618 37624
2711 1 1 4 6 37636 37637 37639
2732 1 0 9 4 37642 37650 37655
2715 1 0 3 5 37643 37656 37658
2735 1 0 0 2 37656 37663 37665
2734 1 1 10 5 37681 37685 37690
2733 1 0 8 1 37688 37694 37701
2739 1 1 0 10 37707 37712 37722
2717 1 0 2 5 37719 37720 37723
2726 1 0 7 8 37723 37725 37726
2737 1 0 9 4 37738 37739 37744
2725 1 1 5 0 37747 37752 37757
2742 1 1 0 3 37768 37769 37772
2710 1 0 1 5 37767 37770 37774
2730 1 1 6 8 37773 37776 37778
2741 1 0 8 7 37780 37783 37784
2740 1 1 10 3 37779 37781 37788
2748 1 0 0 9 37835 37842 37851
2745 1 1 9 10 37853 37859 37860
2751 1 1 8 4 37863 37865 37869
2750 1 0 10 0 37866 37867 37877
2752 1 0 0 3 37877 37878 37881
2738 1 1 3 7 37934 37935 37939
2756 1 1 0 3 37941 37948 37951
2753 1 0 9 4 37943 37949 37954
2754 1 0 8 7 37950 37958 37959
2755 1 0 10 3 37944 37962 37969
2746 1 1 5 7 37971 37973 37975
2744 1 0 7 3 37984 37988 37992
2758 1 0 0 10 37999 38002 38012
2736 1 1 4 8 38018 38021 38025
2749 1 1 6 2 38025 38027 38031
2759 1 0 9 2 38033 38034 38041
2761 1 1 8 4 38035 38037 38045
2760 1 1 10 4 38030 38039 38045
2743 1 0 2 8 38063 38064 38070
2764 1 0 0 3 38065 38078 38081
2771 1 1 0 6 38112 38116 38122
2769 1 1 8 1 38120 38124 38131
2768 1 0 9 7 38134 38140 38142
2767 1 1 10 6 38129 38140 38144
2772 1 0 0 10 38177 38184 38194
2762 1 1 5 10 38214 38215 38220
2773 1 0 8 3 38219 38221 38226
2763 1 1 7 2 38220 38223 38228
2774 1 1 10 3 38223 38236 38243
2775 1 1 9 1 38232 38235 38245
2776 1 0 0 10 38240 38243 38253
2766 1 0 6 2 38258 38262 38266
2782 1 1 0 4 38287 38288 38292
2747 1 0 1 9 38304 38305 38313
2778 1 1 8 6 38308 38311 38313
2780 1 1 10 1 38303 38309 38318
2757 1 1 3 6 38323 38325 38328
2781 1 0 9 4 38324 38325 38330
2784 1 1 0 5 38336 38342 38347
2765 1 1 4 2 38381 38382 38384
2785 1 0 10 9 38392 38398 38399
2770 1 0 2 4 38406 38413 38415
2787 1 1 8 10 38407 38413 38415
2789 1 0 9 2 38414 38420 38427
2790 1 0 0 5 38411 38429 38434
2779 1 1 7 3 38454 38457 38461
2795 1 0 0 5 38470 38475 38480
2777 1 0 5 0 38487 38488 38493
2792 1 1 10 2 38478 38485 38493
2783 1 1 6 9 38497 38501 38504
2794 1 0 8 10 38500 38508 38510
2796 1 0 9 10 38529 38530 38531
2798 1 0 0 5 38534 38544 38549
2799 1 1 10 1 38563 38564 38573
2804 1 0 0 5 38583 38588 38593
2802 1 0 8 0 38598 38601 38609
2803 1 0 9 3 38630 38639 38645
2806 1 1 0 1 38644 38645 38646
2788 1 1 3 0 38667 38669 38672
2805 1 0 10 4 38668 38675 38681
2807 1 0 8 0 38684 38688 38696
2797 1 1 7 0 38696 38703 38710
2809 1 1 0 2 38706 38711 38713
2808 1 0 9 5 38724 38733 38737
2800 1 0 5 4 38744 38745 38746
2811 1 0 10 9 38761 38767 38768
2801 1 1 6 7 38764 38768 38769
2793 1 1 2 0 38768 38774 38776
2791 1 1 4 1 38776 38780 38783
2814 1 0 0 1 38775 38784 38785
2812 1 1 8 2 38782 38790 38796
2786 1 0 1 4 38826 38827 38830
2815 1 1 9 6 38820 38827 38830
2820 1 1 0 6 38835 38841 38847
2817 1 0 10 4 38836 38842 38848
2822 1 1 8 6 38871 38873 38875
2825 1 0 0 1 38891 38895 38896
2823 1 0 9 5 38912 38920 38924
2826 1 0 10 2 38916 38929 38937
2828 1 0 0 6 38943 38945 38951
2813 1 1 7 5 38948 38949 38951
2827 1 1 8 4 38977 38980 38984
2816 1 1 5 6 38988 38989 38990
2829 1 0 9 3 38992 38995 39001
2831 1 0 0 6 38996 39004 39010
2818 1 1 6 0 39010 39011 39017
2830 1 0 10 6 38998 39014 39018
2810 1 1 3 2 39014 39020 39021
2836 1 1 0 2 39053 39055 39057
2833 1 0 8 2 39076 39078 39084
2835 1 1 9 7 39082 39089 39091
2837 1 1 10 5 39089 39094 39099
2819 1 1 2 1 39112 39115 39116
2821 1 0 4 7 39113 39115 39118
2840 1 0 0 10 39137 39144 39154
2842 1 1 9 5 39156 39164 39168
2843 1 1 10 4 39170 39175 39181
2841 1 0 8 0 39179 39181 39189
2832 1 1 7 1 39193 39196 39202
2846 1 0 0 9 39200 39201 39210
2834 1 0 5 1 39229 39233 39237
2847 1 1 9 7 39241 39249 39251
2838 1 1 6 4 39246 39252 39254
2849 1 0 8 6 39257 39264 39266
2848 1 0 10 1 39260 39270 39279
2851 1 0 0 6 39268 39280 39286
2857 1 1 0 8 39326 39330 39338
2853 1 0 9 6 39333 39336 39339
2824 1 0 1 4 39335 39344 39347
2855 1 0 8 2 39338 39351 39357
2856 1 1 10 0 39347 39349 39359
2839 1 1 3 9 39367 39370 39376
2858 1 0 0 10 39397 39399 39409
2859 1 1 9 0 39414 39415 39424
2850 1 1 7 0 39421 39431 39438
2861 1 1 8 4 39429 39446 39450
2844 1 0 2 8 39437 39445 39451
2862 1 0 10 3 39443 39453 39460
2864 1 0 0 7 39448 39463 39470
2852 1 0 5 7 39478 39480 39482
2854 1 0 6 0 39479 39483 39489
2845 1 0 4 6 39481 39493 39495
2870 1 0 0 10 39498 39504 39514
2867 1 0 8 10 39503 39512 39514
2865 1 0 9 8 39507 39515 39516
2869 1 0 10 5 39538 39540 39545
2874 1 0 0 5 39564 39569 39574
2876 1 0 9 1 39575 39579 39587
2875 1 0 8 9 39595 39602 39603
2878 1 0 0 6 39611 39620 39626
2877 1 0 10 3 39631 39635 39642
2866 1 0 7 6 39654 39658 39659
2879 1 0 9 7 39661 39664 39666
2881 1 0 0 4 39670 39677 39681
2880 1 1 8 10 39694 39698 39700
2872 1 0 6 5 39706 39708 39709
2863 1 1 3 2 39711 39718 39719
2882 1 0 10 0 39714 39719 39729
2871 1 1 5 9 39726 39729 39733
2885 1 1 0 5 39743 39752 39757
2884 1 0 9 8 39753 39762 39763
2886 1 0 8 9 39779 39780 39781
2891 1 0 0 3 39789 39798 39801
2868 1 1 2 9 39795 39798 39805
2889 1 1 10 5 39799 39806 39811
2873 1 0 4 9 39846 39847 39852
2894 1 0 0 2 39851 39861 39863
2893 1 1 8 4 39861 39864 39868
2892 1 0 9 10 39859 39870 39871
2860 1 0 1 7 39878 39887 39893
2883 1 0 7 9 39900 39901 39903
2896 1 1 10 0 39904 39910 39920
2898 1 1 0 2 39915 39921 39923
2887 1 1 6 8 39923 39927 39929
2899 1 1 9 5 39937 39938 39942
2900 1 1 8 3 39946 39949 39954
2904 1 0 0 8 39971 39980 39988
2890 1 1 5 2 39983 39985 39988
2903 1 1 10 1 39994 40002 40011
2906 1 0 9 2 40018 40019 40026
2907 1 0 8 10 40030 40036 40038
2908 1 1 0 7 40039 40040 40047
2888 1 0 3 7 40083 40090 40094
2911 1 1 9 5 40099 40101 40105
2913 1 1 0 1 40103 40110 40111
2910 1 1 10 1 40101 40120 40129
2912 1 1 8 0 40125 40136 40144
2895 1 0 2 4 40144 40149 40151
2902 1 1 7 10 40140 40151 40154
2917 1 0 0 3 40158 40162 40165
2905 1 1 6 0 40178 40182 40188
2915 1 1 9 3 40183 40197 40203
2909 1 1 5 8 40203 40205 40208
2916 1 1 10 7 40181 40210 40213
2918 1 0 8 6 40221 40226 40228
2921 1 1 0 8 40211 40220 40228
2897 1 1 4 1 40228 40232 40235
2923 1 0 10 4 40268 40272 40278
2926 1 1 0 9 40269 40270 40279
2924 1 0 9 0 40284 40289 40298
2927 1 0 8 2 40316 40324 40330
2930 1 0 0 6 40324 40332 40338
2929 1 0 10 5 40363 40367 40372
2931 1 0 9 8 40371 40376 40377
2919 1 1 7 8 40381 40386 40387
2933 1 1 0 9 40370 40379 40388
2932 1 0 8 7 40407 40408 40409
2901 1 1 1 10 40393 40401 40410
2935 1 0 0 6 40418 40425 40431
2925 1 1 5 8 40423 40428 40431
2922 1 0 6 9 40437 40438 40441
2934 1 0 10 9 40442 40443 40444
2914 1 1 3 8 40450 40455 40460
2936 1 1 9 8 40461 40462 40463
2920 1 0 2 3 40474 40481 40482
2940 1 0 0 3 40480 40485 40488
2939 1 0 8 7 40498 40503 40504
2945 1 1 9 4 40537 40538 40543
2943 1 0 10 2 40537 40540 40548
2947 1 1 0 2 40544 40548 40550
2948 1 1 8 3 40584 40590 40595
2928 1 0 4 10 40594 40596 40602
2951 1 0 0 2 40605 40615 40617
2937 1 0 7 0 40625 40630 40637
2949 1 1 9 7 40636 40642 40644
2941 1 1 5 4 40645 40647 40648
2950 1 0 10 4 40638 40648 40654
2954 1 0 0 2 40664 40668 40670
2952 1 1 8 5 40679 40683 40686
2942 1 0 6 1 40683 40687 40692
2956 1 1 9 4 40717 40721 40726
2959 1 0 0 2 40725 40726 40728
2957 1 0 10 1 40731 40739 40748
2960 1 1 8 2 40763 40767 40773
2963 1 0 0 6 40770 40771 40777
2944 1 0 3 9 40798 40801 40807
2962 1 1 9 7 40807 40814 40816
2964 1 0 10 4 40818 40819 40825
2946 1 1 2 1 40824 40829 40830
2966 1 1 0 2 40828 40831 40833
2955 1 0 7 4 40852 40855 40858
2965 1 0 8 10 40858 40862 40864
2968 1 0 9 10 40876 40877 40878
2958 1 0 5 10 40883 40888 40893
2971 1 0 0 4 40885 40903 40907
2969 1 0 10 0 40906 40913 40923
2938 1 0 1 5 40924 40925 40929
2961 1 1 6 7 40932 40936 40937
2973 1 1 8 3 40939 40940 40945
2953 1 1 4 9 40941 40946 40951
2976 1 0 0 10 40947 40952 40962
2974 1 1 9 7 40975 40976 40978
2977 1 0 10 0 40989 40990 41000
2980 1 1 8 4 41024 41025 41029
2982 1 1 0 10 41025 41033 41043
2983 1 1 9 10 41075 41076 41077
2984 1 1 10 5 41079 41080 41085
2986 1 1 0 10 41086 41091 41101
2972 1 1 7 4 41113 41116 41119
2975 1 1 5 3 41117 41118 41120
2985 1 0 8 3 41115 41123 41128
2989 1 1 0 9 41150 41153 41162
2988 1 0 10 6 41155 41162 41166
2987 1 1 9 6 41151 41163 41166
2979 1 1 6 10 41169 41170 41174
2967 1 0 3 7 41170 41173 41177
2970 1 1 2 5 41190 41198 41201
2991 1 0 8 0 41194 41195 41203
2993 1 1 0 6 41206 41211 41217
2994 1 0 9 3 41230 41239 41245
2995 1 0 10 7 41238 41252 41255
3000 1 1 0 2 41271 41277 41279
2981 1 1 4 7 41281 41283 41286
2999 1 1 8 10 41288 41289 41291
3001 1 0 9 4 41320 41322 41327
3002 1 0 10 2 41333 41339 41347
3003 1 1 0 1 41336 41346 41347
2992 1 0 5 9 41335 41350 41354
2990 1 0 7 5 41359 41361 41363
3005 1 1 8 10 41389 41396 41398
3009 1 0 0 1 41397 41402 41403
3006 1 1 9 8 41408 41409 41410
3007 1 1 10 6 41407 41408 41412
2996 1 0 6 1 41397 41408 41413
3013 1 0 0 7 41449 41450 41457
2978 1 0 1 2 41464 41470 41471
3011 1 0 8 5 41481 41487 41490
2997 1 1 3 1 41490 41493 41495
3014 1 0 10 5 41501 41506 41511
3015 1 0 9 7 41513 41517 41519
3016 1 1 0 3 41516 41517 41520
2998 1 1 2 10 41532 41533 41541
3018 1 0 8 2 41567 41568 41574
3022 1 1 0 9 41561 41571 41580
3020 1 1 10 8 41581 41582 41584
3008 1 0 5 2 41582 41585 41588
3004 1 0 4 10 41599 41600 41606
3021 1 0 9 10 41598 41605 41606
3010 1 1 7 4 41606 41607 41610
3024 1 1 0 4 41611 41615 41619
3012 1 0 6 8 41628 41632 41634
3025 1 1 8 7 41663 41667 41668
3031 1 1 0 9 41673 41680 41689
3026 1 1 10 0 41676 41690 41700
3028 1 0 9 3 41698 41699 41705
3034 1 0 0 7 41732 41735 41742
3033 1 1 8 6 41752 41760 41762
3035 1 0 10 4 41778 41781 41787
3037 1 0 0 6 41798 41802 41808
3036 1 0 9 2 41799 41811 41818
3027 1 0 5 4 41841 41844 41845
3038 1 1 8 9 41846 41848 41849
3019 1 0 3 1 41852 41853 41855
3032 1 0 6 2 41856 41861 41865
3030 1 0 7 4 41865 41870 41873
3039 1 1 10 0 41862 41863 41873
3023 1 1 2 7 41872 41875 41880
3040 1 0 0 5 41869 41877 41882
3041 1 0 9 6 41896 41900 41903
3048 1 1 0 4 41930 41937 41941
3043 1 0 8 9 41939 41941 41942
3046 1 1 10 2 41942 41948 41956
3029 1 1 4 6 41963 41965 41967
3017 1 0 1 7 41981 41989 41995
3050 1 0 9 7 41991 41997 41999
3051 1 1 0 6 41999 42005 42011
3052 1 0 8 5 42012 42013 42016
3053 1 1 10 6 42031 42035 42039
3057 1 1 0 6 42055 42061 42067
3056 1 1 9 8 42062 42070 42071
3042 1 0 5 9 42086 42087 42091
3045 1 0 6 3 42098 42101 42104
3058 1 1 8 6 42103 42104 42106
3059 1 0 10 7 42104 42111 42114
3047 1 0 7 1 42113 42114 42120
3060 1 0 0 8 42125 42126 42134
3061 1 0 9 7 42151 42152 42154
3064 1 1 8 6 42196 42198 42200
3067 1 0 0 7 42191 42198 42205
3044 1 0 3 5 42206 42210 42212
3065 1 0 10 0 42213 42218 42228
3068 1 0 9 3 42238 42247 42253
3069 1 1 0 2 42245 42251 42253
3049 1 0 2 8 42269 42270 42276
3070 1 1 8 2 42282 42288 42294
3062 1 1 5 9 42303 42306 42310
3072 1 0 10 4 42304 42306 42312
3073 1 1 9 7 42319 42320 42322
3074 1 0 0 7 42306 42316 42323
3066 1 0 7 2 42341 42342 42347
3063 1 1 6 1 42341 42342 42347
3079 1 1 0 1 42366 42367 42368
3076 1 0 8 1 42361 42367 42374
3054 1 0 4 1 42368 42371 42374
3078 1 1 10 8 42381 42390 42392
3080 1 0 9 5 42412 42420 42424
3084 1 0 0 3 42425 42430 42433
3055 1 1 1 7 42439 42446 42452
3083 1 1 8 10 42449 42453 42455
3086 1 1 10 1 42472 42473 42482
3088 1 0 0 4 42479 42482 42486
3087 1 1 9 5 42520 42528 42532
3092 1 1 0 4 42529 42537 42541
3090 1 1 8 1 42533 42545 42552
3077 1 1 5 10 42554 42558 42563
3081 1 1 6 5 42554 42567 42568
3082 1 1 7 8 42564 42570 42571
3091 1 1 10 3 42558 42573 42580
3071 1 1 3 7 42574 42581 42585
3094 1 1 0 1 42580 42592 42593
3093 1 0 9 7 42623 42628 42630
3095 1 1 8 7 42625 42632 42633
3075 1 1 2 9 42628 42638 42645
3098 1 1 10 9 42639 42646 42647
3101 1 0 0 2 42643 42650 42652
3106 1 1 0 5 42698 42707 42712
3102 1 1 9 4 42704 42716 42721
3105 1 0 10 7 42729 42737 42740
3103 1 1 8 1 42735 42739 42746
3085 1 1 4 8 42747 42750 42754
3107 1 0 0 9 42766 42773 42782
3096 1 0 6 5 42780 42785 42786
3099 1 0 7 0 42784 42788 42795
3097 1 0 5 2 42799 42804 42807
3108 1 1 9 3 42803 42804 42810
3109 1 0 10 6 42809 42817 42821
3110 1 1 8 1 42807 42815 42822
3112 1 1 0 2 42835 42836 42838
3117 1 0 8 0 42880 42882 42890
3119 1 0 0 2 42897 42898 42900
3118 1 1 10 6 42892 42900 42904
3116 1 0 9 3 42908 42915 42921
3100 1 0 3 9 42930 42931 42937
3122 1 1 0 9 42966 42972 42981
3120 1 0 8 1 42985 42986 42993
3089 1 0 1 2 42986 42994 42995
3123 1 0 9 4 42989 43002 43007
3104 1 0 2 6 43000 43009 43013
3114 1 1 7 6 43012 43014 43015
3121 1 0 10 6 42996 43017 43021
3113 1 0 6 5 43017 43021 43022
3125 1 1 0 1 43028 43034 43035
3115 1 1 5 0 43044 43048 43053
3126 1 1 8 2 43068 43076 43082
3133 1 1 0 3 43082 43084 43087
3128 1 0 9 0 43088 43092 43101
3129 1 0 10 3 43090 43111 43118
3111 1 1 4 1 43141 43142 43145
3136 1 1 0 5 43143 43146 43151
3135 1 0 8 9 43168 43173 43174
3138 1 0 10 8 43174 43175 43177
3137 1 1 9 10 43180 43184 43185
