arrivalFloor arrivalTime partySize destinationFloor clientID
0 60 1 6 1
8 83 1 0 9
10 93 1 4 11
9 98 1 8 10
0 118 1 8 12
0 165 1 10 16
9 171 1 1 15
8 176 1 0 13
10 189 1 9 14
7 233 1 5 8
0 242 1 4 17
9 249 1 0 18
5 260 1 3 6
6 263 1 1 7
8 269 1 10 19
10 273 1 8 20
0 302 1 8 22
9 343 1 0 23
2 348 1 4 3
4 352 1 0 5
8 357 1 6 26
10 364 1 8 27
0 366 1 1 28
3 369 1 8 4
0 422 1 7 34
9 433 1 8 29
8 461 1 5 32
10 470 1 4 33
7 479 1 9 21
0 481 1 8 36
5 493 1 4 24
9 513 1 0 37
6 519 1 5 25
1 532 1 9 2
0 540 1 6 41
8 543 1 10 38
10 561 1 0 39
9 587 1 4 43
0 603 1 5 46
8 638 1 2 47
10 647 1 8 48
9 662 1 5 49
0 666 1 8 50
2 694 1 8 30
0 709 1 1 54
4 716 1 6 31
5 729 1 6 42
7 734 1 6 40
8 735 1 1 51
10 746 1 9 52
3 747 1 5 35
6 750 1 3 44
9 751 1 10 53
0 764 1 6 56
10 819 1 7 61
8 822 1 1 60
0 824 1 1 65
9 831 1 8 64
0 872 1 2 68
10 903 1 9 66
8 908 1 1 67
9 936 1 0 69
0 938 1 3 70
7 975 1 9 59
6 994 1 4 63
0 995 1 7 74
5 998 1 4 58
8 999 1 10 72
10 1010 1 3 71
9 1015 1 0 73
0 1050 1 3 77
2 1054 1 4 55
4 1059 1 8 57
8 1085 1 4 79
10 1087 1 5 80
1 1105 1 0 45
9 1106 1 10 81
0 1112 1 9 82
3 1136 1 2 62
10 1162 1 6 86
0 1171 1 10 89
8 1175 1 9 85
9 1195 1 6 88
5 1222 1 3 78
7 1223 1 4 75
0 1239 1 5 92
6 1244 1 8 76
10 1250 1 6 91
8 1269 1 7 93
9 1284 1 6 94
0 1316 1 9 97
10 1337 1 6 99
8 1371 1 1 100
0 1375 1 1 102
9 1382 1 10 101
4 1418 1 9 84
10 1423 1 7 103
2 1424 1 4 83
7 1435 1 4 96
0 1436 1 9 105
5 1449 1 0 95
8 1451 1 10 104
9 1465 1 8 106
6 1492 1 4 98
3 1499 1 4 90
10 1502 1 4 108
0 1515 1 5 111
8 1555 1 4 113
9 1557 1 0 114
0 1561 1 5 118
10 1591 1 8 117
1 1622 1 7 87
0 1626 1 1 121
9 1643 1 1 120
8 1644 1 9 119
7 1665 1 0 110
5 1667 1 6 112
10 1675 1 8 122
0 1690 1 1 124
6 1714 1 1 115
8 1729 1 10 126
9 1739 1 7 125
0 1749 1 1 130
2 1749 1 3 109
10 1757 1 1 129
4 1769 1 0 107
0 1821 1 7 134
8 1821 1 2 132
9 1826 1 3 133
10 1849 1 7 136
3 1869 1 9 116
9 1887 1 8 140
0 1888 1 7 138
7 1912 1 4 127
8 1921 1 3 139
5 1922 1 3 128
10 1943 1 4 141
0 1952 1 8 144
6 1958 1 8 131
9 1992 1 10 143
8 2003 1 5 146
0 2012 1 9 149
10 2030 1 2 148
0 2077 1 7 153
8 2089 1 1 152
9 2090 1 3 151
2 2106 1 8 135
1 2110 1 0 123
4 2119 1 9 137
10 2120 1 7 154
0 2143 1 1 155
7 2147 1 5 145
5 2173 1 7 147
8 2175 1 2 156
9 2178 1 4 157
0 2201 1 5 162
3 2208 1 7 142
10 2216 1 6 161
6 2217 1 9 150
9 2256 1 3 166
0 2259 1 10 167
8 2277 1 7 165
10 2324 1 5 169
0 2337 1 6 172
9 2338 1 2 171
8 2364 1 4 173
0 2375 1 3 175
7 2400 1 1 163
10 2402 1 6 174
5 2411 1 9 164
9 2421 1 0 176
0 2440 1 7 178
2 2452 1 5 158
8 2467 1 10 177
6 2482 1 8 170
10 2485 1 8 180
4 2500 1 9 160
0 2507 1 2 183
9 2542 1 3 182
8 2558 1 6 185
3 2566 1 9 168
10 2577 1 9 187
0 2587 1 7 189
1 2619 1 4 159
7 2621 1 5 179
8 2642 1 7 191
0 2642 1 7 194
9 2644 1 3 190
5 2662 1 8 181
10 2664 1 2 193
0 2710 1 10 198
8 2724 1 1 197
6 2739 1 3 186
10 2740 1 7 201
9 2755 1 2 199
0 2780 1 10 202
8 2807 1 1 203
2 2819 1 10 184
10 2839 1 8 205
9 2849 1 2 206
0 2851 1 2 207
4 2871 1 8 188
7 2871 1 10 196
0 2905 1 2 212
8 2911 1 1 208
5 2919 1 9 200
3 2937 1 4 192
10 2941 1 4 210
9 2952 1 1 211
0 2967 1 2 215
8 3002 1 7 216
6 3022 1 9 204
9 3036 1 0 220
0 3039 1 10 221
10 3053 1 3 219
8 3098 1 10 222
0 3099 1 9 225
7 3103 1 4 214
9 3122 1 6 224
10 3130 1 9 226
0 3155 1 2 228
5 3157 1 9 217
2 3163 1 5 209
1 3173 1 2 195
8 3186 1 9 227
9 3211 1 6 230
4 3224 1 1 213
10 3228 1 2 231
0 3238 1 4 232
8 3257 1 2 236
6 3267 1 10 223
3 3281 1 5 218
0 3286 1 8 240
9 3304 1 7 237
10 3314 1 5 239
8 3351 1 6 241
0 3353 1 4 244
7 3366 1 2 229
10 3389 1 1 246
5 3389 1 3 233
9 3391 1 5 245
0 3414 1 1 248
8 3434 1 5 247
10 3464 1 6 250
0 3476 1 2 253
9 3478 1 2 252
6 3499 1 10 242
8 3520 1 10 254
10 3535 1 1 255
0 3536 1 7 256
9 3562 1 0 257
2 3573 1 8 234
4 3580 1 5 238
0 3604 1 2 261
7 3607 1 9 249
8 3612 1 5 259
5 3616 1 3 251
10 3624 1 2 260
0 3654 1 7 265
3 3656 1 5 243
9 3658 1 2 262
1 3663 1 7 235
8 3694 1 1 267
6 3718 1 7 258
0 3719 1 5 270
9 3728 1 5 272
10 3731 1 7 269
8 3775 1 10 274
0 3778 1 7 276
0 3830 1 5 280
9 3833 1 5 277
7 3841 1 8 266
10 3842 1 2 278
5 3844 1 10 268
8 3856 1 3 279
0 3885 1 1 281
9 3921 1 10 282
10 3933 1 0 284
4 3937 1 0 264
8 3939 1 6 286
0 3945 1 8 287
6 3958 1 10 275
2 3963 1 0 263
10 4008 1 1 289
0 4012 1 10 292
3 4014 1 9 271
9 4014 1 4 288
8 4016 1 0 291
0 4062 1 6 296
5 4072 1 2 285
7 4082 1 2 283
10 4102 1 8 295
8 4112 1 1 299
9 4112 1 2 298
0 4128 1 1 300
6 4166 1 10 293
1 4172 1 8 273
0 4180 1 3 306
8 4191 1 6 304
10 4193 1 2 303
9 4201 1 6 305
0 4246 1 7 309
4 4273 1 5 290
10 4276 1 7 311
8 4293 1 2 310
9 4299 1 6 312
0 4302 1 2 313
7 4307 1 8 302
2 4314 1 1 294
5 4320 1 3 301
3 4358 1 5 297
0 4362 1 7 318
8 4373 1 0 316
10 4377 1 9 315
9 4381 1 0 317
6 4381 1 8 307
0 4414 1 10 323
10 4461 1 9 325
8 4464 1 10 324
9 4477 1 0 326
0 4481 1 6 328
7 4515 1 2 319
8 4547 1 6 330
0 4552 1 10 332
5 4553 1 6 321
10 4567 1 4 329
9 4582 1 4 331
0 4607 1 2 335
6 4634 1 0 327
4 4651 1 1 314
8 4654 1 10 334
2 4657 1 7 320
10 4659 1 4 337
9 4662 1 4 338
0 4673 1 3 339
1 4686 1 0 308
3 4736 1 10 322
0 4742 1 7 346
8 4745 1 6 342
9 4747 1 4 345
10 4756 1 8 344
7 4767 1 3 333
0 4798 1 9 349
5 4802 1 0 336
10 4827 1 8 352
9 4829 1 5 351
8 4852 1 10 350
6 4867 1 3 340
0 4870 1 7 354
10 4926 1 4 356
9 4927 1 5 357
0 4930 1 10 360
8 4953 1 0 358
0 4978 1 1 363
4 4994 1 9 341
9 4999 1 10 362
7 5006 1 4 353
10 5013 1 8 361
0 5044 1 1 365
2 5046 1 5 343
5 5049 1 7 355
8 5050 1 9 364
9 5089 1 4 367
0 5097 1 10 370
10 5102 1 6 369
3 5105 1 1 348
6 5110 1 10 359
8 5133 1 2 373
0 5161 1 6 375
9 5180 1 5 374
10 5181 1 4 376
1 5203 1 8 347
0 5220 1 6 380
8 5225 1 6 379
10 5260 1 0 382
7 5264 1 5 368
9 5264 1 3 381
0 5274 1 2 384
5 5276 1 1 372
8 5323 1 3 385
0 5335 1 4 389
10 5356 1 5 386
4 5358 1 0 366
9 5364 1 2 388
6 5384 1 0 378
0 5395 1 8 392
2 5400 1 10 371
8 5410 1 3 391
10 5439 1 9 393
0 5446 1 2 397
9 5448 1 8 395
3 5465 1 4 377
8 5494 1 1 399
7 5505 1 4 387
0 5522 1 5 401
10 5526 1 9 400
5 5532 1 8 390
9 5537 1 5 402
8 5586 1 1 404
0 5592 1 6 406
10 5598 1 0 407
9 5630 1 0 409
0 5639 1 2 411
6 5643 1 0 396
8 5681 1 7 410
10 5686 1 1 412
0 5698 1 10 414
9 5719 1 10 413
1 5720 1 3 383
2 5738 1 9 398
7 5745 1 1 405
0 5751 1 7 418
4 5752 1 5 394
5 5754 1 2 408
8 5771 1 0 416
10 5780 1 6 417
9 5810 1 2 419
0 5811 1 9 423
3 5839 1 5 403
10 5847 1 3 427
0 5873 1 7 429
8 5879 1 3 426
6 5880 1 0 415
9 5906 1 10 428
10 5925 1 0 431
0 5949 1 2 432
8 5973 1 1 433
9 5985 1 8 435
7 5991 1 8 422
0 6001 1 3 437
10 6013 1 9 436
5 6022 1 8 425
0 6050 1 1 441
8 6057 1 4 438
9 6078 1 0 439
10 6099 1 0 442
0 6111 1 2 444
6 6116 1 3 434
2 6125 1 10 421
4 6138 1 10 424
8 6140 1 3 445
3 6166 1 7 430
0 6174 1 9 448
9 6176 1 8 446
10 6200 1 9 447
8 6216 1 10 452
7 6228 1 8 440
0 6235 1 6 454
1 6240 1 5 420
9 6259 1 3 455
5 6284 1 4 443
10 6286 1 2 456
0 6296 1 8 459
8 6323 1 6 457
6 6346 1 4 449
0 6355 1 1 464
9 6359 1 2 461
10 6382 1 0 463
8 6417 1 5 465
0 6417 1 1 467
7 6439 1 3 458
9 6455 1 4 468
10 6474 1 4 469
0 6491 1 4 471
2 6501 1 9 450
8 6502 1 0 470
4 6503 1 10 451
3 6506 1 5 453
9 6545 1 7 473
0 6557 1 5 475
10 6562 1 8 474
5 6572 1 2 462
6 6587 1 4 466
8 6590 1 7 477
0 6615 1 5 481
9 6636 1 8 480
10 6637 1 4 482
0 6665 1 1 486
7 6673 1 9 472
8 6681 1 2 485
10 6724 1 3 488
9 6724 1 4 487
0 6726 1 2 489
8 6774 1 6 491
1 6776 1 9 460
0 6786 1 8 494
10 6808 1 5 492
5 6815 1 8 483
9 6818 1 0 493
6 6834 1 3 484
0 6835 1 6 497
4 6844 1 2 478
2 6854 1 5 476
3 6870 1 8 479
8 6873 1 9 495
10 6883 1 1 498
0 6891 1 4 502
7 6905 1 9 490
9 6914 1 4 500
0 6962 1 6 508
8 6973 1 0 506
10 6985 1 3 507
9 7003 1 8 510
5 7033 1 1 499
0 7034 1 8 511
8 7077 1 4 512
10 7083 1 2 513
9 7088 1 2 514
6 7092 1 2 501
0 7112 1 8 516
7 7153 1 1 509
8 7159 1 5 517
0 7173 1 3 521
9 7183 1 6 519
10 7186 1 4 518
4 7200 1 10 503
2 7221 1 6 504
0 7227 1 2 524
8 7237 1 0 523
3 7259 1 0 505
5 7261 1 7 515
9 7276 1 1 525
10 7283 1 4 526
0 7294 1 7 529
1 7299 1 8 496
6 7329 1 9 520
0 7351 1 1 535
8 7352 1 2 530
9 7362 1 6 533
10 7368 1 5 534
7 7403 1 8 522
0 7419 1 1 538
8 7466 1 2 539
10 7466 1 3 541
9 7471 1 3 540
0 7479 1 8 543
5 7499 1 6 532
0 7527 1 6 547
8 7560 1 1 544
4 7561 1 10 527
9 7564 1 7 546
10 7567 1 5 545
6 7574 1 8 537
2 7588 1 4 528
0 7594 1 7 549
7 7632 1 3 542
3 7642 1 5 531
8 7643 1 0 550
0 7648 1 8 556
10 7651 1 6 553
9 7666 1 5 552
0 7709 1 5 560
9 7745 1 1 562
8 7745 1 6 559
10 7745 1 1 561
5 7764 1 7 548
6 7774 1 3 554
0 7775 1 1 563
8 7823 1 7 565
9 7823 1 4 564
1 7827 1 3 536
0 7834 1 7 569
10 7844 1 9 566
7 7858 1 0 557
0 7891 1 2 573
8 7909 1 1 570
9 7913 1 2 571
4 7926 1 5 551
10 7935 1 6 574
2 7954 1 5 555
0 7962 1 3 576
9 8006 1 4 578
8 8008 1 4 577
5 8009 1 9 567
6 8011 1 7 568
3 8017 1 5 558
0 8020 1 6 582
10 8039 1 4 580
7 8074 1 8 575
9 8090 1 7 583
0 8093 1 2 588
8 8115 1 2 584
10 8129 1 5 589
0 8153 1 7 592
9 8188 1 6 591
8 8208 1 1 593
0 8211 1 2 595
10 8222 1 0 594
5 8241 1 1 585
6 8247 1 3 586
0 8273 1 1 598
9 8275 1 2 596
8 8289 1 9 597
7 8298 1 10 590
4 8300 1 3 579
10 8309 1 1 599
2 8323 1 1 581
0 8335 1 7 602
1 8343 1 3 572
9 8363 1 1 603
3 8369 1 8 587
0 8376 1 9 609
8 8381 1 9 604
10 8406 1 2 607
0 8432 1 4 613
9 8442 1 5 611
5 8467 1 6 600
8 8479 1 4 614
6 8479 1 3 601
10 8488 1 4 615
0 8498 1 4 616
9 8533 1 3 617
0 8553 1 5 622
10 8556 1 2 621
7 8559 1 2 605
8 8562 1 4 619
0 8605 1 4 624
9 8628 1 2 623
8 8644 1 1 627
10 8654 1 9 625
0 8661 1 1 628
4 8668 1 7 606
5 8697 1 9 618
0 8722 1 10 632
9 8727 1 0 629
2 8727 1 7 608
8 8728 1 7 630
3 8736 1 0 612
6 8738 1 1 620
10 8748 1 9 631
0 8787 1 7 635
7 8802 1 10 626
9 8803 1 1 636
8 8806 1 5 638
1 8823 1 7 610
10 8829 1 8 641
0 8832 1 2 642
0 8890 1 10 648
8 8897 1 10 645
9 8899 1 4 644
10 8914 1 3 647
5 8940 1 6 634
0 8956 1 7 649
6 8983 1 7 640
8 8985 1 10 650
9 8997 1 4 651
10 9008 1 6 652
4 9011 1 5 633
0 9012 1 6 654
7 9027 1 1 643
0 9064 1 7 660
8 9065 1 0 656
10 9098 1 5 658
9 9106 1 2 657
2 9111 1 0 637
0 9117 1 1 662
3 9121 1 5 639
8 9159 1 10 663
5 9166 1 0 653
0 9173 1 3 667
10 9182 1 6 664
6 9220 1 3 655
9 9220 1 7 665
0 9236 1 5 671
8 9237 1 0 669
10 9265 1 7 672
7 9268 1 4 661
0 9289 1 9 675
8 9326 1 1 676
9 9326 1 3 674
1 9337 1 5 646
10 9346 1 0 677
4 9350 1 0 659
0 9352 1 3 679
9 9415 1 4 681
8 9415 1 3 680
0 9415 1 6 685
5 9419 1 0 670
10 9441 1 3 683
6 9447 1 5 673
3 9450 1 7 668
0 9475 1 2 688
2 9482 1 7 666
9 9490 1 2 686
7 9503 1 2 678
8 9522 1 9 687
0 9540 1 1 693
10 9542 1 2 690
0 9591 1 4 698
9 9596 1 2 695
8 9608 1 10 697
10 9638 1 1 699
5 9640 1 0 689
0 9659 1 7 700
8 9675 1 5 702
4 9695 1 8 684
9 9701 1 2 701
6 9719 1 5 691
7 9722 1 4 696
0 9724 1 5 705
10 9734 1 2 703
8 9774 1 9 706
0 9776 1 3 711
9 9786 1 1 708
3 9794 1 0 692
2 9814 1 0 694
10 9829 1 4 712
0 9843 1 2 714
8 9864 1 0 713
1 9864 1 7 682
9 9869 1 6 715
5 9874 1 1 704
0 9903 1 5 719
10 9927 1 8 718
6 9949 1 5 709
8 9962 1 10 720
9 9965 1 3 722
0 9968 1 7 724
7 9972 1 10 710
10 10001 1 6 725
0 10024 1 7 729
9 10029 1 7 728
4 10039 1 2 707
8 10052 1 0 727
10 10076 1 2 731
0 10081 1 5 732
5 10101 1 7 723
9 10128 1 0 733
0 10140 1 2 737
8 10143 1 6 735
10 10159 1 5 736
3 10163 1 8 716
6 10176 1 1 726
7 10197 1 0 730
2 10198 1 10 717
0 10201 1 5 740
9 10220 1 3 739
8 10236 1 1 741
10 10244 1 5 742
0 10251 1 4 747
9 10305 1 0 748
0 10311 1 9 751
8 10324 1 0 749
5 10324 1 7 738
10 10347 1 8 750
1 10375 1 10 721
0 10383 1 6 753
9 10386 1 0 752
6 10398 1 3 744
4 10407 1 7 734
8 10424 1 10 754
0 10440 1 7 758
10 10448 1 1 756
7 10453 1 9 745
9 10467 1 5 759
0 10502 1 9 763
3 10518 1 7 743
8 10532 1 6 762
10 10544 1 7 764
2 10545 1 8 746
9 10558 1 3 766
0 10561 1 4 767
5 10565 1 6 755
8 10619 1 6 769
0 10622 1 9 773
10 10632 1 1 770
9 10638 1 7 772
6 10668 1 0 760
0 10684 1 7 776
7 10705 1 2 765
8 10713 1 2 775
10 10714 1 8 777
9 10728 1 0 778
0 10730 1 5 780
4 10790 1 9 761
0 10793 1 2 785
10 10796 1 6 783
8 10811 1 1 782
9 10811 1 1 784
5 10824 1 8 774
0 10838 1 1 787
3 10871 1 2 768
10 10873 1 2 788
1 10883 1 4 757
0 10894 1 8 792
9 10897 1 0 790
2 10897 1 5 771
8 10903 1 4 789
7 10941 1 6 781
6 10945 1 5 779
0 10954 1 9 796
10 10957 1 3 794
9 10989 1 2 797
8 11000 1 2 799
0 11010 1 2 802
10 11053 1 9 803
5 11060 1 10 791
0 11073 1 7 806
9 11089 1 0 804
8 11097 1 4 805
0 11138 1 5 809
4 11139 1 0 786
10 11143 1 5 807
7 11168 1 0 800
6 11182 1 7 801
8 11187 1 3 811
9 11191 1 3 810
0 11205 1 3 812
3 11206 1 0 793
10 11230 1 6 814
2 11261 1 1 798
0 11266 1 6 819
8 11282 1 2 817
5 11284 1 0 808
9 11296 1 4 818
10 11316 1 0 821
0 11326 1 6 823
8 11373 1 3 824
9 11387 1 3 826
7 11396 1 6 815
0 11396 1 3 828
6 11412 1 4 816
10 11420 1 5 827
1 11421 1 2 795
0 11464 1 4 832
8 11469 1 2 829
4 11477 1 6 813
9 11479 1 4 830
10 11507 1 5 834
0 11526 1 1 836
3 11548 1 4 820
5 11550 1 2 825
8 11552 1 1 837
9 11560 1 1 839
0 11575 1 9 841
2 11595 1 0 822
10 11604 1 5 840
0 11624 1 8 846
8 11642 1 7 844
7 11644 1 10 831
9 11651 1 0 845
6 11660 1 8 833
0 11683 1 8 849
10 11689 1 8 848
8 11725 1 10 850
0 11738 1 1 854
9 11753 1 1 852
5 11770 1 3 843
10 11787 1 6 855
0 11789 1 8 857
8 11805 1 1 856
4 11825 1 9 838
9 11835 1 7 858
0 11845 1 5 861
10 11868 1 5 860
7 11870 1 3 851
8 11900 1 9 862
0 11903 1 5 865
3 11908 1 4 842
9 11933 1 8 864
6 11933 1 3 853
1 11936 1 0 835
10 11944 1 8 866
2 11952 1 10 847
0 11972 1 2 869
8 11987 1 0 868
5 12000 1 9 859
9 12014 1 6 871
10 12037 1 8 874
0 12041 1 9 876
8 12071 1 1 877
7 12086 1 6 867
0 12104 1 9 881
9 12108 1 4 879
10 12147 1 0 880
6 12153 1 7 872
8 12168 1 4 882
0 12171 1 2 884
9 12192 1 5 885
4 12209 1 0 863
5 12221 1 3 878
10 12247 1 1 886
0 12254 1 3 889
8 12260 1 4 888
2 12280 1 10 875
9 12285 1 0 890
3 12298 1 2 870
0 12316 1 3 894
7 12321 1 3 883
10 12327 1 2 893
8 12360 1 6 895
9 12368 1 6 897
6 12375 1 5 887
0 12388 1 7 899
10 12408 1 7 901
8 12436 1 5 902
0 12450 1 5 905
9 12455 1 2 903
5 12476 1 3 892
10 12492 1 2 906
1 12492 1 6 873
8 12514 1 10 907
0 12515 1 5 908
9 12535 1 8 909
0 12558 1 3 914
4 12596 1 10 891
7 12597 1 0 900
8 12597 1 9 913
0 12602 1 4 916
10 12604 1 7 911
6 12607 1 5 904
9 12620 1 1 915
2 12631 1 9 896
0 12659 1 9 920
3 12678 1 8 898
8 12689 1 9 919
10 12697 1 8 921
9 12710 1 5 923
5 12713 1 0 910
0 12731 1 6 925
8 12776 1 7 927
10 12783 1 9 928
0 12796 1 9 931
9 12807 1 4 929
6 12824 1 2 922
7 12832 1 4 918
8 12853 1 2 932
10 12864 1 5 933
0 12866 1 10 934
9 12898 1 2 935
0 12915 1 1 940
8 12945 1 3 938
10 12946 1 5 939
4 12949 1 0 917
5 12963 1 6 930
0 12967 1 5 942
9 12970 1 7 941
2 12987 1 0 924
0 13011 1 2 947
1 13013 1 10 912
3 13039 1 6 926
10 13045 1 2 944
8 13056 1 4 943
6 13063 1 5 936
0 13066 1 10 950
7 13077 1 10 937
9 13077 1 1 948
10 13123 1 9 953
8 13147 1 10 954
0 13149 1 6 956
9 13165 1 3 958
5 13182 1 10 946
0 13217 1 2 961
10 13227 1 5 959
8 13234 1 2 960
9 13270 1 1 962
0 13284 1 9 964
10 13313 1 9 965
6 13315 1 2 955
8 13325 1 4 966
7 13325 1 10 957
4 13330 1 5 945
0 13351 1 8 968
2 13356 1 9 949
9 13361 1 5 967
10 13387 1 7 969
3 13402 1 7 952
0 13409 1 8 974
8 13419 1 5 971
5 13439 1 7 963
9 13442 1 2 976
0 13459 1 5 979
10 13497 1 2 977
8 13509 1 2 980
0 13513 1 4 983
9 13521 1 3 982
1 13531 1 3 951
6 13541 1 8 970
0 13554 1 1 986
7 13564 1 3 972
10 13587 1 8 984
8 13599 1 10 985
0 13602 1 3 990
9 13602 1 6 987
0 13663 1 3 994
10 13668 1 4 992
5 13672 1 3 981
4 13682 1 3 973
9 13703 1 7 995
8 13703 1 1 993
0 13722 1 9 996
2 13734 1 4 975
10 13748 1 3 997
3 13753 1 7 978
0 13771 1 4 1002
8 13783 1 10 1001
7 13792 1 1 991
6 13803 1 10 989
9 13807 1 10 1000
10 13835 1 4 1004
0 13837 1 3 1006
8 13862 1 1 1007
0 13890 1 6 1012
9 13891 1 5 1010
5 13915 1 4 998
10 13928 1 0 1011
8 13953 1 7 1013
0 13960 1 6 1014
9 13990 1 1 1015
10 14011 1 0 1017
7 14020 1 1 1008
0 14036 1 9 1019
8 14036 1 7 1018
4 14056 1 10 999
1 14058 1 8 988
6 14060 1 1 1009
9 14078 1 3 1020
3 14092 1 7 1005
2 14095 1 10 1003
0 14102 1 3 1023
10 14111 1 6 1021
8 14132 1 9 1024
5 14137 1 8 1016
0 14161 1 5 1031
9 14165 1 6 1028
10 14203 1 9 1032
0 14218 1 1 1035
8 14239 1 7 1033
9 14260 1 8 1036
7 14265 1 2 1022
0 14291 1 10 1038
10 14311 1 5 1037
6 14312 1 10 1027
8 14330 1 3 1039
0 14345 1 3 1042
9 14354 1 6 1040
5 14389 1 9 1034
10 14396 1 6 1043
4 14398 1 6 1025
0 14404 1 9 1046
8 14415 1 4 1045
0 14449 1 10 1051
9 14449 1 3 1047
3 14461 1 7 1029
2 14474 1 10 1030
10 14477 1 2 1049
8 14499 1 0 1052
0 14519 1 2 1053
9 14526 1 6 1054
7 14541 1 3 1041
6 14570 1 1 1044
10 14573 1 6 1057
8 14579 1 5 1058
0 14590 1 10 1059
1 14596 1 0 1026
9 14601 1 4 1060
5 14612 1 0 1048
0 14650 1 7 1065
8 14663 1 7 1064
10 14664 1 2 1063
9 14672 1 1 1067
0 14703 1 9 1069
8 14748 1 7 1070
0 14757 1 10 1073
9 14762 1 10 1072
10 14767 1 0 1071
4 14774 1 0 1050
6 14811 1 5 1062
7 14812 1 0 1061
0 14819 1 8 1075
2 14824 1 3 1056
8 14828 1 7 1074
3 14831 1 2 1055
9 14845 1 8 1076
10 14862 1 6 1077
5 14868 1 2 1068
0 14876 1 10 1081
8 14922 1 5 1083
0 14928 1 8 1088
9 14945 1 2 1085
10 14955 1 5 1086
0 14988 1 7 1090
8 15025 1 5 1089
0 15047 1 9 1093
6 15049 1 8 1079
10 15049 1 7 1092
9 15051 1 5 1091
7 15079 1 6 1080
5 15101 1 0 1087
4 15107 1 2 1078
0 15120 1 6 1095
1 15120 1 8 1066
8 15129 1 6 1094
9 15141 1 4 1098
10 15150 1 3 1097
0 15173 1 9 1102
2 15174 1 3 1082
3 15189 1 0 1084
0 15227 1 4 1107
8 15232 1 10 1104
9 15233 1 8 1105
10 15252 1 2 1106
0 15279 1 8 1110
7 15297 1 5 1099
6 15306 1 3 1096
9 15323 1 8 1112
5 15326 1 6 1100
8 15328 1 1 1111
10 15336 1 9 1113
0 15348 1 4 1114
0 15407 1 9 1121
8 15411 1 5 1119
10 15411 1 9 1120
9 15424 1 10 1117
4 15450 1 3 1101
0 15468 1 10 1122
8 15490 1 4 1123
10 15504 1 2 1124
9 15523 1 6 1125
0 15526 1 1 1127
2 15530 1 6 1108
7 15531 1 1 1115
6 15537 1 10 1116
5 15545 1 6 1118
3 15548 1 2 1109
0 15577 1 10 1131
8 15587 1 1 1128
9 15598 1 6 1130
10 15604 1 8 1129
0 15648 1 5 1137
1 15652 1 10 1103
8 15665 1 2 1138
9 15696 1 10 1139
10 15704 1 1 1140
0 15716 1 7 1141
8 15762 1 7 1143
6 15764 1 10 1134
7 15776 1 6 1133
0 15776 1 9 1146
10 15790 1 8 1145
5 15798 1 7 1135
4 15802 1 8 1126
9 15803 1 1 1144
0 15842 1 5 1150
10 15865 1 6 1151
2 15872 1 7 1132
8 15872 1 7 1147
9 15897 1 6 1154
0 15903 1 4 1155
3 15927 1 5 1136
10 15952 1 5 1156
0 15961 1 10 1160
8 15990 1 6 1158
9 15998 1 4 1159
7 16002 1 9 1149
0 16011 1 5 1163
6 16016 1 2 1148
10 16034 1 9 1162
5 16053 1 3 1152
0 16070 1 5 1167
8 16077 1 2 1164
9 16095 1 8 1165
1 16105 1 4 1142
0 16126 1 10 1171
10 16128 1 2 1169
8 16151 1 3 1172
4 16162 1 5 1153
9 16192 1 5 1173
0 16194 1 3 1175
10 16206 1 7 1176
7 16210 1 4 1166
2 16231 1 5 1157
8 16239 1 4 1177
6 16254 1 1 1168
0 16261 1 2 1180
5 16281 1 3 1170
9 16282 1 0 1179
3 16286 1 8 1161
10 16317 1 8 1181
0 16319 1 1 1186
8 16337 1 3 1184
0 16373 1 2 1191
9 16378 1 5 1188
10 16404 1 8 1190
0 16425 1 9 1193
8 16431 1 4 1192
7 16437 1 6 1182
9 16454 1 0 1194
0 16481 1 6 1196
10 16487 1 3 1195
6 16493 1 2 1185
5 16517 1 6 1187
8 16517 1 3 1197
0 16540 1 5 1200
9 16547 1 4 1199
4 16556 1 6 1178
10 16572 1 2 1201
2 16589 1 3 1183
0 16603 1 1 1205
1 16610 1 7 1174
8 16621 1 5 1204
9 16636 1 5 1206
7 16658 1 5 1198
3 16661 1 10 1189
0 16663 1 5 1210
10 16670 1 7 1208
8 16706 1 6 1212
0 16722 1 3 1216
9 16732 1 1 1213
6 16739 1 5 1202
10 16762 1 9 1217
5 16765 1 9 1203
0 16779 1 4 1219
8 16792 1 5 1218
9 16828 1 8 1220
0 16843 1 3 1224
4 16844 1 10 1207
10 16864 1 3 1222
8 16881 1 2 1225
0 16900 1 6 1227
7 16909 1 0 1214
9 16919 1 6 1226
2 16956 1 6 1209
10 16958 1 3 1229
8 16964 1 2 1230
0 16967 1 5 1231
6 16978 1 2 1221
5 17002 1 1 1223
9 17013 1 7 1233
0 17025 1 6 1237
3 17035 1 1 1215
10 17036 1 2 1235
8 17053 1 6 1236
0 17083 1 9 1241
1 17095 1 0 1211
9 17102 1 10 1240
10 17122 1 1 1243
8 17142 1 4 1244
0 17156 1 5 1245
7 17174 1 8 1232
9 17186 1 4 1247
4 17204 1 3 1228
10 17209 1 3 1248
0 17218 1 4 1250
8 17222 1 0 1249
6 17232 1 2 1238
5 17252 1 4 1239
9 17282 1 10 1252
0 17290 1 4 1255
2 17292 1 6 1234
10 17305 1 3 1254
8 17307 1 6 1256
0 17346 1 9 1260
9 17364 1 7 1259
10 17391 1 6 1262
8 17393 1 5 1263
3 17395 1 7 1242
0 17406 1 3 1264
7 17411 1 1 1251
9 17462 1 4 1265
0 17463 1 9 1269
6 17464 1 3 1257
10 17469 1 5 1266
8 17480 1 10 1267
5 17500 1 8 1258
0 17528 1 8 1272
9 17548 1 1 1271
10 17558 1 5 1274
8 17581 1 4 1275
4 17588 1 9 1253
0 17598 1 8 1277
1 17626 1 6 1246
7 17634 1 6 1270
9 17637 1 2 1278
2 17649 1 3 1261
10 17656 1 4 1279
0 17662 1 7 1282
8 17667 1 9 1280
6 17697 1 10 1273
0 17718 1 1 1288
9 17721 1 1 1285
10 17737 1 6 1287
3 17754 1 0 1268
8 17760 1 4 1289
5 17761 1 10 1276
0 17776 1 3 1291
9 17809 1 0 1292
10 17822 1 3 1293
0 17826 1 2 1297
8 17836 1 3 1295
0 17879 1 3 1300
9 17900 1 4 1298
7 17900 1 1 1284
10 17906 1 3 1299
8 17910 1 2 1301
4 17926 1 5 1281
6 17937 1 4 1290
0 17939 1 10 1302
5 17986 1 9 1296
0 17988 1 9 1309
8 17988 1 4 1306
10 17993 1 7 1305
9 17996 1 2 1303
2 18024 1 5 1286
0 18058 1 4 1311
10 18076 1 2 1313
9 18078 1 7 1314
8 18090 1 1 1312
1 18096 1 0 1283
3 18123 1 2 1294
0 18133 1 5 1316
9 18154 1 7 1318
7 18154 1 4 1304
10 18167 1 1 1317
8 18173 1 5 1319
6 18181 1 5 1308
0 18212 1 2 1322
5 18229 1 9 1310
10 18233 1 6 1325
9 18247 1 8 1323
8 18250 1 7 1326
0 18268 1 4 1328
4 18291 1 6 1307
0 18319 1 8 1333
8 18338 1 7 1332
9 18339 1 10 1331
10 18344 1 3 1330
0 18379 1 1 1335
7 18383 1 5 1324
2 18399 1 9 1315
10 18419 1 1 1338
8 18424 1 7 1336
0 18426 1 4 1339
9 18427 1 7 1337
6 18441 1 0 1327
5 18460 1 2 1329
3 18468 1 0 1321
0 18492 1 3 1344
8 18498 1 1 1343
9 18515 1 1 1345
10 18523 1 7 1342
0 18543 1 6 1349
8 18590 1 0 1350
0 18603 1 6 1353
1 18604 1 6 1320
9 18607 1 1 1351
7 18613 1 9 1340
10 18614 1 0 1352
4 18637 1 10 1334
0 18661 1 5 1355
6 18677 1 4 1346
8 18684 1 2 1354
9 18697 1 7 1357
10 18700 1 2 1359
5 18702 1 0 1347
0 18724 1 2 1361
8 18771 1 5 1363
0 18781 1 9 1367
10 18784 1 4 1365
9 18788 1 6 1364
2 18801 1 3 1341
3 18829 1 5 1348
0 18845 1 1 1369
7 18850 1 1 1358
8 18866 1 2 1368
10 18868 1 4 1370
9 18881 1 3 1371
0 18916 1 5 1374
6 18930 1 7 1362
5 18939 1 4 1366
10 18957 1 9 1377
8 18957 1 10 1376
0 18983 1 3 1379
9 18985 1 1 1378
4 19010 1 2 1360
10 19037 1 1 1382
0 19051 1 8 1384
8 19066 1 3 1383
7 19067 1 2 1375
0 19095 1 6 1388
9 19100 1 3 1385
1 19133 1 2 1356
10 19140 1 6 1387
0 19143 1 2 1391
2 19146 1 3 1372
8 19156 1 3 1389
6 19158 1 10 1380
5 19182 1 3 1381
9 19196 1 0 1392
0 19205 1 5 1395
3 19219 1 5 1373
10 19227 1 8 1394
8 19233 1 9 1397
0 19267 1 2 1401
9 19275 1 1 1400
7 19308 1 6 1390
8 19323 1 5 1404
0 19324 1 4 1405
10 19325 1 9 1403
4 19368 1 6 1386
9 19380 1 8 1406
0 19384 1 9 1409
5 19404 1 8 1399
6 19409 1 9 1398
8 19413 1 1 1408
10 19419 1 2 1410
0 19444 1 9 1413
9 19476 1 7 1412
0 19508 1 6 1418
8 19509 1 3 1416
10 19511 1 0 1417
2 19527 1 0 1396
7 19536 1 3 1407
9 19564 1 10 1419
0 19566 1 4 1420
3 19572 1 7 1402
8 19592 1 2 1421
10 19609 1 6 1422
0 19616 1 1 1426
5 19649 1 4 1414
9 19654 1 3 1425
6 19656 1 5 1415
0 19678 1 4 1430
1 19682 1 7 1393
10 19685 1 2 1429
8 19685 1 1 1428
4 19719 1 0 1411
0 19742 1 4 1434
9 19756 1 3 1432
7 19761 1 6 1424
8 19777 1 9 1437
10 19782 1 1 1436
0 19801 1 4 1439
9 19857 1 3 1440
0 19863 1 7 1444
8 19867 1 4 1442
10 19876 1 0 1443
2 19888 1 0 1423
5 19894 1 10 1431
6 19898 1 0 1433
3 19912 1 4 1427
0 19927 1 7 1446
9 19940 1 2 1445
8 19958 1 6 1447
10 19972 1 4 1448
0 19990 1 4 1453
7 20013 1 6 1441
9 20016 1 2 1454
0 20043 1 6 1457
10 20053 1 6 1456
8 20056 1 4 1455
4 20057 1 8 1438
9 20093 1 5 1459
0 20097 1 8 1460
10 20133 1 7 1461
6 20140 1 10 1451
5 20143 1 2 1450
8 20156 1 0 1462
0 20163 1 7 1465
9 20180 1 3 1464
1 20199 1 3 1435
2 20202 1 6 1449
10 20216 1 0 1466
0 20226 1 4 1470
8 20240 1 2 1469
9 20266 1 1 1471
3 20268 1 7 1452
7 20282 1 6 1458
0 20283 1 6 1475
10 20319 1 7 1474
8 20329 1 1 1476
0 20346 1 1 1480
9 20353 1 7 1477
6 20369 1 5 1467
5 20384 1 0 1468
0 20400 1 3 1483
8 20411 1 3 1482
10 20413 1 3 1481
4 20437 1 0 1463
9 20443 1 10 1484
0 20461 1 1 1487
8 20488 1 10 1488
10 20494 1 1 1489
7 20498 1 9 1479
0 20518 1 2 1492
9 20518 1 3 1491
2 20530 1 4 1473
8 20569 1 9 1493
0 20570 1 1 1496
10 20584 1 8 1494
6 20610 1 5 1485
9 20616 1 0 1497
5 20617 1 6 1486
0 20621 1 9 1500
3 20636 1 9 1478
8 20639 1 5 1499
0 20674 1 4 1505
10 20676 1 6 1501
9 20695 1 10 1503
8 20732 1 6 1507
7 20732 1 6 1495
1 20738 1 7 1472
0 20758 1 4 1508
10 20763 1 0 1509
9 20768 1 1 1510
4 20812 1 5 1490
0 20822 1 5 1514
8 20829 1 5 1511
6 20845 1 2 1502
5 20853 1 2 1504
10 20861 1 2 1515
9 20867 1 7 1516
0 20892 1 8 1518
8 20914 1 7 1519
2 20916 1 3 1498
0 20947 1 8 1524
10 20958 1 7 1522
9 20962 1 4 1523
3 20964 1 8 1506
7 20982 1 4 1512
8 21007 1 0 1525
0 21012 1 4 1527
9 21051 1 3 1529
10 21057 1 5 1528
0 21072 1 2 1533
5 21080 1 9 1521
8 21090 1 1 1532
6 21100 1 3 1520
0 21130 1 7 1536
9 21147 1 2 1534
10 21150 1 8 1535
4 21165 1 10 1517
0 21181 1 2 1540
8 21184 1 10 1538
7 21223 1 6 1531
10 21248 1 0 1542
0 21248 1 1 1544
9 21258 1 3 1541
1 21272 1 8 1513
8 21274 1 2 1545
5 21305 1 0 1537
2 21310 1 3 1526
0 21319 1 3 1548
3 21334 1 2 1530
10 21343 1 2 1547
9 21349 1 10 1549
8 21350 1 7 1551
6 21354 1 0 1539
0 21391 1 2 1554
10 21417 1 9 1556
9 21433 1 10 1557
8 21435 1 10 1558
0 21456 1 10 1560
7 21483 1 0 1546
10 21501 1 1 1561
9 21509 1 2 1562
0 21511 1 3 1564
8 21514 1 9 1563
4 21521 1 3 1543
5 21550 1 0 1552
9 21571 1 0 1567
0 21576 1 9 1568
10 21597 1 2 1566
6 21603 1 4 1559
8 21607 1 7 1569
0 21641 1 7 1573
3 21668 1 10 1555
9 21673 1 1 1572
2 21683 1 3 1553
10 21686 1 1 1574
0 21687 1 5 1577
8 21710 1 0 1576
7 21720 1 9 1565
0 21739 1 6 1582
9 21750 1 3 1579
1 21788 1 7 1550
8 21790 1 9 1583
5 21790 1 8 1571
10 21791 1 1 1581
0 21806 1 8 1585
6 21838 1 2 1575
9 21851 1 5 1586
0 21871 1 10 1591
10 21875 1 4 1590
8 21886 1 9 1588
4 21896 1 10 1570
9 21921 1 6 1593
0 21926 1 1 1594
7 21943 1 6 1584
10 21967 1 6 1595
8 21986 1 5 1596
0 21989 1 2 1599
9 22015 1 0 1598
5 22038 1 9 1589
0 22051 1 8 1603
3 22059 1 10 1578
10 22067 1 6 1601
6 22069 1 2 1592
8 22077 1 7 1602
2 22091 1 9 1580
9 22105 1 4 1604
0 22115 1 5 1606
10 22148 1 8 1608
7 22163 1 10 1600
8 22167 1 1 1610
0 22175 1 1 1613
9 22201 1 7 1612
10 22229 1 0 1614
0 22233 1 9 1617
5 22272 1 6 1605
8 22273 1 6 1616
4 22285 1 0 1597
1 22295 1 3 1587
0 22296 1 5 1620
9 22302 1 5 1618
10 22329 1 5 1619
8 22348 1 5 1622
0 22348 1 10 1625
6 22350 1 7 1609
0 22406 1 9 1629
9 22408 1 6 1626
7 22414 1 0 1615
8 22427 1 1 1628
10 22428 1 3 1627
3 22432 1 5 1607
2 22439 1 10 1611
0 22471 1 4 1631
9 22483 1 10 1632
5 22507 1 0 1621
10 22518 1 6 1635
8 22522 1 5 1634
0 22523 1 7 1638
0 22582 1 6 1643
9 22583 1 0 1639
6 22600 1 0 1630
10 22609 1 1 1641
8 22611 1 3 1642
4 22645 1 3 1623
0 22652 1 8 1644
9 22668 1 4 1645
10 22686 1 0 1647
7 22689 1 3 1633
8 22697 1 5 1648
0 22710 1 3 1650
5 22743 1 7 1640
9 22752 1 5 1651
10 22764 1 4 1652
0 22770 1 8 1655
1 22790 1 0 1624
2 22795 1 9 1637
8 22797 1 10 1654
3 22809 1 1 1636
0 22829 1 6 1659
9 22846 1 5 1657
10 22857 1 4 1658
6 22875 1 3 1646
8 22883 1 0 1662
0 22893 1 1 1664
7 22921 1 0 1653
9 22939 1 6 1665
10 22944 1 2 1666
0 22951 1 8 1669
5 22968 1 3 1656
8 22992 1 7 1668
0 23010 1 2 1673
4 23025 1 7 1649
10 23032 1 4 1672
9 23034 1 5 1671
0 23086 1 1 1676
8 23091 1 6 1675
9 23104 1 5 1679
10 23109 1 5 1678
6 23112 1 8 1667
2 23143 1 8 1661
0 23157 1 1 1680
8 23170 1 4 1681
3 23181 1 9 1663
7 23183 1 0 1670
9 23190 1 2 1682
5 23191 1 1 1674
10 23201 1 7 1683
0 23221 1 8 1686
8 23265 1 5 1687
9 23277 1 8 1690
0 23283 1 6 1693
1 23286 1 7 1660
10 23313 1 5 1692
0 23346 1 6 1696
6 23349 1 5 1684
8 23356 1 9 1694
4 23382 1 5 1677
9 23385 1 3 1695
7 23402 1 1 1689
0 23415 1 2 1699
10 23417 1 7 1698
8 23452 1 0 1701
5 23456 1 9 1691
0 23480 1 1 1705
9 23485 1 7 1703
2 23515 1 4 1685
10 23516 1 7 1706
8 23536 1 5 1707
0 23539 1 7 1709
3 23544 1 6 1688
9 23561 1 7 1710
6 23581 1 4 1700
0 23592 1 7 1714
7 23615 1 5 1704
10 23622 1 3 1712
8 23627 1 0 1713
0 23649 1 6 1718
9 23665 1 0 1716
5 23698 1 6 1708
0 23711 1 5 1722
10 23712 1 9 1720
8 23716 1 10 1721
4 23737 1 5 1702
9 23748 1 8 1723
0 23763 1 5 1725
10 23802 1 6 1726
6 23802 1 7 1717
0 23821 1 7 1730
8 23824 1 0 1727
1 23826 1 7 1697
9 23838 1 3 1729
7 23852 1 1 1719
2 23877 1 8 1711
0 23881 1 1 1733
10 23896 1 0 1731
3 23906 1 2 1715
8 23923 1 7 1734
9 23925 1 7 1736
0 23948 1 4 1739
5 23965 1 2 1724
10 23986 1 1 1740
0 23994 1 10 1744
9 24004 1 10 1743
8 24017 1 1 1742
6 24052 1 4 1732
0 24055 1 10 1747
4 24067 1 5 1728
9 24075 1 3 1748
10 24085 1 3 1746
7 24090 1 6 1737
0 24100 1 7 1751
8 24120 1 7 1749
0 24157 1 8 1756
10 24162 1 6 1754
9 24165 1 5 1753
5 24197 1 10 1745
0 24206 1 5 1758
8 24210 1 1 1757
10 24247 1 0 1759
2 24252 1 3 1738
3 24267 1 1 1741
0 24277 1 3 1762
9 24279 1 6 1760
6 24302 1 8 1750
8 24311 1 5 1763
7 24315 1 4 1755
10 24332 1 4 1764
0 24337 1 6 1767
9 24348 1 5 1768
1 24350 1 10 1735
4 24378 1 10 1752
0 24387 1 2 1773
8 24389 1 7 1770
10 24415 1 3 1772
5 24432 1 4 1761
9 24438 1 7 1774
0 24447 1 5 1777
8 24463 1 9 1778
0 24504 1 2 1782
9 24520 1 2 1781
10 24528 1 7 1779
8 24537 1 10 1783
7 24539 1 0 1771
6 24566 1 1 1769
0 24567 1 8 1784
9 24597 1 5 1785
2 24598 1 10 1765
10 24605 1 1 1786
3 24607 1 10 1766
8 24623 1 6 1787
0 24628 1 10 1790
5 24675 1 10 1780
0 24680 1 7 1796
9 24693 1 1 1791
10 24702 1 9 1793
8 24716 1 10 1795
4 24722 1 0 1776
0 24741 1 1 1798
7 24768 1 4 1788
9 24777 1 3 1799
10 24792 1 1 1800
6 24798 1 0 1789
0 24803 1 9 1803
1 24807 1 8 1775
8 24816 1 2 1801
9 24857 1 1 1805
0 24869 1 2 1808
10 24882 1 1 1806
5 24909 1 8 1797
8 24918 1 0 1810
9 24942 1 1 1811
2 24943 1 9 1792
0 24951 1 1 1812
3 24966 1 1 1794
10 24966 1 7 1813
0 24999 1 3 1818
7 25008 1 8 1804
8 25018 1 3 1815
9 25026 1 8 1816
6 25030 1 3 1807
4 25042 1 10 1802
0 25051 1 4 1821
10 25055 1 4 1820
8 25098 1 6 1823
0 25102 1 10 1827
9 25120 1 4 1824
10 25142 1 1 1828
0 25153 1 5 1830
5 25167 1 9 1814
8 25169 1 0 1829
0 25199 1 2 1833
10 25210 1 1 1832
9 25211 1 8 1831
7 25239 1 6 1822
0 25254 1 3 1836
8 25268 1 3 1835
2 25270 1 8 1817
9 25299 1 10 1838
6 25307 1 3 1825
3 25318 1 2 1819
10 25324 1 4 1837
1 25336 1 9 1809
0 25338 1 3 1840
8 25347 1 10 1841
9 25388 1 7 1843
4 25389 1 8 1826
0 25409 1 9 1848
10 25417 1 0 1846
5 25422 1 3 1834
8 25446 1 3 1849
0 25453 1 3 1852
9 25464 1 10 1850
7 25486 1 0 1839
10 25510 1 7 1853
0 25513 1 6 1856
8 25545 1 0 1855
9 25566 1 0 1857
6 25573 1 9 1844
0 25580 1 8 1860
10 25588 1 9 1859
0 25635 1 9 1864
9 25638 1 8 1862
2 25641 1 1 1842
8 25642 1 5 1861
5 25656 1 1 1854
3 25683 1 4 1845
10 25683 1 1 1865
0 25690 1 2 1866
9 25731 1 6 1867
7 25739 1 2 1858
8 25740 1 5 1869
4 25750 1 5 1851
10 25764 1 2 1872
0 25765 1 3 1873
1 25814 1 0 1847
9 25816 1 6 1874
6 25819 1 10 1863
0 25827 1 2 1879
8 25828 1 3 1876
10 25852 1 3 1878
0 25882 1 6 1883
5 25892 1 2 1870
9 25911 1 4 1881
8 25913 1 10 1884
0 25945 1 9 1886
10 25955 1 1 1885
2 25959 1 8 1868
9 26000 1 8 1888
7 26010 1 9 1875
0 26011 1 6 1890
8 26023 1 3 1889
6 26025 1 7 1882
10 26044 1 5 1891
3 26050 1 6 1871
9 26076 1 4 1893
0 26079 1 9 1895
4 26105 1 2 1877
10 26121 1 2 1898
8 26124 1 6 1896
5 26128 1 8 1887
0 26130 1 1 1901
9 26176 1 1 1900
0 26185 1 8 1906
8 26221 1 7 1904
10 26222 1 7 1903
0 26249 1 10 1908
6 26259 1 3 1897
7 26263 1 2 1894
9 26280 1 0 1907
0 26301 1 4 1911
10 26303 1 7 1910
8 26314 1 9 1909
5 26335 1 6 1905
1 26350 1 8 1880
0 26357 1 8 1915
2 26359 1 4 1892
9 26371 1 4 1914
10 26386 1 2 1916
8 26402 1 3 1917
0 26419 1 6 1920
3 26419 1 0 1899
10 26461 1 1 1923
0 26472 1 7 1925
9 26477 1 1 1922
4 26477 1 0 1902
6 26490 1 4 1912
7 26498 1 6 1913
8 26519 1 5 1924
0 26522 1 4 1928
10 26557 1 0 1927
9 26557 1 1 1929
5 26559 1 3 1918
0 26587 1 6 1934
8 26621 1 2 1933
10 26646 1 7 1935
9 26652 1 2 1936
0 26669 1 4 1938
8 26717 1 7 1939
6 26735 1 10 1931
2 26735 1 7 1921
10 26736 1 2 1940
7 26739 1 10 1932
0 26740 1 4 1942
9 26747 1 7 1941
3 26784 1 8 1926
5 26805 1 2 1937
8 26805 1 9 1943
0 26805 1 7 1948
10 26820 1 8 1946
4 26821 1 1 1930
9 26835 1 4 1949
0 26867 1 10 1953
1 26900 1 9 1919
10 26907 1 5 1954
8 26908 1 10 1952
0 26927 1 2 1957
9 26930 1 1 1956
6 26982 1 8 1944
7 26983 1 6 1947
10 26986 1 3 1959
0 26990 1 8 1961
9 27011 1 2 1962
8 27011 1 10 1960
0 27053 1 10 1966
5 27074 1 9 1951
10 27077 1 3 1965
8 27106 1 4 1968
9 27110 1 7 1967
0 27114 1 5 1969
2 27129 1 10 1945
3 27132 1 0 1950
10 27169 1 6 1971
0 27185 1 9 1974
8 27188 1 10 1972
9 27206 1 6 1973
4 27207 1 7 1955
7 27230 1 0 1964
6 27238 1 3 1963
0 27243 1 2 1978
10 27278 1 3 1977
8 27293 1 9 1979
9 27295 1 10 1980
0 27313 1 3 1984
5 27314 1 3 1970
0 27363 1 5 1988
10 27383 1 3 1985
8 27388 1 5 1986
9 27398 1 7 1987
0 27423 1 5 1990
1 27440 1 3 1958
10 27463 1 6 1991
3 27466 1 2 1976
7 27481 1 5 1982
0 27481 1 3 1994
8 27481 1 10 1992
2 27494 1 4 1975
9 27495 1 4 1993
6 27512 1 5 1983
5 27533 1 4 1989
0 27537 1 5 1999
4 27554 1 3 1981
10 27565 1 0 1996
8 27568 1 1 2000
9 27590 1 6 2002
0 27592 1 8 2005
10 27652 1 7 2007
0 27658 1 3 2010
8 27668 1 10 2008
9 27684 1 5 2009
0 27708 1 3 2012
7 27732 1 9 1998
8 27747 1 10 2013
10 27759 1 7 2011
6 27762 1 8 2003
0 27765 1 5 2015
5 27780 1 9 2004
9 27786 1 2 2014
0 27824 1 3 2020
10 27842 1 7 2018
2 27850 1 0 2001
8 27856 1 4 2017
3 27859 1 4 1997
9 27864 1 3 2022
0 27887 1 8 2023
1 27916 1 5 1995
0 27933 1 2 2029
4 27934 1 3 2006
10 27942 1 8 2024
8 27946 1 3 2026
9 27970 1 7 2028
7 27989 1 1 2016
5 27993 1 7 2021
0 27997 1 8 2031
6 28020 1 0 2019
8 28042 1 5 2034
10 28044 1 2 2033
0 28067 1 1 2038
9 28070 1 2 2035
0 28125 1 9 2042
10 28133 1 1 2041
8 28137 1 9 2040
0 28171 1 1 2044
9 28181 1 8 2043
10 28210 1 0 2045
5 28212 1 6 2037
3 28221 1 8 2027
2 28226 1 1 2025
0 28227 1 5 2047
8 28232 1 9 2046
7 28232 1 8 2036
6 28248 1 8 2039
9 28270 1 4 2048
4 28286 1 5 2032
0 28288 1 4 2053
10 28321 1 7 2049
8 28327 1 4 2054
0 28360 1 4 2059
9 28379 1 6 2057
8 28403 1 7 2061
0 28405 1 5 2062
10 28410 1 1 2060
1 28419 1 8 2030
5 28450 1 9 2050
0 28461 1 3 2065
9 28467 1 8 2063
7 28476 1 4 2055
8 28488 1 9 2064
6 28503 1 10 2056
0 28515 1 5 2069
10 28516 1 0 2066
9 28538 1 4 2070
8 28561 1 2 2072
0 28585 1 3 2074
3 28585 1 1 2051
2 28589 1 4 2052
10 28607 1 8 2075
9 28635 1 1 2076
0 28648 1 8 2078
8 28651 1 7 2077
4 28667 1 2 2058
5 28672 1 8 2068
10 28705 1 2 2081
0 28715 1 8 2083
9 28721 1 4 2082
7 28727 1 0 2071
8 28732 1 3 2084
6 28744 1 1 2073
0 28775 1 2 2088
10 28790 1 9 2087
9 28811 1 10 2089
8 28823 1 4 2091
0 28828 1 3 2093
10 28866 1 7 2094
0 28883 1 5 2097
9 28902 1 0 2095
1 28905 1 4 2067
5 28926 1 6 2086
3 28928 1 1 2079
0 28931 1 3 2099
10 28932 1 8 2098
8 28940 1 1 2096
2 28954 1 5 2080
7 28972 1 6 2090
6 28973 1 4 2092
0 28989 1 6 2104
4 29003 1 6 2085
9 29010 1 3 2100
10 29019 1 2 2105
8 29025 1 7 2106
0 29049 1 6 2110
10 29088 1 4 2113
0 29097 1 3 2115
9 29100 1 0 2112
8 29103 1 0 2114
9 29166 1 7 2118
0 29167 1 1 2117
8 29191 1 7 2119
6 29192 1 9 2109
10 29192 1 6 2116
5 29202 1 10 2102
7 29217 1 6 2108
0 29229 1 8 2121
9 29250 1 6 2120
3 29265 1 9 2103
8 29286 1 10 2122
0 29300 1 2 2127
10 29300 1 9 2124
2 29308 1 4 2107
9 29341 1 5 2128
0 29356 1 10 2131
4 29357 1 2 2111
8 29370 1 7 2130
10 29395 1 0 2132
0 29410 1 10 2135
1 29417 1 0 2101
9 29425 1 7 2134
6 29427 1 1 2123
5 29446 1 1 2125
8 29463 1 5 2137
0 29466 1 7 2139
7 29469 1 4 2126
10 29490 1 0 2138
9 29511 1 0 2141
0 29530 1 10 2145
8 29572 1 6 2144
10 29581 1 0 2147
9 29596 1 10 2148
0 29596 1 10 2149
6 29648 1 5 2142
2 29649 1 3 2133
3 29649 1 6 2129
0 29661 1 6 2153
8 29668 1 5 2150
5 29670 1 7 2143
4 29683 1 3 2136
9 29688 1 1 2152
10 29692 1 1 2151
7 29716 1 10 2146
0 29718 1 6 2157
8 29759 1 10 2158
9 29776 1 0 2161
0 29781 1 6 2164
10 29808 1 3 2162
0 29844 1 5 2167
8 29855 1 3 2165
6 29874 1 2 2154
9 29874 1 0 2166
5 29888 1 7 2159
10 29901 1 2 2168
0 29928 1 10 2169
7 29936 1 4 2163
1 29942 1 5 2140
8 29955 1 3 2170
9 29957 1 1 2172
0 29987 1 4 2175
10 29989 1 6 2174
3 30000 1 4 2156
4 30040 1 5 2160
8 30041 1 3 2178
0 30046 1 4 2180
2 30050 1 1 2155
9 30058 1 3 2179
10 30074 1 6 2181
6 30096 1 10 2171
0 30107 1 4 2185
5 30133 1 6 2173
8 30144 1 7 2184
9 30153 1 8 2187
10 30157 1 9 2188
0 30166 1 9 2190
7 30184 1 2 2176
0 30228 1 2 2195
8 30234 1 5 2192
10 30245 1 2 2194
9 30248 1 10 2193
0 30284 1 4 2197
6 30304 1 9 2189
8 30333 1 5 2198
9 30340 1 3 2200
0 30343 1 10 2201
10 30345 1 6 2199
5 30352 1 10 2191
3 30375 1 1 2182
0 30392 1 7 2205
2 30401 1 7 2186
7 30409 1 2 2196
9 30410 1 5 2204
8 30421 1 6 2203
4 30435 1 2 2183
10 30441 1 2 2206
0 30452 1 2 2209
1 30459 1 8 2177
9 30505 1 7 2212
0 30508 1 4 2216
8 30511 1 2 2213
10 30519 1 8 2215
0 30563 1 7 2219
6 30564 1 8 2202
5 30582 1 6 2207
9 30592 1 2 2218
8 30593 1 10 2220
10 30612 1 5 2221
0 30625 1 4 2222
7 30648 1 4 2211
8 30670 1 9 2226
9 30671 1 4 2225
0 30678 1 2 2228
10 30694 1 9 2227
0 30742 1 4 2232
8 30758 1 10 2230
9 30758 1 6 2231
2 30759 1 10 2210
3 30762 1 1 2208
6 30782 1 8 2223
10 30782 1 9 2233
4 30784 1 3 2214
0 30814 1 3 2234
5 30834 1 7 2224
8 30852 1 9 2235
9 30853 1 3 2236
0 30876 1 4 2242
10 30885 1 4 2240
7 30896 1 6 2229
8 30928 1 1 2244
0 30937 1 1 2246
9 30949 1 10 2245
1 30953 1 4 2217
10 30978 1 2 2247
6 30989 1 3 2239
0 30997 1 10 2250
8 31026 1 1 2249
9 31044 1 6 2251
0 31049 1 2 2255
10 31065 1 7 2253
5 31076 1 9 2243
0 31094 1 2 2258
7 31117 1 0 2248
8 31120 1 6 2256
3 31123 1 4 2238
4 31127 1 2 2241
9 31143 1 6 2257
2 31157 1 0 2237
0 31157 1 6 2261
10 31163 1 1 2259
8 31195 1 4 2263
6 31211 1 7 2254
0 31219 1 1 2268
10 31248 1 2 2269
9 31249 1 1 2266
0 31277 1 9 2272
5 31282 1 9 2260
8 31289 1 3 2270
0 31333 1 3 2275
10 31344 1 0 2273
9 31351 1 2 2274
7 31352 1 5 2262
0 31381 1 3 2278
8 31382 1 5 2277
10 31432 1 0 2279
6 31434 1 1 2271
0 31445 1 9 2282
1 31445 1 4 2252
9 31453 1 0 2280
8 31480 1 2 2283
4 31487 1 5 2265
2 31490 1 1 2267
0 31502 1 10 2286
5 31508 1 6 2276
3 31533 1 0 2264
10 31533 1 0 2284
9 31543 1 8 2288
0 31566 1 9 2292
8 31581 1 1 2289
7 31587 1 5 2281
0 31624 1 2 2297
10 31637 1 6 2295
9 31640 1 8 2296
8 31656 1 1 2298
6 31672 1 1 2285
0 31692 1 2 2300
10 31709 1 1 2301
9 31734 1 0 2302
8 31740 1 0 2303
5 31741 1 1 2293
0 31745 1 8 2305
10 31786 1 1 2306
0 31804 1 2 2310
7 31815 1 3 2299
9 31822 1 10 2307
8 31826 1 0 2308
2 31845 1 3 2291
4 31851 1 7 2290
0 31861 1 4 2312
3 31868 1 4 2294
10 31880 1 1 2311
6 31902 1 0 2304
9 31921 1 3 2314
0 31928 1 2 2318
8 31930 1 10 2315
1 31948 1 3 2287
5 31976 1 3 2309
10 31978 1 8 2320
0 31985 1 7 2323
8 32018 1 5 2324
9 32027 1 5 2322
0 32050 1 4 2328
7 32086 1 4 2313
10 32088 1 7 2327
0 32111 1 3 2331
8 32118 1 6 2329
9 32126 1 4 2330
6 32132 1 0 2321
0 32167 1 10 2334
10 32178 1 2 2333
9 32196 1 1 2336
8 32196 1 10 2335
5 32208 1 7 2326
2 32220 1 5 2316
0 32229 1 7 2338
4 32250 1 6 2317
3 32255 1 8 2319
10 32257 1 5 2339
8 32280 1 5 2341
0 32285 1 9 2344
9 32294 1 8 2340
7 32317 1 9 2332
0 32332 1 4 2349
10 32349 1 9 2347
6 32364 1 9 2337
8 32374 1 6 2348
0 32383 1 1 2352
9 32385 1 7 2350
10 32434 1 1 2353
0 32448 1 1 2356
5 32453 1 0 2342
8 32461 1 7 2355
9 32467 1 6 2357
1 32506 1 9 2325
0 32508 1 7 2359
10 32511 1 5 2358
8 32528 1 10 2361
9 32543 1 5 2362
7 32548 1 6 2351
0 32566 1 4 2364
6 32571 1 1 2354
2 32573 1 3 2343
10 32589 1 0 2365
8 32618 1 0 2366
0 32631 1 1 2369
4 32633 1 1 2345
3 32636 1 7 2346
9 32638 1 2 2367
5 32664 1 8 2360
10 32675 1 5 2372
0 32688 1 10 2374
8 32716 1 3 2373
9 32721 1 2 2377
0 32749 1 1 2380
10 32768 1 5 2379
7 32784 1 10 2368
0 32809 1 2 2383
8 32815 1 0 2381
9 32816 1 2 2382
6 32821 1 7 2370
0 32861 1 2 2386
10 32869 1 1 2384
8 32904 1 5 2387
0 32914 1 3 2390
5 32916 1 1 2378
9 32922 1 2 2388
2 32931 1 10 2371
0 32969 1 1 2393
10 32972 1 7 2391
8 32985 1 3 2392
9 33004 1 0 2395
4 33004 1 9 2375
3 33012 1 10 2376
7 33033 1 3 2385
0 33035 1 10 2397
1 33044 1 4 2363
10 33075 1 3 2398
6 33078 1 4 2389
8 33082 1 2 2399
0 33089 1 6 2404
9 33094 1 0 2400
0 33150 1 4 2409
8 33163 1 2 2408
5 33165 1 3 2394
10 33172 1 2 2406
9 33184 1 2 2410
0 33211 1 9 2411
9 33257 1 7 2415
7 33258 1 6 2403
2 33265 1 4 2396
8 33266 1 1 2412
0 33281 1 3 2416
10 33284 1 6 2414
6 33308 1 8 2407
8 33326 1 5 2420
0 33334 1 4 2421
3 33351 1 0 2402
4 33353 1 2 2401
9 33377 1 2 2417
0 33394 1 8 2425
10 33396 1 5 2422
5 33399 1 8 2413
8 33415 1 5 2424
0 33449 1 6 2429
9 33481 1 10 2428
10 33492 1 3 2430
8 33510 1 6 2432
0 33513 1 9 2433
7 33513 1 10 2418
9 33557 1 8 2434
10 33560 1 7 2435
6 33566 1 4 2423
0 33573 1 7 2437
2 33589 1 10 2419
1 33596 1 4 2405
0 33610 1 6 2442
8 33622 1 3 2436
9 33637 1 5 2439
10 33652 1 0 2440
5 33657 1 10 2431
0 33677 1 2 2445
4 33701 1 9 2427
3 33710 1 5 2426
8 33717 1 1 2446
0 33722 1 4 2450
9 33749 1 7 2447
10 33750 1 1 2448
7 33754 1 0 2438
0 33782 1 4 2454
8 33801 1 0 2453
6 33802 1 7 2441
9 33835 1 5 2455
0 33843 1 9 2458
10 33850 1 7 2456
0 33896 1 6 2462
8 33903 1 4 2459
5 33910 1 10 2449
9 33921 1 6 2461
10 33935 1 6 2463
0 33953 1 10 2464
2 33964 1 7 2443
7 33982 1 10 2457
8 34003 1 9 2465
9 34009 1 5 2467
0 34019 1 5 2469
10 34026 1 6 2468
6 34057 1 2 2460
4 34070 1 10 2451
3 34072 1 8 2452
0 34078 1 1 2474
1 34087 1 0 2444
8 34089 1 9 2472
9 34097 1 4 2473
10 34108 1 5 2475
5 34130 1 8 2466
0 34138 1 10 2479
8 34178 1 0 2481
9 34182 1 8 2482
0 34207 1 4 2485
10 34211 1 9 2483
7 34216 1 5 2471
8 34252 1 2 2486
9 34253 1 1 2487
0 34259 1 2 2488
6 34303 1 3 2476
10 34305 1 8 2489
0 34315 1 7 2493
8 34332 1 9 2491
2 34343 1 10 2470
9 34360 1 10 2492
0 34386 1 5 2496
5 34388 1 8 2484
10 34388 1 4 2495
8 34402 1 2 2497
3 34429 1 1 2478
9 34432 1 1 2499
7 34434 1 4 2490
0 34444 1 7 2500
4 34467 1 8 2477
10 34475 1 0 2502
8 34496 1 6 2503
0 34496 1 2 2507
9 34529 1 10 2505
6 34538 1 2 2494
10 34557 1 0 2509
0 34560 1 9 2511
8 34584 1 2 2510
9 34613 1 8 2512
5 34618 1 6 2501
0 34631 1 4 2515
10 34641 1 4 2514
1 34656 1 3 2480
7 34666 1 4 2506
8 34667 1 10 2516
0 34685 1 10 2519
9 34694 1 6 2517
10 34730 1 4 2520
2 34734 1 4 2498
0 34743 1 3 2524
8 34749 1 5 2523
9 34783 1 5 2525
3 34789 1 9 2504
6 34789 1 2 2513
0 34801 1 7 2528
10 34822 1 6 2526
4 34844 1 10 2508
8 34860 1 10 2529
5 34862 1 8 2518
9 34863 1 6 2530
0 34872 1 4 2533
7 34908 1 10 2522
10 34918 1 6 2534
0 34935 1 1 2539
8 34957 1 10 2536
9 34958 1 4 2538
0 34991 1 8 2542
10 35010 1 6 2541
6 35030 1 0 2532
9 35040 1 10 2544
8 35053 1 7 2543
0 35066 1 7 2545
10 35091 1 4 2546
5 35099 1 6 2537
9 35123 1 10 2548
0 35128 1 10 2550
2 35133 1 7 2527
3 35147 1 4 2531
7 35151 1 3 2540
8 35155 1 0 2549
4 35167 1 9 2535
1 35168 1 10 2521
10 35175 1 5 2551
0 35202 1 7 2554
9 35208 1 1 2553
8 35253 1 10 2558
10 35259 1 3 2561
6 35262 1 10 2547
0 35265 1 10 2562
9 35294 1 3 2563
0 35321 1 6 2567
8 35322 1 4 2564
5 35347 1 0 2552
10 35352 1 2 2565
7 35364 1 9 2557
0 35381 1 9 2569
9 35406 1 4 2568
8 35411 1 5 2570
0 35445 1 1 2574
10 35456 1 1 2572
6 35492 1 1 2566
9 35495 1 6 2575
0 35498 1 9 2577
8 35507 1 0 2576
2 35509 1 4 2555
4 35521 1 1 2559
3 35535 1 8 2556
0 35547 1 7 2581
10 35560 1 0 2578
8 35569 1 10 2582
9 35576 1 7 2580
0 35600 1 8 2586
5 35603 1 0 2571
7 35604 1 6 2573
9 35647 1 5 2589
8 35649 1 0 2588
0 35658 1 4 2590
10 35669 1 7 2587
1 35696 1 2 2560
0 35729 1 4 2595
9 35738 1 4 2593
8 35744 1 0 2594
6 35758 1 2 2579
10 35759 1 1 2596
0 35785 1 5 2598
9 35828 1 5 2599
8 35828 1 4 2600
7 35828 1 3 2592
5 35830 1 4 2591
0 35844 1 4 2603
10 35850 1 0 2602
3 35875 1 5 2585
4 35880 1 1 2584
0 35896 1 1 2608
2 35897 1 0 2583
9 35902 1 0 2604
8 35926 1 4 2605
0 35952 1 10 2612
10 35958 1 5 2609
6 35984 1 4 2601
8 36009 1 6 2615
0 36009 1 1 2616
9 36012 1 5 2614
5 36042 1 7 2607
10 36044 1 3 2617
7 36060 1 3 2606
0 36082 1 4 2620
8 36092 1 7 2619
9 36100 1 6 2621
10 36134 1 8 2623
0 36139 1 10 2625
9 36186 1 10 2627
8 36191 1 10 2626
4 36210 1 10 2611
0 36212 1 7 2629
1 36233 1 7 2597
10 36237 1 5 2628
3 36237 1 9 2610
6 36242 1 4 2618
2 36262 1 10 2613
9 36263 1 10 2630
0 36277 1 9 2633
5 36285 1 2 2622
8 36287 1 3 2631
7 36294 1 6 2624
10 36320 1 2 2635
0 36342 1 5 2640
9 36356 1 8 2639
8 36364 1 6 2642
10 36406 1 3 2644
0 36407 1 6 2645
9 36443 1 10 2646
0 36459 1 4 2649
8 36473 1 7 2647
10 36486 1 5 2648
6 36499 1 9 2637
0 36504 1 1 2651
9 36514 1 5 2650
5 36526 1 7 2641
7 36538 1 9 2643
8 36551 1 4 2652
0 36561 1 9 2655
4 36571 1 8 2632
3 36577 1 0 2636
10 36592 1 7 2653
9 36596 1 0 2656
2 36602 1 6 2638
0 36623 1 9 2660
8 36648 1 9 2659
0 36680 1 1 2666
10 36680 1 9 2663
9 36696 1 7 2664
1 36717 1 7 2634
8 36738 1 4 2667
0 36740 1 2 2668
5 36751 1 4 2657
7 36751 1 9 2658
10 36769 1 9 2669
6 36776 1 10 2654
9 36789 1 3 2670
0 36805 1 2 2673
8 36815 1 2 2672
0 36869 1 10 2679
10 36872 1 4 2676
9 36888 1 2 2678
8 36902 1 10 2680
4 36910 1 2 2661
0 36935 1 3 2681
3 36935 1 9 2662
2 36956 1 5 2665
10 36965 1 3 2682
8 36981 1 7 2684
5 36987 1 7 2674
0 36998 1 10 2686
9 37000 1 2 2683
7 37000 1 2 2675
6 37030 1 8 2677
10 37043 1 9 2689
0 37062 1 10 2692
8 37066 1 2 2690
9 37081 1 1 2693
0 37118 1 1 2697
10 37136 1 6 2696
8 37154 1 1 2698
9 37174 1 4 2699
0 37177 1 8 2700
7 37227 1 1 2694
5 37227 1 9 2691
0 37230 1 9 2704
8 37236 1 2 2702
10 37237 1 5 2701
1 37238 1 3 2671
4 37261 1 2 2685
6 37269 1 9 2695
9 37274 1 0 2703
0 37298 1 5 2707
3 37306 1 1 2687
10 37321 1 1 2709
2 37322 1 10 2688
8 37323 1 0 2708
0 37362 1 9 2714
9 37378 1 4 2713
8 37417 1 6 2718
10 37419 1 2 2716
0 37420 1 6 2719
9 37470 1 4 2720
5 37480 1 1 2706
7 37483 1 1 2705
0 37487 1 5 2723
8 37497 1 5 2721
10 37502 1 4 2722
6 37530 1 8 2712
0 37541 1 1 2727
9 37560 1 1 2724
8 37591 1 0 2728
10 37594 1 4 2729
0 37597 1 10 2731
4 37636 1 6 2711
9 37642 1 4 2732
3 37643 1 5 2715
0 37656 1 2 2735
10 37681 1 5 2734
8 37688 1 1 2733
0 37707 1 10 2739
2 37719 1 5 2717
7 37723 1 8 2726
9 37738 1 4 2737
5 37747 1 0 2725
1 37767 1 5 2710
0 37768 1 3 2742
6 37773 1 8 2730
10 37779 1 3 2740
8 37780 1 7 2741
0 37835 1 9 2748
9 37853 1 10 2745
8 37863 1 4 2751
10 37866 1 0 2750
0 37877 1 3 2752
3 37934 1 7 2738
0 37941 1 3 2756
9 37943 1 4 2753
10 37944 1 3 2755
8 37950 1 7 2754
5 37971 1 7 2746
7 37984 1 3 2744
0 37999 1 10 2758
4 38018 1 8 2736
6 38025 1 2 2749
10 38030 1 4 2760
9 38033 1 2 2759
8 38035 1 4 2761
2 38063 1 8 2743
0 38065 1 3 2764
0 38112 1 6 2771
8 38120 1 1 2769
10 38129 1 6 2767
9 38134 1 7 2768
0 38177 1 10 2772
5 38214 1 10 2762
8 38219 1 3 2773
7 38220 1 2 2763
10 38223 1 3 2774
9 38232 1 1 2775
0 38240 1 10 2776
6 38258 1 2 2766
0 38287 1 4 2782
10 38303 1 1 2780
1 38304 1 9 2747
8 38308 1 6 2778
3 38323 1 6 2757
9 38324 1 4 2781
0 38336 1 5 2784
4 38381 1 2 2765
10 38392 1 9 2785
2 38406 1 4 2770
8 38407 1 10 2787
0 38411 1 5 2790
9 38414 1 2 2789
7 38454 1 3 2779
0 38470 1 5 2795
10 38478 1 2 2792
5 38487 1 0 2777
6 38497 1 9 2783
8 38500 1 10 2794
9 38529 1 10 2796
0 38534 1 5 2798
10 38563 1 1 2799
0 38583 1 5 2804
8 38598 1 0 2802
9 38630 1 3 2803
0 38644 1 1 2806
3 38667 1 0 2788
10 38668 1 4 2805
8 38684 1 0 2807
7 38696 1 0 2797
0 38706 1 2 2809
9 38724 1 5 2808
5 38744 1 4 2800
10 38761 1 9 2811
6 38764 1 7 2801
2 38768 1 0 2793
0 38775 1 1 2814
4 38776 1 1 2791
8 38782 1 2 2812
9 38820 1 6 2815
1 38826 1 4 2786
0 38835 1 6 2820
10 38836 1 4 2817
8 38871 1 6 2822
0 38891 1 1 2825
9 38912 1 5 2823
10 38916 1 2 2826
0 38943 1 6 2828
7 38948 1 5 2813
8 38977 1 4 2827
5 38988 1 6 2816
9 38992 1 3 2829
0 38996 1 6 2831
10 38998 1 6 2830
6 39010 1 0 2818
3 39014 1 2 2810
0 39053 1 2 2836
8 39076 1 2 2833
9 39082 1 7 2835
10 39089 1 5 2837
2 39112 1 1 2819
4 39113 1 7 2821
0 39137 1 10 2840
9 39156 1 5 2842
10 39170 1 4 2843
8 39179 1 0 2841
7 39193 1 1 2832
0 39200 1 9 2846
5 39229 1 1 2834
9 39241 1 7 2847
6 39246 1 4 2838
8 39257 1 6 2849
10 39260 1 1 2848
0 39268 1 6 2851
0 39326 1 8 2857
9 39333 1 6 2853
1 39335 1 4 2824
8 39338 1 2 2855
10 39347 1 0 2856
3 39367 1 9 2839
0 39397 1 10 2858
9 39414 1 0 2859
7 39421 1 0 2850
8 39429 1 4 2861
2 39437 1 8 2844
10 39443 1 3 2862
0 39448 1 7 2864
5 39478 1 7 2852
6 39479 1 0 2854
4 39481 1 6 2845
0 39498 1 10 2870
8 39503 1 10 2867
9 39507 1 8 2865
10 39538 1 5 2869
0 39564 1 5 2874
9 39575 1 1 2876
8 39595 1 9 2875
0 39611 1 6 2878
10 39631 1 3 2877
7 39654 1 6 2866
9 39661 1 7 2879
0 39670 1 4 2881
8 39694 1 10 2880
6 39706 1 5 2872
3 39711 1 2 2863
10 39714 1 0 2882
5 39726 1 9 2871
0 39743 1 5 2885
9 39753 1 8 2884
8 39779 1 9 2886
0 39789 1 3 2891
2 39795 1 9 2868
10 39799 1 5 2889
4 39846 1 9 2873
0 39851 1 2 2894
9 39859 1 10 2892
8 39861 1 4 2893
1 39878 1 7 2860
7 39900 1 9 2883
10 39904 1 0 2896
0 39915 1 2 2898
6 39923 1 8 2887
9 39937 1 5 2899
8 39946 1 3 2900
0 39971 1 8 2904
5 39983 1 2 2890
10 39994 1 1 2903
9 40018 1 2 2906
8 40030 1 10 2907
0 40039 1 7 2908
3 40083 1 7 2888
9 40099 1 5 2911
10 40101 1 1 2910
0 40103 1 1 2913
8 40125 1 0 2912
7 40140 1 10 2902
2 40144 1 4 2895
0 40158 1 3 2917
6 40178 1 0 2905
10 40181 1 7 2916
9 40183 1 3 2915
5 40203 1 8 2909
0 40211 1 8 2921
8 40221 1 6 2918
4 40228 1 1 2897
10 40268 1 4 2923
0 40269 1 9 2926
9 40284 1 0 2924
8 40316 1 2 2927
0 40324 1 6 2930
10 40363 1 5 2929
0 40370 1 9 2933
9 40371 1 8 2931
7 40381 1 8 2919
1 40393 1 10 2901
8 40407 1 7 2932
0 40418 1 6 2935
5 40423 1 8 2925
6 40437 1 9 2922
10 40442 1 9 2934
3 40450 1 8 2914
9 40461 1 8 2936
2 40474 1 3 2920
0 40480 1 3 2940
8 40498 1 7 2939
9 40537 1 4 2945
10 40537 1 2 2943
0 40544 1 2 2947
8 40584 1 3 2948
4 40594 1 10 2928
0 40605 1 2 2951
7 40625 1 0 2937
9 40636 1 7 2949
10 40638 1 4 2950
5 40645 1 4 2941
0 40664 1 2 2954
8 40679 1 5 2952
6 40683 1 1 2942
9 40717 1 4 2956
0 40725 1 2 2959
10 40731 1 1 2957
8 40763 1 2 2960
0 40770 1 6 2963
3 40798 1 9 2944
9 40807 1 7 2962
10 40818 1 4 2964
2 40824 1 1 2946
0 40828 1 2 2966
7 40852 1 4 2955
8 40858 1 10 2965
9 40876 1 10 2968
5 40883 1 10 2958
0 40885 1 4 2971
10 40906 1 0 2969
1 40924 1 5 2938
6 40932 1 7 2961
8 40939 1 3 2973
4 40941 1 9 2953
0 40947 1 10 2976
9 40975 1 7 2974
10 40989 1 0 2977
8 41024 1 4 2980
0 41025 1 10 2982
9 41075 1 10 2983
10 41079 1 5 2984
0 41086 1 10 2986
7 41113 1 4 2972
8 41115 1 3 2985
5 41117 1 3 2975
0 41150 1 9 2989
9 41151 1 6 2987
10 41155 1 6 2988
6 41169 1 10 2979
3 41170 1 7 2967
2 41190 1 5 2970
8 41194 1 0 2991
0 41206 1 6 2993
9 41230 1 3 2994
10 41238 1 7 2995
0 41271 1 2 3000
4 41281 1 7 2981
8 41288 1 10 2999
9 41320 1 4 3001
10 41333 1 2 3002
5 41335 1 9 2992
0 41336 1 1 3003
7 41359 1 5 2990
8 41389 1 10 3005
6 41397 1 1 2996
0 41397 1 1 3009
10 41407 1 6 3007
9 41408 1 8 3006
0 41449 1 7 3013
1 41464 1 2 2978
8 41481 1 5 3011
3 41490 1 1 2997
10 41501 1 5 3014
9 41513 1 7 3015
0 41516 1 3 3016
2 41532 1 10 2998
0 41561 1 9 3022
8 41567 1 2 3018
10 41581 1 8 3020
5 41582 1 2 3008
9 41598 1 10 3021
4 41599 1 10 3004
7 41606 1 4 3010
0 41611 1 4 3024
6 41628 1 8 3012
8 41663 1 7 3025
0 41673 1 9 3031
10 41676 1 0 3026
9 41698 1 3 3028
0 41732 1 7 3034
8 41752 1 6 3033
10 41778 1 4 3035
0 41798 1 6 3037
9 41799 1 2 3036
5 41841 1 4 3027
8 41846 1 9 3038
3 41852 1 1 3019
6 41856 1 2 3032
10 41862 1 0 3039
7 41865 1 4 3030
0 41869 1 5 3040
2 41872 1 7 3023
9 41896 1 6 3041
0 41930 1 4 3048
8 41939 1 9 3043
10 41942 1 2 3046
4 41963 1 6 3029
1 41981 1 7 3017
9 41991 1 7 3050
0 41999 1 6 3051
8 42012 1 5 3052
10 42031 1 6 3053
0 42055 1 6 3057
9 42062 1 8 3056
5 42086 1 9 3042
6 42098 1 3 3045
8 42103 1 6 3058
10 42104 1 7 3059
7 42113 1 1 3047
0 42125 1 8 3060
9 42151 1 7 3061
0 42191 1 7 3067
8 42196 1 6 3064
3 42206 1 5 3044
10 42213 1 0 3065
9 42238 1 3 3068
0 42245 1 2 3069
2 42269 1 8 3049
8 42282 1 2 3070
5 42303 1 9 3062
10 42304 1 4 3072
0 42306 1 7 3074
9 42319 1 7 3073
6 42341 1 1 3063
7 42341 1 2 3066
8 42361 1 1 3076
0 42366 1 1 3079
4 42368 1 1 3054
10 42381 1 8 3078
9 42412 1 5 3080
0 42425 1 3 3084
1 42439 1 7 3055
8 42449 1 10 3083
10 42472 1 1 3086
0 42479 1 4 3088
9 42520 1 5 3087
0 42529 1 4 3092
8 42533 1 1 3090
6 42554 1 5 3081
5 42554 1 10 3077
10 42558 1 3 3091
7 42564 1 8 3082
3 42574 1 7 3071
0 42580 1 1 3094
9 42623 1 7 3093
8 42625 1 7 3095
2 42628 1 9 3075
10 42639 1 9 3098
0 42643 1 2 3101
0 42698 1 5 3106
9 42704 1 4 3102
10 42729 1 7 3105
8 42735 1 1 3103
4 42747 1 8 3085
0 42766 1 9 3107
6 42780 1 5 3096
7 42784 1 0 3099
5 42799 1 2 3097
9 42803 1 3 3108
8 42807 1 1 3110
10 42809 1 6 3109
0 42835 1 2 3112
8 42880 1 0 3117
10 42892 1 6 3118
0 42897 1 2 3119
9 42908 1 3 3116
3 42930 1 9 3100
0 42966 1 9 3122
8 42985 1 1 3120
1 42986 1 2 3089
9 42989 1 4 3123
10 42996 1 6 3121
2 43000 1 6 3104
7 43012 1 6 3114
6 43017 1 5 3113
0 43028 1 1 3125
5 43044 1 0 3115
8 43068 1 2 3126
0 43082 1 3 3133
9 43088 1 0 3128
10 43090 1 3 3129
4 43141 1 1 3111
0 43143 1 5 3136
8 43168 1 9 3135
10 43174 1 8 3138
9 43180 1 10 3137
