0.015721
0.126508
0.129781
0.124253
0.122057
0.136341
0.132665
0.126576
0.125521
0.134946
0.119716
0.124364
0.126398
0.119151
0.125367
0.131814
0.125971
0.108075
0.112945
0.112926
0.1308
0.126545
0.126515
0.114633
0.120596
0.118015
0.087025
0.090076
0.111345
0.122966
0.090967
0.096138
0.087884
0.099488
0.096651
0.088108
0.087687
0.095682
0.102331
0.099582
0.088942
0.084703
0.087636
0.08871
0.09208
0.098359
0.089197
0.100733
0.139129
0.141378
0.169206
0.153506
0.124131
0.128416
0.106937
0.017329
0.009738
0.008672
0.108036
0.015127
0.119532
0.126704
0.137838
0.125567
0.093328
0.120494
0.105043
0.119849
0.099003
0.096561
0.114858
0.105972
0.123275
0.096171
0.014878
0.111974
0.117676
0.125218
0.11417
0.117099
0.084524
0.114434
0.080437
0.117166
0.090103
0.073659
0.083162
0.090335
0.092959
0.088022
0.084725
0.091677
0.089543
0.08847
0.094169
0.102532
0.097212
0.0931
0.086816
0.088398
0.094126
0.091383
0.087326
0.086722
0.100683
0.118296
0.083047
0.088878
0.110729
0.104752
0.093135
0.104026
0.084765
0.099563
0.101729
0.08549
0.0834
0.011722
0.093679
0.010898
0.013446
0.112092
0.010895
0.0097
0.012884
0.098898
0.093162
0.089567
0.013837
0.009555
0.011789
0.095044
0.10455
0.099136
0.090443
0.095481
0.095605
0.097562
0.098288
0.105847
0.074336
0.083031
0.122761
0.097318
0.103556
0.107628
0.109666
0.111337
0.099252
0.09877
0.102633
0.076138
0.105628
0.10581
0.103626
0.098633
0.07481
0.078157
0.093132
0.009457
0.010931
0.09394
0.089746
0.095843
0.09516
0.103393
0.105349
0.095051
0.097927
0.097199
0.116339
0.106146
0.1024
0.110529
0.109304
0.113478
0.109609
0.093196
0.105547
0.009867
0.010559
0.012272
0.009946
0.011565
0.104178
0.012391
0.012076
0.091583
0.08967
0.10507
0.09954
0.010806
0.010788
0.01114
0.013845
0.101802
0.014156
0.118468
0.076701
0.079743
0.082874
0.075065
0.01159
0.010258
0.088554
0.108177
0.086585
0.009601
0.086382
0.109877
0.009233
0.009597
0.078254
0.084446
0.110823
0.082757
0.122818
0.087904
0.124614
0.143001
0.086327
0.109531
0.118933
0.082962
0.09291
0.090884
0.085744
0.096364
0.087432
0.099458
0.097079
0.085506
0.101663
0.084436
0.101004
0.107009
0.097996
0.104882
0.107007
0.106297
0.095745
0.104328
0.108511
0.099656
0.122713
0.015378
0.014708
0.016658
0.121782
0.01229
0.013116
0.107812
0.106955
0.109451
0.08831
0.081016
0.109584
0.093803
0.103661
0.091979
0.098208
0.097211
0.092292
0.116429
0.088889
0.115302
0.096254
0.12372
0.115223
0.112893
0.121246
0.088033
0.115471
0.082034
0.086559
0.100733
0.093871
0.080858
0.040395
0.027962
0.026175
0.023777
0.0024
0.002659
0.002414
0.002465
0.019984
0.021649
0.027647
0.025915
0.022955
0.022071
0.02203
0.025696
0.002958
0.002676
0.002771
0.00271
0.002467
0.002942
0.002763
0.003009
0.003265
0.025077
0.029234
0.030733
0.026134
0.028709
0.027095
0.027704
0.002377
0.002494
0.002704
0.002259
0.003475
0.027396
0.029699
0.027145
0.029401
0.025568
0.026171
0.025125
0.024119
0.025289
0.026056
0.020745
0.024266
0.024295
0.025186
0.021217
0.021953
0.022545
0.020859
0.018867
0.020326
0.022333
0.027575
0.02192
0.003251
0.026501
0.030105
0.029483
0.021579
0.02569
0.024311
0.022199
0.022953
0.025029
0.02402
0.022241
0.022555
0.023099
0.02246
0.027106
0.002814
0.003104
0.003567
0.002684
0.023629
0.025395
0.02689
0.025077
0.02655
0.025875
0.029407
0.027383
0.027969
0.027335
0.025496
0.025992
0.002619
0.002814
0.00317
0.003056
0.002766
0.002097
0.002674
0.022511
0.022765
0.026762
0.025197
0.026109
0.003284
0.025901
0.026677
0.024306
0.028517
0.026357
0.023388
0.027672
0.027752
0.024124
0.025287
0.023352
0.022852
0.022695
0.024816
0.022789
0.022242
0.023887
0.025029
0.024356
0.017966
0.02028
0.029221
0.026895
0.019586
0.025561
0.024037
0.027214
0.031445
0.024121
0.027488
0.022374
0.003289
0.002941
0.002406
0.022112
0.027148
0.02355
0.02365
0.020266
0.026491
0.002739
0.003256
0.002541
0.003
0.003058
0.0033
0.002233
0.002993
0.027375
0.024366
0.002181
0.002489
0.002543
0.00259
0.003212
0.026984
0.026277
0.019274
0.018585
0.020319
0.028944
0.030956
0.021673
0.02872
0.029802
0.027831
0.028599
0.024217
0.030153
0.025568
0.0239
0.027163
0.029095
0.027587
0.027304
0.032919
0.033648
0.021476
0.024121
0.029002
0.030696
0.030062
0.027265
0.026523
0.028543
0.026421
0.028052
0.025671
0.026794
0.003492
0.003176
0.003577
0.003877
0.030852
0.028118
0.031995
0.031563
0.030079
0.032596
0.033238
0.033334
0.026432
0.027549
0.029308
0.029473
0.029426
0.019825
0.022764
0.030113
0.030288
0.028736
0.029591
0.022512
0.025174
0.020634
0.025071
0.019673
0.02879
0.02994
0.022031
0.030623
0.027679
0.029335
0.024029
0.027837
0.027428
0.027269
0.026327
0.025512
0.027019
0.02546
0.024997
0.026214
0.024093
0.025098
0.026217
0.02591
0.025892
0.026403
0.027164
0.023372
0.024571
0.002869
0.002487
0.003172
0.02757
0.002581
0.003273
0.003376
0.004019
0.031161
0.030607
0.029196
0.033111
0.029001
0.023549
0.02468
0.025326
0.028002
0.028089
0.02722
0.029612
0.032401
0.025105
0.024772
0.002106
0.002254
0.002773
0.003508
0.027603
0.03572
0.03835
0.03397
0.026331
0.03469
0.034085
0.03469
0.045627
0.044215
0.036637
0.043955
0.045299
0.043664
0.005182
0.01666
0.009871
0.009341
0.004779
0.004701
0.053367
0.005938
0.005532
0.041301
0.036534
0.041634
0.040483
0.005067
0.004265
0.039916
0.006227
0.049583
0.040641
0.027607
0.042917
0.069029
0.0613
0.05566
0.062661
0.0119
0.108724
0.022482
0.130328
0.004409
0.013487
0.100846
0.102046
0.052214
0.003908
0.006424
0.052378
0.099827
0.006086
0.050128
0.074425
0.065176
0.031643
0.031623
0.053234
0.049835
0.048566
0.032049
0.034017
0.0306
0.02822
0.037965
0.035296
0.040874
0.041567
0.048874
0.033271
0.035819
0.032883
0.034121
0.029178
0.034715
0.035579
0.033608
0.02832
0.003183
0.029039
0.028891
0.002681
0.042367
0.005351
0.044133
0.004527
0.036851
0.00427
0.005325
0.04105
0.00514
0.004767
0.005256
0.004589
0.038162
0.00369
0.03403
0.003725
0.003075
0.004002
0.003684
0.033633
0.02886
0.031224
0.029334
0.003668
0.003265
0.003175
0.00532
0.003156
0.02206
0.003216
0.003955
0.029007
0.029263
0.038318
0.036128
0.051627
0.053283
0.033433
0.038224
0.040945
0.045539
0.050643
0.028604
0.028853
0.028153
0.03666
0.033198
0.031745
0.031557
0.032873
0.031543
0.03342
0.030368
0.027988
0.027085
0.023909
0.022157
0.02447
0.023153
0.002728
0.002839
0.023485
0.025623
0.027192
0.033213
0.033083
0.02088
0.027601
0.003474
0.027596
0.002708
0.002724
0.023826
0.002916
0.002683
0.002458
0.00316
0.002744
0.024783
0.00275
0.002407
0.003865
0.002397
0.002965
0.00311
0.003707
0.004653
0.006563
0.045651
0.047771
0.00519
0.043427
0.043524
0.046227
0.058203
0.005146
0.038569
0.040808
0.004129
0.037633
0.034024
0.040204
0.003736
0.002756
0.003042
0.003314
0.006013
0.049517
0.057379
0.04264
0.034519
0.031145
0.032548
0.035801
0.034658
0.037227
0.03143
0.051099
0.034168
0.040594
0.035399
0.030041
0.032066
0.03145
0.025628
0.035276
0.027623
0.044157
0.129403
0.184161
0.023076
0.025601
0.200909
0.216447
0.021041
0.019928
0.025652
0.0204
0.255415
0.284104
0.215015
0.226887
0.166539
0.073847
0.009345
0.007266
0.008276
0.049294
0.03171
0.00528
0.030534
0.037948
0.037527
0.033987
0.050578
0.004983
0.00606
0.005339
0.00652
0.0525
0.00359
0.003375
0.004347
0.037425
0.052736
0.034519
0.028081
0.033753
0.029172
0.031813
0.026275
0.037118
0.027594
0.035537
0.003371
0.028773
0.030776
0.02691
0.037846
0.005443
0.00384
0.004801
0.003247
0.028086
0.030053
0.032712
0.03159
0.036531
0.027918
0.02728
0.028123
0.026609
0.030339
0.032844
0.042157
0.038181
0.028701
0.030302
0.033233
0.044537
0.027314
0.031756
0.033506
0.02947
0.034914
0.029582
0.029787
0.045407
0.048295
0.051815
0.056074
0.09842
0.209659
0.187121
0.239805
0.15379
0.088413
0.078617
0.1411
0.188268
0.198498
0.229698
0.0257
0.017609
0.138538
0.064959
0.036922
0.006039
0.004522
0.038873
0.003175
0.004126
0.031999
0.030096
0.040945
0.028836
0.024804
0.030095
0.036593
0.046964
0.037654
0.033951
0.028218
0.03361
0.031715
0.031031
0.037213
0.037783
0.031864
0.002849
0.004893
0.033176
0.028991
0.004766
0.002891
0.028006
0.036345
0.038614
0.044909
0.005563
0.04799
0.050681
0.004507
0.005042
0.044337
0.039952
0.03292
0.031663
0.032395
0.029348
0.037767
0.037941
0.042911
0.043327
0.036296
0.032003
0.03187
0.029701
0.034092
0.038939
0.023635
0.039678
0.037527
0.031492
0.026431
0.026775
0.026716
0.035767
0.046567
0.059567
0.047561
0.045308
0.040487
0.038405
0.032252
0.027448
0.029694
0.038553
0.040776
0.026888
0.038131
0.041055
0.03562
0.039615
0.040009
0.05356
0.05221
0.243338
0.230468
0.230479
0.227239
0.066132
0.034338
0.030995
0.029515
0.035438
0.003932
0.043093
0.042938
0.043947
0.044157
0.037526
0.004891
0.005745
0.005207
0.005957
0.048964
0.003687
0.006073
0.003999
0.034943
0.029479
0.005623
0.037777
0.031799
0.041132
0.036801
0.02813
0.036652
0.041628
0.048287
0.041431
0.034016
0.037131
0.027657
0.034759
0.035142
0.027829
0.023818
0.026679
0.031425
0.035148
0.034004
0.028316
0.030056
0.036266
0.041654
0.042217
0.031091
0.037853
0.032682
0.032677
0.03803
0.033789
0.033627
0.027675
0.004064
0.028602
0.025178
0.003424
0.035432
0.005001
0.035283
0.033719
0.046316
0.034114
0.033781
0.029805
0.040967
0.033384
0.02726
0.028746
0.03344
0.036239
0.036506
0.042459
0.048197
0.039027
0.033665
0.03695
0.040965
0.056358
0.051225
0.042185
0.036704
0.005123
0.005036
0.004099
0.003518
0.006032
0.048241
0.00436
0.003518
0.005241
0.044989
0.004669
0.003496
0.028859
0.040973
0.004339
0.003231
0.043358
0.038032
0.03804
0.029301
0.035871
0.004676
0.00487
0.004411
0.032606
0.003269
0.030974
0.003181
0.00287
0.028226
0.003663
0.002799
0.002505
0.003327
0.00365
0.002422
0.003602
0.034064
0.029595
0.049862
0.035615
0.040497
0.048933
0.04539
0.048737
0.039205
0.033435
0.032422
0.023301
0.026341
0.026504
0.003354
0.002287
0.003996
0.003215
0.003455
0.002485
0.003844
0.037954
0.033426
0.003994
0.037745
0.060288
0.183552
0.161052
0.200295
0.020819
0.020388
0.017228
0.024096
0.233005
0.229293
0.35881
0.319171
0.328202
0.328254
0.314141
0.314717
0.197953
0.197596
0.179949
0.185226
0.221818
0.164081
0.192785
0.262542
0.262644
0.108331
0.05501
0.067659
0.059777
0.027774
0.003065
0.003257
0.002922
0.003316
0.0031
0.004001
0.03268
0.004315
0.028069
0.003674
0.004196
0.002794
0.040187
0.003895
0.005601
0.04274
0.042333
0.005523
0.041016
0.033382
0.039994
0.041164
0.004117
0.050681
0.039339
0.037909
0.035263
0.046736
0.043166
0.029592
0.028773
0.034561
0.041209
0.04726
0.03829
0.029459
0.032924
0.033306
0.034531
0.00327
0.002599
0.030782
0.004579
0.004205
0.02995
0.035845
0.039834
0.004862
0.035026
0.026923
0.004075
0.011213
0.006181
0.005403
0.006152
0.039365
0.056717
0.004219
0.005259
0.006322
0.044373
0.041264
0.004849
0.038261
0.041381
0.037027
0.035994
0.00369
0.046657
0.005177
0.004655
0.006147
0.061785
0.003859
0.002644
0.002747
0.003896
0.003732
0.002884
0.005241
0.031457
0.026971
0.037671
0.040503
0.029148
0.044704
0.030762
0.034341
0.027561
0.003046
0.002494
0.002609
0.003231
0.002411
0.002777
0.004767
0.030825
0.03048
0.026181
0.002943
0.002581
0.002683
0.003272
0.028895
0.02726
0.036052
0.028317
0.028247
0.027226
0.024811
0.003963
0.030932
0.024688
0.035081
0.021756
0.003399
0.003433
0.00376
0.003577
0.003289
0.035523
0.025153
0.034894
0.02873
0.03078
0.033309
0.006204
0.005283
0.006295
0.042451
0.035316
0.025657
0.032058
0.0036
0.003997
0.004402
0.040196
0.031751
0.032936
0.031215
0.033569
0.028602
0.033259
0.032712
0.02375
0.039693
0.031553
0.035056
0.035539
0.024519
0.021866
0.02529
0.045959
0.031043
0.04867
0.034047
0.029504
0.028415
0.024942
0.03214
0.025373
0.030325
0.043624
0.026088
0.029976
0.024273
0.024908
0.03173
0.029528
0.027247
0.028493
0.032754
0.023911
0.023823
0.003474
0.02893
0.027486
0.003473
0.002927
0.004263
0.002351
0.003056
0.027226
0.040885
0.004981
0.005079
0.006793
0.050124
0.02424
0.030075
0.03045
0.00436
0.036045
0.033042
0.004352
0.035727
0.025379
0.041918
0.027118
0.029515
0.035696
0.003217
0.004073
0.004074
0.004546
0.003953
0.002782
0.004825
0.046835
0.003029
0.029694
0.00405
0.042752
0.024814
0.038178
0.038608
0.034417
0.029587
0.039776
0.046432
0.044496
0.042006
0.042974
0.039555
0.038156
0.034509
0.043248
0.047299
0.03498
0.045896
0.004867
0.035273
0.037103
0.031358
0.026611
0.02534
0.029551
0.034773
0.004975
0.005197
0.00399
0.042167
0.03564
0.006301
0.038754
0.049571
0.033119
0.030772
0.036058
0.040572
0.033303
0.032232
0.041913
0.039392
0.046463
0.039728
0.063187
0.049709
0.050037
0.047736
0.044879
0.051521
0.045219
0.030765
0.003572
0.003657
0.002957
0.004001
0.030447
0.003373
0.002922
0.003755
0.038007
0.00516
0.003046
0.002615
0.021524
0.022502
0.003869
0.004137
0.036166
0.025545
0.032967
0.029205
0.038881
0.057698
0.035267
0.035128
0.034482
0.033201
0.004042
0.003339
0.005566
0.003694
0.003585
0.044777
0.036421
0.002736
0.004126
0.035972
0.040929
0.046204
0.004938
0.005002
0.05177
0.051207
0.004123
0.004845
0.00405
0.003118
0.004229
0.035018
0.038548
0.043968
0.04253
0.035111
0.038024
0.038377
0.003388
0.003287
0.002749
0.003656
0.02785
0.029706
0.034939
0.041365
0.041908
0.051134
0.045616
0.005802
0.004392
0.006457
0.051906
0.030617
0.031128
0.035754
0.004979
0.045799
0.030486
0.042692
0.038176
0.03741
0.046679
0.046953
0.034428
0.032747
0.035004
0.031418
0.03523
0.031637
0.035378
0.032315
0.028174
0.031775
0.029059
0.029437
0.003152
0.00319
0.003037
0.003651
0.004375
0.005659
0.003536
0.028065
0.025171
0.027384
0.03004
0.028884
0.03235
0.031038
0.035712
0.047492
0.04197
0.040433
0.041624
0.004658
0.006402
0.036156
0.004351
0.00532
0.002432
0.003311
0.003425
0.036614
0.042024
0.041502
0.02998
0.031971
0.038505
0.032973
0.068425
0.044219
0.0666
0.008925
0.065381
0.051293
0.034441
0.044913
0.041925
0.034863
0.03672
0.055791
0.054457
0.038893
0.037541
0.032238
0.031292
0.005839
0.045417
0.054933
0.046939
0.034444
0.003753
0.004199
0.0041
0.003735
0.004069
0.004683
0.004725
0.00278
0.025032
0.026116
0.040762
0.036815
0.038569
0.038991
0.039873
0.033145
0.042191
0.042383
0.052907
0.042668
0.003391
0.004008
0.004191
0.036798
0.036554
0.045597
0.041069
0.048605
0.039997
0.036741
0.005819
0.004953
0.004664
0.005896
0.004608
0.041091
0.004407
0.040017
0.047999
0.039797
0.046714
0.045274
0.039665
0.035942
0.044373
0.052556
0.003943
0.00539
0.007052
0.046368
0.053661
0.044339
0.049427
0.074802
0.057349
0.045316
0.038597
0.052673
0.056765
0.059178
0.064496
0.057647
0.039795
0.063968
0.065433
0.054123
0.052192
0.049677
0.056217
0.057095
0.049227
0.042216
0.036791
0.087754
0.098216
0.007317
0.004113
0.008596
0.098524
0.080349
0.079457
0.081872
0.065424
0.0687
0.07395
0.0893
0.09539
0.124839
0.072709
0.069511
0.129959
0.098686
0.069508
0.095252
0.091847
0.10956
0.072284
