0.00073
0.000828
0.001783
0.000668
0.000859
0.000621
0.00073
0.000687
0.000916
0.000795
0.000671
0.000706
0.000586
0.000669
0.001498
0.000595
0.000524
0.000586
0.001356
0.000623
0.001343
0.003273
0.003681
0.000516
0.000475
0.00048
0.000563
0.000491
0.000562
0.000494
0.000498
0.000539
0.000541
0.000576
0.001436
0.000504
0.000569
0.000458
0.000469
0.000501
0.000591
0.000491
0.00048
0.000512
0.001267
0.00046
0.000467
0.000494
0.000519
0.00132
0.001254
0.00115
0.00047
0.000432
0.000443
0.000495
0.000504
0.000447
0.000451
0.000439
0.000476
0.001263
0.000462
0.000448
0.001187
0.000478
0.001154
0.000464
0.000479
0.00041
0.000398
0.000405
0.000412
0.000476
0.00042
0.001151
0.000434
0.000456
0.000423
0.000418
0.000434
0.000391
0.000405
0.000434
0.000421
0.000405
0.000392
0.000385
0.000387
0.000412
0.000384
0.000388
0.000425
0.00041
0.000401
0.000398
0.000466
0.000385
0.001069
0.00039
0.000432
0.000405
0.000396
0.000378
0.000431
0.000365
0.000372
0.000924
0.001051
0.000408
0.000379
0.000431
0.000386
0.000961
0.000399
0.000433
0.000425
0.000393
0.00038
0.000416
0.000394
0.00039
0.000976
0.000381
0.000354
0.000336
0.000961
0.000902
0.000479
0.000366
0.000355
0.00042
0.000344
0.000358
0.000368
0.000398
0.000443
0.000377
0.000353
0.000355
0.000398
0.000349
0.000385
0.000378
0.00035
0.000379
0.000914
0.00094
0.002111
0.000345
0.000339
0.00033
0.000361
0.000399
0.000345
0.000323
0.000341
0.000842
0.000326
0.000371
0.000338
0.000367
0.000327
0.000877
0.000327
0.000318
0.000322
0.000812
0.000859
0.000327
0.000323
0.00033
0.000311
0.000315
0.000306
0.000324
0.000385
0.000326
0.000338
0.000312
0.000315
0.00035
0.000347
0.000868
0.000309
0.000819
0.001874
0.00031
0.000354
0.000306
0.000312
0.000315
0.000829
0.000321
0.000305
0.00031
0.0003
0.000314
0.000311
0.000335
0.000301
0.000838
0.00033
0.000314
0.000336
0.000302
0.000297
0.000305
0.000291
0.000307
0.000292
0.000299
0.000317
0.000317
0.000318
0.00088
0.000335
0.000297
0.000307
0.000317
0.000837
0.000321
0.000311
0.000297
0.0003
0.000286
0.00033
0.000301
0.000305
0.000299
0.00031
0.000308
0.00027
0.000278
0.000275
0.000311
0.000276
0.000305
0.000756
0.000791
0.000287
0.000295
0.000308
0.000287
0.00031
0.00029
0.000291
0.000332
0.000315
0.000295
0.000274
0.000289
0.000283
0.000286
0.000287
0.000278
0.000326
0.000303
0.000283
0.000308
0.00031
0.000277
0.000284
0.000744
0.000281
0.000307
0.000288
0.0003
0.000304
0.000779
0.000282
0.000702
0.000718
0.000297
0.000271
0.000297
0.000283
0.000282
0.000755
0.000788
0.000266
0.000327
0.000279
0.000278
0.000351
0.000771
0.000791
0.000263
0.000259
0.00027
0.000293
0.000266
0.000669
0.000289
0.000272
0.00029
0.000295
0.000264
0.000301
0.000306
0.000266
0.000259
0.000266
0.000256
0.000289
0.000725
0.000263
0.000266
0.000265
0.000244
0.000253
0.000247
0.000298
0.000735
0.001526
0.000285
0.000243
0.000244
0.000241
0.00029
0.000247
0.000257
0.000258
0.000654
0.000256
0.000257
0.000328
0.000252
0.000252
0.000292
0.000675
0.000638
0.000678
0.000251
0.000241
0.000238
0.000272
0.000258
0.000269
0.000265
0.000246
0.000255
0.000278
0.000266
0.000275
0.000265
0.000262
0.000656
0.000264
0.00061
0.000274
0.00025
0.00025
0.000238
0.000252
0.000268
0.000251
0.000254
0.000249
0.000236
0.000256
0.000271
0.000304
0.000658
0.000253
0.000236
0.000255
0.000624
0.000239
0.00026
0.000258
0.000255
0.000249
0.000612
0.000243
0.000252
0.000262
0.000239
0.000262
0.000679
0.000299
0.000255
0.000232
0.000269
0.000235
0.000249
0.000259
0.000669
0.000245
0.00024
0.000252
0.000234
0.000263
0.000269
0.000241
0.000247
0.000266
0.000276
0.000268
0.00026
0.000264
0.000281
0.00063
0.000245
0.000244
0.000254
0.000243
0.000246
0.000283
0.000684
0.001415
0.000255
0.000286
0.000274
0.00066
0.00024
0.000236
0.000242
0.000249
0.000663
0.000259
0.000248
0.000224
0.000257
0.000276
0.000607
0.000259
0.000243
0.000236
0.000263
0.000639
0.000255
0.000269
0.00027
0.000279
0.000229
0.000247
0.000634
0.000241
0.000263
0.00067
0.000228
0.000225
0.00023
0.000295
0.000652
0.000247
0.000244
0.000253
0.000251
0.000249
0.000234
0.000236
0.000254
0.000263
0.00026
0.000643
0.000242
0.000256
0.000259
0.000233
0.000231
0.000665
0.000684
0.000306
0.000248
0.000268
0.000281
0.000246
0.00026
0.000259
0.000259
0.000252
0.000629
0.000261
0.000259
0.000258
0.00028
0.00068
0.001509
0.000269
0.000638
0.000259
0.000227
0.000232
0.000238
0.00024
0.000627
0.000251
0.000234
0.000233
0.000234
0.000252
0.000229
0.000236
0.000249
0.000236
0.000278
0.000276
0.000265
0.000647
0.000257
0.000276
0.000676
0.000652
0.000231
0.000236
0.000274
0.000235
0.000259
0.000639
0.00024
0.000263
0.000279
0.000255
0.000245
0.000277
0.000271
0.000304
0.000253
0.000278
0.000242
0.000282
0.000699
0.000276
0.000639
0.000265
0.000263
0.00024
0.000613
0.000652
0.000689
0.000232
0.00026
0.000225
0.000244
0.000275
0.000638
0.000631
0.000241
0.000249
0.000222
0.000234
0.000249
0.000253
0.000693
0.000244
0.000247
0.000257
0.000587
0.00132
0.000242
0.000334
0.000247
0.00025
0.000627
0.001447
0.000269
0.000258
0.000247
0.000246
0.000261
0.000267
0.000613
0.000253
0.000231
0.000256
0.000242
0.000612
0.000602
0.001325
0.000618
0.000628
0.000231
0.000229
0.000234
0.000247
0.000254
0.00026
0.000252
0.000249
0.000253
0.000273
0.000282
0.000258
0.000279
0.000243
0.000272
0.000272
0.000239
0.00026
0.00029
0.000257
0.000238
0.000252
0.000255
0.000262
0.000258
0.000256
0.000237
0.000263
0.00025
0.000239
0.000247
0.00061
0.000247
0.000291
0.000262
0.000252
0.000289
0.000676
0.000617
0.000252
0.000263
0.000245
0.000275
0.000652
0.00024
0.000233
0.000265
0.000662
0.001436
0.001503
0.000279
0.000626
0.000284
0.000244
0.000226
0.000241
0.000267
0.000231
0.000251
0.000653
0.00025
0.000238
0.000247
0.000237
0.000226
0.000257
0.000237
0.000241
0.000244
0.000264
0.000653
0.0003
0.000239
0.000251
0.000256
0.000252
0.000252
0.000238
0.000232
0.000247
0.000268
0.000283
0.000264
0.000244
0.000636
0.000262
0.00068
0.000275
0.000632
0.000247
0.000225
0.000598
0.000681
0.000291
0.000643
0.000272
0.000258
0.000638
0.001392
0.001395
0.000263
0.000255
0.000616
0.000246
0.000234
0.000228
0.000234
0.000249
0.000248
0.000256
0.000241
0.000267
0.000267
0.000258
0.000261
0.000237
0.000257
0.000247
0.00026
0.00026
0.00063
0.000669
0.000265
0.000245
0.000642
0.000237
0.000237
0.000225
0.00027
0.000245
0.000244
0.000632
0.000284
0.000258
0.000222
0.000255
0.000236
0.000244
0.000274
0.000267