arrivalFloor arrivalTime partySize destinationFloor clientID
0 64 1 6 1
9 79 1 7 10
8 81 1 2 9
10 88 1 0 11
0 136 1 9 12
9 175 1 10 13
10 183 1 5 15
8 188 1 1 14
0 199 1 6 16
7 224 1 4 8
6 226 1 3 7
9 248 1 2 17
5 257 1 0 6
0 261 1 4 20
10 273 1 6 18
8 279 1 1 19
0 326 1 8 25
9 339 1 2 23
3 347 1 7 4
2 353 1 7 3
8 366 1 6 27
10 370 1 0 26
4 376 1 0 5
0 396 1 1 28
10 429 1 0 33
9 432 1 0 29
0 440 1 10 35
7 444 1 0 21
8 452 1 9 32
6 469 1 0 22
5 490 1 6 24
0 516 1 5 38
10 522 1 4 36
9 527 1 6 37
1 531 1 2 2
8 538 1 3 40
0 569 1 9 43
10 612 1 2 44
9 632 1 5 45
8 634 1 0 47
0 648 1 1 48
7 694 1 8 39
10 703 1 0 49
0 706 1 3 52
6 716 1 1 41
3 717 1 5 30
8 720 1 2 51
2 723 1 9 31
9 724 1 1 50
5 758 1 7 42
4 759 1 9 34
0 760 1 6 55
10 790 1 8 54
8 808 1 1 58
0 819 1 2 63
9 822 1 10 60
0 883 1 3 66
10 888 1 9 64
9 894 1 7 67
8 897 1 3 65
7 917 1 5 53
0 945 1 7 68
10 969 1 5 69
6 969 1 9 56
8 979 1 4 71
5 987 1 3 61
0 996 1 5 73
1 999 1 0 46
9 1004 1 1 70
10 1051 1 3 74
0 1058 1 4 78
8 1083 1 0 76
4 1089 1 0 62
9 1098 1 6 80
3 1100 1 2 57
0 1103 1 9 82
2 1125 1 10 59
10 1151 1 0 81
8 1155 1 2 83
0 1159 1 8 87
7 1176 1 9 72
9 1177 1 0 85
5 1211 1 2 77
6 1218 1 4 75
0 1222 1 7 91
8 1246 1 5 90
10 1253 1 7 89
9 1265 1 8 93
0 1281 1 7 96
8 1326 1 9 97
0 1335 1 4 100
10 1346 1 1 98
9 1367 1 0 99
0 1387 1 3 102
8 1424 1 4 101
7 1431 1 4 92
0 1437 1 8 105
10 1443 1 7 103
5 1453 1 1 94
4 1456 1 8 84
9 1459 1 5 104
6 1459 1 1 95
3 1473 1 2 86
0 1479 1 9 108
1 1491 1 0 79
2 1503 1 0 88
8 1520 1 0 106
10 1528 1 2 109
9 1537 1 10 112
0 1539 1 9 115
0 1594 1 8 121
8 1608 1 10 118
10 1615 1 0 119
9 1642 1 4 120
0 1654 1 8 122
10 1691 1 4 124
7 1691 1 2 107
6 1692 1 8 113
8 1698 1 10 123
5 1713 1 4 110
0 1719 1 9 126
9 1730 1 1 125
0 1775 1 8 132
10 1776 1 2 127
8 1795 1 7 130
9 1809 1 2 133
3 1824 1 10 114
4 1826 1 8 111
0 1834 1 6 134
10 1851 1 8 135
2 1872 1 3 117
0 1884 1 6 140
8 1885 1 7 136
9 1896 1 2 137
6 1927 1 9 129
7 1946 1 4 128
10 1950 1 1 141
0 1951 1 5 143
5 1967 1 9 131
9 1972 1 1 145
8 1979 1 6 144
1 1995 1 6 116
0 2015 1 9 149
10 2038 1 4 148
9 2056 1 4 151
8 2074 1 6 152
0 2082 1 2 154
10 2130 1 7 155
9 2135 1 6 156
0 2158 1 3 158
8 2173 1 4 157
6 2183 1 0 146
7 2188 1 8 147
3 2196 1 0 138
10 2213 1 4 159
4 2222 1 8 139
0 2225 1 2 161
5 2229 1 3 150
9 2232 1 4 160
2 2239 1 3 142
8 2262 1 9 162
0 2288 1 3 168
10 2321 1 8 166
9 2332 1 6 170
0 2345 1 9 173
8 2360 1 0 172
10 2413 1 6 174
0 2415 1 2 176
9 2426 1 7 175
7 2435 1 5 164
8 2450 1 3 177
6 2454 1 9 163
0 2476 1 4 179
1 2477 1 5 153
5 2478 1 9 169
10 2503 1 0 178
0 2529 1 9 184
9 2532 1 4 180
4 2548 1 7 167
3 2548 1 1 165
8 2551 1 5 182
10 2584 1 8 187
0 2590 1 9 188
2 2608 1 8 171
9 2628 1 1 189
8 2629 1 1 192
7 2658 1 3 181
0 2659 1 4 194
10 2673 1 5 193
8 2705 1 6 197
0 2719 1 8 199
9 2723 1 8 196
6 2729 1 0 183
5 2741 1 3 186
10 2760 1 6 200
0 2771 1 1 202
8 2790 1 3 201
9 2825 1 10 203
0 2840 1 2 207
10 2842 1 2 206
8 2885 1 2 208
7 2903 1 9 198
0 2904 1 9 210
9 2914 1 8 209
3 2921 1 4 191
10 2927 1 7 211
4 2935 1 10 190
0 2964 1 2 214
6 2971 1 0 204
8 2978 1 3 212
1 2984 1 10 185
5 2988 1 10 205
2 3009 1 9 195
9 3011 1 10 215
10 3028 1 4 217
0 3030 1 9 219
8 3088 1 5 221
9 3094 1 2 225
0 3101 1 7 227
10 3121 1 0 226
7 3138 1 8 213
0 3151 1 10 230
9 3171 1 1 229
8 3195 1 10 228
0 3207 1 4 233
10 3215 1 2 231
6 3219 1 3 220
5 3228 1 4 223
9 3252 1 6 234
0 3266 1 9 236
8 3274 1 1 235
4 3282 1 3 218
3 3287 1 7 216
10 3309 1 8 237
9 3331 1 1 240
0 3333 1 10 241
2 3355 1 5 224
7 3366 1 3 232
8 3372 1 9 242
0 3386 1 7 247
10 3397 1 8 245
9 3426 1 0 246
0 3445 1 6 251
8 3465 1 2 250
6 3465 1 5 238
5 3477 1 10 239
10 3488 1 0 252
9 3509 1 8 253
0 3513 1 3 254
1 3528 1 5 222
8 3554 1 7 255
10 3571 1 8 258
0 3574 1 2 260
9 3594 1 7 259
7 3607 1 10 249
3 3609 1 7 244
4 3613 1 8 243
0 3631 1 2 264
8 3645 1 7 262
9 3667 1 2 265
10 3669 1 8 263
0 3690 1 3 269
6 3703 1 8 256
2 3708 1 7 248
5 3716 1 7 257
10 3751 1 2 272
0 3753 1 6 273
8 3753 1 0 270
9 3766 1 1 271
0 3808 1 8 278
8 3830 1 7 279
10 3845 1 6 277
7 3851 1 3 266
9 3855 1 4 280
0 3860 1 8 281
8 3915 1 3 282
0 3926 1 5 286
10 3928 1 8 283
9 3932 1 10 285
6 3946 1 2 274
3 3958 1 2 267
4 3967 1 5 268
5 3977 1 8 276
8 3986 1 5 287
0 3989 1 3 288
10 4016 1 8 289
9 4026 1 8 290
2 4036 1 6 275
0 4051 1 8 296
1 4067 1 10 261
8 4085 1 3 295
7 4103 1 10 284
10 4103 1 2 297
0 4103 1 3 300
9 4122 1 1 298
6 4163 1 5 291
0 4173 1 4 305
8 4174 1 10 302
10 4180 1 4 304
9 4196 1 1 306
5 4234 1 10 294
0 4235 1 1 308
8 4260 1 1 309
10 4278 1 3 310
0 4286 1 6 313
9 4287 1 8 311
3 4316 1 0 292
4 4337 1 1 293
7 4349 1 0 303
0 4350 1 6 316
8 4350 1 9 314
10 4362 1 9 315
9 4381 1 7 317
2 4395 1 10 299
6 4414 1 2 307
0 4416 1 9 321
8 4431 1 3 322
10 4455 1 8 323
9 4473 1 0 324
0 4479 1 7 327
5 4489 1 8 312
0 4534 1 9 331
8 4535 1 7 328
9 4548 1 0 330
10 4550 1 7 329
0 4579 1 5 333
7 4593 1 1 320
1 4610 1 3 301
8 4618 1 6 334
9 4632 1 2 335
10 4634 1 3 336
0 4640 1 2 337
6 4650 1 3 326
3 4666 1 1 318
0 4707 1 8 343
9 4719 1 1 341
5 4726 1 1 332
8 4727 1 7 340
10 4728 1 0 342
4 4735 1 3 319
2 4769 1 3 325
0 4769 1 10 346
9 4797 1 3 347
8 4820 1 1 349
10 4824 1 8 350
0 4834 1 2 353
7 4847 1 0 338
9 4886 1 0 354
6 4888 1 9 344
0 4893 1 3 357
8 4912 1 1 355
10 4922 1 2 356
0 4965 1 10 361
9 4970 1 2 359
5 4972 1 8 348
8 4997 1 6 362
10 5007 1 3 363
0 5031 1 1 364
3 5033 1 0 345
9 5053 1 0 365
7 5056 1 10 358
8 5090 1 2 367
10 5092 1 8 368
0 5095 1 3 369
4 5099 1 2 351
2 5122 1 3 352
9 5135 1 8 371
6 5143 1 7 360
0 5153 1 4 375
1 5171 1 0 339
8 5175 1 1 373
10 5176 1 0 374
0 5206 1 5 380
5 5220 1 7 366
9 5248 1 6 378
10 5263 1 6 383
0 5268 1 3 384
8 5278 1 0 382
7 5287 1 8 372
0 5332 1 4 388
10 5343 1 3 387
8 5350 1 5 389
9 5350 1 3 386
0 5399 1 4 391
6 5406 1 10 379
3 5409 1 0 370
10 5435 1 6 392
4 5441 1 9 376
8 5441 1 3 393
9 5445 1 3 394
0 5456 1 8 395
5 5481 1 8 385
2 5497 1 0 377
0 5510 1 9 402
10 5524 1 9 398
8 5534 1 0 400
7 5540 1 1 390
9 5548 1 10 401
0 5564 1 7 405
10 5612 1 0 406
8 5615 1 6 407
0 5632 1 8 410
6 5647 1 5 396
9 5652 1 1 409
1 5669 1 0 381
8 5685 1 1 412
0 5694 1 5 413
10 5706 1 7 411
5 5724 1 4 403
9 5728 1 8 415
0 5746 1 9 418
3 5751 1 1 397
8 5773 1 10 417
4 5782 1 7 399
0 5790 1 5 422
9 5795 1 2 421
10 5798 1 6 419
7 5805 1 10 408
0 5848 1 3 426
2 5855 1 9 404
8 5863 1 7 424
10 5865 1 7 428
9 5886 1 1 427
6 5890 1 0 414
0 5904 1 7 430
8 5953 1 3 432
10 5962 1 6 433
0 5971 1 7 436
9 5973 1 2 434
5 5980 1 6 420
0 6032 1 4 439
8 6039 1 2 437
10 6042 1 4 438
7 6043 1 4 429
9 6044 1 8 440
0 6099 1 6 442
3 6101 1 7 423
10 6125 1 9 444
8 6128 1 2 443
9 6138 1 2 446
4 6138 1 10 425
0 6151 1 7 447
6 6159 1 4 435
2 6183 1 7 431
1 6204 1 9 416
0 6213 1 3 453
5 6216 1 7 441
10 6219 1 5 449
9 6230 1 4 451
8 6233 1 10 450
0 6281 1 4 457
7 6287 1 0 445
10 6308 1 6 459
8 6325 1 1 461
0 6335 1 6 462
9 6335 1 5 460
6 6392 1 2 454
0 6397 1 1 466
10 6398 1 0 464
8 6403 1 9 465
9 6418 1 8 467
5 6436 1 10 458
3 6450 1 1 448
0 6458 1 3 469
10 6489 1 4 470
4 6494 1 7 452
0 6500 1 10 475
8 6515 1 4 471
9 6522 1 3 472
7 6530 1 8 463
0 6554 1 3 478
2 6559 1 3 455
10 6579 1 9 476
6 6606 1 1 468
8 6608 1 5 479
9 6610 1 6 480
0 6625 1 3 482
10 6665 1 7 484
5 6669 1 9 473
0 6683 1 3 488
8 6693 1 3 486
9 6701 1 6 487
1 6730 1 3 456
10 6735 1 6 489
0 6739 1 1 491
7 6762 1 0 481
3 6777 1 9 474
8 6792 1 6 492
9 6792 1 7 493
0 6800 1 6 496
10 6832 1 9 495
6 6848 1 2 485
0 6857 1 7 501
4 6863 1 6 477
9 6877 1 3 500
8 6898 1 6 499
5 6905 1 9 490
0 6918 1 7 504
2 6924 1 4 483
10 6930 1 3 502
9 6967 1 5 506
0 6979 1 4 509
8 6993 1 6 507
7 7001 1 9 497
10 7013 1 3 511
9 7034 1 8 512
0 7038 1 4 513
8 7075 1 7 514
0 7090 1 9 518
10 7096 1 0 516
9 7110 1 2 517
6 7114 1 3 503
0 7152 1 2 520
5 7153 1 2 508
3 7166 1 7 498
10 7179 1 3 521
8 7183 1 10 519
1 7209 1 5 494
9 7210 1 8 522
0 7213 1 1 524
4 7222 1 0 505
7 7242 1 6 515
10 7270 1 1 527
8 7271 1 1 528
2 7277 1 9 510
0 7281 1 8 531
9 7305 1 0 530
6 7332 1 8 523
0 7344 1 6 537
8 7364 1 9 535
10 7372 1 2 534
5 7396 1 8 525
0 7399 1 2 540
9 7407 1 10 538
0 7440 1 3 544
8 7458 1 6 541
10 7462 1 8 542
0 7485 1 5 546
7 7494 1 9 533
9 7497 1 6 545
3 7529 1 9 526
0 7530 1 10 549
10 7548 1 4 548
6 7550 1 5 539
8 7554 1 4 547
4 7562 1 3 532
9 7587 1 4 551
0 7594 1 8 553
10 7627 1 9 554
2 7635 1 8 536
5 7642 1 6 543
8 7650 1 0 556
0 7662 1 6 559
9 7666 1 8 558
10 7707 1 9 560
8 7722 1 9 563
7 7726 1 3 550
0 7729 1 10 564
9 7746 1 10 565
1 7767 1 10 529
6 7768 1 9 555
0 7790 1 1 569
10 7804 1 3 566
8 7821 1 3 567
0 7842 1 7 573
9 7842 1 10 570
3 7875 1 9 552
5 7877 1 2 562
10 7891 1 5 574
0 7905 1 1 576
8 7911 1 9 575
4 7919 1 9 557
9 7937 1 7 577
7 7962 1 4 568
0 7967 1 8 581
10 7986 1 4 580
6 8002 1 4 572
8 8002 1 2 582
2 8010 1 10 561
9 8024 1 5 584
0 8035 1 4 586
10 8069 1 2 587
8 8078 1 3 589
9 8104 1 6 591
5 8115 1 2 579
0 8116 1 4 592
8 8150 1 6 594
10 8155 1 8 593
0 8171 1 9 597
7 8171 1 2 585
9 8182 1 4 595
8 8230 1 6 598
0 8231 1 8 600
6 8231 1 0 588
10 8249 1 7 599
4 8263 1 3 583
3 8269 1 1 578
9 8280 1 6 602
1 8284 1 9 571
0 8296 1 9 604
8 8317 1 10 603
10 8342 1 7 606
0 8351 1 8 611
9 8374 1 3 609
2 8381 1 4 590
5 8385 1 2 596
0 8391 1 4 614
8 8406 1 3 612
7 8419 1 4 601
10 8432 1 8 613
6 8462 1 8 605
0 8464 1 10 618
9 8469 1 5 615
8 8495 1 1 619
10 8516 1 6 621
0 8526 1 7 623
9 8565 1 5 624
8 8584 1 6 625
4 8595 1 0 607
0 8597 1 5 627
10 8597 1 0 626
5 8617 1 6 617
7 8636 1 2 620
3 8640 1 2 608
0 8655 1 6 631
8 8667 1 3 629
9 8672 1 8 628
6 8676 1 8 622
10 8692 1 0 632
0 8737 1 3 636
9 8742 1 10 638
2 8745 1 0 616
8 8747 1 1 637
10 8787 1 6 640
0 8791 1 4 641
1 8796 1 6 610
9 8818 1 3 642
8 8847 1 9 644
0 8853 1 5 646
5 8860 1 6 633
10 8876 1 3 645
7 8881 1 4 634
0 8905 1 4 650
9 8912 1 3 648
8 8929 1 7 649
6 8947 1 5 639
10 8964 1 3 652
0 8966 1 2 654
4 8999 1 3 630
3 9008 1 9 635
9 9011 1 3 655
8 9011 1 6 656
0 9030 1 8 659
10 9038 1 7 658
0 9093 1 10 664
5 9100 1 2 651
2 9108 1 8 643
8 9112 1 0 663
9 9114 1 8 662
7 9125 1 6 653
10 9125 1 0 665
0 9166 1 3 666
6 9170 1 0 657
8 9202 1 4 669
0 9210 1 7 673
9 9213 1 1 670
10 9236 1 4 672
0 9268 1 9 676
8 9294 1 9 675
1 9300 1 4 647
10 9315 1 6 678
5 9322 1 10 667
9 9324 1 5 677
0 9327 1 4 679
7 9357 1 8 671
4 9358 1 6 660
3 9374 1 1 661
0 9377 1 6 685
8 9385 1 5 680
6 9392 1 5 674
10 9412 1 4 682
9 9414 1 10 684
0 9436 1 7 689
8 9484 1 2 690
10 9485 1 1 692
2 9486 1 1 668
0 9505 1 2 694
9 9510 1 0 693
5 9560 1 1 683
10 9567 1 0 696
0 9570 1 3 698
8 9573 1 0 695
9 9614 1 8 699
0 9624 1 6 702
7 9626 1 0 686
6 9632 1 2 691
8 9661 1 5 703
10 9667 1 6 701
0 9706 1 1 705
9 9714 1 3 704
4 9721 1 10 687
3 9750 1 0 688
8 9761 1 3 708
0 9768 1 5 710
10 9777 1 6 709
1 9791 1 4 681
9 9811 1 2 711
0 9813 1 7 715
5 9816 1 3 700
2 9842 1 7 697
10 9860 1 4 716
8 9861 1 0 714
0 9873 1 1 719
7 9874 1 4 706
6 9880 1 8 707
9 9897 1 10 718
0 9929 1 10 724
10 9949 1 3 722
8 9958 1 4 723
9 9987 1 1 727
0 9994 1 3 728
8 10029 1 3 730
10 10035 1 1 729
0 10054 1 10 732
4 10057 1 3 712
5 10063 1 3 720
9 10072 1 4 731
7 10103 1 4 725
0 10108 1 1 735
8 10119 1 4 733
10 10122 1 1 734
6 10126 1 7 726
3 10153 1 9 713
9 10157 1 5 738
0 10169 1 6 740
10 10208 1 8 742
8 10210 1 2 741
2 10211 1 4 721
0 10230 1 8 746
9 10237 1 8 745
1 10268 1 5 717
0 10283 1 3 750
10 10286 1 9 747
8 10306 1 10 748
5 10312 1 10 737
9 10328 1 2 751
6 10350 1 4 743
0 10357 1 10 753
7 10366 1 2 739
10 10378 1 4 754
8 10402 1 5 755
4 10408 1 9 736
9 10417 1 5 757
0 10420 1 2 759
10 10475 1 0 761
0 10476 1 7 765
8 10486 1 9 762
9 10500 1 6 764
3 10509 1 9 744
0 10542 1 3 767
5 10548 1 3 756
10 10562 1 8 766
8 10563 1 10 768
9 10579 1 1 769
0 10597 1 5 771
2 10606 1 5 749
6 10606 1 10 758
7 10614 1 9 760
10 10656 1 7 773
0 10672 1 2 776
8 10674 1 0 774
9 10676 1 7 775
4 10723 1 0 763
0 10730 1 8 781
10 10746 1 0 780
9 10781 1 2 783
8 10784 1 6 782
5 10784 1 7 772
0 10787 1 10 785
1 10790 1 8 752
10 10824 1 6 786
7 10839 1 10 779
0 10845 1 6 790
6 10845 1 2 778
3 10873 1 4 770
9 10883 1 2 787
8 10885 1 6 788
10 10921 1 4 792
0 10922 1 4 794
2 10934 1 8 777
8 10966 1 1 798
9 10976 1 3 797
0 10989 1 3 800
5 11013 1 2 789
10 11022 1 2 799
0 11057 1 9 804
8 11064 1 4 802
9 11077 1 6 803
6 11101 1 3 795
7 11107 1 5 793
4 11109 1 7 784
0 11113 1 1 807
10 11127 1 9 806
8 11155 1 4 808
9 11155 1 4 809
0 11166 1 7 813
10 11214 1 2 814
0 11220 1 9 817
5 11230 1 2 805
8 11238 1 2 815
9 11239 1 0 816
3 11253 1 0 796
1 11269 1 5 791
0 11286 1 8 819
10 11290 1 1 818
2 11306 1 4 801
8 11315 1 5 821
9 11324 1 0 822
6 11336 1 3 810
0 11350 1 9 825
7 11355 1 2 811
10 11394 1 3 826
0 11400 1 9 831
9 11408 1 8 829
8 11413 1 4 828
5 11453 1 9 820
4 11470 1 6 812
0 11474 1 8 834
9 11489 1 6 835
10 11489 1 2 833
8 11501 1 10 836
0 11534 1 2 839
6 11550 1 1 830
9 11564 1 8 840
3 11568 1 1 823
10 11579 1 0 841
8 11592 1 10 842
0 11598 1 10 843
7 11601 1 0 832
9 11642 1 8 845
2 11662 1 7 827
0 11671 1 6 849
10 11678 1 5 847
8 11681 1 9 848
5 11683 1 6 837
9 11719 1 3 851
0 11727 1 7 853
8 11759 1 10 855
10 11781 1 6 854
1 11787 1 0 824
0 11793 1 8 858
6 11795 1 8 844
9 11819 1 1 857
7 11839 1 4 850
0 11848 1 7 862
4 11855 1 10 838
8 11856 1 4 859
10 11858 1 0 860
9 11896 1 5 864
5 11899 1 4 856
0 11912 1 6 866
3 11942 1 5 846
10 11948 1 3 869
8 11956 1 7 868
0 11964 1 9 872
9 11999 1 0 870
2 12002 1 8 852
0 12024 1 2 876
6 12036 1 4 863
8 12039 1 3 875
10 12049 1 3 874
7 12073 1 9 865
0 12089 1 1 879
5 12112 1 8 871
9 12120 1 3 877
10 12136 1 4 882
8 12137 1 2 881
0 12152 1 2 884
9 12202 1 6 886
4 12207 1 10 867
10 12221 1 2 887
0 12222 1 2 889
8 12254 1 3 888
1 12283 1 10 861
0 12287 1 2 893
6 12296 1 5 880
9 12301 1 10 890
10 12313 1 2 892
7 12314 1 5 883
3 12330 1 7 873
8 12330 1 3 894
5 12338 1 3 885
0 12351 1 2 896
2 12356 1 1 878
9 12388 1 1 898
10 12404 1 5 899
0 12407 1 8 904
8 12412 1 3 902
0 12466 1 1 908
9 12481 1 1 906
10 12498 1 7 907
8 12507 1 10 909
6 12538 1 0 897
7 12539 1 3 900
0 12540 1 5 910
9 12559 1 5 911
4 12578 1 0 891
5 12589 1 8 903
8 12593 1 10 913
0 12595 1 2 916
10 12608 1 5 912
9 12639 1 6 917
0 12661 1 3 921
8 12669 1 0 920
10 12693 1 0 922
3 12699 1 4 901
0 12707 1 7 924
9 12728 1 10 923
2 12735 1 6 905
8 12759 1 0 925
0 12766 1 4 928
7 12767 1 5 915
6 12768 1 4 914
10 12791 1 9 926
1 12800 1 9 895
5 12810 1 1 919
0 12814 1 2 932
9 12823 1 8 929
8 12851 1 1 931
0 12882 1 3 938
10 12914 1 5 935
9 12915 1 5 939
0 12941 1 3 941
4 12943 1 0 918
8 12946 1 9 940
0 12998 1 10 944
9 13007 1 5 943
10 13007 1 6 942
7 13021 1 2 933
6 13027 1 7 934
5 13029 1 10 937
8 13052 1 7 946
3 13053 1 0 927
0 13063 1 1 947
2 13088 1 6 930
10 13098 1 6 949
9 13101 1 1 948
8 13127 1 4 953
0 13129 1 10 955
0 13184 1 2 960
10 13187 1 4 957
9 13195 1 4 958
8 13203 1 1 959
0 13232 1 4 961
6 13251 1 7 951
7 13256 1 3 950
10 13269 1 3 962
8 13274 1 4 964
9 13279 1 10 963
0 13282 1 9 965
5 13283 1 4 952
4 13299 1 3 945
1 13329 1 9 936
0 13346 1 4 971
10 13359 1 4 968
9 13367 1 4 970
8 13374 1 10 969
0 13400 1 1 975
3 13416 1 2 954
10 13443 1 3 976
8 13450 1 2 978
9 13450 1 2 977
2 13466 1 1 956
6 13466 1 7 966
0 13468 1 2 979
7 13474 1 2 967
5 13494 1 8 972
0 13522 1 9 986
9 13533 1 6 983
10 13543 1 1 981
8 13548 1 10 982
0 13577 1 5 989
9 13630 1 1 990
8 13634 1 9 992
10 13634 1 0 991
0 13647 1 3 993
4 13670 1 1 973
6 13687 1 9 985
7 13695 1 8 987
9 13707 1 1 994
5 13715 1 4 988
0 13716 1 2 997
8 13718 1 2 995
10 13726 1 2 996
3 13754 1 9 980
0 13782 1 2 1003
9 13796 1 4 1001
1 13816 1 5 974
10 13818 1 5 1005
8 13818 1 5 1004
2 13841 1 4 984
0 13849 1 1 1007
9 13880 1 6 1008
8 13912 1 7 1011
10 13912 1 0 1010
0 13915 1 2 1013
6 13941 1 10 999
5 13950 1 9 1002
7 13955 1 5 1000
9 13970 1 8 1014
0 13990 1 7 1017
10 13998 1 3 1016
8 14007 1 1 1015
4 14019 1 10 998
9 14059 1 1 1021
0 14066 1 3 1022
10 14091 1 3 1023
8 14102 1 10 1024
3 14122 1 1 1006
0 14125 1 1 1027
9 14130 1 4 1026
8 14179 1 10 1029
6 14180 1 5 1018
10 14181 1 0 1028
7 14182 1 8 1020
0 14193 1 6 1031
5 14199 1 10 1019
2 14210 1 10 1012
9 14219 1 4 1032
0 14251 1 3 1037
10 14257 1 1 1035
8 14267 1 6 1033
9 14306 1 2 1040
0 14309 1 1 1041
10 14346 1 5 1042
1 14348 1 4 1009
8 14362 1 3 1043
0 14365 1 9 1045
9 14376 1 5 1044
4 14383 1 2 1025
7 14423 1 5 1036
6 14425 1 4 1034
0 14431 1 9 1049
5 14433 1 4 1038
10 14436 1 7 1046
8 14454 1 5 1048
9 14467 1 6 1050
3 14475 1 10 1030
0 14486 1 9 1054
10 14527 1 6 1056
8 14529 1 2 1057
0 14538 1 4 1060
2 14571 1 5 1039
9 14579 1 7 1058
0 14592 1 7 1063
8 14621 1 0 1062
10 14621 1 0 1061
0 14656 1 6 1066
9 14677 1 1 1065
7 14680 1 6 1052
6 14682 1 0 1053
5 14686 1 10 1055
10 14700 1 6 1068
8 14706 1 0 1067
0 14720 1 10 1069
4 14741 1 8 1051
9 14767 1 7 1070
0 14771 1 4 1076
10 14785 1 7 1074
8 14792 1 10 1075
0 14830 1 5 1079
9 14858 1 1 1078
1 14869 1 4 1047
3 14871 1 8 1059
10 14879 1 1 1080
0 14891 1 6 1082
8 14894 1 2 1081
6 14927 1 7 1072
9 14949 1 2 1083
0 14955 1 1 1087
5 14959 1 2 1073
7 14962 1 0 1071
2 14968 1 1 1064
8 14980 1 5 1088
10 14987 1 2 1086
0 15016 1 1 1091
9 15039 1 6 1090
4 15062 1 0 1077
10 15074 1 9 1096
8 15076 1 5 1095
0 15083 1 8 1097
9 15136 1 3 1098
0 15141 1 2 1102
8 15174 1 5 1101
10 15178 1 1 1100
6 15188 1 1 1089
7 15189 1 6 1093
0 15193 1 2 1104
5 15218 1 8 1092
9 15232 1 5 1103
3 15241 1 10 1085
10 15250 1 6 1106
8 15252 1 7 1105
0 15255 1 5 1109
0 15306 1 6 1115
9 15323 1 2 1111
10 15335 1 9 1113
0 15356 1 3 1116
8 15365 1 10 1114
2 15367 1 5 1094
1 15378 1 0 1084
4 15408 1 1 1099
7 15412 1 8 1108
10 15413 1 1 1118
0 15420 1 8 1119
9 15423 1 1 1117
8 15443 1 5 1120
6 15450 1 9 1107
0 15473 1 7 1126
5 15477 1 2 1110
10 15503 1 5 1125
9 15520 1 1 1127
8 15523 1 3 1128
0 15541 1 7 1130
8 15589 1 1 1134
0 15594 1 4 1135
9 15595 1 4 1133
3 15597 1 10 1112
10 15604 1 1 1132
0 15654 1 8 1137
7 15670 1 8 1124
9 15676 1 4 1138
6 15676 1 1 1129
8 15689 1 6 1136
10 15691 1 5 1140
5 15702 1 7 1131
2 15705 1 6 1121
0 15717 1 4 1141
4 15749 1 5 1123
8 15770 1 2 1145
9 15775 1 8 1143
0 15785 1 3 1149
10 15788 1 5 1146
0 15852 1 8 1153
8 15865 1 1 1151
10 15875 1 8 1154
9 15875 1 1 1152
7 15897 1 3 1142
1 15908 1 10 1122
0 15914 1 6 1155
6 15919 1 8 1144
5 15928 1 2 1147
8 15953 1 3 1156
10 15967 1 4 1157
0 15971 1 4 1161
9 15971 1 5 1158
3 15971 1 8 1139
0 16027 1 4 1166
10 16040 1 3 1165
8 16053 1 1 1164
9 16079 1 10 1167
2 16084 1 7 1148
0 16096 1 7 1169
10 16126 1 9 1170
4 16141 1 10 1150
7 16153 1 8 1159
5 16154 1 4 1163
8 16159 1 5 1171
0 16163 1 10 1174
6 16166 1 2 1162
9 16179 1 8 1172
10 16203 1 5 1175
0 16216 1 8 1180
8 16251 1 2 1179
0 16267 1 3 1184
9 16273 1 8 1182
10 16298 1 0 1183
3 16308 1 1 1168
0 16337 1 7 1186
8 16341 1 6 1185
9 16369 1 5 1187
0 16388 1 10 1190
10 16398 1 1 1188
6 16398 1 9 1181
7 16398 1 0 1177
5 16402 1 6 1178
8 16429 1 7 1191
2 16445 1 1 1173
0 16452 1 3 1193
1 16455 1 3 1160
9 16463 1 5 1192
10 16488 1 6 1194
8 16499 1 9 1198
4 16500 1 5 1176
0 16516 1 6 1200
9 16556 1 2 1202
10 16575 1 3 1203
0 16591 1 10 1206
8 16597 1 3 1204
6 16631 1 5 1195
3 16640 1 0 1189
5 16644 1 0 1197
7 16647 1 9 1196
0 16648 1 8 1209
9 16649 1 4 1207
10 16667 1 9 1208
8 16689 1 3 1210
0 16709 1 7 1215
9 16728 1 1 1216
10 16760 1 6 1217
0 16763 1 5 1219
8 16790 1 3 1218
9 16804 1 6 1220
2 16810 1 4 1199
0 16820 1 3 1222
6 16846 1 9 1211
10 16867 1 1 1221
0 16868 1 9 1226
4 16868 1 7 1205
8 16879 1 10 1223
5 16888 1 7 1213
9 16903 1 10 1224
7 16909 1 2 1214
0 16925 1 7 1229
10 16955 1 1 1228
1 16974 1 7 1201
0 16980 1 1 1235
9 16980 1 10 1233
8 16985 1 6 1231
3 17017 1 8 1212
0 17041 1 1 1238
10 17055 1 5 1236
6 17072 1 3 1227
8 17083 1 5 1240
9 17087 1 4 1239
0 17094 1 10 1242
7 17123 1 6 1234
10 17131 1 2 1243
5 17142 1 2 1232
0 17150 1 2 1247
2 17167 1 0 1225
8 17174 1 0 1245
9 17183 1 6 1246
0 17212 1 5 1251
10 17217 1 2 1249
4 17245 1 8 1230
9 17262 1 10 1254
8 17263 1 3 1253
0 17276 1 10 1255
10 17310 1 8 1256
6 17321 1 9 1244
0 17332 1 4 1260
9 17351 1 7 1258
8 17358 1 0 1259
7 17359 1 10 1248
5 17373 1 9 1250
3 17375 1 10 1241
0 17385 1 3 1263
10 17403 1 2 1261
1 17420 1 0 1237
9 17435 1 5 1264
0 17456 1 1 1269
8 17462 1 0 1265
10 17489 1 5 1270
2 17520 1 10 1252
0 17523 1 3 1273
9 17533 1 0 1272
8 17547 1 2 1274
6 17567 1 7 1262
0 17575 1 8 1277
10 17576 1 1 1275
5 17593 1 2 1267
4 17607 1 8 1257
7 17621 1 6 1266
9 17623 1 3 1278
0 17637 1 9 1281
8 17647 1 6 1279
10 17678 1 9 1282
0 17691 1 6 1287
9 17708 1 2 1286
3 17714 1 8 1268
8 17746 1 10 1288
10 17772 1 3 1289
0 17773 1 4 1290
9 17806 1 7 1291
6 17824 1 4 1280
0 17837 1 1 1295
8 17840 1 7 1293
5 17850 1 7 1283
7 17863 1 9 1285
10 17871 1 8 1294
2 17878 1 4 1276
1 17879 1 8 1271
0 17897 1 6 1298
9 17900 1 10 1296
8 17937 1 9 1299
10 17949 1 9 1302
0 17961 1 9 1305
4 17963 1 5 1284
9 17988 1 10 1306
0 18016 1 2 1309
8 18024 1 0 1307
10 18028 1 0 1308
3 18054 1 4 1292
6 18064 1 4 1297
0 18079 1 8 1312
5 18085 1 1 1300
9 18085 1 2 1311
10 18108 1 3 1314
8 18114 1 6 1313
7 18124 1 1 1301
0 18148 1 9 1317
9 18185 1 0 1319
10 18192 1 4 1320
8 18202 1 0 1321
0 18207 1 8 1323
2 18217 1 8 1303
0 18255 1 7 1327
9 18270 1 8 1324
10 18275 1 2 1325
8 18291 1 3 1326
6 18296 1 2 1316
4 18304 1 9 1310
5 18311 1 2 1318
0 18319 1 10 1329
7 18345 1 5 1322
9 18359 1 2 1330
10 18375 1 6 1331
0 18376 1 8 1336
8 18392 1 9 1332
1 18422 1 2 1304
0 18428 1 8 1340
3 18455 1 1 1315
10 18459 1 6 1339
9 18459 1 0 1338
8 18480 1 0 1341
0 18501 1 2 1343
5 18537 1 8 1335
9 18545 1 8 1346
10 18547 1 0 1345
6 18551 1 0 1333
0 18554 1 7 1348
7 18557 1 3 1337
8 18570 1 4 1347
2 18595 1 9 1328
10 18626 1 5 1351
0 18627 1 7 1353
9 18634 1 4 1350
4 18645 1 2 1334
8 18651 1 1 1355
0 18694 1 5 1358
10 18717 1 4 1357
9 18734 1 4 1359
8 18744 1 2 1361
0 18760 1 1 1362
5 18773 1 4 1349
6 18775 1 7 1352
7 18803 1 3 1354
10 18803 1 4 1363
3 18813 1 2 1344
9 18816 1 4 1364
0 18818 1 6 1366
8 18828 1 7 1365
0 18877 1 4 1373
10 18896 1 4 1370
9 18904 1 0 1372
0 18932 1 7 1375
8 18933 1 5 1374
4 18955 1 5 1360
1 18963 1 4 1342
2 18968 1 6 1356
10 18979 1 2 1376
9 18984 1 1 1377
8 18990 1 9 1379
0 19000 1 7 1378
5 19009 1 10 1367
6 19009 1 0 1368
7 19065 1 1 1369
0 19066 1 4 1386
10 19079 1 6 1383
8 19084 1 10 1385
9 19104 1 3 1384
0 19118 1 4 1390
3 19143 1 4 1371
0 19172 1 4 1394
8 19177 1 9 1392
10 19182 1 4 1391
9 19185 1 0 1393
0 19233 1 10 1396
6 19239 1 5 1388
5 19248 1 4 1387
10 19261 1 2 1398
9 19269 1 5 1399
8 19277 1 3 1397
7 19284 1 5 1389
0 19303 1 3 1400
4 19320 1 6 1380
2 19342 1 5 1382
10 19342 1 5 1403
9 19364 1 6 1404
0 19368 1 6 1407
8 19377 1 5 1405
0 19426 1 10 1412
9 19429 1 1 1411
10 19444 1 9 1410
5 19469 1 0 1402
6 19469 1 9 1401
8 19470 1 0 1413
0 19473 1 1 1414
3 19498 1 0 1395
9 19527 1 4 1415
0 19529 1 10 1420
7 19529 1 0 1406
10 19538 1 1 1416
1 19540 1 3 1381
8 19544 1 10 1419
0 19576 1 5 1423
9 19614 1 10 1422
10 19625 1 4 1425
8 19635 1 7 1427
0 19645 1 5 1428
4 19658 1 5 1408
2 19668 1 8 1409
0 19694 1 3 1432
9 19700 1 2 1429
6 19707 1 2 1418
8 19716 1 1 1431
5 19730 1 0 1417
10 19730 1 9 1430
0 19766 1 3 1435
7 19783 1 3 1424
9 19785 1 2 1436
10 19810 1 8 1440
0 19820 1 9 1441
8 19821 1 1 1438
0 19871 1 6 1445
9 19882 1 10 1443
3 19883 1 9 1421
10 19887 1 9 1444
0 19910 1 5 1447
8 19917 1 9 1446
6 19954 1 1 1437
0 19962 1 1 1451
5 19966 1 7 1439
9 19973 1 2 1448
10 19986 1 0 1450
8 20013 1 9 1452
4 20015 1 0 1433
0 20019 1 2 1454
2 20026 1 7 1434
7 20029 1 4 1442
1 20051 1 3 1426
9 20063 1 7 1456
0 20073 1 9 1460
10 20085 1 3 1457
8 20104 1 3 1458
0 20137 1 7 1465
9 20156 1 0 1464
10 20168 1 2 1466
8 20194 1 5 1467
6 20204 1 1 1453
0 20216 1 7 1468
5 20220 1 1 1455
3 20238 1 0 1449
9 20247 1 5 1469
10 20247 1 2 1470
8 20275 1 5 1471
0 20276 1 4 1473
7 20277 1 3 1462
10 20331 1 7 1477
9 20341 1 2 1476
0 20347 1 5 1479
4 20360 1 5 1459
8 20361 1 10 1478
0 20393 1 7 1483
2 20406 1 9 1461
9 20423 1 6 1482
10 20423 1 4 1481
6 20427 1 4 1472
8 20445 1 3 1485
0 20461 1 9 1486
5 20469 1 0 1474
9 20509 1 10 1488
10 20511 1 4 1489
0 20518 1 4 1492
8 20524 1 6 1491
7 20532 1 0 1480
0 20571 1 3 1496
1 20588 1 4 1463
3 20591 1 4 1475
9 20598 1 1 1494
8 20604 1 4 1497
10 20611 1 4 1495
0 20627 1 3 1499
6 20674 1 7 1490
9 20686 1 3 1502
8 20689 1 1 1503
0 20694 1 2 1505
5 20699 1 9 1493
10 20704 1 8 1504
4 20733 1 10 1484
0 20757 1 7 1509
9 20766 1 6 1507
8 20769 1 0 1508
10 20787 1 0 1511
7 20792 1 4 1498
2 20795 1 3 1487
0 20818 1 3 1513
8 20844 1 3 1515
9 20859 1 4 1514
0 20869 1 1 1519
10 20886 1 1 1516
6 20921 1 5 1506
5 20932 1 2 1510
0 20933 1 5 1522
8 20935 1 7 1520
9 20947 1 6 1521
3 20961 1 2 1501
10 20963 1 0 1523
0 20995 1 7 1526
8 21031 1 3 1527
7 21031 1 10 1517
9 21043 1 10 1528
0 21064 1 10 1531
10 21064 1 5 1530
1 21104 1 4 1500
4 21105 1 10 1512
8 21122 1 3 1532
9 21134 1 1 1534
0 21140 1 1 1535
6 21150 1 1 1524
2 21158 1 5 1518
10 21161 1 3 1536
5 21163 1 1 1525
0 21216 1 9 1541
9 21218 1 1 1540
8 21228 1 5 1539
10 21243 1 6 1544
0 21276 1 4 1546
7 21284 1 1 1533
8 21310 1 7 1548
9 21314 1 3 1547
3 21326 1 6 1529
10 21327 1 9 1549
0 21346 1 8 1550
5 21380 1 6 1545
9 21397 1 8 1553
8 21399 1 0 1552
10 21404 1 7 1555
6 21404 1 8 1542
0 21419 1 10 1556
9 21480 1 7 1558
0 21485 1 5 1562
4 21493 1 5 1538
10 21498 1 0 1560
8 21500 1 3 1559
7 21517 1 0 1551
2 21546 1 3 1543
0 21547 1 4 1564
9 21557 1 7 1563
10 21579 1 7 1566
0 21599 1 4 1570
1 21606 1 2 1537
8 21609 1 7 1567
5 21623 1 8 1557
6 21644 1 1 1561
0 21659 1 1 1573
10 21666 1 1 1572
9 21676 1 5 1571
3 21682 1 4 1554
8 21696 1 10 1575
0 21710 1 10 1578
10 21751 1 0 1579
9 21756 1 1 1580
7 21756 1 3 1568
0 21774 1 9 1583
8 21793 1 6 1582
9 21831 1 3 1585
0 21831 1 5 1587
10 21843 1 3 1584
5 21850 1 1 1576
6 21856 1 8 1577
4 21868 1 0 1565
2 21869 1 3 1569
8 21876 1 7 1588
0 21904 1 3 1590
9 21928 1 4 1589
10 21947 1 0 1591
0 21952 1 3 1597
8 21986 1 6 1596
7 22000 1 1 1586
0 22017 1 3 1600
9 22024 1 2 1598
10 22045 1 1 1599
8 22054 1 10 1601
3 22054 1 6 1581
0 22077 1 10 1603
5 22081 1 6 1592
6 22091 1 9 1593
9 22108 1 3 1604
10 22118 1 6 1605
8 22132 1 3 1606
0 22143 1 7 1608
1 22145 1 6 1574
9 22199 1 3 1611
0 22202 1 1 1614
4 22214 1 7 1594
2 22216 1 5 1595
10 22218 1 7 1612
8 22222 1 6 1613
7 22249 1 10 1602
0 22270 1 7 1617
9 22280 1 0 1616
10 22306 1 6 1620
6 22319 1 4 1610
5 22327 1 3 1609
8 22334 1 0 1621
0 22339 1 10 1623
9 22381 1 4 1624
0 22396 1 7 1629
3 22405 1 5 1607
10 22407 1 7 1625
8 22423 1 2 1628
0 22453 1 10 1631
9 22470 1 1 1630
7 22472 1 4 1622
10 22490 1 6 1633
0 22503 1 4 1635
8 22511 1 2 1634
0 22562 1 8 1639
9 22565 1 6 1636
5 22569 1 10 1627
4 22570 1 7 1618
6 22579 1 1 1626
2 22581 1 8 1619
10 22584 1 9 1638
8 22607 1 9 1640
0 22624 1 8 1641
9 22645 1 7 1642
0 22669 1 4 1649
10 22673 1 8 1647
8 22690 1 5 1648
7 22699 1 0 1637
0 22727 1 3 1651
1 22727 1 9 1615
9 22731 1 0 1650
10 22762 1 6 1652
8 22776 1 6 1653
3 22777 1 6 1632
0 22780 1 1 1655
5 22808 1 6 1643
9 22824 1 2 1657
6 22838 1 8 1645
10 22839 1 2 1658
0 22841 1 5 1661
8 22876 1 7 1659
9 22893 1 0 1663
0 22904 1 3 1666
2 22917 1 10 1646
10 22937 1 6 1665
7 22951 1 3 1654
4 22959 1 6 1644
8 22965 1 0 1667
0 22970 1 4 1669
9 22977 1 7 1668
10 23031 1 6 1671
5 23033 1 6 1662
0 23037 1 8 1675
8 23062 1 6 1674
9 23072 1 7 1676
6 23080 1 10 1664
0 23106 1 3 1679
3 23107 1 4 1660
10 23120 1 6 1677
9 23154 1 10 1681
8 23159 1 4 1680
0 23167 1 2 1683
7 23220 1 6 1672
10 23224 1 0 1685
0 23240 1 2 1688
8 23240 1 9 1687
9 23252 1 6 1686
5 23264 1 6 1678
1 23278 1 6 1656
6 23296 1 3 1682
2 23303 1 4 1670
10 23307 1 5 1690
0 23307 1 6 1691
4 23313 1 2 1673
8 23340 1 0 1692
9 23356 1 0 1693
0 23365 1 1 1699
10 23408 1 0 1698
8 23427 1 5 1701
0 23433 1 9 1703
9 23455 1 0 1702
3 23463 1 6 1684
7 23480 1 0 1689
10 23487 1 6 1704
0 23492 1 9 1706
5 23502 1 9 1694
8 23523 1 10 1705
9 23531 1 0 1707
0 23544 1 7 1711
6 23544 1 8 1696
10 23577 1 6 1710
0 23587 1 7 1715
9 23613 1 1 1714
8 23620 1 2 1713
0 23649 1 3 1718
10 23653 1 6 1717
2 23663 1 0 1697
4 23677 1 10 1700
9 23701 1 10 1719
7 23705 1 1 1709
0 23711 1 1 1721
8 23712 1 9 1720
5 23718 1 6 1712
10 23743 1 8 1722
0 23771 1 2 1727
6 23782 1 4 1716
9 23789 1 10 1725
8 23794 1 10 1728
3 23807 1 6 1708
1 23822 1 0 1695
10 23840 1 9 1730
0 23842 1 1 1731
9 23872 1 6 1733
8 23881 1 1 1734
0 23896 1 10 1738
10 23938 1 2 1737
5 23942 1 7 1729
7 23948 1 2 1726
0 23957 1 6 1741
8 23979 1 10 1740
9 23994 1 2 1739
2 24004 1 9 1723
0 24009 1 2 1745
4 24014 1 3 1724
6 24020 1 4 1732
10 24024 1 3 1742
0 24065 1 4 1749
8 24069 1 7 1746
9 24098 1 5 1747
10 24117 1 8 1752
8 24138 1 0 1754
0 24145 1 7 1753
3 24147 1 2 1735
7 24185 1 2 1744
9 24187 1 7 1755
5 24201 1 7 1743
0 24208 1 7 1758
10 24214 1 4 1756
8 24243 1 2 1757
6 24250 1 0 1751
0 24270 1 3 1763
9 24284 1 2 1761
10 24310 1 3 1764
1 24321 1 9 1736
8 24332 1 9 1765
0 24335 1 5 1767
2 24354 1 7 1748
4 24359 1 9 1750
9 24380 1 2 1768
0 24390 1 4 1772
10 24391 1 9 1769
8 24436 1 2 1771
7 24439 1 3 1760
0 24453 1 7 1776
5 24456 1 0 1762
9 24467 1 2 1775
10 24476 1 7 1777
6 24492 1 1 1766
0 24510 1 2 1780
3 24516 1 5 1759
8 24525 1 7 1778
10 24559 1 9 1783
9 24561 1 0 1782
0 24570 1 10 1785
8 24613 1 6 1787
0 24646 1 8 1790
10 24648 1 3 1788
9 24660 1 3 1789
7 24663 1 8 1779
0 24693 1 8 1792
8 24695 1 4 1791
5 24698 1 6 1781
2 24705 1 5 1773
4 24722 1 2 1774
6 24735 1 0 1784
10 24744 1 3 1793
0 24746 1 9 1796
9 24750 1 0 1794
8 24780 1 5 1797
0 24804 1 1 1803
1 24822 1 8 1770
9 24854 1 7 1804
10 24854 1 6 1802
8 24872 1 3 1805
0 24874 1 10 1806
7 24905 1 10 1795
3 24906 1 5 1786
0 24938 1 9 1811
10 24940 1 1 1809
8 24955 1 10 1810
5 24956 1 2 1798
9 24968 1 4 1808
6 24982 1 2 1801
0 25004 1 3 1814
2 25034 1 4 1799
10 25042 1 2 1815
8 25044 1 1 1816
9 25053 1 2 1818
0 25066 1 9 1820
4 25074 1 8 1800
7 25120 1 1 1812
0 25121 1 1 1825
8 25122 1 2 1823
10 25127 1 6 1822
9 25142 1 6 1824
0 25171 1 9 1828
5 25214 1 4 1817
8 25217 1 9 1829
0 25222 1 9 1832
9 25227 1 1 1831
10 25231 1 1 1830
6 25239 1 1 1819
3 25269 1 6 1813
0 25284 1 6 1835
8 25297 1 7 1834
10 25303 1 8 1837
9 25311 1 6 1836
0 25350 1 6 1840
7 25358 1 3 1827
1 25361 1 5 1807
10 25390 1 9 1842
8 25393 1 5 1841
9 25396 1 2 1843
2 25403 1 5 1821
4 25416 1 8 1826
0 25420 1 7 1844
5 25441 1 6 1833
0 25476 1 1 1852
10 25482 1 5 1847
6 25489 1 1 1838
8 25492 1 7 1848
9 25501 1 8 1849
0 25537 1 9 1854
10 25577 1 9 1855
9 25591 1 2 1858
8 25597 1 3 1857
0 25610 1 10 1859
7 25616 1 8 1845
3 25618 1 9 1839
5 25661 1 2 1853
0 25668 1 8 1863
10 25669 1 7 1860
8 25687 1 2 1862
9 25697 1 5 1861
6 25730 1 8 1856
0 25734 1 1 1867
4 25750 1 8 1851
8 25761 1 6 1869
10 25762 1 5 1868
2 25788 1 6 1850
9 25799 1 10 1870
0 25809 1 8 1872
8 25839 1 10 1874
10 25844 1 8 1875
7 25871 1 5 1864
5 25876 1 0 1866
0 25879 1 6 1878
1 25884 1 0 1846
9 25887 1 8 1877
10 25932 1 7 1880
0 25939 1 6 1883
8 25955 1 9 1879
9 25973 1 10 1885
3 25974 1 8 1865
6 25976 1 3 1871
0 26013 1 10 1887
10 26028 1 4 1886
9 26054 1 2 1889
8 26059 1 3 1888
0 26069 1 4 1892
7 26104 1 1 1881
0 26113 1 1 1896
10 26114 1 7 1893
4 26120 1 0 1873
5 26124 1 3 1882
8 26144 1 1 1895
9 26148 1 5 1894
0 26176 1 2 1898
2 26178 1 3 1876
6 26184 1 7 1891
10 26199 1 0 1899
0 26234 1 9 1904
8 26242 1 6 1902
9 26243 1 1 1903
10 26288 1 7 1907
0 26297 1 5 1908
9 26317 1 0 1910
3 26325 1 1 1890
8 26333 1 3 1909
5 26353 1 6 1901
7 26354 1 6 1897
1 26354 1 0 1884
0 26376 1 8 1912
10 26394 1 9 1911
8 26419 1 5 1915
9 26425 1 0 1913
6 26427 1 10 1906
0 26430 1 9 1919
10 26476 1 9 1920
4 26490 1 9 1900
0 26496 1 6 1924
8 26514 1 0 1921
2 26519 1 1 1905
9 26529 1 6 1922
10 26556 1 5 1925
0 26566 1 7 1927
5 26567 1 4 1916
7 26587 1 1 1917
8 26620 1 0 1928
0 26626 1 1 1932
9 26632 1 7 1930
10 26654 1 2 1931
6 26669 1 4 1923
0 26696 1 6 1936
3 26700 1 7 1914
8 26714 1 10 1935
9 26733 1 5 1937
0 26752 1 6 1940
10 26753 1 2 1938
8 26792 1 9 1942
0 26803 1 7 1944
7 26808 1 0 1934
5 26813 1 7 1933
9 26822 1 0 1943
10 26838 1 7 1945
0 26853 1 7 1947
4 26855 1 1 1926
8 26865 1 9 1946
1 26869 1 6 1918
2 26881 1 1 1929
6 26903 1 9 1939
9 26912 1 0 1950
0 26918 1 1 1952
10 26921 1 0 1951
8 26956 1 10 1954
0 26979 1 3 1959
9 27000 1 7 1958
10 27012 1 9 1960
7 27033 1 1 1948
3 27048 1 8 1941
8 27051 1 0 1961
0 27052 1 6 1962
5 27060 1 4 1949
9 27101 1 0 1963
0 27114 1 9 1968
10 27131 1 7 1964
8 27134 1 6 1967
6 27155 1 1 1957
0 27174 1 4 1971
9 27208 1 6 1970
10 27218 1 9 1972
8 27219 1 5 1973
4 27231 1 5 1953
0 27240 1 8 1975
2 27251 1 4 1956
7 27276 1 9 1965
0 27292 1 7 1980
5 27300 1 6 1969
9 27305 1 0 1976
10 27305 1 7 1977
8 27322 1 5 1978
0 27363 1 5 1983
6 27382 1 7 1974
10 27387 1 7 1986
1 27396 1 0 1955
3 27408 1 6 1966
9 27409 1 2 1985
8 27418 1 7 1987
0 27420 1 8 1988
10 27458 1 4 1990
0 27496 1 9 1995
8 27508 1 7 1994
9 27510 1 7 1993
7 27513 1 3 1982
0 27550 1 10 1997
10 27552 1 3 1996
5 27560 1 7 1984
8 27597 1 1 1998
4 27598 1 1 1979
0 27602 1 9 2001
9 27606 1 10 1999
2 27608 1 3 1981
10 27641 1 7 2002
6 27656 1 9 1989
0 27672 1 4 2006
8 27686 1 0 2004
9 27704 1 0 2007
0 27720 1 9 2011
10 27724 1 4 2009
7 27753 1 4 2000
0 27773 1 1 2014
3 27775 1 9 1992
8 27782 1 0 2012
9 27788 1 10 2013
5 27803 1 4 2003
10 27807 1 5 2015
0 27836 1 3 2017
8 27879 1 7 2019
6 27881 1 10 2010
9 27885 1 10 2020
1 27886 1 2 1991
10 27889 1 5 2022
0 27901 1 3 2023
4 27960 1 9 2005
2 27969 1 10 2008
9 27970 1 1 2026
0 27974 1 10 2029
8 27978 1 3 2024
10 27985 1 3 2028
7 27995 1 6 2016
5 28023 1 4 2021
0 28033 1 2 2033
8 28062 1 3 2034
10 28066 1 9 2035
9 28066 1 3 2032
0 28101 1 3 2038
6 28121 1 5 2025
3 28132 1 0 2018
8 28141 1 10 2039
9 28161 1 0 2041
10 28166 1 2 2040
0 28167 1 1 2042
8 28214 1 6 2045
0 28214 1 8 2048
7 28229 1 2 2036
9 28247 1 6 2046
10 28270 1 3 2047
5 28271 1 1 2037
0 28287 1 3 2050
4 28313 1 2 2030
8 28314 1 2 2049
2 28325 1 6 2031
0 28343 1 4 2055
10 28344 1 9 2053
9 28358 1 1 2052
6 28374 1 0 2043
8 28398 1 7 2057
0 28401 1 3 2059
1 28402 1 2 2027
10 28435 1 4 2060
9 28436 1 4 2061
0 28453 1 5 2064
3 28487 1 4 2044
8 28489 1 7 2063
7 28498 1 2 2051
5 28513 1 6 2054
0 28519 1 10 2068
9 28539 1 2 2067
10 28544 1 2 2066
0 28572 1 8 2073
8 28581 1 10 2070
6 28602 1 1 2062
9 28613 1 0 2074
0 28623 1 8 2076
10 28634 1 4 2075
8 28668 1 4 2077
2 28669 1 8 2058
4 28674 1 2 2056
0 28695 1 8 2080
9 28702 1 7 2079
7 28703 1 3 2071
10 28712 1 2 2081
0 28741 1 5 2085
8 28751 1 10 2082
5 28754 1 6 2072
9 28792 1 3 2086
0 28795 1 2 2089
10 28800 1 3 2088
8 28848 1 6 2090
6 28848 1 5 2078
0 28858 1 7 2093
3 28860 1 1 2069
10 28870 1 9 2094
9 28884 1 2 2092
0 28917 1 4 2097
8 28935 1 0 2095
7 28941 1 9 2087
1 28944 1 4 2065
10 28960 1 0 2099
0 28970 1 10 2101
9 28972 1 6 2100
5 28998 1 1 2091
8 29024 1 2 2102
2 29027 1 7 2083
0 29036 1 9 2106
4 29048 1 1 2084
10 29059 1 4 2105
9 29067 1 6 2107
0 29096 1 9 2111
6 29100 1 5 2096
8 29100 1 2 2109
10 29147 1 0 2113
9 29154 1 0 2114
0 29168 1 10 2115
7 29185 1 10 2103
8 29187 1 1 2117
3 29191 1 10 2098
10 29226 1 2 2118
5 29230 1 4 2108
0 29234 1 3 2120
9 29250 1 1 2119
8 29271 1 2 2122
0 29301 1 7 2126
10 29309 1 2 2124
6 29327 1 2 2116
9 29343 1 0 2127
8 29360 1 4 2128
0 29369 1 4 2129
2 29382 1 1 2110
10 29398 1 6 2130
7 29411 1 3 2121
4 29422 1 5 2112
0 29428 1 7 2134
9 29429 1 2 2132
8 29457 1 0 2133
1 29470 1 0 2104
5 29472 1 2 2125
0 29481 1 1 2139
10 29507 1 1 2136
9 29524 1 5 2140
0 29540 1 5 2144
6 29551 1 4 2131
8 29568 1 1 2141
3 29570 1 5 2123
10 29593 1 0 2145
0 29600 1 6 2147
9 29623 1 1 2146
7 29635 1 2 2137
0 29658 1 8 2152
8 29678 1 1 2149
10 29698 1 4 2151
0 29707 1 1 2155
5 29715 1 3 2143
9 29724 1 8 2153
2 29759 1 4 2135
4 29768 1 3 2138
8 29769 1 9 2156
0 29775 1 3 2158
10 29787 1 2 2157
6 29789 1 0 2148
9 29810 1 6 2160
0 29835 1 7 2164
8 29854 1 7 2163
7 29876 1 4 2154
10 29884 1 4 2165
0 29906 1 1 2168
9 29908 1 5 2167
8 29931 1 0 2169
5 29938 1 10 2159
3 29943 1 8 2150
0 29971 1 8 2172
10 29971 1 1 2171
1 29989 1 8 2142
9 29995 1 5 2173
6 30019 1 0 2166
0 30026 1 2 2177
8 30028 1 7 2174
10 30060 1 9 2178
0 30082 1 5 2182
9 30103 1 5 2180
8 30110 1 2 2183
2 30110 1 3 2161
7 30124 1 2 2170
0 30135 1 4 2185
10 30149 1 2 2184
4 30162 1 7 2162
5 30179 1 1 2175
9 30195 1 5 2186
0 30199 1 1 2190
8 30209 1 2 2187
10 30238 1 3 2191
6 30241 1 9 2181
0 30266 1 9 2195
9 30286 1 7 2194
0 30316 1 6 2199
8 30322 1 3 2196
3 30323 1 6 2176
10 30334 1 6 2197
9 30371 1 10 2200
0 30380 1 10 2201
7 30383 1 4 2189
5 30387 1 1 2193
8 30414 1 2 2202
0 30428 1 3 2206
10 30432 1 3 2204
2 30458 1 7 2188
9 30472 1 1 2205
6 30484 1 5 2198
0 30496 1 9 2210
4 30503 1 2 2192
8 30513 1 2 2209
10 30531 1 7 2211
1 30545 1 0 2179
9 30561 1 1 2213
0 30563 1 3 2215
8 30593 1 0 2217
10 30621 1 7 2218
0 30621 1 8 2221
5 30629 1 6 2208
7 30637 1 5 2207
9 30641 1 8 2220
8 30677 1 7 2222
0 30688 1 6 2224
3 30689 1 9 2203
6 30706 1 5 2214
10 30711 1 3 2223
0 30730 1 5 2229
9 30735 1 10 2227
8 30778 1 9 2228
0 30785 1 7 2233
10 30808 1 1 2232
9 30823 1 1 2234
2 30827 1 5 2212
0 30844 1 8 2236
8 30862 1 1 2235
4 30863 1 0 2216
5 30872 1 8 2225
7 30880 1 0 2226
9 30902 1 5 2238
0 30903 1 7 2240
10 30911 1 2 2237
6 30917 1 4 2231
8 30949 1 5 2241
0 30967 1 3 2246
9 30984 1 5 2245
10 30999 1 8 2247
0 31030 1 9 2250
8 31045 1 6 2249
1 31058 1 0 2219
3 31078 1 9 2230
10 31084 1 5 2252
0 31090 1 4 2253
9 31090 1 1 2251
8 31122 1 1 2254
7 31132 1 3 2244
5 31134 1 2 2243
0 31144 1 3 2258
2 31157 1 4 2239
6 31158 1 1 2248
10 31183 1 8 2257
0 31206 1 3 2263
9 31211 1 10 2259
8 31225 1 7 2260
4 31250 1 0 2242
10 31257 1 7 2266
0 31271 1 10 2267
9 31308 1 5 2268
8 31313 1 2 2269
0 31331 1 2 2272
10 31338 1 0 2271
7 31382 1 5 2261
0 31384 1 10 2275
5 31389 1 8 2262
6 31395 1 10 2265
8 31411 1 5 2274
9 31413 1 8 2273
10 31433 1 8 2276
3 31442 1 10 2256
0 31453 1 6 2278
9 31501 1 1 2282
8 31505 1 7 2281
0 31514 1 4 2285
10 31530 1 0 2283
2 31538 1 3 2264
1 31556 1 5 2255
0 31578 1 7 2288
8 31598 1 10 2287
4 31600 1 3 2270
9 31602 1 10 2286
6 31623 1 5 2280
5 31632 1 6 2279
7 31636 1 4 2277
10 31636 1 1 2289
0 31645 1 7 2292
8 31695 1 2 2293
0 31697 1 10 2300
9 31703 1 8 2295
10 31728 1 6 2299
0 31755 1 7 2302
8 31793 1 6 2301
9 31800 1 8 2303
0 31812 1 9 2305
10 31830 1 2 2304
3 31830 1 9 2284
5 31856 1 3 2297
6 31858 1 10 2296
0 31873 1 8 2308
8 31882 1 10 2306
9 31889 1 5 2307
2 31889 1 10 2290
7 31897 1 9 2298
4 31923 1 10 2294
10 31931 1 1 2309
0 31933 1 9 2313
9 31963 1 10 2315
8 31970 1 3 2314
0 31990 1 10 2320
10 32018 1 3 2319
1 32045 1 3 2291
8 32050 1 5 2322
0 32053 1 6 2323
9 32064 1 7 2321
5 32099 1 8 2311
0 32116 1 8 2327
6 32119 1 4 2312
10 32123 1 2 2324
8 32145 1 4 2326
7 32148 1 3 2317
0 32163 1 6 2330
9 32163 1 1 2328
10 32199 1 9 2332
3 32208 1 5 2310
2 32219 1 6 2316
0 32230 1 4 2335
8 32252 1 2 2333
9 32254 1 10 2336
4 32267 1 1 2318
0 32276 1 1 2340
10 32302 1 4 2337
8 32342 1 3 2341
0 32346 1 2 2344
9 32349 1 8 2342
5 32352 1 6 2329
6 32380 1 8 2331
10 32386 1 6 2345
7 32387 1 3 2334
0 32418 1 3 2347
8 32435 1 10 2346
9 32453 1 3 2348
10 32472 1 0 2351
0 32486 1 8 2353
8 32522 1 7 2354
9 32545 1 1 2355
0 32551 1 4 2357
10 32551 1 7 2356
3 32566 1 2 2338
2 32574 1 7 2339
1 32581 1 6 2325
8 32603 1 2 2358
5 32607 1 6 2349
7 32615 1 8 2352
0 32619 1 3 2360
4 32635 1 1 2343
9 32638 1 4 2359
10 32642 1 4 2361
6 32648 1 7 2350
0 32669 1 1 2368
8 32685 1 9 2365
0 32730 1 5 2373
10 32734 1 4 2371
9 32738 1 8 2370
8 32760 1 7 2374
0 32795 1 5 2375
10 32826 1 4 2376
8 32835 1 3 2378
9 32842 1 0 2377
7 32844 1 5 2367
0 32855 1 3 2379
5 32858 1 2 2366
0 32892 1 8 2384
6 32899 1 3 2372
8 32903 1 1 2381
10 32910 1 2 2380
9 32922 1 6 2382
2 32935 1 6 2363
3 32952 1 1 2362
0 32973 1 8 2386
10 32992 1 3 2389
4 33000 1 7 2369
8 33000 1 9 2388
9 33023 1 0 2390
0 33027 1 5 2393
1 33060 1 10 2364
10 33065 1 0 2394
7 33073 1 10 2383
5 33085 1 7 2385
0 33094 1 8 2398
8 33098 1 1 2396
9 33106 1 5 2397
10 33118 1 0 2400
0 33150 1 7 2403
6 33168 1 2 2387
8 33201 1 1 2404
9 33206 1 8 2405
10 33207 1 8 2406
0 33212 1 9 2407
0 33269 1 1 2412
2 33277 1 10 2391
9 33290 1 4 2410
8 33294 1 7 2409
10 33304 1 4 2411
7 33304 1 4 2401
0 33324 1 9 2413
3 33325 1 8 2392
5 33335 1 4 2402
4 33353 1 9 2395
9 33380 1 6 2415
10 33385 1 0 2417
8 33389 1 2 2416
0 33393 1 9 2419
6 33422 1 10 2408
0 33453 1 2 2426
9 33458 1 5 2423
8 33473 1 6 2425
10 33483 1 3 2424
0 33508 1 8 2428
9 33543 1 4 2429
0 33561 1 7 2432
10 33562 1 6 2431
8 33565 1 0 2430
1 33578 1 4 2399
7 33579 1 6 2418
5 33579 1 9 2421
0 33623 1 5 2434
9 33629 1 10 2433
10 33655 1 1 2435
8 33659 1 4 2436
2 33675 1 10 2414
3 33680 1 2 2420
6 33682 1 7 2427
4 33694 1 9 2422
0 33694 1 7 2440
9 33715 1 2 2441
8 33740 1 9 2443
10 33741 1 3 2442
0 33747 1 9 2448
9 33806 1 6 2449
5 33806 1 1 2439
0 33808 1 4 2452
8 33826 1 0 2450
7 33832 1 4 2438
10 33837 1 9 2451
0 33864 1 6 2455
9 33895 1 4 2453
6 33915 1 5 2446
8 33922 1 1 2456
10 33926 1 5 2458
0 33927 1 8 2459
9 33969 1 4 2460
0 33972 1 7 2464
8 34003 1 0 2462
10 34013 1 5 2463
3 34035 1 6 2445
5 34040 1 2 2454
0 34042 1 6 2466
2 34049 1 1 2444
7 34054 1 10 2457
4 34055 1 1 2447
9 34067 1 1 2465
8 34087 1 5 2467
0 34097 1 1 2471
10 34101 1 0 2468
1 34107 1 7 2437
6 34148 1 0 2461
8 34156 1 4 2476
9 34165 1 4 2475
0 34172 1 3 2477
10 34198 1 0 2478
8 34235 1 0 2481
0 34235 1 7 2483
9 34250 1 0 2482
5 34263 1 10 2470
0 34284 1 5 2486
10 34293 1 7 2484
7 34295 1 2 2473
8 34329 1 10 2485
9 34345 1 1 2487
0 34361 1 2 2489
3 34373 1 0 2469
10 34379 1 1 2490
6 34389 1 0 2480
0 34418 1 7 2494
8 34423 1 9 2492
4 34428 1 5 2474
9 34436 1 7 2493
2 34436 1 1 2472
0 34476 1 4 2498
10 34480 1 5 2496
8 34503 1 10 2499
5 34504 1 4 2488
9 34506 1 8 2501
7 34536 1 2 2491
0 34538 1 9 2503
10 34568 1 1 2504
9 34586 1 5 2507
8 34591 1 9 2505
1 34596 1 7 2479
0 34604 1 8 2509
6 34619 1 8 2497
10 34659 1 8 2510
8 34665 1 10 2512
0 34667 1 6 2514
9 34688 1 6 2511
0 34723 1 10 2518
3 34733 1 1 2495
8 34749 1 5 2517
4 34759 1 7 2500
10 34766 1 9 2516
0 34773 1 9 2520
7 34778 1 0 2508
5 34778 1 4 2506
9 34796 1 1 2519
2 34830 1 0 2502
0 34831 1 4 2525
8 34839 1 0 2522
10 34860 1 5 2524
6 34861 1 0 2515
9 34881 1 8 2528
0 34897 1 9 2530
8 34931 1 0 2531
0 34954 1 6 2535
10 34957 1 7 2532
9 34965 1 4 2534
0 34997 1 2 2537
7 35006 1 10 2526
5 35023 1 2 2527
8 35034 1 2 2536
9 35042 1 8 2539
10 35047 1 9 2538
0 35063 1 6 2540
3 35082 1 6 2521
6 35098 1 10 2533
0 35118 1 10 2546
4 35119 1 1 2523
8 35126 1 3 2543
10 35128 1 6 2545
9 35134 1 3 2544
1 35142 1 9 2513
2 35171 1 6 2529
0 35186 1 9 2549
10 35217 1 4 2552
8 35224 1 1 2551
9 35233 1 7 2553
0 35243 1 4 2556
5 35252 1 10 2542
7 35273 1 4 2541
0 35302 1 8 2560
10 35304 1 8 2557
8 35316 1 6 2558
9 35329 1 4 2559
6 35332 1 9 2548
0 35361 1 5 2563
10 35407 1 3 2564
8 35417 1 3 2565
0 35417 1 10 2568
9 35418 1 10 2566
3 35466 1 6 2547
4 35475 1 1 2550
0 35479 1 8 2571
7 35497 1 4 2562
5 35503 1 8 2561
9 35512 1 0 2572
8 35513 1 10 2570
10 35520 1 5 2569
0 35529 1 6 2575
2 35545 1 10 2555
6 35554 1 9 2567
0 35583 1 6 2581
8 35598 1 3 2579
10 35613 1 1 2580
9 35616 1 4 2578
0 35643 1 6 2584
1 35658 1 2 2554
0 35701 1 2 2588
8 35707 1 2 2585
9 35711 1 4 2587
10 35711 1 1 2586
5 35717 1 4 2577
0 35750 1 2 2590
7 35764 1 9 2576
6 35773 1 7 2583
9 35794 1 10 2592
8 35801 1 1 2591
0 35807 1 3 2595
10 35813 1 4 2593
3 35819 1 2 2573
4 35846 1 2 2574
0 35872 1 5 2600
9 35887 1 0 2598
10 35901 1 4 2601
8 35903 1 1 2599
0 35928 1 7 2604
2 35931 1 7 2582
5 35969 1 10 2594
9 35977 1 3 2605
0 35991 1 4 2608
10 35991 1 1 2606
8 35992 1 0 2607
7 35996 1 6 2596
6 36008 1 9 2597
0 36048 1 6 2612
9 36061 1 0 2611
10 36081 1 6 2613
8 36086 1 6 2614
0 36099 1 4 2617
9 36141 1 1 2618
1 36163 1 7 2589
0 36165 1 8 2621
10 36181 1 3 2619
3 36193 1 5 2602
8 36194 1 5 2620
5 36211 1 7 2610
9 36216 1 8 2622
0 36233 1 7 2624
4 36237 1 0 2603
7 36242 1 2 2615
6 36244 1 5 2616
2 36261 1 8 2609
10 36286 1 6 2625
0 36287 1 4 2630
8 36291 1 4 2627
9 36296 1 10 2629
0 36346 1 6 2636
8 36378 1 4 2637
9 36386 1 0 2638
10 36387 1 9 2635
0 36403 1 7 2639
5 36428 1 0 2628
0 36458 1 8 2643
6 36470 1 1 2633
8 36478 1 9 2640
7 36482 1 2 2632
9 36489 1 3 2641
10 36489 1 2 2642
0 36510 1 3 2645
8 36558 1 5 2647
0 36559 1 8 2651
9 36569 1 3 2649
3 36571 1 1 2626
10 36584 1 5 2650
4 36607 1 3 2631
0 36623 1 4 2653
5 36632 1 0 2644
2 36635 1 10 2634
8 36645 1 7 2652
9 36659 1 5 2654
0 36681 1 7 2658
10 36695 1 0 2656
7 36707 1 9 2648
1 36711 1 9 2623
6 36725 1 7 2646
8 36732 1 3 2661
0 36735 1 1 2663
9 36745 1 5 2662
10 36770 1 6 2664
0 36796 1 3 2669
8 36796 1 0 2668
9 36822 1 7 2670
10 36854 1 3 2671
0 36864 1 7 2672
5 36869 1 0 2659
8 36899 1 9 2673
9 36907 1 5 2674
3 36915 1 9 2655
0 36924 1 8 2676
4 36944 1 8 2657
10 36952 1 0 2675
7 36958 1 2 2665
6 36963 1 9 2667
0 36979 1 3 2681
8 36983 1 5 2678
9 37010 1 8 2679
10 37036 1 3 2683
0 37043 1 10 2686
2 37050 1 4 2660
8 37079 1 7 2687
9 37088 1 6 2688
0 37098 1 8 2690
10 37124 1 2 2689
5 37128 1 1 2677
0 37148 1 4 2694
8 37161 1 0 2692
9 37170 1 3 2693
7 37184 1 0 2684
6 37206 1 1 2685
0 37219 1 6 2697
10 37232 1 3 2695
1 37233 1 2 2666
9 37251 1 1 2699
8 37258 1 6 2698
3 37260 1 4 2680
0 37280 1 1 2702
4 37300 1 7 2682
9 37328 1 0 2705
10 37335 1 6 2703
0 37343 1 1 2708
8 37363 1 3 2706
2 37370 1 10 2691
5 37385 1 0 2696
0 37392 1 1 2712
7 37407 1 4 2700
10 37413 1 0 2711
6 37421 1 3 2701
9 37421 1 5 2710
8 37447 1 3 2713
0 37461 1 9 2716
9 37500 1 5 2720
10 37503 1 9 2718
0 37521 1 8 2722
8 37528 1 3 2721
0 37574 1 6 2725
10 37589 1 1 2724
9 37605 1 8 2723
8 37608 1 3 2726
3 37616 1 7 2707
5 37631 1 8 2715
0 37644 1 9 2727
4 37649 1 1 2709
7 37654 1 10 2717
2 37684 1 5 2714
6 37694 1 4 2719
10 37695 1 2 2728
9 37700 1 5 2729
8 37704 1 6 2730
0 37713 1 8 2733
1 37721 1 7 2704
0 37775 1 6 2741
9 37782 1 0 2739
10 37789 1 9 2738
8 37800 1 3 2740
0 37848 1 7 2743
9 37862 1 10 2744
5 37870 1 9 2732
7 37873 1 1 2735
8 37883 1 7 2746
10 37895 1 7 2745
0 37912 1 4 2747
6 37928 1 9 2737
9 37957 1 0 2748
8 37966 1 4 2751
0 37975 1 6 2753
4 37979 1 2 2734
10 37990 1 2 2752
3 37995 1 8 2731
0 38034 1 8 2757
9 38038 1 6 2755
8 38070 1 1 2756
2 38080 1 5 2736
7 38085 1 0 2750
0 38086 1 1 2761
10 38090 1 9 2759
5 38116 1 7 2749
0 38127 1 2 2766
9 38149 1 8 2762
8 38166 1 7 2763
10 38178 1 9 2767
6 38182 1 8 2754
0 38187 1 1 2769
1 38227 1 9 2742
9 38236 1 6 2770
0 38248 1 2 2774
10 38257 1 9 2772
8 38259 1 10 2771
0 38307 1 4 2777
9 38323 1 10 2776
7 38330 1 3 2765
5 38338 1 8 2768
10 38346 1 9 2778
8 38347 1 5 2779
4 38354 1 3 2758
3 38362 1 1 2760
0 38364 1 3 2780
6 38405 1 4 2773
9 38407 1 3 2781
0 38414 1 1 2788
2 38432 1 0 2764
8 38433 1 6 2785
10 38447 1 9 2784
0 38481 1 5 2791
9 38505 1 4 2790
0 38533 1 7 2795
10 38535 1 8 2794
8 38539 1 9 2793
7 38575 1 0 2782
9 38587 1 1 2796
5 38590 1 0 2783
0 38594 1 6 2797
10 38620 1 9 2798
6 38631 1 2 2789
8 38634 1 7 2799
0 38649 1 8 2803
9 38673 1 0 2801
10 38704 1 4 2804
0 38709 1 3 2807
1 38714 1 3 2775
3 38718 1 0 2787
4 38723 1 6 2786
8 38731 1 5 2806
9 38762 1 3 2808
2 38775 1 10 2792
0 38775 1 2 2810
10 38806 1 3 2809
7 38808 1 1 2800
8 38808 1 4 2814
5 38816 1 3 2802
0 38832 1 2 2817
6 38852 1 1 2805
9 38867 1 0 2815
10 38882 1 1 2818
0 38885 1 2 2822
8 38892 1 0 2820
0 38942 1 3 2826
10 38960 1 5 2825
9 38963 1 0 2824
8 38974 1 7 2827
0 38999 1 8 2828
7 39032 1 2 2819
10 39040 1 5 2829
5 39043 1 4 2821
8 39047 1 2 2831
9 39051 1 8 2830
0 39053 1 1 2832
3 39055 1 0 2812
4 39082 1 7 2813
6 39107 1 3 2823
0 39111 1 9 2838
2 39124 1 9 2816
10 39132 1 3 2834
9 39155 1 1 2837
8 39155 1 4 2836
0 39170 1 6 2842
1 39221 1 8 2811
10 39224 1 4 2844
0 39230 1 5 2847
9 39240 1 6 2845
8 39261 1 6 2846
7 39272 1 10 2833
0 39290 1 5 2850
5 39304 1 0 2835
10 39315 1 3 2849
9 39329 1 0 2851
0 39341 1 8 2854
6 39352 1 10 2841
8 39354 1 9 2852
9 39392 1 2 2857
0 39394 1 3 2858
10 39411 1 1 2856
4 39414 1 6 2840
8 39431 1 7 2860
3 39441 1 5 2839
0 39450 1 4 2862
2 39468 1 5 2843
9 39479 1 6 2861
8 39517 1 10 2865
7 39518 1 9 2853
10 39522 1 6 2863
0 39537 1 9 2867
5 39557 1 4 2855
9 39564 1 8 2869
0 39593 1 10 2873
6 39596 1 4 2859
8 39615 1 9 2870
10 39629 1 0 2872
9 39636 1 3 2875
0 39653 1 10 2876
8 39694 1 6 2878
0 39710 1 10 2881
10 39721 1 5 2879
9 39728 1 7 2880
1 39745 1 5 2848
7 39748 1 1 2871
0 39756 1 7 2883
4 39772 1 7 2864
3 39778 1 6 2866
8 39782 1 7 2882
5 39804 1 1 2874
9 39806 1 5 2885
10 39808 1 4 2884
0 39816 1 6 2888
2 39818 1 7 2868
6 39840 1 8 2877
8 39852 1 0 2891
0 39875 1 2 2895
9 39880 1 1 2893
10 39893 1 8 2894
8 39934 1 2 2898
0 39941 1 9 2899
9 39972 1 1 2900
10 39980 1 1 2901
7 39981 1 4 2887
8 39997 1 4 2902
0 39999 1 3 2903
0 40052 1 9 2908
5 40059 1 10 2892
10 40066 1 4 2905
9 40069 1 7 2904
6 40077 1 5 2897
8 40082 1 6 2907
0 40115 1 6 2909
3 40119 1 9 2890
4 40124 1 9 2889
2 40149 1 3 2896
10 40158 1 9 2911
0 40164 1 7 2915
9 40175 1 3 2912
8 40180 1 3 2914
0 40221 1 10 2920
7 40222 1 10 2906
10 40238 1 0 2919
9 40248 1 2 2921
8 40270 1 2 2922
1 40270 1 6 2886
0 40289 1 7 2923
6 40306 1 4 2913
10 40316 1 5 2925
5 40319 1 8 2910
9 40344 1 5 2926
0 40348 1 9 2929
8 40350 1 5 2927
0 40411 1 10 2934
10 40414 1 2 2931
9 40435 1 6 2933
8 40436 1 2 2935
7 40450 1 6 2924
0 40466 1 3 2936
3 40473 1 1 2916
4 40487 1 6 2917
2 40495 1 9 2918
10 40511 1 7 2937
0 40521 1 2 2941
9 40522 1 6 2938
8 40533 1 10 2939
6 40536 1 4 2930
5 40569 1 1 2932
0 40588 1 1 2946
10 40603 1 3 2945
8 40621 1 7 2948
9 40632 1 10 2947
0 40648 1 10 2951
7 40683 1 9 2940
10 40691 1 7 2952
8 40696 1 5 2953
0 40699 1 5 2955
9 40714 1 8 2954
6 40745 1 10 2949
0 40753 1 1 2959
8 40777 1 7 2958
10 40783 1 1 2957
1 40794 1 3 2928
9 40810 1 5 2960
0 40821 1 3 2962
5 40821 1 3 2950
3 40836 1 1 2942
2 40845 1 5 2944
4 40862 1 9 2943
8 40868 1 10 2963
10 40882 1 3 2964
0 40884 1 3 2967
7 40918 1 5 2956
9 40918 1 5 2966
0 40936 1 6 2974
10 40971 1 8 2973
8 40974 1 7 2972
9 41007 1 7 2976
0 41010 1 8 2977
6 41016 1 7 2961
8 41055 1 6 2979
10 41063 1 9 2978
0 41071 1 6 2981
9 41092 1 10 2980
5 41092 1 8 2968
8 41130 1 0 2983
0 41133 1 10 2985
7 41146 1 1 2975
10 41158 1 9 2984
9 41191 1 0 2986
0 41192 1 2 2989
3 41198 1 2 2969
2 41202 1 6 2970
8 41215 1 5 2988
4 41226 1 9 2971
10 41246 1 6 2991
0 41261 1 8 2993
6 41274 1 0 2982
9 41288 1 3 2992
8 41298 1 4 2996
0 41303 1 10 2999
10 41332 1 2 2998
5 41332 1 10 2987
1 41359 1 5 2965
0 41360 1 3 3003
9 41380 1 3 3001
7 41382 1 9 2990
8 41384 1 7 3002
10 41412 1 3 3004
0 41428 1 9 3007
9 41479 1 6 3008
8 41481 1 5 3010
0 41487 1 8 3012
10 41509 1 2 3011
6 41509 1 10 3000
3 41550 1 7 2994
0 41552 1 7 3015
9 41571 1 6 3013
8 41573 1 0 3014
5 41580 1 1 3005
2 41582 1 1 2995
4 41587 1 6 2997
10 41600 1 0 3016
7 41619 1 9 3009
0 41624 1 1 3019
8 41652 1 7 3021
9 41655 1 7 3020
10 41677 1 2 3025
0 41682 1 1 3027
0 41734 1 6 3031
8 41740 1 0 3028
6 41740 1 8 3017
9 41750 1 1 3029
10 41761 1 8 3030
0 41795 1 8 3032
5 41823 1 6 3022
8 41828 1 3 3033
10 41839 1 4 3036
9 41843 1 0 3035
0 41851 1 8 3037
7 41863 1 4 3026
8 41914 1 0 3039
4 41916 1 7 3024
0 41921 1 10 3042
9 41922 1 0 3041
3 41928 1 7 3018
1 41928 1 0 3006
10 41933 1 5 3040
6 41956 1 4 3034
0 41968 1 8 3046
2 41980 1 4 3023
8 41992 1 1 3044
9 42013 1 8 3047
10 42015 1 8 3050
0 42017 1 1 3052
5 42062 1 9 3038
0 42072 1 10 3057
9 42088 1 6 3055
10 42096 1 5 3056
8 42099 1 9 3054
7 42103 1 8 3043
0 42130 1 9 3059
8 42176 1 10 3062
0 42192 1 6 3064
9 42193 1 10 3060
10 42195 1 9 3061
6 42202 1 9 3051
0 42254 1 2 3066
4 42275 1 0 3045
9 42281 1 0 3067
8 42284 1 3 3065
5 42286 1 6 3058
10 42296 1 7 3068
3 42303 1 5 3048
0 42326 1 8 3070
7 42340 1 9 3063
9 42360 1 0 3072
2 42366 1 3 3053
8 42374 1 1 3073
10 42385 1 2 3075
0 42395 1 3 3077
9 42438 1 4 3079
1 42447 1 0 3049
0 42449 1 8 3083
6 42455 1 2 3069
10 42471 1 9 3082
8 42489 1 6 3081
0 42504 1 1 3086
5 42510 1 9 3074
9 42533 1 6 3084
10 42561 1 0 3088
0 42563 1 7 3090
7 42569 1 0 3078
8 42588 1 9 3089
0 42614 1 4 3094
9 42621 1 8 3092
4 42635 1 5 3071
10 42658 1 1 3093
8 42661 1 9 3096
0 42668 1 9 3097
3 42677 1 4 3076
6 42682 1 1 3087
9 42713 1 3 3098
10 42726 1 9 3100
2 42731 1 3 3080
0 42732 1 2 3102
5 42734 1 10 3091
8 42752 1 5 3101
0 42793 1 1 3108
10 42803 1 3 3106
9 42814 1 3 3105
7 42820 1 9 3095
8 42841 1 4 3110
0 42857 1 7 3111
10 42899 1 4 3112
6 42912 1 10 3104
9 42914 1 3 3113
0 42923 1 4 3116
8 42926 1 4 3115
5 42948 1 6 3109
1 42983 1 7 3085
0 42984 1 9 3120
10 42991 1 3 3117
9 43000 1 5 3119
4 43010 1 7 3099
8 43014 1 2 3121
0 43046 1 7 3124
7 43053 1 2 3114
3 43062 1 6 3103
10 43085 1 0 3125
9 43087 1 0 3126
2 43100 1 0 3107
8 43105 1 9 3128
0 43105 1 9 3129
6 43135 1 8 3118
0 43164 1 7 3136
5 43169 1 0 3122
10 43173 1 1 3132
9 43184 1 7 3133
