clientID partySize elevatorID arrivalFloor dropoffFloor createTime pickupTime dropoffTime
1 1 0 0 5 64 65 70
9 1 1 0 2 117 118 120
10 1 2 0 6 168 169 175
11 1 3 0 1 226 227 228
8 1 2 7 3 224 225 229
7 1 2 6 2 226 232 236
6 1 0 5 0 257 258 263
13 1 0 0 7 291 292 299
4 1 1 3 5 347 348 350
3 1 2 2 5 353 354 357
16 1 2 0 4 354 362 366
5 1 2 4 0 376 377 381
19 1 2 0 1 415 416 417
21 1 2 0 1 465 466 467
12 1 0 7 5 488 489 491
14 1 0 6 1 494 495 500
15 1 1 5 3 506 507 509
22 1 2 0 1 526 527 528
2 1 2 1 2 531 532 533
26 1 3 0 1 592 593 594
28 1 0 0 1 662 663 664
17 1 1 3 1 673 674 676
18 1 2 2 5 714 715 718
29 1 3 0 1 724 725 726
24 1 2 6 3 727 728 731
23 1 2 7 1 731 735 741
20 1 2 4 2 741 744 746
25 1 2 5 6 756 759 760
32 1 0 0 6 780 781 787
37 1 1 0 5 844 845 850
33 1 2 6 0 917 918 924
38 1 3 0 4 920 921 925
40 1 2 0 3 977 978 981
34 1 0 7 5 989 990 992
36 1 0 5 3 1002 1003 1005
41 1 0 0 1 1040 1043 1044
30 1 2 3 4 1043 1044 1045
27 1 0 1 5 1044 1045 1049
35 1 2 4 7 1062 1063 1066
31 1 3 2 7 1084 1086 1091
44 1 0 0 2 1100 1105 1107
39 1 2 6 5 1167 1168 1169
49 1 0 0 5 1165 1167 1172
43 1 1 5 6 1228 1229 1230
50 1 0 0 2 1227 1232 1234
42 1 3 7 4 1257 1258 1261
52 1 0 0 2 1285 1287 1289
55 1 0 0 5 1339 1341 1346
51 1 1 6 1 1400 1401 1406
48 1 1 2 5 1404 1407 1410
56 1 1 0 6 1405 1415 1421
45 1 3 3 4 1434 1435 1436
47 1 3 4 0 1434 1437 1441
53 1 2 5 3 1451 1452 1454
59 1 3 0 2 1465 1466 1468
54 1 1 7 5 1493 1494 1496
46 1 3 1 0 1512 1513 1514
63 1 3 0 7 1532 1533 1540
66 1 2 0 6 1577 1580 1586
67 1 0 0 5 1639 1644 1649
57 1 2 6 1 1658 1659 1664
62 1 1 5 0 1690 1691 1696
68 1 2 0 4 1692 1693 1697
64 1 3 7 2 1732 1733 1738
58 1 3 2 5 1761 1762 1765
71 1 1 0 6 1761 1762 1768
61 1 2 4 0 1764 1765 1769
60 1 3 3 2 1781 1783 1784
73 1 2 0 3 1814 1815 1818
77 1 3 0 3 1876 1878 1881
70 1 0 5 2 1918 1919 1922
78 1 0 0 1 1926 1928 1929
69 1 1 6 1 1931 1932 1937
72 1 2 7 2 1954 1958 1963
80 1 0 0 1 1994 1995 1996
65 1 0 1 2 2045 2046 2047
83 1 1 0 6 2057 2058 2064
76 1 3 3 1 2121 2122 2124
85 1 3 0 2 2122 2125 2127
74 1 3 2 4 2132 2133 2135
81 1 1 6 5 2141 2142 2143
75 1 3 4 0 2153 2154 2158
79 1 1 5 4 2164 2165 2166
82 1 1 7 1 2164 2169 2175
87 1 3 0 1 2189 2190 2191
93 1 1 0 7 2254 2255 2262
94 1 3 0 2 2304 2305 2307
95 1 3 0 5 2363 2365 2370
89 1 1 6 3 2383 2384 2387
92 1 3 5 6 2401 2402 2403
96 1 2 0 6 2415 2417 2423
91 1 3 7 3 2419 2420 2424
99 1 0 0 3 2469 2471 2474
86 1 0 3 6 2472 2474 2477
88 1 1 2 6 2516 2517 2521
101 1 3 0 2 2521 2524 2526
90 1 3 4 5 2522 2528 2529
84 1 3 1 0 2539 2543 2544
104 1 3 0 6 2571 2572 2578
107 1 2 0 6 2613 2619 2625
97 1 3 6 1 2628 2629 2634
98 1 0 5 0 2661 2662 2667
108 1 0 0 2 2669 2670 2672
100 1 2 7 2 2672 2673 2678
111 1 3 0 7 2719 2720 2727
113 1 0 0 7 2775 2777 2784
114 1 2 0 7 2835 2837 2844
102 1 1 3 6 2846 2849 2852
103 1 1 2 5 2881 2885 2888
109 1 0 6 3 2888 2889 2892
115 1 0 0 4 2889 2895 2899
105 1 1 4 0 2894 2895 2899
112 1 3 7 5 2905 2906 2908
110 1 3 5 6 2909 2910 2911
119 1 1 0 5 2955 2956 2961
123 1 0 0 3 3005 3009 3012
124 1 0 0 1 3060 3063 3064
106 1 0 1 2 3088 3089 3090
118 1 3 6 5 3113 3114 3115
125 1 0 0 4 3116 3118 3122
121 1 2 7 6 3132 3133 3134
122 1 1 5 4 3173 3174 3175
128 1 1 0 7 3178 3182 3189
116 1 0 3 1 3215 3216 3218
117 1 0 2 1 3237 3238 3239
131 1 0 0 4 3240 3241 3245
120 1 0 4 3 3252 3253 3254
134 1 0 0 2 3307 3310 3312
129 1 1 7 5 3357 3358 3360
136 1 0 0 6 3355 3357 3363
127 1 2 6 5 3368 3369 3370
130 1 2 5 3 3410 3411 3413
137 1 2 0 6 3415 3418 3424
141 1 1 0 4 3465 3470 3474
142 1 1 0 1 3532 3536 3537
132 1 3 3 6 3584 3586 3589
143 1 1 0 2 3594 3595 3597
138 1 3 7 1 3592 3593 3599
126 1 3 1 2 3604 3605 3606
133 1 1 2 1 3605 3606 3607
135 1 3 4 3 3611 3613 3614
139 1 0 6 0 3618 3619 3625
146 1 0 0 1 3643 3644 3645
140 1 2 5 6 3679 3680 3681
151 1 0 0 1 3703 3704 3705
153 1 0 0 3 3761 3762 3765
154 1 1 0 2 3811 3812 3814
145 1 2 7 4 3839 3840 3843
150 1 2 6 1 3857 3859 3864
155 1 2 0 5 3883 3884 3889
152 1 2 5 0 3931 3932 3937
158 1 2 0 7 3939 3940 3947
144 1 3 3 4 3961 3962 3963
148 1 1 2 6 3967 3968 3972
149 1 3 4 7 3968 3969 3972
160 1 0 0 3 3992 3995 3998
156 1 2 7 4 4068 4069 4072
164 1 0 0 7 4067 4070 4077
157 1 1 6 1 4111 4112 4117
159 1 2 5 3 4132 4133 4135
165 1 1 0 5 4130 4131 4136
147 1 2 1 0 4147 4149 4150
168 1 2 0 5 4176 4177 4182
171 1 2 0 5 4244 4249 4254
166 1 3 7 0 4301 4302 4309
172 1 3 0 6 4307 4310 4316
161 1 1 3 4 4318 4320 4321
163 1 1 4 7 4327 4328 4331
162 1 2 2 0 4344 4347 4349
174 1 2 0 6 4364 4365 4371
169 1 2 5 1 4378 4379 4383
167 1 3 6 5 4381 4382 4383
178 1 2 0 3 4424 4425 4428
181 1 2 0 4 4497 4500 4504
182 1 2 0 3 4548 4552 4555
173 1 0 7 0 4555 4556 4563
183 1 0 0 5 4617 4618 4623
179 1 3 5 0 4619 4620 4625
180 1 1 6 2 4624 4625 4629
185 1 3 0 6 4670 4671 4677
170 1 1 1 6 4680 4681 4686
175 1 1 3 5 4683 4689 4691
176 1 1 4 6 4696 4697 4699
188 1 2 0 6 4722 4725 4731
177 1 2 2 1 4730 4735 4736
192 1 2 0 3 4787 4788 4791
184 1 1 7 0 4830 4831 4838
194 1 1 0 4 4846 4847 4851
186 1 0 5 7 4850 4851 4853
187 1 3 6 2 4887 4888 4892
196 1 3 0 6 4922 4924 4930
199 1 2 0 7 4984 4987 4994
200 1 1 0 6 5044 5048 5054
190 1 1 3 0 5055 5058 5061
193 1 1 2 0 5066 5068 5070
191 1 3 4 7 5083 5085 5088
195 1 3 7 2 5089 5090 5095
197 1 0 5 6 5098 5100 5101
198 1 0 6 4 5104 5105 5107
201 1 1 0 5 5101 5102 5107
207 1 3 0 2 5154 5156 5158
189 1 3 1 6 5205 5206 5211
209 1 0 0 3 5218 5222 5225
211 1 0 0 7 5282 5285 5292
205 1 0 7 0 5331 5332 5339
212 1 0 0 6 5338 5340 5346
206 1 1 5 7 5345 5346 5348
208 1 3 6 1 5363 5364 5369
214 1 3 0 6 5395 5396 5402
202 1 0 3 2 5406 5409 5410
203 1 0 2 0 5408 5410 5412
217 1 0 0 5 5457 5458 5463
204 1 0 4 7 5468 5469 5472
220 1 3 0 7 5523 5529 5536
213 1 1 7 2 5577 5578 5583
215 1 2 5 1 5585 5587 5591
222 1 2 0 4 5599 5600 5604
216 1 0 6 7 5614 5615 5616
225 1 1 0 4 5653 5655 5659
227 1 2 0 1 5715 5719 5720
210 1 2 1 6 5724 5725 5730
219 1 1 2 3 5755 5757 5758
228 1 1 0 5 5786 5789 5794
218 1 1 3 2 5788 5796 5797
224 1 2 5 2 5825 5826 5829
223 1 0 7 3 5833 5834 5838
231 1 0 0 7 5836 5841 5848
226 1 3 6 1 5842 5843 5848
221 1 0 4 2 5838 5851 5853
235 1 3 0 5 5888 5889 5894
238 1 1 0 6 5951 5953 5959
239 1 2 0 4 6014 6016 6020
233 1 3 5 2 6053 6054 6057
234 1 1 7 2 6066 6067 6072
240 1 1 0 7 6078 6080 6087
237 1 1 6 5 6080 6088 6089
230 1 3 2 1 6090 6091 6092
243 1 3 0 6 6145 6146 6152
232 1 2 3 2 6157 6158 6159
236 1 1 4 0 6177 6178 6182
246 1 1 0 6 6203 6204 6210
249 1 0 0 5 6260 6262 6267
241 1 0 5 0 6275 6276 6281
229 1 2 1 7 6285 6286 6292
244 1 3 6 5 6296 6297 6298
242 1 2 7 6 6320 6321 6322
250 1 0 0 7 6320 6321 6328
255 1 3 0 2 6388 6393 6395
245 1 3 2 5 6412 6413 6416
256 1 3 0 6 6447 6452 6458
258 1 1 0 5 6506 6512 6517
251 1 1 5 1 6520 6521 6525
248 1 1 4 5 6521 6528 6529
247 1 1 3 0 6528 6531 6534
253 1 2 6 0 6538 6539 6545
254 1 0 7 5 6549 6550 6552
259 1 1 0 6 6560 6561 6567
265 1 2 0 1 6617 6618 6619
266 1 2 0 2 6663 6664 6666
267 1 2 0 3 6725 6727 6730
260 1 0 5 6 6753 6754 6755
257 1 2 2 6 6770 6771 6775
263 1 2 6 5 6781 6782 6783
268 1 1 0 2 6780 6786 6788
264 1 0 7 6 6803 6804 6805
252 1 1 1 4 6803 6804 6807
271 1 1 0 6 6840 6844 6850
261 1 2 4 0 6884 6885 6889
275 1 2 0 2 6901 6902 6904
262 1 2 3 7 6904 6905 6909
277 1 1 0 5 6971 6977 6982
269 1 1 5 2 6988 6989 6992
279 1 1 0 5 7026 7028 7033
272 1 0 6 0 7027 7028 7034
274 1 2 7 3 7049 7050 7054
281 1 0 0 4 7085 7086 7090
270 1 2 2 5 7127 7128 7131
284 1 0 0 7 7139 7143 7150
286 1 1 0 7 7189 7194 7201
280 1 2 5 6 7207 7208 7209
276 1 3 4 3 7212 7214 7215
282 1 2 6 5 7251 7252 7253
287 1 3 0 4 7255 7258 7262
278 1 3 3 5 7272 7273 7275
283 1 0 7 2 7282 7283 7288
291 1 0 0 3 7313 7315 7318
273 1 0 1 2 7328 7330 7331
294 1 0 0 1 7377 7379 7380
288 1 3 5 3 7416 7417 7419
296 1 0 0 3 7445 7446 7449
290 1 1 6 4 7488 7489 7491
285 1 3 2 7 7501 7502 7507
298 1 3 0 3 7503 7514 7517
293 1 2 7 0 7520 7522 7529
301 1 2 0 3 7555 7556 7559
289 1 1 4 1 7579 7580 7583
303 1 1 0 7 7614 7615 7622
292 1 0 3 5 7639 7640 7642
297 1 0 5 6 7660 7661 7662
305 1 2 0 3 7663 7666 7669
299 1 0 6 1 7712 7713 7718
308 1 0 0 2 7719 7720 7722
310 1 0 0 6 7773 7775 7781
302 1 1 7 1 7775 7776 7782
311 1 1 0 1 7826 7827 7828
300 1 1 2 7 7860 7861 7866
295 1 2 1 7 7873 7875 7881
313 1 2 0 1 7875 7888 7889
307 1 0 5 1 7908 7909 7913
316 1 0 0 4 7926 7927 7931
309 1 1 6 5 7936 7937 7938
304 1 0 4 0 7946 7947 7951
306 1 3 3 0 7949 7950 7953
318 1 0 0 7 7981 7982 7989
312 1 0 7 5 8004 8005 8007
322 1 3 0 3 8056 8057 8060
324 1 2 0 6 8122 8123 8129
317 1 0 5 7 8149 8150 8152
325 1 3 0 3 8175 8178 8181
319 1 2 6 4 8185 8186 8188
314 1 3 2 0 8224 8225 8227
327 1 3 0 1 8236 8237 8238
323 1 0 7 0 8248 8249 8256
321 1 2 3 1 8299 8300 8302
330 1 0 0 5 8299 8300 8305
320 1 0 4 5 8315 8316 8317
332 1 2 0 6 8363 8364 8370
326 1 0 5 6 8393 8394 8395
315 1 3 1 6 8415 8416 8421
335 1 1 0 2 8421 8426 8428
328 1 2 6 1 8436 8437 8442
338 1 2 0 7 8480 8481 8488
331 1 2 7 5 8510 8511 8513
340 1 1 0 2 8535 8537 8539
329 1 1 2 3 8579 8580 8581
342 1 1 0 2 8596 8599 8601
336 1 2 5 0 8623 8624 8629
333 1 1 3 0 8630 8631 8634
339 1 0 6 4 8665 8666 8668
334 1 3 4 7 8663 8665 8668
344 1 1 0 1 8669 8670 8671
349 1 2 0 7 8728 8729 8736
341 1 2 7 2 8741 8742 8747
350 1 1 0 1 8791 8792 8793
352 1 1 0 3 8841 8842 8845
345 1 0 5 6 8895 8896 8897
353 1 2 0 6 8904 8906 8912
348 1 2 6 5 8920 8921 8922
337 1 1 1 7 8925 8927 8933
343 1 2 2 0 8956 8959 8961
355 1 2 0 6 8968 8969 8975
351 1 3 7 6 8986 8987 8988
346 1 2 3 1 8984 8987 8989
359 1 2 0 1 9027 9028 9029
347 1 3 4 0 9031 9033 9037
362 1 3 0 2 9086 9087 9089
364 1 2 0 2 9141 9142 9144
354 1 0 5 1 9140 9141 9145
356 1 1 6 1 9163 9164 9169
366 1 0 0 7 9213 9214 9221
361 1 0 7 1 9240 9241 9247
368 1 0 0 3 9269 9270 9273
370 1 1 0 1 9323 9324 9325
358 1 2 2 0 9329 9330 9332
360 1 0 3 1 9349 9350 9352
363 1 3 4 7 9354 9356 9359
371 1 2 0 5 9387 9388 9393
365 1 2 5 4 9395 9396 9397
367 1 3 6 4 9395 9396 9398
357 1 0 1 3 9437 9438 9440
375 1 1 0 1 9453 9454 9455
369 1 2 7 0 9493 9496 9503
379 1 2 0 1 9508 9509 9510
381 1 1 0 2 9573 9574 9576
376 1 3 5 6 9622 9623 9624
377 1 3 6 5 9626 9627 9628
382 1 2 0 5 9630 9631 9636
385 1 1 0 1 9682 9684 9685
372 1 1 2 1 9696 9697 9698
373 1 0 3 7 9700 9701 9705
374 1 3 4 1 9724 9725 9728
380 1 0 7 1 9729 9730 9736
386 1 1 0 1 9752 9753 9754
391 1 3 0 3 9803 9804 9807
384 1 2 6 3 9853 9854 9857
392 1 0 0 3 9867 9868 9871
383 1 2 5 7 9885 9887 9889
394 1 1 0 1 9933 9934 9935
378 1 1 1 2 9946 9947 9948
390 1 2 7 2 9989 9990 9995
396 1 1 0 5 9995 9997 10002
387 1 2 2 5 10051 10052 10055
399 1 2 0 6 10052 10060 10066
393 1 2 6 4 10064 10067 10069
388 1 3 3 1 10066 10067 10069
401 1 3 0 2 10104 10105 10107
389 1 2 4 6 10110 10111 10113
395 1 1 5 2 10140 10141 10144
404 1 1 0 1 10166 10168 10169
407 1 1 0 4 10227 10228 10232
398 1 2 7 2 10237 10238 10243
408 1 2 0 7 10286 10288 10295
402 1 2 6 7 10302 10303 10304
410 1 3 0 1 10344 10346 10347
406 1 1 5 6 10368 10369 10370
403 1 0 3 5 10407 10408 10410
400 1 3 2 4 10413 10414 10416
412 1 3 0 7 10416 10420 10427
416 1 0 0 2 10460 10465 10467
409 1 2 7 4 10465 10466 10469
397 1 0 1 3 10468 10469 10471
405 1 2 4 7 10496 10497 10500
417 1 0 0 4 10522 10525 10529
411 1 1 6 4 10527 10528 10530
421 1 1 0 7 10580 10584 10591
413 1 0 5 1 10631 10632 10636
423 1 0 0 5 10642 10643 10648
425 1 0 0 3 10683 10688 10691
418 1 1 7 0 10708 10709 10716
426 1 1 0 4 10727 10728 10732
422 1 3 6 7 10752 10753 10754
415 1 0 2 6 10781 10782 10786
414 1 1 3 6 10786 10787 10790
428 1 1 0 6 10787 10796 10802
432 1 0 0 4 10850 10856 10860
420 1 0 4 7 10868 10869 10872
424 1 1 5 3 10887 10888 10890
433 1 1 0 1 10913 10916 10917
427 1 3 7 4 10940 10941 10944
419 1 1 1 7 10955 10956 10962
436 1 3 0 5 10969 10973 10978
429 1 2 6 7 10989 10990 10991
439 1 3 0 5 11034 11039 11044
441 1 3 0 4 11108 11113 11117
435 1 3 5 0 11126 11127 11132
430 1 3 2 4 11136 11138 11140
431 1 3 3 7 11151 11152 11156
437 1 0 7 4 11153 11154 11157
442 1 0 0 5 11175 11179 11184
440 1 2 6 1 11224 11225 11230
447 1 2 0 5 11233 11234 11239
434 1 0 4 7 11253 11254 11257
449 1 2 0 7 11293 11298 11305
451 1 2 0 7 11347 11354 11361
446 1 0 7 6 11362 11363 11364
443 1 3 5 1 11361 11363 11367
452 1 3 0 1 11409 11410 11411
455 1 3 0 1 11464 11465 11466
448 1 0 6 2 11470 11471 11475
438 1 3 1 3 11476 11477 11479
444 1 0 2 4 11477 11478 11480
445 1 3 3 2 11515 11516 11517
456 1 3 0 4 11527 11529 11533
461 1 0 0 2 11583 11587 11589
454 1 1 7 4 11587 11588 11591
453 1 3 5 2 11608 11609 11612
450 1 1 4 1 11611 11612 11615
462 1 1 0 2 11649 11650 11652
466 1 1 0 5 11708 11710 11715
457 1 2 6 7 11735 11736 11737
467 1 3 0 4 11781 11783 11787
459 1 0 2 5 11833 11834 11837
463 1 2 7 1 11831 11832 11838
469 1 0 0 4 11835 11842 11846
464 1 1 5 2 11864 11865 11868
460 1 0 3 2 11880 11881 11882
472 1 2 0 7 11885 11886 11893
475 1 0 0 2 11932 11934 11936
465 1 3 4 7 11946 11947 11950
468 1 2 6 0 11979 11980 11986
476 1 2 0 2 11993 11994 11996
458 1 2 1 4 12000 12001 12004
479 1 0 0 3 12065 12067 12070
470 1 3 7 5 12074 12075 12077
473 1 3 5 0 12108 12109 12114
481 1 3 0 6 12111 12115 12121
484 1 1 0 4 12174 12176 12180
471 1 0 2 0 12194 12195 12197
474 1 1 3 6 12226 12227 12230
485 1 0 0 2 12228 12229 12231
478 1 3 6 3 12256 12257 12260
482 1 1 7 6 12279 12280 12281
488 1 0 0 1 12292 12294 12295
477 1 2 4 2 12308 12309 12311
483 1 1 5 7 12348 12349 12351
491 1 0 0 6 12349 12350 12356
494 1 2 0 5 12410 12412 12417
495 1 3 0 2 12468 12471 12473
480 1 3 1 7 12511 12512 12518
490 1 1 7 2 12523 12524 12529
496 1 3 0 5 12512 12525 12530
489 1 3 6 2 12519 12531 12535
486 1 3 2 5 12561 12562 12565
498 1 1 0 1 12568 12570 12571
493 1 2 5 2 12580 12581 12584
487 1 2 3 2 12582 12583 12584
502 1 1 0 7 12634 12635 12642
492 1 3 4 2 12671 12672 12674
505 1 2 0 5 12705 12707 12712
507 1 3 0 3 12761 12763 12766
500 1 1 7 5 12766 12767 12769
499 1 0 6 4 12773 12774 12776
503 1 2 5 3 12823 12824 12826
508 1 3 0 5 12818 12821 12826
511 1 2 0 5 12879 12882 12887
501 1 0 2 4 12887 12889 12891
513 1 0 0 5 12939 12943 12948
504 1 0 3 6 12940 12946 12949
515 1 3 0 3 13003 13008 13011
509 1 0 7 2 13019 13020 13025
497 1 0 1 7 13026 13027 13033
510 1 2 6 2 13039 13040 13044
512 1 1 5 0 13062 13063 13068
517 1 2 0 6 13060 13062 13068
506 1 1 4 5 13063 13072 13073
521 1 3 0 6 13114 13117 13123
524 1 1 0 2 13163 13168 13170
525 1 1 0 7 13215 13217 13224
518 1 1 7 2 13247 13248 13253
514 1 1 2 5 13257 13258 13261
520 1 3 6 2 13277 13278 13282
526 1 3 0 7 13289 13291 13298
516 1 1 3 2 13302 13304 13305
522 1 2 5 4 13303 13304 13305
530 1 1 0 6 13338 13340 13346
533 1 2 0 6 13399 13403 13409
523 1 1 4 0 13410 13412 13416
534 1 1 0 2 13460 13461 13463
519 1 1 1 6 13491 13492 13497
527 1 3 7 0 13491 13492 13499
536 1 3 0 4 13519 13520 13524
529 1 2 6 5 13533 13534 13535
532 1 2 5 6 13546 13547 13548
539 1 3 0 3 13571 13575 13578
528 1 3 2 3 13604 13605 13606
542 1 3 0 7 13634 13637 13644
531 1 1 3 0 13666 13669 13672
544 1 1 0 4 13697 13698 13702
537 1 3 7 5 13732 13733 13735
546 1 1 0 4 13746 13750 13754
535 1 1 4 6 13767 13768 13770
540 1 1 6 7 13785 13786 13787
541 1 3 5 1 13806 13807 13811
548 1 3 0 5 13809 13812 13817
552 1 3 0 5 13869 13874 13879
553 1 3 0 4 13914 13919 13923
543 1 3 2 6 13962 13964 13968
547 1 0 7 1 13963 13964 13970
554 1 0 0 4 13979 13980 13984
538 1 0 1 6 13992 13995 14000
551 1 2 5 1 14008 14009 14013
550 1 3 6 3 14031 14032 14035
557 1 2 0 3 14035 14036 14039
545 1 2 3 7 14051 14052 14056
561 1 3 0 7 14086 14089 14096
549 1 0 4 6 14127 14129 14131
563 1 0 0 1 14151 14157 14158
556 1 1 7 6 14174 14175 14176
565 1 0 0 6 14202 14203 14209
559 1 0 5 6 14236 14237 14238
567 1 0 0 7 14254 14260 14267
560 1 1 6 5 14280 14281 14282
569 1 1 0 2 14311 14316 14318
555 1 1 2 4 14315 14318 14320
562 1 1 3 6 14384 14385 14388
571 1 1 0 7 14378 14382 14389
566 1 1 7 4 14431 14432 14435
573 1 1 0 3 14444 14448 14451
564 1 1 4 6 14484 14485 14487
568 1 1 5 7 14488 14489 14491
570 1 1 6 7 14491 14492 14493
576 1 2 0 1 14505 14512 14513
558 1 2 1 4 14513 14514 14517
580 1 2 0 3 14573 14577 14580
582 1 2 0 6 14653 14656 14662
572 1 2 2 7 14655 14658 14663
575 1 3 7 3 14667 14668 14672
583 1 3 0 7 14711 14714 14721
578 1 1 5 2 14726 14728 14731
579 1 2 6 1 14736 14737 14742
574 1 1 3 2 14763 14764 14765
586 1 2 0 2 14770 14771 14773
590 1 1 0 3 14823 14825 14828
577 1 1 4 7 14856 14857 14860
591 1 2 0 4 14880 14882 14886
585 1 0 7 1 14934 14935 14941
593 1 0 0 3 14948 14949 14952
587 1 2 5 3 14975 14976 14978
588 1 3 6 5 14980 14981 14982
581 1 0 1 3 14991 14993 14995
584 1 2 2 1 14998 14999 15000
595 1 2 0 1 15002 15003 15004
600 1 2 0 7 15059 15060 15067
601 1 0 0 5 15104 15107 15112
589 1 3 3 2 15125 15127 15128
602 1 3 0 3 15154 15156 15159
594 1 1 7 1 15163 15164 15170
592 1 0 4 1 15179 15180 15183
596 1 2 5 2 15193 15195 15198
604 1 0 0 6 15209 15210 15216
597 1 0 6 2 15229 15230 15234
608 1 1 0 3 15273 15274 15277
610 1 2 0 6 15331 15333 15339
605 1 2 7 4 15387 15388 15391
611 1 0 0 2 15394 15396 15398
599 1 0 2 3 15411 15412 15413
607 1 2 5 6 15434 15435 15436
613 1 3 0 1 15448 15451 15452
609 1 2 6 4 15483 15484 15486
598 1 3 1 5 15488 15489 15493
616 1 1 0 3 15511 15514 15517
603 1 0 3 1 15522 15523 15525
606 1 2 4 6 15547 15548 15550
619 1 0 0 3 15570 15571 15574
622 1 1 0 4 15634 15637 15641
612 1 2 7 1 15638 15639 15645
615 1 3 5 1 15683 15684 15688
623 1 2 0 1 15695 15696 15697
617 1 1 6 4 15717 15719 15721
626 1 2 0 1 15754 15755 15756
614 1 3 2 3 15791 15792 15793
628 1 2 0 5 15809 15810 15815
621 1 1 4 2 15859 15860 15862
624 1 2 7 3 15870 15872 15876
630 1 1 0 5 15871 15873 15878
620 1 0 3 7 15883 15884 15888
633 1 2 0 1 15924 15927 15928
627 1 0 6 1 15934 15935 15940
625 1 1 5 7 15950 15951 15953
618 1 0 1 6 15996 15997 16002
635 1 0 0 6 15997 16008 16014
639 1 2 0 4 16058 16059 16063
632 1 1 7 4 16109 16110 16113
629 1 3 2 6 16120 16121 16125
640 1 3 0 4 16120 16131 16135
636 1 0 6 2 16162 16163 16167
642 1 0 0 2 16202 16204 16206
637 1 1 5 2 16226 16227 16230
631 1 2 4 3 16231 16232 16233
634 1 2 3 4 16270 16271 16272
645 1 0 0 4 16277 16279 16283
649 1 1 0 5 16338 16340 16345
641 1 1 7 5 16355 16357 16359
644 1 1 6 7 16370 16371 16372
650 1 3 0 6 16406 16410 16416
653 1 0 0 3 16460 16464 16467
643 1 0 2 1 16461 16468 16469
646 1 2 5 4 16474 16475 16476
638 1 0 1 5 16510 16511 16515
654 1 2 0 3 16523 16527 16530
647 1 2 4 2 16578 16579 16581
658 1 2 0 3 16581 16583 16586
651 1 1 7 2 16593 16594 16599
648 1 2 3 2 16603 16604 16605
652 1 3 6 3 16615 16616 16619
660 1 2 0 2 16642 16644 16646
664 1 1 0 6 16689 16691 16697
656 1 0 5 2 16699 16700 16703
665 1 2 0 6 16753 16755 16761
655 1 0 2 5 16806 16807 16810
667 1 3 0 2 16815 16818 16820
663 1 1 6 0 16838 16839 16845
661 1 2 7 2 16847 16848 16853
669 1 1 0 1 16884 16885 16886
666 1 0 5 4 16938 16939 16940
659 1 0 4 5 16943 16944 16945
662 1 2 3 5 16947 16948 16950
672 1 1 0 2 16957 16958 16960
676 1 3 0 1 17024 17026 17027
657 1 3 1 3 17030 17031 17033
677 1 1 0 6 17080 17082 17088
670 1 1 6 7 17084 17088 17089
671 1 2 7 0 17082 17084 17091
679 1 2 0 5 17124 17125 17130
673 1 0 5 7 17160 17161 17163
682 1 3 0 6 17182 17185 17191
668 1 2 2 7 17193 17196 17201
684 1 3 0 1 17257 17263 17264
680 1 0 7 4 17304 17305 17308
686 1 3 0 1 17307 17308 17309
675 1 3 3 4 17308 17311 17312
674 1 3 4 0 17321 17322 17326
681 1 1 6 5 17328 17329 17330
688 1 3 0 3 17357 17358 17361
683 1 1 5 2 17367 17368 17371
692 1 1 0 4 17407 17409 17413
694 1 3 0 7 17468 17471 17478
695 1 1 0 1 17534 17538 17539
687 1 2 7 4 17544 17545 17548
685 1 1 2 4 17546 17547 17549
691 1 3 6 7 17568 17569 17570
696 1 1 0 5 17593 17597 17602
678 1 2 1 4 17602 17605 17608
693 1 1 5 0 17636 17637 17642
700 1 1 0 1 17658 17659 17660
690 1 2 4 1 17679 17680 17683
689 1 2 3 4 17682 17685 17686
703 1 1 0 1 17712 17713 17714
699 1 3 6 1 17781 17782 17787
706 1 1 0 6 17784 17785 17791
697 1 1 7 1 17799 17800 17806
708 1 3 0 5 17852 17853 17858
702 1 3 5 0 17875 17876 17881
698 1 1 2 1 17906 17907 17908
710 1 3 0 4 17910 17911 17915
713 1 1 0 5 17979 17980 17985
714 1 0 0 2 18019 18023 18025
709 1 1 7 3 18028 18030 18034
704 1 2 4 5 18035 18036 18037
707 1 2 6 2 18037 18038 18042
705 1 1 3 1 18055 18056 18058
715 1 1 0 5 18084 18085 18090
711 1 1 5 2 18131 18132 18135
701 1 0 1 2 18148 18149 18150
720 1 0 0 7 18161 18163 18170
723 1 1 0 3 18215 18217 18220
716 1 0 7 4 18238 18239 18242
712 1 2 2 6 18238 18239 18243
724 1 1 0 4 18260 18263 18267
718 1 2 6 1 18288 18289 18294
727 1 2 0 3 18323 18324 18327
729 1 2 0 3 18382 18385 18388
719 1 2 3 2 18391 18392 18393
721 1 0 5 0 18388 18389 18394
717 1 3 4 3 18402 18403 18404
730 1 0 0 4 18447 18448 18452
725 1 0 7 6 18472 18475 18476
734 1 2 0 1 18507 18509 18510
728 1 0 6 2 18535 18536 18540
736 1 2 0 1 18563 18564 18565
726 1 0 2 0 18598 18599 18601
738 1 0 0 4 18619 18620 18624
731 1 1 5 7 18621 18622 18624
722 1 2 1 5 18626 18627 18631
740 1 3 0 3 18679 18682 18685
735 1 1 7 1 18723 18724 18730
732 1 3 3 4 18737 18738 18739
743 1 1 0 6 18735 18736 18742
737 1 1 6 2 18744 18745 18749
733 1 3 4 5 18769 18770 18771
745 1 1 0 5 18791 18793 18798
749 1 0 0 6 18847 18851 18857
741 1 0 5 0 18856 18858 18863
750 1 0 0 4 18899 18900 18904
752 1 0 0 7 18951 18955 18962
739 1 0 2 7 18959 18967 18972
744 1 0 7 6 18972 18973 18974
747 1 0 6 3 18987 18988 18991
753 1 0 0 5 19012 19015 19020
757 1 3 0 2 19065 19070 19072
751 1 0 5 6 19092 19093 19094
746 1 3 3 1 19126 19127 19129
758 1 3 0 2 19126 19130 19132
742 1 3 1 0 19129 19133 19134
748 1 1 4 1 19132 19133 19136
760 1 3 0 7 19200 19201 19208
755 1 3 7 6 19222 19223 19224
756 1 3 6 3 19256 19257 19260
764 1 1 0 4 19259 19260 19264
754 1 3 2 7 19296 19297 19302
767 1 1 0 6 19323 19327 19333
759 1 2 5 6 19333 19334 19335
769 1 0 0 6 19378 19384 19390
771 1 1 0 5 19432 19438 19443
765 1 3 7 6 19478 19479 19480
763 1 1 4 2 19488 19489 19491
761 1 1 3 4 19490 19492 19493
772 1 1 0 5 19488 19497 19502
766 1 2 6 1 19503 19504 19509
770 1 1 5 0 19536 19537 19542
774 1 1 0 2 19554 19555 19557
779 1 2 0 7 19612 19613 19620
762 1 1 1 4 19663 19664 19667
768 1 1 2 0 19671 19673 19675
780 1 1 0 3 19686 19687 19690
773 1 2 7 6 19714 19715 19716
777 1 2 6 2 19746 19747 19751
783 1 2 0 1 19761 19763 19764
778 1 0 5 3 19766 19767 19769
786 1 2 0 7 19813 19814 19821
775 1 0 4 7 19822 19823 19826
776 1 1 3 0 19828 19829 19832
788 1 1 0 6 19871 19872 19878
784 1 2 7 5 19928 19929 19931
791 1 2 0 5 19941 19946 19951
785 1 3 6 2 19985 19986 19990
793 1 3 0 5 19991 19993 19998
787 1 2 5 0 20006 20007 20012
782 1 2 2 6 20046 20048 20052
795 1 3 0 5 20060 20065 20070
798 1 3 0 4 20118 20123 20127
792 1 0 7 6 20162 20163 20164
799 1 3 0 3 20183 20187 20190
781 1 3 1 6 20207 20209 20214
790 1 0 3 1 20218 20221 20223
789 1 1 4 5 20223 20225 20226
796 1 1 5 1 20235 20236 20240
794 1 3 6 1 20245 20246 20251
801 1 0 0 3 20260 20261 20264
807 1 1 0 2 20327 20328 20330
808 1 3 0 3 20392 20393 20396
797 1 1 2 3 20402 20403 20404
800 1 2 7 3 20430 20431 20435
809 1 1 0 4 20459 20462 20466
805 1 2 5 0 20461 20463 20468
812 1 2 0 2 20507 20508 20510
806 1 1 6 1 20504 20506 20511
815 1 1 0 3 20567 20568 20571
804 1 3 4 2 20590 20591 20593
803 1 0 3 0 20598 20599 20602
816 1 0 0 4 20618 20619 20623
819 1 2 0 4 20678 20680 20684
811 1 2 7 6 20686 20689 20690
813 1 0 5 7 20725 20726 20728
820 1 3 0 5 20731 20733 20738
814 1 2 6 0 20737 20738 20744
802 1 2 1 3 20751 20752 20754
810 1 1 2 5 20784 20785 20788
823 1 1 0 1 20786 20793 20794
827 1 1 0 7 20837 20838 20845
828 1 2 0 4 20887 20890 20894
821 1 0 7 1 20922 20923 20929
829 1 0 0 1 20942 20943 20944
817 1 2 4 2 20944 20945 20947
822 1 3 5 1 20954 20955 20959
824 1 1 6 5 20966 20967 20968
818 1 2 3 1 20968 20969 20971
831 1 2 0 1 21001 21002 21003
836 1 2 0 6 21056 21057 21063
837 1 3 0 1 21103 21104 21105
830 1 2 7 1 21125 21126 21132
838 1 2 0 7 21153 21154 21161
826 1 2 2 6 21159 21166 21170
834 1 2 6 4 21203 21204 21206
840 1 0 0 2 21217 21218 21220
833 1 1 5 2 21218 21219 21222
825 1 3 1 2 21237 21238 21239
843 1 3 0 7 21276 21278 21285
832 1 2 4 6 21315 21316 21318
846 1 1 0 2 21336 21338 21340
835 1 0 3 4 21344 21345 21346
839 1 3 7 0 21371 21372 21379
848 1 3 0 1 21396 21397 21398
842 1 2 6 4 21429 21430 21432
844 1 2 5 3 21448 21449 21451
851 1 3 0 6 21458 21459 21465
854 1 1 0 4 21525 21527 21531
841 1 2 2 6 21555 21556 21560
855 1 0 0 7 21584 21588 21595
850 1 0 7 6 21620 21621 21622
857 1 1 0 4 21643 21647 21651
852 1 2 6 5 21650 21651 21652
847 1 1 4 6 21645 21651 21653
853 1 0 5 3 21699 21700 21702
859 1 2 0 6 21695 21700 21706
849 1 0 3 7 21707 21708 21712
862 1 2 0 7 21745 21751 21758
845 1 3 1 7 21787 21792 21798
865 1 1 0 6 21811 21817 21823
858 1 2 7 2 21839 21840 21845
867 1 2 0 1 21861 21863 21864
861 1 1 6 4 21912 21913 21915
863 1 1 5 2 21915 21916 21919
869 1 2 0 5 21916 21917 21922
856 1 1 2 4 21947 21948 21950
872 1 1 0 7 21973 21977 21984
860 1 2 4 5 21996 21997 21998
874 1 2 0 7 22029 22034 22041
868 1 2 7 6 22063 22064 22065
864 1 2 3 1 22087 22090 22092
876 1 2 0 3 22089 22093 22096
871 1 1 5 3 22134 22136 22138
879 1 2 0 6 22141 22144 22150
870 1 2 6 3 22153 22154 22157
881 1 1 0 3 22210 22213 22216
883 1 1 0 1 22270 22273 22274
873 1 2 2 4 22319 22320 22322
866 1 1 1 4 22324 22325 22328
877 1 0 7 0 22325 22326 22333
884 1 0 0 3 22355 22356 22359
875 1 2 4 6 22376 22377 22379
882 1 2 6 2 22381 22382 22386
880 1 1 5 4 22397 22398 22399
878 1 0 3 6 22414 22415 22418
888 1 2 0 3 22422 22424 22427
893 1 2 0 5 22475 22478 22483
894 1 1 0 2 22531 22535 22537
887 1 3 7 4 22585 22586 22589
895 1 1 0 3 22613 22615 22618
890 1 0 6 3 22622 22623 22626
891 1 2 5 1 22644 22645 22649
885 1 1 2 0 22673 22674 22676
897 1 1 0 7 22680 22681 22688
901 1 2 0 3 22729 22730 22733
889 1 3 4 3 22731 22732 22733
892 1 2 3 2 22757 22758 22759
902 1 2 0 6 22788 22790 22796
905 1 0 0 1 22845 22848 22849
896 1 1 7 1 22845 22846 22852
886 1 1 1 0 22860 22861 22862
898 1 2 6 0 22871 22872 22878
899 1 3 5 1 22887 22889 22893
907 1 1 0 3 22897 22898 22901
911 1 2 0 6 22953 22954 22960
912 1 3 0 4 23021 23022 23026
900 1 0 2 0 23045 23046 23048
913 1 0 0 2 23083 23084 23086
906 1 2 7 3 23087 23088 23092
904 1 2 3 0 23091 23092 23095
909 1 3 6 2 23098 23100 23104
903 1 1 4 2 23114 23115 23117
910 1 0 5 6 23138 23141 23142
915 1 2 0 1 23142 23143 23144
921 1 2 0 4 23197 23198 23202
922 1 3 0 4 23251 23253 23257
923 1 1 0 1 23306 23308 23309
918 1 0 6 3 23319 23320 23323
916 1 2 7 6 23335 23338 23339
924 1 1 0 5 23358 23359 23364
920 1 1 5 7 23372 23373 23375
908 1 0 1 3 23391 23393 23395
927 1 0 0 1 23407 23410 23411
914 1 0 2 6 23414 23415 23419
930 1 3 0 7 23466 23470 23477
917 1 2 3 4 23486 23489 23490
919 1 2 4 3 23514 23515 23516
932 1 2 0 1 23526 23529 23530
926 1 1 7 0 23556 23557 23564
925 1 0 6 0 23563 23564 23570
935 1 0 0 3 23585 23586 23589
928 1 3 5 1 23625 23627 23631
938 1 1 0 2 23647 23648 23650
940 1 2 0 2 23714 23715 23717
931 1 2 2 5 23741 23742 23745
941 1 3 0 5 23783 23784 23789
937 1 2 6 4 23797 23798 23800
936 1 3 7 5 23804 23806 23808
939 1 3 5 0 23841 23842 23847
943 1 3 0 6 23846 23848 23854
933 1 0 3 7 23863 23864 23868
934 1 2 4 0 23868 23869 23873
929 1 2 1 0 23900 23901 23902
947 1 2 0 7 23910 23911 23918
951 1 1 0 7 23967 23969 23976
944 1 3 6 7 24016 24017 24018
952 1 2 0 7 24025 24032 24039
945 1 3 7 1 24060 24061 24067
946 1 0 5 3 24085 24087 24089
954 1 3 0 1 24090 24091 24092
957 1 3 0 3 24147 24148 24151
942 1 3 2 4 24168 24169 24171
958 1 0 0 5 24199 24202 24207
948 1 3 3 1 24222 24223 24225
949 1 0 4 5 24235 24236 24237
953 1 0 6 5 24243 24244 24245
960 1 3 0 4 24247 24248 24252
955 1 2 7 1 24307 24308 24314
964 1 3 0 4 24306 24310 24314
956 1 0 5 4 24327 24328 24329
965 1 2 0 4 24369 24370 24374
968 1 2 0 3 24417 24421 24424
950 1 2 1 5 24426 24428 24432
969 1 3 0 3 24470 24474 24477
963 1 1 6 1 24497 24498 24503
971 1 1 0 4 24515 24516 24520
966 1 2 7 0 24525 24527 24534
959 1 3 2 4 24545 24546 24548
967 1 0 5 1 24558 24559 24563
973 1 2 0 5 24562 24563 24568
961 1 3 3 1 24585 24586 24588
962 1 1 4 7 24610 24611 24614
977 1 0 0 4 24620 24621 24625
980 1 3 0 2 24684 24685 24687
972 1 2 6 7 24718 24719 24720
981 1 3 0 4 24732 24734 24738
974 1 1 7 1 24743 24744 24750
983 1 1 0 3 24787 24788 24791
976 1 3 5 7 24814 24815 24817
985 1 1 0 2 24836 24839 24841
987 1 1 0 6 24887 24889 24895
975 1 0 2 3 24906 24908 24909
979 1 0 4 5 24935 24937 24938
970 1 0 1 7 24932 24934 24940
982 1 1 6 0 24946 24947 24953
988 1 1 0 2 24955 24956 24958
978 1 1 3 2 24955 24959 24960
984 1 3 7 2 24971 24972 24977
994 1 1 0 6 25005 25007 25013
996 1 3 0 4 25060 25062 25066
986 1 3 5 1 25070 25071 25075
997 1 3 0 2 25125 25126 25128
992 1 1 6 7 25167 25168 25169
999 1 3 0 7 25182 25184 25191
995 1 2 7 3 25192 25193 25197
1001 1 2 0 2 25232 25235 25237
989 1 2 2 7 25282 25283 25288
1003 1 1 0 2 25294 25301 25303
993 1 1 3 7 25301 25304 25308
991 1 3 4 2 25310 25313 25315
998 1 3 5 0 25312 25318 25323
1005 1 3 0 7 25349 25350 25357
1009 1 2 0 6 25406 25413 25419
1002 1 3 7 1 25423 25424 25430
1000 1 2 6 1 25428 25429 25434
990 1 2 1 5 25436 25437 25441
1010 1 3 0 1 25472 25473 25474
1014 1 3 0 1 25539 25540 25541
1008 1 2 5 2 25550 25551 25554
1015 1 3 0 5 25594 25595 25600
1017 1 2 0 1 25657 25659 25660
1004 1 2 2 1 25665 25666 25667
1012 1 0 6 3 25671 25672 25675
1006 1 0 3 7 25678 25679 25683
1011 1 1 7 3 25680 25681 25685
1007 1 3 4 3 25695 25696 25697
1018 1 2 0 6 25721 25722 25728
1016 1 2 5 2 25798 25799 25802
1024 1 1 0 5 25796 25799 25804
1025 1 2 0 4 25855 25857 25861
1027 1 3 0 6 25908 25911 25917
1020 1 3 6 0 25923 25924 25930
1022 1 0 7 1 25929 25930 25936
1013 1 0 1 0 25965 25966 25967
1028 1 0 0 2 25967 25968 25970
1032 1 3 0 2 26028 26029 26031
1019 1 3 2 7 26034 26035 26040
1021 1 3 3 7 26039 26044 26048
1026 1 1 5 7 26047 26048 26050
1023 1 2 4 2 26047 26048 26050
1033 1 2 0 3 26073 26075 26078
1038 1 0 0 4 26141 26143 26147
1030 1 1 7 2 26174 26175 26180
1029 1 3 6 1 26195 26196 26201
1039 1 3 0 4 26200 26202 26206
1042 1 1 0 3 26259 26261 26264
1037 1 0 5 7 26281 26282 26284
1043 1 1 0 2 26314 26317 26319
1045 1 1 0 3 26354 26356 26359
1036 1 3 4 7 26381 26382 26385
1034 1 1 2 0 26392 26393 26395
1041 1 3 6 4 26398 26399 26401
1035 1 2 3 0 26399 26400 26403
1040 1 0 7 3 26411 26412 26416
1046 1 1 0 7 26412 26413 26420
1052 1 2 0 6 26472 26473 26479
1031 1 0 1 7 26498 26500 26506
1044 1 3 5 0 26507 26508 26513
1053 1 3 0 3 26532 26533 26536
1056 1 3 0 5 26592 26595 26600
1051 1 0 7 5 26643 26644 26646
1049 1 2 6 2 26647 26648 26652
1057 1 2 0 6 26651 26654 26660
1060 1 3 0 6 26706 26711 26717
1047 1 3 4 0 26708 26719 26723
1050 1 3 3 4 26720 26726 26727
1048 1 3 2 5 26750 26752 26755
1055 1 3 5 7 26760 26761 26763
1061 1 0 0 7 26772 26777 26784
1066 1 2 0 3 26824 26830 26833
1067 1 2 0 1 26887 26890 26891
1058 1 1 7 4 26900 26901 26904
1059 1 3 6 0 26904 26905 26911
1068 1 3 0 1 26949 26950 26951
1071 1 2 0 1 27016 27017 27018
1054 1 2 1 4 27023 27024 27027
1065 1 2 5 4 27029 27030 27031
1063 1 1 3 1 27051 27052 27054
1062 1 2 4 5 27071 27072 27073
1072 1 1 0 5 27080 27081 27086
1069 1 0 7 4 27129 27130 27133
1064 1 3 2 6 27155 27156 27160
1077 1 0 0 1 27161 27165 27166
1070 1 3 6 1 27174 27175 27180
1080 1 3 0 6 27216 27217 27223
1074 1 1 5 4 27251 27252 27253
1082 1 0 0 3 27267 27268 27271
1084 1 0 0 3 27316 27319 27322
1078 1 3 7 4 27374 27375 27378
1085 1 0 0 1 27379 27382 27383
1081 1 2 6 7 27408 27409 27410
1075 1 1 3 7 27422 27423 27427
1076 1 3 4 5 27432 27433 27434
1087 1 0 0 4 27440 27441 27445
1091 1 0 0 2 27515 27519 27521
1083 1 3 5 7 27519 27520 27522
1073 1 0 1 0 27531 27532 27533
1079 1 0 2 1 27556 27558 27559
1092 1 0 0 1 27579 27580 27581
1086 1 1 7 1 27634 27635 27641
1096 1 1 0 1 27640 27642 27643
1088 1 3 6 2 27650 27651 27655
1098 1 0 0 5 27693 27694 27699
1093 1 0 5 3 27753 27754 27756
1100 1 1 0 4 27758 27759 27763
1089 1 0 3 0 27773 27774 27777
1090 1 1 4 7 27802 27803 27806
1102 1 0 0 6 27825 27826 27832
1097 1 2 7 5 27893 27894 27896
1105 1 3 0 1 27896 27898 27899
1095 1 3 2 5 27916 27917 27920
1099 1 0 6 3 27922 27923 27926
1107 1 0 0 1 27954 27957 27958
1101 1 3 5 7 27989 27990 27992
1110 1 0 0 5 28004 28005 28010
1112 1 2 0 6 28075 28080 28086
1094 1 2 1 2 28082 28091 28092
1113 1 2 0 5 28126 28128 28133
1106 1 1 7 3 28146 28147 28151
1103 1 1 3 2 28148 28151 28152
1104 1 1 4 1 28148 28150 28153
1109 1 1 6 0 28147 28148 28154
1115 1 1 0 2 28195 28196 28198
1111 1 0 5 4 28199 28200 28201
1120 1 1 0 4 28246 28248 28252
1108 1 0 2 4 28289 28291 28293
1122 1 0 0 1 28314 28318 28319
1124 1 0 0 6 28378 28379 28385
1117 1 0 6 7 28384 28385 28386
1116 1 3 7 2 28388 28389 28394
1121 1 2 5 1 28420 28421 28425
1125 1 2 0 5 28428 28429 28434
1129 1 3 0 6 28497 28499 28505
1118 1 3 3 7 28499 28502 28506
1119 1 1 4 7 28555 28556 28559
1130 1 1 0 4 28557 28566 28570
1126 1 0 6 3 28606 28607 28610
1114 1 0 1 4 28610 28612 28615
1133 1 0 0 3 28609 28619 28622
1123 1 0 2 1 28626 28627 28628
1127 1 3 7 6 28635 28636 28637
1128 1 2 5 2 28645 28646 28649
1135 1 0 0 5 28677 28678 28683
1140 1 2 0 3 28730 28732 28735
1141 1 2 0 5 28798 28801 28806
1134 1 3 6 1 28832 28833 28838
1131 1 1 3 5 28843 28844 28846
1139 1 0 5 1 28846 28847 28851
1138 1 1 7 3 28851 28853 28857
1142 1 3 0 6 28858 28859 28865
1147 1 0 0 3 28911 28912 28915
1132 1 0 4 1 28930 28931 28934
1148 1 0 0 7 28979 28980 28987
1137 1 1 2 0 29009 29010 29012
1150 1 1 0 3 29032 29033 29036
1143 1 3 6 2 29058 29059 29063
1145 1 2 5 4 29082 29083 29084
1152 1 3 0 2 29085 29087 29089
1146 1 0 7 2 29097 29098 29103
1136 1 3 1 5 29108 29109 29113
1155 1 0 0 7 29158 29160 29167
1144 1 1 3 6 29217 29218 29221
1158 1 2 0 6 29225 29229 29235
1160 1 3 0 4 29287 29292 29296
1149 1 3 4 6 29293 29296 29298
1153 1 1 6 4 29314 29315 29317
1154 1 1 5 1 29339 29340 29344
1161 1 1 0 3 29345 29346 29349
1156 1 0 7 1 29346 29347 29353
1151 1 0 2 5 29384 29385 29388
1165 1 1 0 2 29414 29417 29419
1168 1 1 0 3 29467 29469 29472
1169 1 1 0 1 29535 29538 29539
1163 1 2 6 3 29564 29565 29568
1159 1 2 3 6 29572 29573 29576
1170 1 1 0 3 29581 29582 29585
1166 1 3 7 2 29581 29582 29587
1164 1 0 5 6 29595 29596 29597
1173 1 3 0 1 29631 29633 29634
1157 1 3 1 2 29653 29654 29655
1162 1 1 4 3 29658 29659 29660
1176 1 3 0 4 29704 29706 29710
1167 1 1 2 1 29753 29754 29755
1179 1 1 0 7 29771 29772 29779
1171 1 0 6 2 29796 29797 29801
1175 1 2 5 7 29828 29829 29831
1181 1 2 0 3 29830 29838 29841
1174 1 1 7 4 29839 29840 29843
1184 1 0 0 2 29891 29893 29895
1186 1 0 0 6 29947 29949 29955
1172 1 2 3 7 29969 29970 29974
1187 1 3 0 7 30010 30014 30021
1178 1 1 4 1 30019 30020 30023
1182 1 0 6 0 30041 30042 30048
1189 1 0 0 3 30061 30062 30065
1185 1 2 7 5 30066 30067 30069
1183 1 2 5 4 30076 30077 30078
1180 1 0 2 4 30088 30089 30091
1192 1 1 0 4 30126 30127 30131
1196 1 2 0 6 30184 30188 30194
1177 1 0 1 6 30197 30200 30205
1197 1 1 0 5 30247 30251 30256
1194 1 1 5 0 30293 30294 30299
1191 1 2 6 4 30302 30303 30305
1199 1 1 0 5 30307 30308 30313
1193 1 3 7 1 30322 30323 30329
1188 1 2 3 0 30340 30341 30344
1202 1 2 0 1 30368 30369 30370
1190 1 1 4 5 30380 30381 30382
1195 1 2 2 7 30428 30429 30434
1205 1 3 0 5 30432 30433 30438
1208 1 3 0 3 30489 30494 30497
1200 1 1 5 3 30526 30527 30529
1203 1 2 7 5 30529 30530 30532
1201 1 0 6 7 30551 30552 30553
1209 1 3 0 3 30556 30559 30562
1213 1 3 0 7 30617 30620 30627
1214 1 1 0 5 30674 30677 30682
1204 1 1 3 2 30705 30707 30708
1198 1 1 1 2 30729 30730 30731
1215 1 1 0 3 30735 30737 30740
1206 1 1 4 5 30739 30741 30742
1210 1 1 5 4 30772 30773 30774
1207 1 1 2 1 30795 30797 30798
1212 1 3 6 3 30796 30797 30800
1211 1 0 7 6 30800 30801 30802
1218 1 1 0 5 30797 30799 30804
1223 1 3 0 3 30866 30869 30872
1225 1 3 0 5 30914 30917 30922
1226 1 1 0 2 30988 30993 30995
1220 1 2 5 4 31015 31016 31017
1224 1 0 7 3 31029 31030 31034
1216 1 0 3 6 31034 31035 31038
1222 1 0 6 4 31041 31042 31044
1227 1 1 0 2 31045 31047 31049
1232 1 1 0 3 31098 31100 31103
1219 1 0 4 1 31126 31127 31130
1221 1 0 2 1 31133 31134 31135
1233 1 0 0 2 31156 31157 31159
1236 1 0 0 5 31229 31231 31236
1228 1 3 5 7 31253 31254 31256
1231 1 0 6 5 31258 31259 31260
1217 1 1 1 6 31269 31271 31276
1229 1 3 7 6 31284 31285 31286
1237 1 2 0 2 31296 31300 31302
1242 1 2 0 1 31331 31333 31334
1230 1 2 3 0 31391 31393 31396
1243 1 2 0 1 31392 31397 31398
1245 1 2 0 4 31458 31459 31463
1238 1 0 5 7 31472 31473 31475
1239 1 1 6 4 31472 31473 31475
1234 1 2 4 5 31479 31480 31481
1235 1 1 2 5 31510 31512 31515
1246 1 1 0 7 31517 31522 31529
1241 1 1 7 4 31540 31541 31544
1251 1 1 0 5 31582 31586 31591
1253 1 1 0 5 31640 31645 31650
1248 1 3 6 1 31690 31691 31696
1247 1 1 5 7 31698 31699 31701
1254 1 3 0 2 31703 31704 31706
1257 1 3 0 7 31760 31762 31769
1252 1 0 7 0 31773 31774 31781
1240 1 0 1 0 31775 31780 31781
1244 1 2 3 4 31785 31787 31788
1258 1 0 0 3 31819 31820 31823
1249 1 2 4 6 31850 31851 31853
1250 1 0 2 0 31873 31874 31876
1262 1 0 0 5 31880 31881 31886
1255 1 2 6 5 31921 31922 31923
1265 1 0 0 3 31936 31941 31944
1256 1 2 5 3 31942 31943 31945
1259 1 3 7 6 31995 31996 31997
1267 1 0 0 5 31999 32002 32007
1270 1 2 0 1 32070 32073 32074
1271 1 2 0 5 32141 32142 32147
1261 1 2 3 6 32152 32154 32157
1268 1 0 5 1 32168 32169 32173
1266 1 3 6 1 32167 32168 32173
1272 1 3 0 2 32191 32192 32194
1263 1 2 4 6 32208 32210 32212
1269 1 1 7 3 32225 32226 32230
1264 1 3 2 0 32243 32244 32246
1276 1 3 0 2 32256 32257 32259
1260 1 0 1 7 32306 32307 32313
1280 1 0 0 6 32308 32320 32326
1282 1 3 0 5 32376 32378 32383
1275 1 3 5 3 32401 32402 32404
1274 1 2 6 0 32429 32430 32436
1283 1 2 0 3 32444 32445 32448
1278 1 0 7 1 32461 32462 32468
1273 1 1 3 6 32491 32492 32495
1286 1 0 0 5 32512 32513 32518
1277 1 3 4 1 32558 32559 32562
1289 1 3 0 2 32568 32569 32571
1279 1 3 2 3 32601 32602 32603
1291 1 2 0 7 32635 32638 32645
1284 1 0 5 7 32646 32647 32649
1285 1 1 6 7 32689 32690 32691
1287 1 1 7 3 32698 32699 32703
1293 1 3 0 3 32717 32720 32723
1297 1 3 0 6 32784 32787 32793
1281 1 1 1 3 32826 32828 32830
1298 1 1 0 1 32848 32851 32852
1288 1 1 3 6 32854 32856 32859
1294 1 3 5 6 32899 32900 32901
1290 1 1 4 3 32903 32905 32906
1300 1 1 0 4 32908 32911 32915
1295 1 3 6 2 32912 32913 32917
1296 1 0 7 5 32945 32946 32948
1292 1 3 2 3 32969 32970 32971
1304 1 3 0 2 32978 32981 32983
1308 1 3 0 6 33042 33044 33050
1309 1 1 0 7 33100 33104 33111
1305 1 3 6 7 33132 33133 33134
1302 1 0 5 6 33151 33152 33153
1310 1 0 0 1 33157 33163 33164
1306 1 3 7 5 33168 33169 33171
1313 1 0 0 6 33209 33210 33216
1301 1 0 3 5 33215 33219 33221
1303 1 3 4 1 33257 33258 33261
1315 1 3 0 5 33272 33273 33278
1307 1 0 2 1 33348 33351 33352
1318 1 3 0 2 33348 33353 33355
1311 1 2 6 0 33354 33355 33361
1299 1 0 1 7 33355 33356 33362
1312 1 0 5 1 33382 33384 33388
1320 1 2 0 6 33417 33418 33424
1314 1 1 7 1 33420 33421 33427
1324 1 0 0 1 33476 33477 33478
1326 1 0 0 6 33535 33536 33542
1316 1 3 3 5 33575 33576 33578
1321 1 2 6 2 33580 33581 33585
1327 1 1 0 6 33590 33591 33597
1317 1 3 4 2 33598 33599 33601
1323 1 1 5 3 33613 33614 33616
1330 1 2 0 5 33638 33640 33645
1325 1 0 7 3 33641 33642 33646
1333 1 3 0 2 33697 33699 33701
1319 1 3 2 1 33699 33702 33703
1335 1 3 0 6 33766 33767 33773
1337 1 0 0 2 33818 33821 33823
1329 1 3 6 2 33819 33820 33824
1332 1 2 5 7 33862 33863 33865
1338 1 3 0 6 33871 33873 33879
1322 1 0 1 0 33900 33901 33902
1334 1 2 7 4 33898 33899 33902
1328 1 1 3 1 33922 33923 33925
1341 1 0 0 1 33939 33940 33941
1331 1 2 4 6 33976 33977 33979
1345 1 0 0 6 34010 34011 34017
1339 1 2 6 4 34053 34054 34056
1347 1 1 0 4 34072 34073 34077
1340 1 3 5 2 34074 34075 34078
1336 1 3 2 0 34078 34079 34081
1342 1 0 7 4 34128 34129 34132
1349 1 3 0 3 34132 34133 34136
1353 1 3 0 4 34183 34186 34190
1354 1 0 0 5 34235 34239 34244
1344 1 1 3 6 34278 34279 34282
1348 1 1 6 5 34286 34287 34288
1350 1 0 5 4 34301 34302 34303
1355 1 0 0 5 34308 34312 34317
1346 1 2 4 0 34335 34336 34340
1352 1 0 7 3 34366 34368 34372
1359 1 2 0 4 34369 34370 34374
1343 1 0 1 5 34397 34399 34403
1351 1 2 2 4 34433 34435 34437
1362 1 2 0 7 34442 34446 34453
1365 1 3 0 4 34495 34499 34503
1357 1 0 6 1 34512 34513 34518
1358 1 1 5 4 34551 34552 34553
1366 1 0 0 6 34550 34551 34557
1368 1 3 0 3 34606 34610 34613
1361 1 2 7 3 34623 34624 34628
1356 1 2 3 2 34646 34647 34648
1370 1 2 0 3 34669 34671 34674
1360 1 1 4 3 34713 34714 34715
1373 1 1 0 4 34718 34721 34725
1367 1 0 6 3 34749 34750 34753
1364 1 2 2 4 34785 34786 34788
1375 1 3 0 3 34790 34793 34796
1369 1 1 5 1 34839 34840 34844
1371 1 1 7 2 34839 34850 34855
1378 1 1 0 5 34858 34860 34865
1363 1 3 1 2 34913 34915 34916
1381 1 3 0 2 34937 34939 34941
1376 1 1 6 1 34979 34980 34985
1372 1 0 3 4 35003 35004 35005
1383 1 1 0 5 35005 35006 35011
1379 1 1 7 6 35025 35027 35028
1386 1 3 0 5 35063 35065 35070
1374 1 2 4 5 35076 35077 35078
1380 1 3 5 3 35083 35084 35086
1388 1 3 0 3 35122 35125 35128
1377 1 3 2 1 35159 35160 35161
1391 1 3 0 3 35174 35175 35178
1384 1 1 6 5 35178 35179 35180
1393 1 3 0 7 35236 35239 35246
1387 1 3 7 0 35242 35247 35254
1395 1 3 0 3 35290 35291 35294
1390 1 1 5 3 35302 35303 35305
1397 1 1 0 7 35351 35354 35361
1385 1 3 3 7 35387 35388 35392
1399 1 0 0 2 35402 35406 35408
1394 1 3 6 0 35404 35405 35411
1389 1 2 4 7 35417 35418 35421
1382 1 3 1 4 35450 35451 35454
1401 1 0 0 2 35472 35474 35476
1396 1 1 7 0 35478 35479 35486
1405 1 1 0 5 35536 35537 35542
1392 1 0 2 4 35545 35546 35548
1398 1 1 5 2 35559 35560 35563
1407 1 1 0 1 35598 35600 35601
1402 1 2 6 7 35634 35635 35636
1410 1 1 0 6 35644 35645 35651
1412 1 3 0 1 35684 35688 35689
1400 1 0 3 4 35736 35737 35738
1406 1 2 7 4 35735 35736 35739
1413 1 3 0 7 35742 35743 35750
1403 1 2 4 0 35754 35755 35759
1409 1 0 5 3 35781 35782 35784
1416 1 2 0 3 35808 35809 35812
1419 1 2 0 2 35867 35870 35872
1411 1 1 6 7 35893 35894 35895
1420 1 2 0 7 35914 35916 35923
1408 1 2 2 5 35918 35928 35931
1404 1 0 1 5 35948 35950 35954
1414 1 3 7 0 35980 35981 35988
1422 1 3 0 6 35984 35989 35995
1418 1 2 5 0 36042 36043 36048
1426 1 0 0 4 36041 36046 36050
1415 1 0 3 0 36065 36066 36069
1427 1 0 0 2 36098 36099 36101
1417 1 0 4 1 36122 36124 36127
1421 1 3 6 7 36125 36126 36127
1430 1 2 0 2 36154 36155 36157
1433 1 0 0 2 36203 36204 36206
1425 1 1 7 2 36234 36235 36240
1434 1 1 0 5 36262 36264 36269
1423 1 2 2 7 36272 36273 36278
1428 1 1 5 6 36283 36284 36285
1436 1 0 0 2 36334 36336 36338
1432 1 1 6 1 36350 36351 36356
1439 1 1 0 2 36407 36408 36410
1424 1 0 1 3 36430 36431 36433
1429 1 0 3 4 36449 36450 36451
1435 1 2 7 4 36462 36463 36466
1441 1 1 0 7 36459 36461 36468
1431 1 0 4 7 36512 36513 36516
1444 1 2 0 7 36525 36529 36536
1438 1 2 5 1 36530 36538 36542
1440 1 3 6 4 36586 36587 36589
1447 1 2 0 6 36590 36591 36597
1437 1 3 2 1 36622 36624 36625
1450 1 3 0 5 36648 36649 36654
1445 1 0 7 6 36681 36682 36683
1452 1 3 0 1 36700 36705 36706
1448 1 0 5 3 36728 36729 36731
1454 1 3 0 2 36765 36766 36768
1443 1 0 3 4 36816 36817 36818
1449 1 2 6 1 36827 36828 36833
1456 1 2 0 1 36832 36834 36835
1446 1 0 4 3 36850 36851 36852
1459 1 2 0 3 36893 36894 36897
1453 1 1 7 5 36930 36931 36933
1442 1 3 1 7 36934 36935 36941
1461 1 2 0 6 36947 36950 36956
1455 1 1 5 0 36962 36963 36968
1451 1 0 2 0 36973 36974 36976
1464 1 0 0 3 37013 37014 37017
1467 1 1 0 2 37067 37068 37070
1458 1 2 6 2 37082 37083 37087
1468 1 1 0 5 37127 37129 37134
1457 1 0 3 6 37177 37178 37181
1462 1 3 7 5 37186 37187 37189
1470 1 3 0 4 37188 37194 37198
1460 1 3 4 3 37195 37199 37200
1465 1 1 5 0 37207 37208 37213
1473 1 1 0 4 37239 37240 37244
1476 1 2 0 3 37296 37298 37301
1466 1 3 2 5 37345 37346 37349
1469 1 0 6 4 37360 37361 37363
1477 1 2 0 2 37359 37362 37364
1472 1 3 7 3 37412 37414 37418
1479 1 3 0 7 37416 37421 37428
1475 1 0 5 0 37456 37457 37462
1463 1 2 1 3 37466 37467 37469
1482 1 0 0 4 37477 37478 37482
1471 1 2 3 2 37515 37516 37517
1485 1 2 0 7 37542 37544 37551
1474 1 1 4 2 37556 37557 37559
1487 1 1 0 6 37610 37612 37618
1480 1 1 6 3 37623 37624 37627
1481 1 2 7 0 37667 37668 37675
1489 1 1 0 7 37667 37670 37677
1483 1 0 5 4 37682 37683 37684
1478 1 0 2 6 37693 37695 37699
1491 1 2 0 5 37719 37720 37725
1495 1 2 0 2 37778 37783 37785
1496 1 2 0 3 37846 37848 37851
1490 1 0 6 4 37860 37861 37863
1486 1 2 3 2 37863 37864 37865
1497 1 2 0 2 37899 37901 37903
1492 1 3 7 0 37913 37914 37921
1488 1 0 4 1 37945 37946 37949
1484 1 0 1 5 37946 37950 37954
1493 1 0 5 2 37947 37955 37958
1500 1 3 0 2 37955 37956 37958
1505 1 3 0 1 38022 38024 38025
1494 1 0 2 6 38041 38042 38046
1498 1 0 6 3 38084 38085 38088
1506 1 3 0 4 38085 38086 38090
1509 1 2 0 5 38148 38150 38155
1501 1 1 7 2 38150 38151 38156
1504 1 2 5 6 38178 38179 38180
1510 1 1 0 2 38204 38206 38208
1499 1 0 3 4 38248 38249 38250
1513 1 1 0 2 38265 38267 38269
1508 1 2 6 0 38308 38309 38315
1515 1 2 0 3 38313 38316 38319
1502 1 3 4 1 38315 38316 38319
1517 1 3 0 7 38372 38373 38380
1507 1 1 2 5 38382 38383 38386
1511 1 3 7 0 38379 38381 38388
1519 1 3 0 1 38423 38424 38425
1512 1 1 5 7 38427 38428 38430
1503 1 3 1 3 38461 38462 38464
1522 1 2 0 3 38494 38497 38500
1525 1 3 0 1 38549 38552 38553
1516 1 1 6 1 38564 38565 38570
1526 1 1 0 5 38611 38612 38617
1514 1 2 3 4 38615 38616 38617
1520 1 1 7 4 38621 38623 38626
1518 1 1 4 3 38678 38679 38680
1528 1 3 0 7 38676 38677 38684
1523 1 2 5 0 38688 38689 38694
1521 1 1 2 6 38739 38740 38744
1531 1 2 0 7 38745 38746 38753
1527 1 1 6 2 38814 38815 38819
1535 1 1 0 1 38821 38823 38824
1537 1 1 0 1 38875 38876 38877
1530 1 2 7 3 38879 38880 38884
1533 1 0 5 1 38941 38942 38946
1538 1 0 0 4 38946 38947 38951
1524 1 1 1 2 38966 38967 38968
1529 1 2 3 5 38980 38981 38983
1541 1 1 0 6 39022 39024 39030
1532 1 0 4 2 39040 39041 39043
1536 1 1 6 2 39066 39067 39071
1544 1 0 0 5 39075 39077 39082
1534 1 1 2 1 39102 39103 39104
1547 1 1 0 3 39140 39141 39144
1539 1 3 7 4 39145 39146 39149
1540 1 0 5 1 39172 39173 39177
1549 1 0 0 7 39195 39196 39203
1552 1 1 0 1 39254 39257 39258
1546 1 0 6 2 39307 39308 39312
1553 1 1 0 7 39309 39310 39317
1555 1 0 0 5 39358 39360 39365
1543 1 3 3 1 39368 39369 39371
1545 1 0 4 3 39372 39373 39374
1550 1 1 7 4 39406 39407 39410
1551 1 2 5 0 39405 39406 39411
1556 1 2 0 7 39431 39432 39439
1548 1 3 2 6 39446 39447 39451
1561 1 0 0 1 39491 39494 39495
1542 1 0 1 6 39506 39507 39512
1554 1 3 6 2 39544 39545 39549
1563 1 1 0 6 39541 39545 39551
1565 1 3 0 1 39607 39609 39610
1560 1 2 7 0 39653 39654 39661
1559 1 0 5 2 39663 39664 39667
1567 1 2 0 5 39682 39683 39688
1558 1 2 4 6 39718 39719 39721
1557 1 0 3 6 39731 39732 39735
1570 1 3 0 3 39734 39735 39738
1566 1 0 6 5 39769 39770 39771
1573 1 3 0 1 39794 39797 39798
1562 1 3 2 3 39821 39822 39823
1575 1 3 0 7 39851 39854 39861
1569 1 0 5 1 39873 39874 39878
1568 1 3 7 2 39892 39893 39898
1577 1 3 0 6 39897 39900 39906
1580 1 0 0 1 39949 39950 39951
1581 1 0 0 5 40014 40015 40020
1574 1 1 6 3 40022 40023 40026
1564 1 1 1 3 40031 40033 40035
1582 1 1 0 5 40080 40083 40088
1572 1 1 3 0 40086 40090 40093
1578 1 0 5 7 40095 40096 40098
1579 1 0 7 0 40124 40125 40132
1585 1 1 0 3 40128 40129 40132
1571 1 1 4 3 40137 40138 40139
1576 1 1 2 0 40166 40167 40169
1589 1 1 0 4 40194 40195 40199
1592 1 0 0 4 40249 40250 40254
1583 1 3 6 7 40271 40272 40273
1593 1 0 0 6 40306 40310 40316
1587 1 1 5 3 40329 40330 40332
1588 1 3 7 5 40353 40354 40356
1595 1 1 0 4 40360 40363 40367
1598 1 1 0 2 40425 40429 40431
1586 1 1 3 1 40451 40452 40454
1599 1 1 0 2 40492 40493 40495
1594 1 0 6 4 40499 40500 40502
1590 1 0 4 1 40528 40529 40532
1601 1 0 0 7 40534 40535 40542
1591 1 1 2 0 40554 40555 40557
1584 1 1 1 3 40557 40558 40560
1597 1 0 7 1 40569 40570 40576
1604 1 0 0 3 40589 40590 40593
1596 1 3 5 4 40602 40603 40604
1608 1 0 0 5 40655 40658 40663
1610 1 1 0 4 40709 40712 40716
1602 1 2 6 7 40748 40749 40750
1611 1 3 0 3 40770 40774 40777
1607 1 2 7 3 40802 40803 40807
1600 1 2 3 1 40824 40825 40827
1613 1 2 0 5 40830 40831 40836
1609 1 2 5 2 40848 40849 40852
1605 1 2 2 5 40880 40881 40884
1616 1 2 0 1 40883 40889 40890
1603 1 1 4 7 40890 40891 40894
1619 1 2 0 6 40945 40946 40952
1612 1 2 6 4 41005 41006 41008
1621 1 3 0 2 41004 41007 41009
1614 1 1 7 0 41040 41041 41048
1606 1 3 1 3 41048 41049 41051
1622 1 1 0 3 41075 41076 41079
1617 1 0 5 4 41104 41105 41106
1626 1 1 0 2 41145 41148 41150
1628 1 1 0 2 41204 41206 41208
1615 1 3 3 6 41235 41236 41239
1618 1 1 2 5 41236 41237 41240
1620 1 2 4 5 41247 41248 41249
1623 1 3 6 7 41263 41264 41265
1629 1 0 0 5 41261 41265 41270
1624 1 3 7 2 41298 41299 41304
1633 1 3 0 5 41315 41317 41322
1627 1 2 5 7 41346 41347 41349
1636 1 3 0 7 41376 41381 41388
1638 1 0 0 1 41429 41434 41435
1639 1 0 0 7 41492 41493 41500
1634 1 0 6 1 41499 41501 41506
1635 1 3 7 6 41506 41507 41508
1640 1 0 0 6 41551 41552 41558
1631 1 1 2 7 41590 41593 41598
1637 1 1 5 4 41594 41600 41601
1630 1 1 3 1 41593 41602 41604
1625 1 1 1 6 41595 41605 41610
1632 1 1 4 5 41619 41620 41621
1643 1 1 0 6 41603 41616 41622
1648 1 3 0 6 41662 41668 41674
1650 1 0 0 3 41707 41713 41716
1641 1 1 6 5 41748 41749 41750
1642 1 2 7 5 41750 41751 41753
1651 1 0 0 1 41764 41767 41768
1654 1 0 0 5 41820 41821 41826
1646 1 1 5 6 41853 41854 41855
1655 1 2 0 3 41886 41891 41894
1644 1 2 2 4 41949 41950 41952
1657 1 2 0 5 41956 41960 41965
1649 1 2 4 3 41965 41966 41967
1653 1 3 7 1 41969 41970 41976
1645 1 2 3 4 41982 41983 41984
1652 1 1 6 3 41985 41986 41989
1659 1 3 0 2 42006 42007 42009
1664 1 3 0 1 42049 42051 42052
1656 1 0 5 0 42079 42080 42085
1647 1 3 1 7 42087 42088 42094
1665 1 0 0 7 42110 42111 42118
1668 1 1 0 1 42169 42172 42173
1661 1 3 7 2 42185 42186 42191
1663 1 0 6 3 42210 42211 42214
1669 1 1 0 5 42224 42225 42230
1672 1 3 0 5 42287 42289 42294
1658 1 0 2 3 42315 42316 42317
1666 1 1 5 4 42333 42334 42335
1662 1 0 3 4 42346 42347 42348
1660 1 1 4 6 42345 42346 42348
1673 1 0 0 5 42361 42365 42370
1678 1 2 0 5 42420 42424 42429
1670 1 1 7 2 42438 42439 42444
1671 1 2 6 2 42471 42472 42476
1679 1 2 0 4 42475 42478 42482
1682 1 1 0 7 42529 42531 42538
1675 1 3 5 4 42584 42585 42586
1683 1 2 0 1 42605 42609 42610
1667 1 2 1 2 42618 42619 42620
1674 1 2 2 1 42669 42670 42671
1685 1 2 0 4 42675 42676 42680
1680 1 1 7 1 42697 42698 42704
1677 1 3 3 6 42717 42718 42721
1681 1 3 6 3 42722 42723 42726
1676 1 2 4 6 42724 42725 42727
1688 1 1 0 6 42728 42729 42735
1693 1 3 0 1 42796 42799 42800
1684 1 0 5 4 42807 42808 42809
1694 1 3 0 1 42868 42869 42870
1696 1 3 0 1 42936 42937 42938
1691 1 1 6 4 42950 42951 42953
1689 1 2 7 0 42964 42965 42972
1697 1 2 0 5 43000 43001 43006
1695 1 2 5 7 43045 43046 43048
1687 1 2 2 5 43046 43053 43056
1700 1 3 0 1 43058 43059 43060
1692 1 0 4 5 43101 43102 43103
1690 1 1 3 0 43101 43102 43105
1703 1 1 0 1 43126 43127 43128
1686 1 1 1 0 43133 43134 43135
1698 1 2 6 0 43190 43191 43197
1706 1 1 0 7 43191 43192 43199
