0.038816
0.558948
0.536535
0.551139
1.00406
0.631617
1.05175
0.719823
0.875579
0.843748
0.782493
0.743941
1.62158
2.24748
2.39239
2.60473
3.73419
4.99215
4.53523
1.96249
2.21002
1.86946
1.78509
3.09301
3.3256
1.72628
2.75232
3.67486
2.37248
2.68637
3.9964
3.39865
3.62531
3.34126
4.43088
2.99514
3.04129
4.25572
3.76394
2.6733
3.12336
4.41079
2.61332
2.55858
2.56147
4.60211
3.24404
3.33648
2.42309
2.40668
3.73873
4.42822
2.38898
2.2639
4.59267
2.91589
2.34801
2.35911
2.14447
2.69868
2.28532
2.19007
2.26281
2.34509
2.2579
4.85968
3.73741
4.0663
4.21888
2.82194
2.86337
2.6705
2.57355
2.76118
4.50811
4.49491
2.31356
3.64926
2.39972
2.56645
3.35753
3.1171
3.05561
3.23424
3.21583
2.82832
3.24927
3.75251
2.89861
2.6928
2.56764
2.5451
2.83584
3.26748
4.00633
3.08339
3.37037
3.65697
3.78323
3.72374
3.83562
3.16424
3.29969
3.2169
2.84175
2.75271
2.96925
2.82474
4.00677
3.72229
4.32071
2.86858
2.91463
3.66026
2.94678
2.88511
3.21001
3.18026
3.1033
3.30079
3.25161
3.03135
3.03294
3.89845
3.85977
3.35375
4.16851
3.19414
4.08376
3.81857
2.7995
2.67776
2.74617
2.62116
2.68289
2.61432
3.34188
0.834246
0.601596
0.598552
0.898006
0.67756
0.592337
0.679421
0.681194
0.692906
0.76933
0.652283
0.671295
0.633407
0.483316
0.479944
0.482656
0.52299
0.533843
0.522256
0.484876
0.481792
0.543135
0.567758
0.479775
0.486254
0.588776
0.47176
0.498882
0.497289
0.633954
0.592179
0.503654
0.597844
0.561332
0.630319
0.482016
0.530768
0.520855
0.685433
0.562105
0.511507
0.496011
0.490702
0.48123
0.657606
0.5405
0.502556
0.586793
0.580575
0.576737
0.55117
0.560175
0.582035
0.608573
0.629617
0.732482
0.776891
0.751121
0.787767
0.848509
0.670332
0.694199
0.720847
0.701563
0.626315
0.620549
0.856418
0.583974
0.590417
0.634882
0.70083
0.787304
0.732959
0.79889
0.729932
1.07038
1.20358
1.5379
1.22434
1.10911
0.797944
0.82323
1.27704
1.52981
1.38511
1.11577
0.896278
0.89054
0.843452
1.07477
1.90916
1.35807
1.0261
0.944683
1.08421
1.05722
1.7062
1.84849
1.04593
1.2258
0.950034
0.952192
1.42436
1.62116
1.42955
2.01662
2.26653
2.06776
1.75543
1.3209
1.37333
1.01903
0.675924
0.799867
0.760777
0.73709
0.921946
1.31103
1.28169
1.01985
0.871427
0.731893
0.724638
0.71924
0.777008
0.957367
1.15279
1.08383
1.16614
0.839247
0.742078
0.876362
0.739071
0.733215
0.715829
0.801676
0.828215
0.774603
0.775565
0.84525
0.787459
0.833668
0.819002
1.07584
1.67554
1.73697
1.69461
1.35507
1.41527
1.74524
1.52576
3.0646
3.01514
3.04952
3.2459
3.36587
3.06273
3.17993
3.36702
3.1174
3.45448
2.9041
2.89524
3.48498
2.97483
3.22025
3.51542
2.76549
2.8513
3.02891
2.79967
3.06961
2.84774
2.8691
3.10664
2.88611
2.78143
3.62355
2.51306
3.2214
2.64684
2.60191
3.48808
3.06687
2.52019
2.56822
2.69247
2.87107
2.50129
2.7547
3.94657
3.37285
2.44971
3.1463
2.85877
2.89084
2.96719
3.03031
2.92829
3.22037
2.88648
2.9855
2.80903
2.74915
2.83814
3.13881
3.09218
2.87381
3.12245
3.1454
3.02312
3.32147
2.85024
2.95103
2.66205
2.94832
3.43412
3.01069
3.00261
3.50509
3.67016
3.14744
2.94506
3.15431
3.5232
3.24297
2.92761
3.83365
3.40049
3.09209
3.01001
3.28891
2.56098
2.24409
2.15478
2.10832
2.46598
2.53719
2.01732
2.1199
2.17942
2.13242
2.25672
2.21962
2.26418
2.19769
2.28906
2.3136
2.13476
2.35336
2.46458
2.51718
2.16634
2.28687
2.25784
2.4985
2.28726
